000 (3282833.000.000) 10/09 00:39:04 Job submitted from host: <137.138.44.75:9618?addrs=137.138.44.75-9618+[2001-1458-d00-1a--b]-9618&alias=bigbird14.cern.ch&noUDP&sock=schedd_2873_37ae_40>
...
040 (3282833.000.000) 10/09 00:39:09 Started transferring input files
	Transferring to host: <188.184.211.45:9618?addrs=188.184.211.45-9618+[2001-1458-301-10b--100-12d]-9618&noUDP&sock=7571_344d_120652>
...
040 (3282833.000.000) 10/09 00:39:09 Finished transferring input files
...
001 (3282833.000.000) 10/09 00:39:10 Job executing on host: <188.184.211.45:9618?addrs=188.184.211.45-9618+[2001-1458-301-10b--100-12d]-9618&noUDP&sock=5683_a4cf_3>
...
006 (3282833.000.000) 10/09 00:39:19 Image size of job updated: 249568
	162  -  MemoryUsage of job (MB)
	165844  -  ResidentSetSize of job (KB)
...
006 (3282833.000.000) 10/09 00:40:14 Image size of job updated: 308664
	162  -  MemoryUsage of job (MB)
	165856  -  ResidentSetSize of job (KB)
...
040 (3282833.000.000) 10/09 00:40:16 Started transferring output files
...
040 (3282833.000.000) 10/09 00:40:17 Finished transferring output files
...
005 (3282833.000.000) 10/09 00:40:20 Job terminated.
	(1) Normal termination (return value 0)
		Usr 0 00:00:46, Sys 0 00:00:04  -  Run Remote Usage
		Usr 0 00:00:00, Sys 0 00:00:00  -  Run Local Usage
		Usr 0 00:00:46, Sys 0 00:00:04  -  Total Remote Usage
		Usr 0 00:00:00, Sys 0 00:00:00  -  Total Local Usage
	93059  -  Run Bytes Sent By Job
	2236  -  Run Bytes Received By Job
	93059  -  Total Bytes Sent By Job
	2236  -  Total Bytes Received By Job
	Partitionable Resources :    Usage  Request Allocated 
	   Cpus                 :                 1           
	   Disk (KB)            :   900117        3   3300190 
	   Memory (MB)          :      162     2000      2000 
...
