000 (3282590.000.000) 10/09 00:33:53 Job submitted from host: <137.138.44.75:9618?addrs=137.138.44.75-9618+[2001-1458-d00-1a--b]-9618&alias=bigbird14.cern.ch&noUDP&sock=schedd_2873_37ae_40>
...
040 (3282590.000.000) 10/09 00:34:46 Started transferring input files
	Transferring to host: <188.184.200.115:9618?addrs=188.184.200.115-9618+[2001-1458-301-68--100-366]-9618&noUDP&sock=4182_58e3_19887>
...
040 (3282590.000.000) 10/09 00:34:46 Finished transferring input files
...
001 (3282590.000.000) 10/09 00:34:47 Job executing on host: <188.184.200.115:9618?addrs=188.184.200.115-9618+[2001-1458-301-68--100-366]-9618&noUDP&sock=2327_b4f9_3>
...
006 (3282590.000.000) 10/09 00:34:55 Image size of job updated: 145416
	88  -  MemoryUsage of job (MB)
	89664  -  ResidentSetSize of job (KB)
...
006 (3282590.000.000) 10/09 00:37:38 Image size of job updated: 263456
	95  -  MemoryUsage of job (MB)
	97116  -  ResidentSetSize of job (KB)
...
040 (3282590.000.000) 10/09 00:37:39 Started transferring output files
...
040 (3282590.000.000) 10/09 00:37:39 Finished transferring output files
...
005 (3282590.000.000) 10/09 00:37:39 Job terminated.
	(1) Normal termination (return value 0)
		Usr 0 00:02:05, Sys 0 00:00:09  -  Run Remote Usage
		Usr 0 00:00:00, Sys 0 00:00:00  -  Run Local Usage
		Usr 0 00:02:05, Sys 0 00:00:09  -  Total Remote Usage
		Usr 0 00:00:00, Sys 0 00:00:00  -  Total Local Usage
	97522  -  Run Bytes Sent By Job
	2236  -  Run Bytes Received By Job
	97522  -  Total Bytes Sent By Job
	2236  -  Total Bytes Received By Job
	Partitionable Resources :    Usage  Request Allocated 
	   Cpus                 :                 1           
	   Disk (KB)            :  2611557        3   2166064 
	   Memory (MB)          :       95     2000      2000 
...
