000 (3282709.000.000) 10/09 00:36:56 Job submitted from host: <137.138.44.75:9618?addrs=137.138.44.75-9618+[2001-1458-d00-1a--b]-9618&alias=bigbird14.cern.ch&noUDP&sock=schedd_2873_37ae_40>
...
040 (3282709.000.000) 10/09 00:37:21 Started transferring input files
	Transferring to host: <188.184.139.182:9618?addrs=188.184.139.182-9618+[2001-1458-301-45--100-1a3]-9618&noUDP&sock=31382_3535_135702>
...
040 (3282709.000.000) 10/09 00:37:21 Finished transferring input files
...
001 (3282709.000.000) 10/09 00:37:22 Job executing on host: <188.184.139.182:9618?addrs=188.184.139.182-9618+[2001-1458-301-45--100-1a3]-9618&noUDP&sock=5591_8a18_3>
...
006 (3282709.000.000) 10/09 00:37:30 Image size of job updated: 106256
	62  -  MemoryUsage of job (MB)
	62644  -  ResidentSetSize of job (KB)
...
040 (3282709.000.000) 10/09 00:38:46 Started transferring output files
...
040 (3282709.000.000) 10/09 00:38:46 Finished transferring output files
...
005 (3282709.000.000) 10/09 00:38:47 Job terminated.
	(1) Normal termination (return value 0)
		Usr 0 00:00:55, Sys 0 00:00:04  -  Run Remote Usage
		Usr 0 00:00:00, Sys 0 00:00:00  -  Run Local Usage
		Usr 0 00:00:55, Sys 0 00:00:04  -  Total Remote Usage
		Usr 0 00:00:00, Sys 0 00:00:00  -  Total Local Usage
	93043  -  Run Bytes Sent By Job
	2232  -  Run Bytes Received By Job
	93043  -  Total Bytes Sent By Job
	2232  -  Total Bytes Received By Job
	Partitionable Resources :    Usage  Request Allocated 
	   Cpus                 :                 1           
	   Disk (KB)            :   893485        3   2746672 
	   Memory (MB)          :       62     2000      2000 
...
