000 (3283341.000.000) 10/09 00:49:49 Job submitted from host: <137.138.44.75:9618?addrs=137.138.44.75-9618+[2001-1458-d00-1a--b]-9618&alias=bigbird14.cern.ch&noUDP&sock=schedd_2873_37ae_40>
...
040 (3283341.000.000) 10/09 00:57:28 Started transferring input files
	Transferring to host: <188.185.197.30:9618?addrs=188.185.197.30-9618+[2001-1459-301-49--100-1c]-9618&noUDP&sock=17250_ef77_79731>
...
040 (3283341.000.000) 10/09 00:57:28 Finished transferring input files
...
001 (3283341.000.000) 10/09 00:57:29 Job executing on host: <188.185.197.30:9618?addrs=188.185.197.30-9618+[2001-1459-301-49--100-1c]-9618&noUDP&sock=17117_6aaf_3>
...
006 (3283341.000.000) 10/09 00:57:39 Image size of job updated: 76
	1  -  MemoryUsage of job (MB)
	76  -  ResidentSetSize of job (KB)
...
006 (3283341.000.000) 10/09 01:02:39 Image size of job updated: 12460
	12  -  MemoryUsage of job (MB)
	11292  -  ResidentSetSize of job (KB)
...
006 (3283341.000.000) 10/09 01:07:39 Image size of job updated: 86380
	72  -  MemoryUsage of job (MB)
	73600  -  ResidentSetSize of job (KB)
...
006 (3283341.000.000) 10/09 01:13:00 Image size of job updated: 202040
	170  -  MemoryUsage of job (MB)
	173412  -  ResidentSetSize of job (KB)
...
006 (3283341.000.000) 10/09 01:13:59 Image size of job updated: 202040
	223  -  MemoryUsage of job (MB)
	227988  -  ResidentSetSize of job (KB)
...
040 (3283341.000.000) 10/09 01:14:04 Entered queue to transfer output files
...
040 (3283341.000.000) 10/09 01:22:34 Started transferring output files
...
040 (3283341.000.000) 10/09 01:22:35 Finished transferring output files
...
005 (3283341.000.000) 10/09 01:22:36 Job terminated.
	(1) Normal termination (return value 0)
		Usr 0 00:02:54, Sys 0 00:00:14  -  Run Remote Usage
		Usr 0 00:00:00, Sys 0 00:00:00  -  Run Local Usage
		Usr 0 00:02:54, Sys 0 00:00:14  -  Total Remote Usage
		Usr 0 00:00:00, Sys 0 00:00:00  -  Total Local Usage
	103986  -  Run Bytes Sent By Job
	2232  -  Run Bytes Received By Job
	103986  -  Total Bytes Sent By Job
	2232  -  Total Bytes Received By Job
	Partitionable Resources :    Usage  Request Allocated 
	   Cpus                 :                 1           
	   Disk (KB)            :  3707670        3   3988064 
	   Memory (MB)          :      223     2000      2000 
...
