000 (3282578.000.000) 10/09 00:33:38 Job submitted from host: <137.138.44.75:9618?addrs=137.138.44.75-9618+[2001-1458-d00-1a--b]-9618&alias=bigbird14.cern.ch&noUDP&sock=schedd_2873_37ae_40>
...
040 (3282578.000.000) 10/09 00:34:44 Started transferring input files
	Transferring to host: <188.184.204.213:9618?addrs=188.184.204.213-9618+[2001-1458-301-7d--100-dd]-9618&noUDP&sock=4123_c6c1_19974>
...
040 (3282578.000.000) 10/09 00:34:44 Finished transferring input files
...
001 (3282578.000.000) 10/09 00:34:45 Job executing on host: <188.184.204.213:9618?addrs=188.184.204.213-9618+[2001-1458-301-7d--100-dd]-9618&noUDP&sock=2334_8222_3>
...
006 (3282578.000.000) 10/09 00:34:54 Image size of job updated: 111176
	63  -  MemoryUsage of job (MB)
	63536  -  ResidentSetSize of job (KB)
...
006 (3282578.000.000) 10/09 00:37:37 Image size of job updated: 297580
	63  -  MemoryUsage of job (MB)
	63668  -  ResidentSetSize of job (KB)
...
040 (3282578.000.000) 10/09 00:37:37 Started transferring output files
...
040 (3282578.000.000) 10/09 00:37:38 Finished transferring output files
...
005 (3282578.000.000) 10/09 00:37:38 Job terminated.
	(1) Normal termination (return value 0)
		Usr 0 00:01:57, Sys 0 00:00:08  -  Run Remote Usage
		Usr 0 00:00:00, Sys 0 00:00:00  -  Run Local Usage
		Usr 0 00:01:57, Sys 0 00:00:08  -  Total Remote Usage
		Usr 0 00:00:00, Sys 0 00:00:00  -  Total Local Usage
	98009  -  Run Bytes Sent By Job
	2236  -  Run Bytes Received By Job
	98009  -  Total Bytes Sent By Job
	2236  -  Total Bytes Received By Job
	Partitionable Resources :    Usage  Request Allocated 
	   Cpus                 :                 1           
	   Disk (KB)            :  2162425        3   2179248 
	   Memory (MB)          :       63     2000      2000 
...
