000 (3283735.000.000) 10/09 00:56:25 Job submitted from host: <137.138.44.75:9618?addrs=137.138.44.75-9618+[2001-1458-d00-1a--b]-9618&alias=bigbird14.cern.ch&noUDP&sock=schedd_2873_37ae_40>
...
040 (3283735.000.000) 10/09 01:01:32 Started transferring input files
	Transferring to host: <128.142.113.239:9618?addrs=128.142.113.239-9618+[2001-1458-301-90--100-3d2]-9618&noUDP&sock=13973_fe11_19137>
...
040 (3283735.000.000) 10/09 01:01:32 Finished transferring input files
...
001 (3283735.000.000) 10/09 01:01:33 Job executing on host: <128.142.113.239:9618?addrs=128.142.113.239-9618+[2001-1458-301-90--100-3d2]-9618&noUDP&sock=13836_ec74_3>
...
006 (3283735.000.000) 10/09 01:01:42 Image size of job updated: 160152
	126  -  MemoryUsage of job (MB)
	128880  -  ResidentSetSize of job (KB)
...
006 (3283735.000.000) 10/09 01:06:43 Image size of job updated: 187556
	156  -  MemoryUsage of job (MB)
	159652  -  ResidentSetSize of job (KB)
...
006 (3283735.000.000) 10/09 01:11:44 Image size of job updated: 189464
	156  -  MemoryUsage of job (MB)
	159652  -  ResidentSetSize of job (KB)
...
006 (3283735.000.000) 10/09 01:21:32 Image size of job updated: 194292
	156  -  MemoryUsage of job (MB)
	159652  -  ResidentSetSize of job (KB)
...
006 (3283735.000.000) 10/09 01:21:32 Image size of job updated: 202912
	156  -  MemoryUsage of job (MB)
	159652  -  ResidentSetSize of job (KB)
...
040 (3283735.000.000) 10/09 01:22:35 Started transferring output files
...
040 (3283735.000.000) 10/09 01:22:36 Finished transferring output files
...
005 (3283735.000.000) 10/09 01:22:38 Job terminated.
	(1) Normal termination (return value 0)
		Usr 0 00:10:31, Sys 0 00:00:53  -  Run Remote Usage
		Usr 0 00:00:00, Sys 0 00:00:00  -  Run Local Usage
		Usr 0 00:10:31, Sys 0 00:00:53  -  Total Remote Usage
		Usr 0 00:00:00, Sys 0 00:00:00  -  Total Local Usage
	131038  -  Run Bytes Sent By Job
	2236  -  Run Bytes Received By Job
	131038  -  Total Bytes Sent By Job
	2236  -  Total Bytes Received By Job
	Partitionable Resources :    Usage  Request Allocated 
	   Cpus                 :                 1           
	   Disk (KB)            : 14683059        3   2068501 
	   Memory (MB)          :      156     2000      2000 
...
