000 (3282514.000.000) 10/09 00:31:53 Job submitted from host: <137.138.44.75:9618?addrs=137.138.44.75-9618+[2001-1458-d00-1a--b]-9618&alias=bigbird14.cern.ch&noUDP&sock=schedd_2873_37ae_40>
...
040 (3282514.000.000) 10/09 00:34:33 Started transferring input files
	Transferring to host: <188.184.142.187:9618?addrs=188.184.142.187-9618+[2001-1458-301-46--100-ae]-9618&noUDP&sock=4463_564f_19946>
...
040 (3282514.000.000) 10/09 00:34:33 Finished transferring input files
...
001 (3282514.000.000) 10/09 00:34:34 Job executing on host: <188.184.142.187:9618?addrs=188.184.142.187-9618+[2001-1458-301-46--100-ae]-9618&noUDP&sock=2407_948c_3>
...
006 (3282514.000.000) 10/09 00:34:42 Image size of job updated: 197812
	139  -  MemoryUsage of job (MB)
	142040  -  ResidentSetSize of job (KB)
...
006 (3282514.000.000) 10/09 00:37:06 Image size of job updated: 271664
	139  -  MemoryUsage of job (MB)
	142040  -  ResidentSetSize of job (KB)
...
040 (3282514.000.000) 10/09 00:37:06 Started transferring output files
...
040 (3282514.000.000) 10/09 00:37:06 Finished transferring output files
...
005 (3282514.000.000) 10/09 00:37:06 Job terminated.
	(1) Normal termination (return value 0)
		Usr 0 00:01:49, Sys 0 00:00:08  -  Run Remote Usage
		Usr 0 00:00:00, Sys 0 00:00:00  -  Run Local Usage
		Usr 0 00:01:49, Sys 0 00:00:08  -  Total Remote Usage
		Usr 0 00:00:00, Sys 0 00:00:00  -  Total Local Usage
	98006  -  Run Bytes Sent By Job
	2232  -  Run Bytes Received By Job
	98006  -  Total Bytes Sent By Job
	2232  -  Total Bytes Received By Job
	Partitionable Resources :    Usage  Request Allocated 
	   Cpus                 :                 1           
	   Disk (KB)            :  2119544        3   2159682 
	   Memory (MB)          :      139     2000      2000 
...
