000 (3283533.000.000) 10/09 00:53:06 Job submitted from host: <137.138.44.75:9618?addrs=137.138.44.75-9618+[2001-1458-d00-1a--b]-9618&alias=bigbird14.cern.ch&noUDP&sock=schedd_2873_37ae_40>
...
040 (3283533.000.000) 10/09 01:03:24 Started transferring input files
	Transferring to host: <188.184.139.135:9618?addrs=188.184.139.135-9618+[2001-1458-301-45--100-17d]-9618&noUDP&sock=28043_948d_137663>
...
040 (3283533.000.000) 10/09 01:03:24 Finished transferring input files
...
001 (3283533.000.000) 10/09 01:03:25 Job executing on host: <188.184.139.135:9618?addrs=188.184.139.135-9618+[2001-1458-301-45--100-17d]-9618&noUDP&sock=5598_5742_3>
...
006 (3283533.000.000) 10/09 01:03:34 Image size of job updated: 246176
	162  -  MemoryUsage of job (MB)
	165556  -  ResidentSetSize of job (KB)
...
006 (3283533.000.000) 10/09 01:08:35 Image size of job updated: 246176
	214  -  MemoryUsage of job (MB)
	218128  -  ResidentSetSize of job (KB)
...
006 (3283533.000.000) 10/09 01:13:28 Image size of job updated: 246176
	214  -  MemoryUsage of job (MB)
	218772  -  ResidentSetSize of job (KB)
...
040 (3283533.000.000) 10/09 01:13:33 Entered queue to transfer output files
...
040 (3283533.000.000) 10/09 01:22:34 Started transferring output files
...
040 (3283533.000.000) 10/09 01:22:34 Finished transferring output files
...
005 (3283533.000.000) 10/09 01:22:35 Job terminated.
	(1) Normal termination (return value 0)
		Usr 0 00:06:46, Sys 0 00:00:37  -  Run Remote Usage
		Usr 0 00:00:00, Sys 0 00:00:00  -  Run Local Usage
		Usr 0 00:06:46, Sys 0 00:00:37  -  Total Remote Usage
		Usr 0 00:00:00, Sys 0 00:00:00  -  Total Local Usage
	130960  -  Run Bytes Sent By Job
	2232  -  Run Bytes Received By Job
	130960  -  Total Bytes Sent By Job
	2232  -  Total Bytes Received By Job
	Partitionable Resources :    Usage  Request Allocated 
	   Cpus                 :                 1           
	   Disk (KB)            : 13378330        3   2963641 
	   Memory (MB)          :      214     2000      2000 
...
