000 (3356084.000.000) 10/20 19:14:09 Job submitted from host: <137.138.44.75:9618?addrs=137.138.44.75-9618+[2001-1458-d00-1a--b]-9618&alias=bigbird14.cern.ch&noUDP&sock=schedd_2873_37ae_40>
...
040 (3356084.000.000) 10/20 19:21:46 Started transferring input files
	Transferring to host: <188.184.183.116:9618?addrs=188.184.183.116-9618+[2001-1458-301-2b--100-164]-9618&noUDP&sock=5158_070b_25998>
...
040 (3356084.000.000) 10/20 19:21:46 Finished transferring input files
...
001 (3356084.000.000) 10/20 19:21:47 Job executing on host: <188.184.183.116:9618?addrs=188.184.183.116-9618+[2001-1458-301-2b--100-164]-9618&noUDP&sock=3294_fd0d_3>
...
006 (3356084.000.000) 10/20 19:21:56 Image size of job updated: 160832
	95  -  MemoryUsage of job (MB)
	96308  -  ResidentSetSize of job (KB)
...
006 (3356084.000.000) 10/20 19:26:57 Image size of job updated: 261096
	174  -  MemoryUsage of job (MB)
	177852  -  ResidentSetSize of job (KB)
...
006 (3356084.000.000) 10/20 19:31:57 Image size of job updated: 271392
	179  -  MemoryUsage of job (MB)
	182908  -  ResidentSetSize of job (KB)
...
040 (3356084.000.000) 10/20 19:46:14 Started transferring output files
...
040 (3356084.000.000) 10/20 19:46:14 Finished transferring output files
...
005 (3356084.000.000) 10/20 19:46:14 Job terminated.
	(1) Normal termination (return value 0)
		Usr 0 00:18:36, Sys 0 00:01:08  -  Run Remote Usage
		Usr 0 00:00:00, Sys 0 00:00:00  -  Run Local Usage
		Usr 0 00:18:36, Sys 0 00:01:08  -  Total Remote Usage
		Usr 0 00:00:00, Sys 0 00:00:00  -  Total Local Usage
	195813  -  Run Bytes Sent By Job
	2190  -  Run Bytes Received By Job
	195813  -  Total Bytes Sent By Job
	2190  -  Total Bytes Received By Job
	Partitionable Resources :    Usage  Request Allocated 
	   Cpus                 :                 1           
	   Disk (KB)            : 25409561        3   3002017 
	   Memory (MB)          :      179     2000      2000 
...
