000 (3356007.000.000) 10/20 19:12:03 Job submitted from host: <137.138.44.75:9618?addrs=137.138.44.75-9618+[2001-1458-d00-1a--b]-9618&alias=bigbird14.cern.ch&noUDP&sock=schedd_2873_37ae_40>
...
040 (3356007.000.000) 10/20 19:13:58 Started transferring input files
	Transferring to host: <188.184.183.94:9618?addrs=188.184.183.94-9618+[2001-1458-301-2b--100-117]-9618&noUDP&sock=5177_6a2c_25955>
...
040 (3356007.000.000) 10/20 19:13:58 Finished transferring input files
...
001 (3356007.000.000) 10/20 19:13:59 Job executing on host: <188.184.183.94:9618?addrs=188.184.183.94-9618+[2001-1458-301-2b--100-117]-9618&noUDP&sock=3293_4d75_3>
...
006 (3356007.000.000) 10/20 19:14:07 Image size of job updated: 197708
	139  -  MemoryUsage of job (MB)
	141928  -  ResidentSetSize of job (KB)
...
006 (3356007.000.000) 10/20 19:19:07 Image size of job updated: 267960
	179  -  MemoryUsage of job (MB)
	182380  -  ResidentSetSize of job (KB)
...
006 (3356007.000.000) 10/20 19:29:08 Image size of job updated: 270232
	228  -  MemoryUsage of job (MB)
	232712  -  ResidentSetSize of job (KB)
...
040 (3356007.000.000) 10/20 19:42:45 Started transferring output files
...
040 (3356007.000.000) 10/20 19:42:45 Finished transferring output files
...
005 (3356007.000.000) 10/20 19:42:45 Job terminated.
	(1) Normal termination (return value 0)
		Usr 0 00:20:35, Sys 0 00:01:15  -  Run Remote Usage
		Usr 0 00:00:00, Sys 0 00:00:00  -  Run Local Usage
		Usr 0 00:20:35, Sys 0 00:01:15  -  Total Remote Usage
		Usr 0 00:00:00, Sys 0 00:00:00  -  Total Local Usage
	172688  -  Run Bytes Sent By Job
	2190  -  Run Bytes Received By Job
	172688  -  Total Bytes Sent By Job
	2190  -  Total Bytes Received By Job
	Partitionable Resources :    Usage  Request Allocated 
	   Cpus                 :                 1           
	   Disk (KB)            : 28104842        3   2528155 
	   Memory (MB)          :      228     2000      2000 
...
