000 (3283496.000.000) 10/09 00:52:33 Job submitted from host: <137.138.44.75:9618?addrs=137.138.44.75-9618+[2001-1458-d00-1a--b]-9618&alias=bigbird14.cern.ch&noUDP&sock=schedd_2873_37ae_40>
...
040 (3283496.000.000) 10/09 00:57:23 Started transferring input files
	Transferring to host: <188.184.210.145:9618?addrs=188.184.210.145-9618+[2001-1458-301-10b--100-94]-9618&noUDP&sock=7634_97f0_118170>
...
040 (3283496.000.000) 10/09 00:57:23 Finished transferring input files
...
001 (3283496.000.000) 10/09 00:57:24 Job executing on host: <188.184.210.145:9618?addrs=188.184.210.145-9618+[2001-1458-301-10b--100-94]-9618&noUDP&sock=5677_873d_3>
...
006 (3283496.000.000) 10/09 00:57:32 Image size of job updated: 151644
	149  -  MemoryUsage of job (MB)
	151632  -  ResidentSetSize of job (KB)
...
006 (3283496.000.000) 10/09 01:02:33 Image size of job updated: 183644
	168  -  MemoryUsage of job (MB)
	171532  -  ResidentSetSize of job (KB)
...
006 (3283496.000.000) 10/09 01:03:44 Image size of job updated: 382040
	168  -  MemoryUsage of job (MB)
	171532  -  ResidentSetSize of job (KB)
...
040 (3283496.000.000) 10/09 01:03:45 Started transferring output files
...
040 (3283496.000.000) 10/09 01:03:45 Finished transferring output files
...
005 (3283496.000.000) 10/09 01:03:45 Job terminated.
	(1) Normal termination (return value 0)
		Usr 0 00:04:54, Sys 0 00:00:19  -  Run Remote Usage
		Usr 0 00:00:00, Sys 0 00:00:00  -  Run Local Usage
		Usr 0 00:04:54, Sys 0 00:00:19  -  Total Remote Usage
		Usr 0 00:00:00, Sys 0 00:00:00  -  Total Local Usage
	104529  -  Run Bytes Sent By Job
	2236  -  Run Bytes Received By Job
	104529  -  Total Bytes Sent By Job
	2236  -  Total Bytes Received By Job
	Partitionable Resources :    Usage  Request Allocated 
	   Cpus                 :                 1           
	   Disk (KB)            :  5963378        3   2984900 
	   Memory (MB)          :      168     2000      2000 
...
