000 (3282572.000.000) 10/09 00:33:30 Job submitted from host: <137.138.44.75:9618?addrs=137.138.44.75-9618+[2001-1458-d00-1a--b]-9618&alias=bigbird14.cern.ch&noUDP&sock=schedd_2873_37ae_40>
...
040 (3282572.000.000) 10/09 00:34:44 Started transferring input files
	Transferring to host: <188.184.205.231:9618?addrs=188.184.205.231-9618+[2001-1458-301-7d--100-1c2]-9618&noUDP&sock=4160_d8a2_20113>
...
040 (3282572.000.000) 10/09 00:34:44 Finished transferring input files
...
001 (3282572.000.000) 10/09 00:34:45 Job executing on host: <188.184.205.231:9618?addrs=188.184.205.231-9618+[2001-1458-301-7d--100-1c2]-9618&noUDP&sock=2324_a630_3>
...
006 (3282572.000.000) 10/09 00:34:53 Image size of job updated: 207720
	149  -  MemoryUsage of job (MB)
	152132  -  ResidentSetSize of job (KB)
...
006 (3282572.000.000) 10/09 00:38:04 Image size of job updated: 298844
	149  -  MemoryUsage of job (MB)
	152132  -  ResidentSetSize of job (KB)
...
040 (3282572.000.000) 10/09 00:38:04 Started transferring output files
...
040 (3282572.000.000) 10/09 00:38:04 Finished transferring output files
...
005 (3282572.000.000) 10/09 00:38:04 Job terminated.
	(1) Normal termination (return value 0)
		Usr 0 00:02:32, Sys 0 00:00:10  -  Run Remote Usage
		Usr 0 00:00:00, Sys 0 00:00:00  -  Run Local Usage
		Usr 0 00:02:32, Sys 0 00:00:10  -  Total Remote Usage
		Usr 0 00:00:00, Sys 0 00:00:00  -  Total Local Usage
	98052  -  Run Bytes Sent By Job
	2236  -  Run Bytes Received By Job
	98052  -  Total Bytes Sent By Job
	2236  -  Total Bytes Received By Job
	Partitionable Resources :    Usage  Request Allocated 
	   Cpus                 :                 1           
	   Disk (KB)            :  2571817        3   1975133 
	   Memory (MB)          :      149     2000      2000 
...
