000 (3282616.000.000) 10/09 00:34:30 Job submitted from host: <137.138.44.75:9618?addrs=137.138.44.75-9618+[2001-1458-d00-1a--b]-9618&alias=bigbird14.cern.ch&noUDP&sock=schedd_2873_37ae_40>
...
040 (3282616.000.000) 10/09 00:37:03 Started transferring input files
	Transferring to host: <188.184.190.146:9618?addrs=188.184.190.146-9618+[2001-1458-301-4b--100-94]-9618&noUDP&sock=1926_ca87_135438>
...
040 (3282616.000.000) 10/09 00:37:04 Finished transferring input files
...
001 (3282616.000.000) 10/09 00:37:05 Job executing on host: <188.184.190.146:9618?addrs=188.184.190.146-9618+[2001-1458-301-4b--100-94]-9618&noUDP&sock=5610_9265_3>
...
006 (3282616.000.000) 10/09 00:37:13 Image size of job updated: 129612
	74  -  MemoryUsage of job (MB)
	75648  -  ResidentSetSize of job (KB)
...
006 (3282616.000.000) 10/09 00:38:51 Image size of job updated: 259020
	75  -  MemoryUsage of job (MB)
	75884  -  ResidentSetSize of job (KB)
...
040 (3282616.000.000) 10/09 00:38:51 Started transferring output files
...
040 (3282616.000.000) 10/09 00:38:51 Finished transferring output files
...
005 (3282616.000.000) 10/09 00:38:51 Job terminated.
	(1) Normal termination (return value 0)
		Usr 0 00:01:15, Sys 0 00:00:06  -  Run Remote Usage
		Usr 0 00:00:00, Sys 0 00:00:00  -  Run Local Usage
		Usr 0 00:01:15, Sys 0 00:00:06  -  Total Remote Usage
		Usr 0 00:00:00, Sys 0 00:00:00  -  Total Local Usage
	97987  -  Run Bytes Sent By Job
	2236  -  Run Bytes Received By Job
	97987  -  Total Bytes Sent By Job
	2236  -  Total Bytes Received By Job
	Partitionable Resources :    Usage  Request Allocated 
	   Cpus                 :                 1           
	   Disk (KB)            :  1452487        3   3257040 
	   Memory (MB)          :       75     2000      2000 
...
