000 (3282611.000.000) 10/09 00:34:21 Job submitted from host: <137.138.44.75:9618?addrs=137.138.44.75-9618+[2001-1458-d00-1a--b]-9618&alias=bigbird14.cern.ch&noUDP&sock=schedd_2873_37ae_40>
...
040 (3282611.000.000) 10/09 00:37:03 Started transferring input files
	Transferring to host: <188.184.190.73:9618?addrs=188.184.190.73-9618+[2001-1458-301-4b--100-40]-9618&noUDP&sock=31841_9d68_134602>
...
040 (3282611.000.000) 10/09 00:37:03 Finished transferring input files
...
001 (3282611.000.000) 10/09 00:37:04 Job executing on host: <188.184.190.73:9618?addrs=188.184.190.73-9618+[2001-1458-301-4b--100-40]-9618&noUDP&sock=5590_da80_3>
...
006 (3282611.000.000) 10/09 00:37:13 Image size of job updated: 134156
	77  -  MemoryUsage of job (MB)
	78204  -  ResidentSetSize of job (KB)
...
006 (3282611.000.000) 10/09 00:39:58 Image size of job updated: 376604
	77  -  MemoryUsage of job (MB)
	78204  -  ResidentSetSize of job (KB)
...
040 (3282611.000.000) 10/09 00:39:58 Started transferring output files
...
040 (3282611.000.000) 10/09 00:39:59 Finished transferring output files
...
005 (3282611.000.000) 10/09 00:39:59 Job terminated.
	(1) Normal termination (return value 0)
		Usr 0 00:01:53, Sys 0 00:00:09  -  Run Remote Usage
		Usr 0 00:00:00, Sys 0 00:00:00  -  Run Local Usage
		Usr 0 00:01:53, Sys 0 00:00:09  -  Total Remote Usage
		Usr 0 00:00:00, Sys 0 00:00:00  -  Total Local Usage
	98034  -  Run Bytes Sent By Job
	2236  -  Run Bytes Received By Job
	98034  -  Total Bytes Sent By Job
	2236  -  Total Bytes Received By Job
	Partitionable Resources :    Usage  Request Allocated 
	   Cpus                 :                 1           
	   Disk (KB)            :  2363288        3   2847644 
	   Memory (MB)          :       77     2000      2000 
...
