000 (3282903.000.000) 10/09 00:40:08 Job submitted from host: <137.138.44.75:9618?addrs=137.138.44.75-9618+[2001-1458-d00-1a--b]-9618&alias=bigbird14.cern.ch&noUDP&sock=schedd_2873_37ae_40>
...
040 (3282903.000.000) 10/09 00:41:29 Started transferring input files
	Transferring to host: <188.184.211.114:9618?addrs=188.184.211.114-9618+[2001-1458-301-10b--100-160]-9618&noUDP&sock=20658_2e01_135538>
...
040 (3282903.000.000) 10/09 00:41:29 Finished transferring input files
...
001 (3282903.000.000) 10/09 00:41:30 Job executing on host: <188.184.211.114:9618?addrs=188.184.211.114-9618+[2001-1458-301-10b--100-160]-9618&noUDP&sock=20526_b50a_3>
...
006 (3282903.000.000) 10/09 00:41:39 Image size of job updated: 234680
	148  -  MemoryUsage of job (MB)
	150964  -  ResidentSetSize of job (KB)
...
006 (3282903.000.000) 10/09 00:42:50 Image size of job updated: 234680
	148  -  MemoryUsage of job (MB)
	151092  -  ResidentSetSize of job (KB)
...
040 (3282903.000.000) 10/09 00:42:50 Started transferring output files
...
040 (3282903.000.000) 10/09 00:42:51 Finished transferring output files
...
005 (3282903.000.000) 10/09 00:42:51 Job terminated.
	(1) Normal termination (return value 0)
		Usr 0 00:01:00, Sys 0 00:00:04  -  Run Remote Usage
		Usr 0 00:00:00, Sys 0 00:00:00  -  Run Local Usage
		Usr 0 00:01:00, Sys 0 00:00:04  -  Total Remote Usage
		Usr 0 00:00:00, Sys 0 00:00:00  -  Total Local Usage
	93057  -  Run Bytes Sent By Job
	2236  -  Run Bytes Received By Job
	93057  -  Total Bytes Sent By Job
	2236  -  Total Bytes Received By Job
	Partitionable Resources :    Usage  Request Allocated 
	   Cpus                 :                 1           
	   Disk (KB)            :  1140159        3   2865968 
	   Memory (MB)          :      148     2000      2000 
...
