000 (3282926.000.000) 10/09 00:40:43 Job submitted from host: <137.138.44.75:9618?addrs=137.138.44.75-9618+[2001-1458-d00-1a--b]-9618&alias=bigbird14.cern.ch&noUDP&sock=schedd_2873_37ae_40>
...
040 (3282926.000.000) 10/09 00:43:51 Started transferring input files
	Transferring to host: <128.142.133.45:9618?addrs=128.142.133.45-9618+[2001-1458-301-32--100-14]-9618&noUDP&sock=4449_790e_20274>
...
040 (3282926.000.000) 10/09 00:43:51 Finished transferring input files
...
001 (3282926.000.000) 10/09 00:43:52 Job executing on host: <128.142.133.45:9618?addrs=128.142.133.45-9618+[2001-1458-301-32--100-14]-9618&noUDP&sock=2399_17ca_3>
...
006 (3282926.000.000) 10/09 00:44:01 Image size of job updated: 243168
	156  -  MemoryUsage of job (MB)
	159452  -  ResidentSetSize of job (KB)
...
006 (3282926.000.000) 10/09 00:44:54 Image size of job updated: 257496
	157  -  MemoryUsage of job (MB)
	159944  -  ResidentSetSize of job (KB)
...
040 (3282926.000.000) 10/09 00:44:54 Started transferring output files
...
040 (3282926.000.000) 10/09 00:44:54 Finished transferring output files
...
004 (3282926.000.000) 10/09 00:44:54 Job was evicted.
	(0) CPU times
		Usr 0 00:00:43, Sys 0 00:00:03  -  Run Remote Usage
		Usr 0 00:00:00, Sys 0 00:00:00  -  Run Local Usage
	90326  -  Run Bytes Sent By Job
	2236  -  Run Bytes Received By Job
	Partitionable Resources :    Usage  Request Allocated 
	   Cpus                 :                 1           
	   Disk (KB)            :   834934        3   1980065 
	   Memory (MB)          :      157     2000      2000 
...
009 (3282926.000.000) 10/09 00:44:54 Job was aborted by the user.
	via condor_rm (by user gkaratha)
...
