000 (3282721.000.000) 10/09 00:37:08 Job submitted from host: <137.138.44.75:9618?addrs=137.138.44.75-9618+[2001-1458-d00-1a--b]-9618&alias=bigbird14.cern.ch&noUDP&sock=schedd_2873_37ae_40>
...
040 (3282721.000.000) 10/09 00:37:21 Started transferring input files
	Transferring to host: <188.184.142.139:9618?addrs=188.184.142.139-9618+[2001-1458-301-46--100-5f]-9618&noUDP&sock=4591_8654_19699>
...
040 (3282721.000.000) 10/09 00:37:22 Finished transferring input files
...
001 (3282721.000.000) 10/09 00:37:22 Job executing on host: <188.184.142.139:9618?addrs=188.184.142.139-9618+[2001-1458-301-46--100-5f]-9618&noUDP&sock=2404_85c3_3>
...
006 (3282721.000.000) 10/09 00:37:31 Image size of job updated: 250136
	163  -  MemoryUsage of job (MB)
	166420  -  ResidentSetSize of job (KB)
...
006 (3282721.000.000) 10/09 00:38:49 Image size of job updated: 257012
	163  -  MemoryUsage of job (MB)
	166420  -  ResidentSetSize of job (KB)
...
040 (3282721.000.000) 10/09 00:38:49 Started transferring output files
...
040 (3282721.000.000) 10/09 00:38:49 Finished transferring output files
...
005 (3282721.000.000) 10/09 00:38:49 Job terminated.
	(1) Normal termination (return value 0)
		Usr 0 00:00:57, Sys 0 00:00:04  -  Run Remote Usage
		Usr 0 00:00:00, Sys 0 00:00:00  -  Run Local Usage
		Usr 0 00:00:57, Sys 0 00:00:04  -  Total Remote Usage
		Usr 0 00:00:00, Sys 0 00:00:00  -  Total Local Usage
	93060  -  Run Bytes Sent By Job
	2236  -  Run Bytes Received By Job
	93060  -  Total Bytes Sent By Job
	2236  -  Total Bytes Received By Job
	Partitionable Resources :    Usage  Request Allocated 
	   Cpus                 :                 1           
	   Disk (KB)            :  1066458        3   2053273 
	   Memory (MB)          :      163     2000      2000 
...
