000 (3282856.000.000) 10/09 00:39:23 Job submitted from host: <137.138.44.75:9618?addrs=137.138.44.75-9618+[2001-1458-d00-1a--b]-9618&alias=bigbird14.cern.ch&noUDP&sock=schedd_2873_37ae_40>
...
040 (3282856.000.000) 10/09 00:39:29 Started transferring input files
	Transferring to host: <188.184.133.96:9618?addrs=188.184.133.96-9618+[2001-1458-301-a0--100-167]-9618&noUDP&sock=4274_2b67_19676>
...
040 (3282856.000.000) 10/09 00:39:29 Finished transferring input files
...
001 (3282856.000.000) 10/09 00:39:30 Job executing on host: <188.184.133.96:9618?addrs=188.184.133.96-9618+[2001-1458-301-a0--100-167]-9618&noUDP&sock=2387_dca7_3>
...
006 (3282856.000.000) 10/09 00:39:38 Image size of job updated: 249388
	162  -  MemoryUsage of job (MB)
	165716  -  ResidentSetSize of job (KB)
...
006 (3282856.000.000) 10/09 00:40:31 Image size of job updated: 273208
	162  -  MemoryUsage of job (MB)
	165736  -  ResidentSetSize of job (KB)
...
040 (3282856.000.000) 10/09 00:40:31 Started transferring output files
...
040 (3282856.000.000) 10/09 00:40:32 Finished transferring output files
...
005 (3282856.000.000) 10/09 00:40:32 Job terminated.
	(1) Normal termination (return value 0)
		Usr 0 00:00:47, Sys 0 00:00:04  -  Run Remote Usage
		Usr 0 00:00:00, Sys 0 00:00:00  -  Run Local Usage
		Usr 0 00:00:47, Sys 0 00:00:04  -  Total Remote Usage
		Usr 0 00:00:00, Sys 0 00:00:00  -  Total Local Usage
	92525  -  Run Bytes Sent By Job
	2236  -  Run Bytes Received By Job
	92525  -  Total Bytes Sent By Job
	2236  -  Total Bytes Received By Job
	Partitionable Resources :    Usage  Request Allocated 
	   Cpus                 :                 1           
	   Disk (KB)            :   832676        3   1879516 
	   Memory (MB)          :      162     2000      2000 
...
