000 (3283620.000.000) 10/09 00:54:27 Job submitted from host: <137.138.44.75:9618?addrs=137.138.44.75-9618+[2001-1458-d00-1a--b]-9618&alias=bigbird14.cern.ch&noUDP&sock=schedd_2873_37ae_40>
...
040 (3283620.000.000) 10/09 01:01:30 Started transferring input files
	Transferring to host: <188.184.138.244:9618?addrs=188.184.138.244-9618+[2001-1458-301-45--100-d6]-9618&noUDP&sock=1919_dbe7_136579>
...
040 (3283620.000.000) 10/09 01:01:30 Finished transferring input files
...
001 (3283620.000.000) 10/09 01:01:31 Job executing on host: <188.184.138.244:9618?addrs=188.184.138.244-9618+[2001-1458-301-45--100-d6]-9618&noUDP&sock=5590_da80_3>
...
006 (3283620.000.000) 10/09 01:01:39 Image size of job updated: 98112
	74  -  MemoryUsage of job (MB)
	75620  -  ResidentSetSize of job (KB)
...
006 (3283620.000.000) 10/09 01:06:39 Image size of job updated: 223260
	180  -  MemoryUsage of job (MB)
	184312  -  ResidentSetSize of job (KB)
...
006 (3283620.000.000) 10/09 01:07:23 Image size of job updated: 1012444
	180  -  MemoryUsage of job (MB)
	184312  -  ResidentSetSize of job (KB)
...
040 (3283620.000.000) 10/09 01:07:23 Started transferring output files
...
040 (3283620.000.000) 10/09 01:07:23 Finished transferring output files
...
005 (3283620.000.000) 10/09 01:07:23 Job terminated.
	(1) Normal termination (return value 0)
		Usr 0 00:04:16, Sys 0 00:00:18  -  Run Remote Usage
		Usr 0 00:00:00, Sys 0 00:00:00  -  Run Local Usage
		Usr 0 00:04:16, Sys 0 00:00:18  -  Total Remote Usage
		Usr 0 00:00:00, Sys 0 00:00:00  -  Total Local Usage
	108708  -  Run Bytes Sent By Job
	2236  -  Run Bytes Received By Job
	108708  -  Total Bytes Sent By Job
	2236  -  Total Bytes Received By Job
	Partitionable Resources :    Usage  Request Allocated 
	   Cpus                 :                 1           
	   Disk (KB)            :  6292022        3   3084859 
	   Memory (MB)          :      180     2000      2000 
...
