000 (3282874.000.000) 10/09 00:39:37 Job submitted from host: <137.138.44.75:9618?addrs=137.138.44.75-9618+[2001-1458-d00-1a--b]-9618&alias=bigbird14.cern.ch&noUDP&sock=schedd_2873_37ae_40>
...
040 (3282874.000.000) 10/09 00:39:52 Started transferring input files
	Transferring to host: <128.142.133.45:9618?addrs=128.142.133.45-9618+[2001-1458-301-32--100-14]-9618&noUDP&sock=4449_790e_20273>
...
040 (3282874.000.000) 10/09 00:39:53 Finished transferring input files
...
001 (3282874.000.000) 10/09 00:39:53 Job executing on host: <128.142.133.45:9618?addrs=128.142.133.45-9618+[2001-1458-301-32--100-14]-9618&noUDP&sock=2399_17ca_3>
...
006 (3282874.000.000) 10/09 00:40:02 Image size of job updated: 250500
	163  -  MemoryUsage of job (MB)
	166784  -  ResidentSetSize of job (KB)
...
006 (3282874.000.000) 10/09 00:41:04 Image size of job updated: 950636
	163  -  MemoryUsage of job (MB)
	166784  -  ResidentSetSize of job (KB)
...
040 (3282874.000.000) 10/09 00:41:05 Started transferring output files
...
040 (3282874.000.000) 10/09 00:41:06 Finished transferring output files
...
005 (3282874.000.000) 10/09 00:41:07 Job terminated.
	(1) Normal termination (return value 0)
		Usr 0 00:00:51, Sys 0 00:00:04  -  Run Remote Usage
		Usr 0 00:00:00, Sys 0 00:00:00  -  Run Local Usage
		Usr 0 00:00:51, Sys 0 00:00:04  -  Total Remote Usage
		Usr 0 00:00:00, Sys 0 00:00:00  -  Total Local Usage
	93026  -  Run Bytes Sent By Job
	2236  -  Run Bytes Received By Job
	93026  -  Total Bytes Sent By Job
	2236  -  Total Bytes Received By Job
	Partitionable Resources :    Usage  Request Allocated 
	   Cpus                 :                 1           
	   Disk (KB)            :   872817        3   1980065 
	   Memory (MB)          :      163     2000      2000 
...
