000 (3356036.000.000) 10/20 19:12:42 Job submitted from host: <137.138.44.75:9618?addrs=137.138.44.75-9618+[2001-1458-d00-1a--b]-9618&alias=bigbird14.cern.ch&noUDP&sock=schedd_2873_37ae_40>
...
040 (3356036.000.000) 10/20 19:14:02 Started transferring input files
	Transferring to host: <128.142.120.176:9618?addrs=128.142.120.176-9618+[2001-1458-301-b5--100-262]-9618&noUDP&sock=3286_08bf_17277>
...
040 (3356036.000.000) 10/20 19:14:02 Finished transferring input files
...
001 (3356036.000.000) 10/20 19:14:03 Job executing on host: <128.142.120.176:9618?addrs=128.142.120.176-9618+[2001-1458-301-b5--100-262]-9618&noUDP&sock=1814_d4e3_3>
...
006 (3356036.000.000) 10/20 19:14:12 Image size of job updated: 97264
	70  -  MemoryUsage of job (MB)
	71588  -  ResidentSetSize of job (KB)
...
006 (3356036.000.000) 10/20 19:19:13 Image size of job updated: 183336
	176  -  MemoryUsage of job (MB)
	179968  -  ResidentSetSize of job (KB)
...
006 (3356036.000.000) 10/20 19:24:13 Image size of job updated: 193868
	176  -  MemoryUsage of job (MB)
	179968  -  ResidentSetSize of job (KB)
...
006 (3356036.000.000) 10/20 19:29:13 Image size of job updated: 198660
	176  -  MemoryUsage of job (MB)
	179968  -  ResidentSetSize of job (KB)
...
006 (3356036.000.000) 10/20 19:34:14 Image size of job updated: 205836
	176  -  MemoryUsage of job (MB)
	179968  -  ResidentSetSize of job (KB)
...
040 (3356036.000.000) 10/20 19:38:39 Started transferring output files
...
040 (3356036.000.000) 10/20 19:38:39 Finished transferring output files
...
005 (3356036.000.000) 10/20 19:38:39 Job terminated.
	(1) Normal termination (return value 0)
		Usr 0 00:19:04, Sys 0 00:01:00  -  Run Remote Usage
		Usr 0 00:00:00, Sys 0 00:00:00  -  Run Local Usage
		Usr 0 00:19:04, Sys 0 00:01:00  -  Total Remote Usage
		Usr 0 00:00:00, Sys 0 00:00:00  -  Total Local Usage
	172003  -  Run Bytes Sent By Job
	2190  -  Run Bytes Received By Job
	172003  -  Total Bytes Sent By Job
	2190  -  Total Bytes Received By Job
	Partitionable Resources :    Usage  Request Allocated 
	   Cpus                 :                 1           
	   Disk (KB)            : 21169656        3   2097240 
	   Memory (MB)          :      176     2000      2000 
...
