000 (3283490.000.000) 10/09 00:52:26 Job submitted from host: <137.138.44.75:9618?addrs=137.138.44.75-9618+[2001-1458-d00-1a--b]-9618&alias=bigbird14.cern.ch&noUDP&sock=schedd_2873_37ae_40>
...
040 (3283490.000.000) 10/09 00:57:22 Started transferring input files
	Transferring to host: <188.184.139.135:9618?addrs=188.184.139.135-9618+[2001-1458-301-45--100-17d]-9618&noUDP&sock=28043_948d_137655>
...
040 (3283490.000.000) 10/09 00:57:22 Finished transferring input files
...
001 (3283490.000.000) 10/09 00:57:23 Job executing on host: <188.184.139.135:9618?addrs=188.184.139.135-9618+[2001-1458-301-45--100-17d]-9618&noUDP&sock=5598_5742_3>
...
006 (3283490.000.000) 10/09 00:57:32 Image size of job updated: 142616
	139  -  MemoryUsage of job (MB)
	141920  -  ResidentSetSize of job (KB)
...
006 (3283490.000.000) 10/09 01:02:33 Image size of job updated: 185356
	179  -  MemoryUsage of job (MB)
	183196  -  ResidentSetSize of job (KB)
...
040 (3283490.000.000) 10/09 01:03:21 Started transferring output files
...
040 (3283490.000.000) 10/09 01:03:21 Finished transferring output files
...
005 (3283490.000.000) 10/09 01:03:21 Job terminated.
	(1) Normal termination (return value 0)
		Usr 0 00:04:26, Sys 0 00:00:17  -  Run Remote Usage
		Usr 0 00:00:00, Sys 0 00:00:00  -  Run Local Usage
		Usr 0 00:04:26, Sys 0 00:00:17  -  Total Remote Usage
		Usr 0 00:00:00, Sys 0 00:00:00  -  Total Local Usage
	104432  -  Run Bytes Sent By Job
	2232  -  Run Bytes Received By Job
	104432  -  Total Bytes Sent By Job
	2232  -  Total Bytes Received By Job
	Partitionable Resources :    Usage  Request Allocated 
	   Cpus                 :                 1           
	   Disk (KB)            :  6336192        3   2963641 
	   Memory (MB)          :      179     2000      2000 
...
