000 (3282891.000.000) 10/09 00:39:56 Job submitted from host: <137.138.44.75:9618?addrs=137.138.44.75-9618+[2001-1458-d00-1a--b]-9618&alias=bigbird14.cern.ch&noUDP&sock=schedd_2873_37ae_40>
...
040 (3282891.000.000) 10/09 00:39:59 Started transferring input files
	Transferring to host: <128.142.133.119:9618?addrs=128.142.133.119-9618+[2001-1458-301-32--100-7b]-9618&noUDP&sock=4356_f22a_20394>
...
040 (3282891.000.000) 10/09 00:39:59 Finished transferring input files
...
001 (3282891.000.000) 10/09 00:40:00 Job executing on host: <128.142.133.119:9618?addrs=128.142.133.119-9618+[2001-1458-301-32--100-7b]-9618&noUDP&sock=2414_61b6_3>
...
006 (3282891.000.000) 10/09 00:40:09 Image size of job updated: 250420
	163  -  MemoryUsage of job (MB)
	166708  -  ResidentSetSize of job (KB)
...
006 (3282891.000.000) 10/09 00:40:54 Image size of job updated: 280500
	163  -  MemoryUsage of job (MB)
	166708  -  ResidentSetSize of job (KB)
...
040 (3282891.000.000) 10/09 00:40:55 Started transferring output files
...
040 (3282891.000.000) 10/09 00:40:55 Finished transferring output files
...
005 (3282891.000.000) 10/09 00:40:56 Job terminated.
	(1) Normal termination (return value 0)
		Usr 0 00:00:39, Sys 0 00:00:03  -  Run Remote Usage
		Usr 0 00:00:00, Sys 0 00:00:00  -  Run Local Usage
		Usr 0 00:00:39, Sys 0 00:00:03  -  Total Remote Usage
		Usr 0 00:00:00, Sys 0 00:00:00  -  Total Local Usage
	93051  -  Run Bytes Sent By Job
	2236  -  Run Bytes Received By Job
	93051  -  Total Bytes Sent By Job
	2236  -  Total Bytes Received By Job
	Partitionable Resources :    Usage  Request Allocated 
	   Cpus                 :                 1           
	   Disk (KB)            :   761569        3   2129437 
	   Memory (MB)          :      163     2000      2000 
...
