000 (3282508.000.000) 10/09 00:31:43 Job submitted from host: <137.138.44.75:9618?addrs=137.138.44.75-9618+[2001-1458-d00-1a--b]-9618&alias=bigbird14.cern.ch&noUDP&sock=schedd_2873_37ae_40>
...
040 (3282508.000.000) 10/09 00:36:53 Started transferring input files
	Transferring to host: <188.184.186.208:9618?addrs=188.184.186.208-9618+[2001-1458-301-f8--100-10a]-9618&noUDP&sock=4226_5965_20138>
...
040 (3282508.000.000) 10/09 00:36:53 Finished transferring input files
...
001 (3282508.000.000) 10/09 00:36:54 Job executing on host: <188.184.186.208:9618?addrs=188.184.186.208-9618+[2001-1458-301-f8--100-10a]-9618&noUDP&sock=2442_965d_3>
...
006 (3282508.000.000) 10/09 00:37:03 Image size of job updated: 250088
	163  -  MemoryUsage of job (MB)
	166372  -  ResidentSetSize of job (KB)
...
006 (3282508.000.000) 10/09 00:39:15 Image size of job updated: 592916
	163  -  MemoryUsage of job (MB)
	166380  -  ResidentSetSize of job (KB)
...
040 (3282508.000.000) 10/09 00:39:15 Started transferring output files
...
040 (3282508.000.000) 10/09 00:39:15 Finished transferring output files
...
005 (3282508.000.000) 10/09 00:39:15 Job terminated.
	(1) Normal termination (return value 0)
		Usr 0 00:01:43, Sys 0 00:00:07  -  Run Remote Usage
		Usr 0 00:00:00, Sys 0 00:00:00  -  Run Local Usage
		Usr 0 00:01:43, Sys 0 00:00:07  -  Total Remote Usage
		Usr 0 00:00:00, Sys 0 00:00:00  -  Total Local Usage
	97423  -  Run Bytes Sent By Job
	2232  -  Run Bytes Received By Job
	97423  -  Total Bytes Sent By Job
	2232  -  Total Bytes Received By Job
	Partitionable Resources :    Usage  Request Allocated 
	   Cpus                 :                 1           
	   Disk (KB)            :  2251075        3   2176084 
	   Memory (MB)          :      163     2000      2000 
...
