000 (3282897.000.000) 10/09 00:40:02 Job submitted from host: <137.138.44.75:9618?addrs=137.138.44.75-9618+[2001-1458-d00-1a--b]-9618&alias=bigbird14.cern.ch&noUDP&sock=schedd_2873_37ae_40>
...
040 (3282897.000.000) 10/09 00:40:43 Started transferring input files
	Transferring to host: <188.184.143.53:9618?addrs=188.184.143.53-9618+[2001-1458-301-46--100-14d]-9618&noUDP&sock=4325_1a89_20200>
...
040 (3282897.000.000) 10/09 00:40:43 Finished transferring input files
...
001 (3282897.000.000) 10/09 00:40:44 Job executing on host: <188.184.143.53:9618?addrs=188.184.143.53-9618+[2001-1458-301-46--100-14d]-9618&noUDP&sock=2404_85c3_3>
...
006 (3282897.000.000) 10/09 00:40:53 Image size of job updated: 250448
	163  -  MemoryUsage of job (MB)
	166732  -  ResidentSetSize of job (KB)
...
006 (3282897.000.000) 10/09 00:41:35 Image size of job updated: 590720
	163  -  MemoryUsage of job (MB)
	166732  -  ResidentSetSize of job (KB)
...
040 (3282897.000.000) 10/09 00:41:35 Started transferring output files
...
040 (3282897.000.000) 10/09 00:41:35 Finished transferring output files
...
005 (3282897.000.000) 10/09 00:41:35 Job terminated.
	(1) Normal termination (return value 0)
		Usr 0 00:00:37, Sys 0 00:00:03  -  Run Remote Usage
		Usr 0 00:00:00, Sys 0 00:00:00  -  Run Local Usage
		Usr 0 00:00:37, Sys 0 00:00:03  -  Total Remote Usage
		Usr 0 00:00:00, Sys 0 00:00:00  -  Total Local Usage
	93011  -  Run Bytes Sent By Job
	2236  -  Run Bytes Received By Job
	93011  -  Total Bytes Sent By Job
	2236  -  Total Bytes Received By Job
	Partitionable Resources :    Usage  Request Allocated 
	   Cpus                 :                 1           
	   Disk (KB)            :   705563        3   2192741 
	   Memory (MB)          :      163     2000      2000 
...
