000 (3282609.000.000) 10/09 00:34:18 Job submitted from host: <137.138.44.75:9618?addrs=137.138.44.75-9618+[2001-1458-d00-1a--b]-9618&alias=bigbird14.cern.ch&noUDP&sock=schedd_2873_37ae_40>
...
040 (3282609.000.000) 10/09 00:37:02 Started transferring input files
	Transferring to host: <188.184.196.23:9618?addrs=188.184.196.23-9618+[2001-1458-301-102--100-e]-9618&noUDP&sock=20433_a598_137380>
...
040 (3282609.000.000) 10/09 00:37:02 Finished transferring input files
...
001 (3282609.000.000) 10/09 00:37:03 Job executing on host: <188.184.196.23:9618?addrs=188.184.196.23-9618+[2001-1458-301-102--100-e]-9618&noUDP&sock=20298_5172_3>
...
006 (3282609.000.000) 10/09 00:37:13 Image size of job updated: 125404
	71  -  MemoryUsage of job (MB)
	72148  -  ResidentSetSize of job (KB)
...
006 (3282609.000.000) 10/09 00:39:37 Image size of job updated: 264392
	71  -  MemoryUsage of job (MB)
	72336  -  ResidentSetSize of job (KB)
...
040 (3282609.000.000) 10/09 00:39:37 Started transferring output files
...
040 (3282609.000.000) 10/09 00:39:37 Finished transferring output files
...
005 (3282609.000.000) 10/09 00:39:37 Job terminated.
	(1) Normal termination (return value 0)
		Usr 0 00:01:55, Sys 0 00:00:08  -  Run Remote Usage
		Usr 0 00:00:00, Sys 0 00:00:00  -  Run Local Usage
		Usr 0 00:01:55, Sys 0 00:00:08  -  Total Remote Usage
		Usr 0 00:00:00, Sys 0 00:00:00  -  Total Local Usage
	98058  -  Run Bytes Sent By Job
	2236  -  Run Bytes Received By Job
	98058  -  Total Bytes Sent By Job
	2236  -  Total Bytes Received By Job
	Partitionable Resources :    Usage  Request Allocated 
	   Cpus                 :                 1           
	   Disk (KB)            :  2381309        3   2963087 
	   Memory (MB)          :       71     2000      2000 
...
