000 (3282676.000.000) 10/09 00:36:20 Job submitted from host: <137.138.44.75:9618?addrs=137.138.44.75-9618+[2001-1458-d00-1a--b]-9618&alias=bigbird14.cern.ch&noUDP&sock=schedd_2873_37ae_40>
...
040 (3282676.000.000) 10/09 00:37:15 Started transferring input files
	Transferring to host: <188.184.190.21:9618?addrs=188.184.190.21-9618+[2001-1458-301-4b--100-2b]-9618&noUDP&sock=7591_4bce_119179>
...
040 (3282676.000.000) 10/09 00:37:15 Finished transferring input files
...
001 (3282676.000.000) 10/09 00:37:16 Job executing on host: <188.184.190.21:9618?addrs=188.184.190.21-9618+[2001-1458-301-4b--100-2b]-9618&noUDP&sock=5691_2191_3>
...
006 (3282676.000.000) 10/09 00:37:25 Image size of job updated: 117280
	65  -  MemoryUsage of job (MB)
	66036  -  ResidentSetSize of job (KB)
...
006 (3282676.000.000) 10/09 00:40:32 Image size of job updated: 299120
	65  -  MemoryUsage of job (MB)
	66036  -  ResidentSetSize of job (KB)
...
040 (3282676.000.000) 10/09 00:40:32 Started transferring output files
...
040 (3282676.000.000) 10/09 00:40:33 Finished transferring output files
...
005 (3282676.000.000) 10/09 00:40:33 Job terminated.
	(1) Normal termination (return value 0)
		Usr 0 00:02:31, Sys 0 00:00:09  -  Run Remote Usage
		Usr 0 00:00:00, Sys 0 00:00:00  -  Run Local Usage
		Usr 0 00:02:31, Sys 0 00:00:09  -  Total Remote Usage
		Usr 0 00:00:00, Sys 0 00:00:00  -  Total Local Usage
	98016  -  Run Bytes Sent By Job
	2236  -  Run Bytes Received By Job
	98016  -  Total Bytes Sent By Job
	2236  -  Total Bytes Received By Job
	Partitionable Resources :    Usage  Request Allocated 
	   Cpus                 :                 1           
	   Disk (KB)            :  2473721        3   2918104 
	   Memory (MB)          :       65     2000      2000 
...
