000 (3283320.000.000) 10/09 00:49:12 Job submitted from host: <137.138.44.75:9618?addrs=137.138.44.75-9618+[2001-1458-d00-1a--b]-9618&alias=bigbird14.cern.ch&noUDP&sock=schedd_2873_37ae_40>
...
040 (3283320.000.000) 10/09 00:49:33 Started transferring input files
	Transferring to host: <128.142.100.153:9618?addrs=128.142.100.153-9618+[2001-1458-301-89--100-9a]-9618&noUDP&sock=3660_8d0e_31235>
...
040 (3283320.000.000) 10/09 00:49:33 Finished transferring input files
...
001 (3283320.000.000) 10/09 00:49:34 Job executing on host: <128.142.100.153:9618?addrs=128.142.100.153-9618+[2001-1458-301-89--100-9a]-9618&noUDP&sock=1828_6f36_3>
...
006 (3283320.000.000) 10/09 00:49:43 Image size of job updated: 140188
	82  -  MemoryUsage of job (MB)
	83536  -  ResidentSetSize of job (KB)
...
006 (3283320.000.000) 10/09 00:54:43 Image size of job updated: 205672
	167  -  MemoryUsage of job (MB)
	170872  -  ResidentSetSize of job (KB)
...
006 (3283320.000.000) 10/09 00:59:43 Image size of job updated: 218832
	176  -  MemoryUsage of job (MB)
	179896  -  ResidentSetSize of job (KB)
...
006 (3283320.000.000) 10/09 01:00:54 Image size of job updated: 290468
	182  -  MemoryUsage of job (MB)
	186040  -  ResidentSetSize of job (KB)
...
040 (3283320.000.000) 10/09 01:00:54 Started transferring output files
...
040 (3283320.000.000) 10/09 01:00:54 Finished transferring output files
...
005 (3283320.000.000) 10/09 01:00:54 Job terminated.
	(1) Normal termination (return value 0)
		Usr 0 00:08:48, Sys 0 00:00:30  -  Run Remote Usage
		Usr 0 00:00:00, Sys 0 00:00:00  -  Run Local Usage
		Usr 0 00:08:48, Sys 0 00:00:30  -  Total Remote Usage
		Usr 0 00:00:00, Sys 0 00:00:00  -  Total Local Usage
	130758  -  Run Bytes Sent By Job
	2236  -  Run Bytes Received By Job
	130758  -  Total Bytes Sent By Job
	2236  -  Total Bytes Received By Job
	Partitionable Resources :    Usage  Request Allocated 
	   Cpus                 :                 1           
	   Disk (KB)            :  9779700        3   2133040 
	   Memory (MB)          :      182     2000      2000 
...
