000 (3282862.000.000) 10/09 00:39:27 Job submitted from host: <137.138.44.75:9618?addrs=137.138.44.75-9618+[2001-1458-d00-1a--b]-9618&alias=bigbird14.cern.ch&noUDP&sock=schedd_2873_37ae_40>
...
040 (3282862.000.000) 10/09 00:39:35 Started transferring input files
	Transferring to host: <188.184.196.230:9618?addrs=188.184.196.230-9618+[2001-1458-301-102--100-d6]-9618&noUDP&sock=20442_fcf8_136126>
...
040 (3282862.000.000) 10/09 00:39:35 Finished transferring input files
...
001 (3282862.000.000) 10/09 00:39:36 Job executing on host: <188.184.196.230:9618?addrs=188.184.196.230-9618+[2001-1458-301-102--100-d6]-9618&noUDP&sock=20310_8c95_3>
...
006 (3282862.000.000) 10/09 00:39:44 Image size of job updated: 249764
	163  -  MemoryUsage of job (MB)
	166048  -  ResidentSetSize of job (KB)
...
006 (3282862.000.000) 10/09 00:40:50 Image size of job updated: 305192
	163  -  MemoryUsage of job (MB)
	166048  -  ResidentSetSize of job (KB)
...
040 (3282862.000.000) 10/09 00:40:51 Started transferring output files
...
040 (3282862.000.000) 10/09 00:40:51 Finished transferring output files
...
005 (3282862.000.000) 10/09 00:40:52 Job terminated.
	(1) Normal termination (return value 0)
		Usr 0 00:00:56, Sys 0 00:00:04  -  Run Remote Usage
		Usr 0 00:00:00, Sys 0 00:00:00  -  Run Local Usage
		Usr 0 00:00:56, Sys 0 00:00:04  -  Total Remote Usage
		Usr 0 00:00:00, Sys 0 00:00:00  -  Total Local Usage
	93069  -  Run Bytes Sent By Job
	2236  -  Run Bytes Received By Job
	93069  -  Total Bytes Sent By Job
	2236  -  Total Bytes Received By Job
	Partitionable Resources :    Usage  Request Allocated 
	   Cpus                 :                 1           
	   Disk (KB)            :  1100625        3   3078924 
	   Memory (MB)          :      163     2000      2000 
...
