000 (3282888.000.000) 10/09 00:39:53 Job submitted from host: <137.138.44.75:9618?addrs=137.138.44.75-9618+[2001-1458-d00-1a--b]-9618&alias=bigbird14.cern.ch&noUDP&sock=schedd_2873_37ae_40>
...
040 (3282888.000.000) 10/09 00:39:59 Started transferring input files
	Transferring to host: <188.184.133.134:9618?addrs=188.184.133.134-9618+[2001-1458-301-a0--100-171]-9618&noUDP&sock=4189_4783_20162>
...
040 (3282888.000.000) 10/09 00:39:59 Finished transferring input files
...
001 (3282888.000.000) 10/09 00:40:00 Job executing on host: <188.184.133.134:9618?addrs=188.184.133.134-9618+[2001-1458-301-a0--100-171]-9618&noUDP&sock=2325_55c8_3>
...
006 (3282888.000.000) 10/09 00:40:10 Image size of job updated: 249820
	163  -  MemoryUsage of job (MB)
	166108  -  ResidentSetSize of job (KB)
...
006 (3282888.000.000) 10/09 00:40:46 Image size of job updated: 255464
	163  -  MemoryUsage of job (MB)
	166112  -  ResidentSetSize of job (KB)
...
040 (3282888.000.000) 10/09 00:40:46 Started transferring output files
...
040 (3282888.000.000) 10/09 00:40:47 Finished transferring output files
...
005 (3282888.000.000) 10/09 00:40:49 Job terminated.
	(1) Normal termination (return value 0)
		Usr 0 00:00:35, Sys 0 00:00:03  -  Run Remote Usage
		Usr 0 00:00:00, Sys 0 00:00:00  -  Run Local Usage
		Usr 0 00:00:35, Sys 0 00:00:03  -  Total Remote Usage
		Usr 0 00:00:00, Sys 0 00:00:00  -  Total Local Usage
	92561  -  Run Bytes Sent By Job
	2236  -  Run Bytes Received By Job
	92561  -  Total Bytes Sent By Job
	2236  -  Total Bytes Received By Job
	Partitionable Resources :    Usage  Request Allocated 
	   Cpus                 :                 1           
	   Disk (KB)            :   660542        3   2021132 
	   Memory (MB)          :      163     2000      2000 
...
