000 (3356041.000.000) 10/20 19:12:49 Job submitted from host: <137.138.44.75:9618?addrs=137.138.44.75-9618+[2001-1458-d00-1a--b]-9618&alias=bigbird14.cern.ch&noUDP&sock=schedd_2873_37ae_40>
...
040 (3356041.000.000) 10/20 19:14:04 Started transferring input files
	Transferring to host: <128.142.125.66:9618?addrs=128.142.125.66-9618+[2001-1458-301-c3--100-88]-9618&noUDP&sock=2064_064d_18299>
...
040 (3356041.000.000) 10/20 19:14:04 Finished transferring input files
...
001 (3356041.000.000) 10/20 19:14:05 Job executing on host: <128.142.125.66:9618?addrs=128.142.125.66-9618+[2001-1458-301-c3--100-88]-9618&noUDP&sock=1869_8e98_3>
...
006 (3356041.000.000) 10/20 19:14:13 Image size of job updated: 16812
	11  -  MemoryUsage of job (MB)
	10768  -  ResidentSetSize of job (KB)
...
006 (3356041.000.000) 10/20 19:19:13 Image size of job updated: 183228
	172  -  MemoryUsage of job (MB)
	175508  -  ResidentSetSize of job (KB)
...
006 (3356041.000.000) 10/20 19:24:14 Image size of job updated: 266448
	230  -  MemoryUsage of job (MB)
	234636  -  ResidentSetSize of job (KB)
...
006 (3356041.000.000) 10/20 19:29:15 Image size of job updated: 266448
	230  -  MemoryUsage of job (MB)
	235136  -  ResidentSetSize of job (KB)
...
006 (3356041.000.000) 10/20 19:49:17 Image size of job updated: 280352
	230  -  MemoryUsage of job (MB)
	235136  -  ResidentSetSize of job (KB)
...
040 (3356041.000.000) 10/20 19:53:18 Started transferring output files
...
040 (3356041.000.000) 10/20 19:53:18 Finished transferring output files
...
005 (3356041.000.000) 10/20 19:53:18 Job terminated.
	(1) Normal termination (return value 0)
		Usr 0 00:25:24, Sys 0 00:01:46  -  Run Remote Usage
		Usr 0 00:00:00, Sys 0 00:00:00  -  Run Local Usage
		Usr 0 00:25:24, Sys 0 00:01:46  -  Total Remote Usage
		Usr 0 00:00:00, Sys 0 00:00:00  -  Total Local Usage
	172185  -  Run Bytes Sent By Job
	2190  -  Run Bytes Received By Job
	172185  -  Total Bytes Sent By Job
	2190  -  Total Bytes Received By Job
	Partitionable Resources :    Usage  Request Allocated 
	   Cpus                 :                 1           
	   Disk (KB)            : 27563425        3   2059716 
	   Memory (MB)          :      230     2000      2000 
...
