000 (3355999.000.000) 10/20 19:11:31 Job submitted from host: <137.138.44.75:9618?addrs=137.138.44.75-9618+[2001-1458-d00-1a--b]-9618&alias=bigbird14.cern.ch&noUDP&sock=schedd_2873_37ae_40>
...
040 (3355999.000.000) 10/20 19:19:48 Started transferring input files
	Transferring to host: <128.142.108.219:9618?addrs=128.142.108.219-9618+[--1]-9618&noUDP&sock=2410_d01b_35106>
...
040 (3355999.000.000) 10/20 19:19:48 Finished transferring input files
...
001 (3355999.000.000) 10/20 19:19:49 Job executing on host: <128.142.108.219:9618?addrs=128.142.108.219-9618+[--1]-9618&noUDP&sock=1846_c7eb_3>
...
006 (3355999.000.000) 10/20 19:19:58 Image size of job updated: 46204
	28  -  MemoryUsage of job (MB)
	28164  -  ResidentSetSize of job (KB)
...
006 (3355999.000.000) 10/20 19:24:59 Image size of job updated: 214412
	159  -  MemoryUsage of job (MB)
	162128  -  ResidentSetSize of job (KB)
...
006 (3355999.000.000) 10/20 19:29:59 Image size of job updated: 214412
	159  -  MemoryUsage of job (MB)
	162376  -  ResidentSetSize of job (KB)
...
006 (3355999.000.000) 10/20 19:34:59 Image size of job updated: 277412
	232  -  MemoryUsage of job (MB)
	237160  -  ResidentSetSize of job (KB)
...
006 (3355999.000.000) 10/20 19:40:00 Image size of job updated: 277412
	233  -  MemoryUsage of job (MB)
	238032  -  ResidentSetSize of job (KB)
...
040 (3355999.000.000) 10/20 19:52:58 Started transferring output files
...
040 (3355999.000.000) 10/20 19:52:58 Finished transferring output files
...
005 (3355999.000.000) 10/20 19:52:58 Job terminated.
	(1) Normal termination (return value 0)
		Usr 0 00:23:03, Sys 0 00:01:38  -  Run Remote Usage
		Usr 0 00:00:00, Sys 0 00:00:00  -  Run Local Usage
		Usr 0 00:23:03, Sys 0 00:01:38  -  Total Remote Usage
		Usr 0 00:00:00, Sys 0 00:00:00  -  Total Local Usage
	172455  -  Run Bytes Sent By Job
	2190  -  Run Bytes Received By Job
	172455  -  Total Bytes Sent By Job
	2190  -  Total Bytes Received By Job
	Partitionable Resources :    Usage  Request Allocated 
	   Cpus                 :                 1           
	   Disk (KB)            : 23293924        3   2128352 
	   Memory (MB)          :      233     2000      2000 
...
