000 (3283311.000.000) 10/09 00:49:04 Job submitted from host: <137.138.44.75:9618?addrs=137.138.44.75-9618+[2001-1458-d00-1a--b]-9618&alias=bigbird14.cern.ch&noUDP&sock=schedd_2873_37ae_40>
...
040 (3283311.000.000) 10/09 00:49:35 Started transferring input files
	Transferring to host: <128.142.101.208:9618?addrs=128.142.101.208-9618+[2001-1458-301-89--100-1f1]-9618&noUDP&sock=3652_ea0e_31454>
...
040 (3283311.000.000) 10/09 00:49:35 Finished transferring input files
...
001 (3283311.000.000) 10/09 00:49:36 Job executing on host: <128.142.101.208:9618?addrs=128.142.101.208-9618+[2001-1458-301-89--100-1f1]-9618&noUDP&sock=1830_ce67_3>
...
006 (3283311.000.000) 10/09 00:49:46 Image size of job updated: 119880
	67  -  MemoryUsage of job (MB)
	68328  -  ResidentSetSize of job (KB)
...
006 (3283311.000.000) 10/09 00:54:46 Image size of job updated: 192524
	143  -  MemoryUsage of job (MB)
	146412  -  ResidentSetSize of job (KB)
...
006 (3283311.000.000) 10/09 00:59:46 Image size of job updated: 261972
	199  -  MemoryUsage of job (MB)
	203632  -  ResidentSetSize of job (KB)
...
006 (3283311.000.000) 10/09 01:01:30 Image size of job updated: 261972
	202  -  MemoryUsage of job (MB)
	206420  -  ResidentSetSize of job (KB)
...
040 (3283311.000.000) 10/09 01:01:30 Started transferring output files
...
040 (3283311.000.000) 10/09 01:01:30 Finished transferring output files
...
005 (3283311.000.000) 10/09 01:01:30 Job terminated.
	(1) Normal termination (return value 0)
		Usr 0 00:09:14, Sys 0 00:00:31  -  Run Remote Usage
		Usr 0 00:00:00, Sys 0 00:00:00  -  Run Local Usage
		Usr 0 00:09:14, Sys 0 00:00:31  -  Total Remote Usage
		Usr 0 00:00:00, Sys 0 00:00:00  -  Total Local Usage
	130774  -  Run Bytes Sent By Job
	2236  -  Run Bytes Received By Job
	130774  -  Total Bytes Sent By Job
	2236  -  Total Bytes Received By Job
	Partitionable Resources :    Usage  Request Allocated 
	   Cpus                 :                 1           
	   Disk (KB)            : 10090358        3   2096004 
	   Memory (MB)          :      202     2000      2000 
...
