000 (3282718.000.000) 10/09 00:37:05 Job submitted from host: <137.138.44.75:9618?addrs=137.138.44.75-9618+[2001-1458-d00-1a--b]-9618&alias=bigbird14.cern.ch&noUDP&sock=schedd_2873_37ae_40>
...
040 (3282718.000.000) 10/09 00:37:21 Started transferring input files
	Transferring to host: <188.184.143.30:9618?addrs=188.184.143.30-9618+[2001-1458-301-46--100-12f]-9618&noUDP&sock=4467_27cf_19883>
...
040 (3282718.000.000) 10/09 00:37:21 Finished transferring input files
...
001 (3282718.000.000) 10/09 00:37:22 Job executing on host: <188.184.143.30:9618?addrs=188.184.143.30-9618+[2001-1458-301-46--100-12f]-9618&noUDP&sock=2411_52ed_3>
...
006 (3282718.000.000) 10/09 00:37:30 Image size of job updated: 250008
	163  -  MemoryUsage of job (MB)
	166292  -  ResidentSetSize of job (KB)
...
006 (3282718.000.000) 10/09 00:38:47 Image size of job updated: 258616
	163  -  MemoryUsage of job (MB)
	166292  -  ResidentSetSize of job (KB)
...
040 (3282718.000.000) 10/09 00:38:47 Started transferring output files
...
040 (3282718.000.000) 10/09 00:38:47 Finished transferring output files
...
005 (3282718.000.000) 10/09 00:38:47 Job terminated.
	(1) Normal termination (return value 0)
		Usr 0 00:01:05, Sys 0 00:00:04  -  Run Remote Usage
		Usr 0 00:00:00, Sys 0 00:00:00  -  Run Local Usage
		Usr 0 00:01:05, Sys 0 00:00:04  -  Total Remote Usage
		Usr 0 00:00:00, Sys 0 00:00:00  -  Total Local Usage
	93063  -  Run Bytes Sent By Job
	2236  -  Run Bytes Received By Job
	93063  -  Total Bytes Sent By Job
	2236  -  Total Bytes Received By Job
	Partitionable Resources :    Usage  Request Allocated 
	   Cpus                 :                 1           
	   Disk (KB)            :  1114524        3   1968766 
	   Memory (MB)          :      163     2000      2000 
...
