000 (3282599.000.000) 10/09 00:34:06 Job submitted from host: <137.138.44.75:9618?addrs=137.138.44.75-9618+[2001-1458-d00-1a--b]-9618&alias=bigbird14.cern.ch&noUDP&sock=schedd_2873_37ae_40>
...
040 (3282599.000.000) 10/09 00:35:22 Started transferring input files
	Transferring to host: <137.138.51.129:9618?addrs=137.138.51.129-9618+[2001-1458-d00-25--44]-9618&noUDP&sock=27098_be07_140480>
...
040 (3282599.000.000) 10/09 00:35:22 Finished transferring input files
...
001 (3282599.000.000) 10/09 00:35:23 Job executing on host: <137.138.51.129:9618?addrs=137.138.51.129-9618+[2001-1458-d00-25--44]-9618&noUDP&sock=4578_b4a8_3>
...
006 (3282599.000.000) 10/09 00:35:32 Image size of job updated: 248120
	163  -  MemoryUsage of job (MB)
	166132  -  ResidentSetSize of job (KB)
...
040 (3282599.000.000) 10/09 00:37:40 Started transferring output files
...
040 (3282599.000.000) 10/09 00:37:40 Finished transferring output files
...
005 (3282599.000.000) 10/09 00:37:40 Job terminated.
	(1) Normal termination (return value 0)
		Usr 0 00:01:44, Sys 0 00:00:09  -  Run Remote Usage
		Usr 0 00:00:00, Sys 0 00:00:00  -  Run Local Usage
		Usr 0 00:01:44, Sys 0 00:00:09  -  Total Remote Usage
		Usr 0 00:00:00, Sys 0 00:00:00  -  Total Local Usage
	98047  -  Run Bytes Sent By Job
	2236  -  Run Bytes Received By Job
	98047  -  Total Bytes Sent By Job
	2236  -  Total Bytes Received By Job
	Partitionable Resources :    Usage  Request Allocated 
	   Cpus                 :                 1           
	   Disk (KB)            :  1951577        3   1919299 
	   Memory (MB)          :      163     2000      2000 
...
