000 (3282859.000.000) 10/09 00:39:25 Job submitted from host: <137.138.44.75:9618?addrs=137.138.44.75-9618+[2001-1458-d00-1a--b]-9618&alias=bigbird14.cern.ch&noUDP&sock=schedd_2873_37ae_40>
...
040 (3282859.000.000) 10/09 00:39:30 Started transferring input files
	Transferring to host: <188.184.197.70:9618?addrs=188.184.197.70-9618+[2001-1458-301-103--100-4d]-9618&noUDP&sock=7668_8cb1_120226>
...
040 (3282859.000.000) 10/09 00:39:30 Finished transferring input files
...
001 (3282859.000.000) 10/09 00:39:31 Job executing on host: <188.184.197.70:9618?addrs=188.184.197.70-9618+[2001-1458-301-103--100-4d]-9618&noUDP&sock=5695_dff2_3>
...
006 (3282859.000.000) 10/09 00:39:39 Image size of job updated: 235444
	149  -  MemoryUsage of job (MB)
	151724  -  ResidentSetSize of job (KB)
...
006 (3282859.000.000) 10/09 00:40:33 Image size of job updated: 256084
	149  -  MemoryUsage of job (MB)
	151772  -  ResidentSetSize of job (KB)
...
040 (3282859.000.000) 10/09 00:40:33 Started transferring output files
...
040 (3282859.000.000) 10/09 00:40:34 Finished transferring output files
...
005 (3282859.000.000) 10/09 00:40:34 Job terminated.
	(1) Normal termination (return value 0)
		Usr 0 00:00:48, Sys 0 00:00:03  -  Run Remote Usage
		Usr 0 00:00:00, Sys 0 00:00:00  -  Run Local Usage
		Usr 0 00:00:48, Sys 0 00:00:03  -  Total Remote Usage
		Usr 0 00:00:00, Sys 0 00:00:00  -  Total Local Usage
	93065  -  Run Bytes Sent By Job
	2236  -  Run Bytes Received By Job
	93065  -  Total Bytes Sent By Job
	2236  -  Total Bytes Received By Job
	Partitionable Resources :    Usage  Request Allocated 
	   Cpus                 :                 1           
	   Disk (KB)            :   929899        3   3120934 
	   Memory (MB)          :      149     2000      2000 
...
