000 (3282882.000.000) 10/09 00:39:46 Job submitted from host: <137.138.44.75:9618?addrs=137.138.44.75-9618+[2001-1458-d00-1a--b]-9618&alias=bigbird14.cern.ch&noUDP&sock=schedd_2873_37ae_40>
...
040 (3282882.000.000) 10/09 00:39:57 Started transferring input files
	Transferring to host: <188.184.139.75:9618?addrs=188.184.139.75-9618+[2001-1458-301-45--100-151]-9618&noUDP&sock=32177_5b76_135729>
...
040 (3282882.000.000) 10/09 00:39:57 Finished transferring input files
...
001 (3282882.000.000) 10/09 00:39:58 Job executing on host: <188.184.139.75:9618?addrs=188.184.139.75-9618+[2001-1458-301-45--100-151]-9618&noUDP&sock=5605_246b_3>
...
006 (3282882.000.000) 10/09 00:40:06 Image size of job updated: 249740
	163  -  MemoryUsage of job (MB)
	166024  -  ResidentSetSize of job (KB)
...
006 (3282882.000.000) 10/09 00:40:47 Image size of job updated: 288672
	163  -  MemoryUsage of job (MB)
	166052  -  ResidentSetSize of job (KB)
...
040 (3282882.000.000) 10/09 00:40:48 Started transferring output files
...
040 (3282882.000.000) 10/09 00:40:49 Finished transferring output files
...
005 (3282882.000.000) 10/09 00:40:51 Job terminated.
	(1) Normal termination (return value 0)
		Usr 0 00:00:36, Sys 0 00:00:03  -  Run Remote Usage
		Usr 0 00:00:00, Sys 0 00:00:00  -  Run Local Usage
		Usr 0 00:00:36, Sys 0 00:00:03  -  Total Remote Usage
		Usr 0 00:00:00, Sys 0 00:00:00  -  Total Local Usage
	93059  -  Run Bytes Sent By Job
	2236  -  Run Bytes Received By Job
	93059  -  Total Bytes Sent By Job
	2236  -  Total Bytes Received By Job
	Partitionable Resources :    Usage  Request Allocated 
	   Cpus                 :                 1           
	   Disk (KB)            :   697266        3   3032217 
	   Memory (MB)          :      163     2000      2000 
...
