000 (3282691.000.000) 10/09 00:36:41 Job submitted from host: <137.138.44.75:9618?addrs=137.138.44.75-9618+[2001-1458-d00-1a--b]-9618&alias=bigbird14.cern.ch&noUDP&sock=schedd_2873_37ae_40>
...
040 (3282691.000.000) 10/09 00:37:18 Started transferring input files
	Transferring to host: <188.184.210.214:9618?addrs=188.184.210.214-9618+[2001-1458-301-10b--100-e2]-9618&noUDP&sock=20478_5a7a_136890>
...
040 (3282691.000.000) 10/09 00:37:18 Finished transferring input files
...
001 (3282691.000.000) 10/09 00:37:19 Job executing on host: <188.184.210.214:9618?addrs=188.184.210.214-9618+[2001-1458-301-10b--100-e2]-9618&noUDP&sock=20344_dece_3>
...
006 (3282691.000.000) 10/09 00:37:28 Image size of job updated: 201760
	143  -  MemoryUsage of job (MB)
	145984  -  ResidentSetSize of job (KB)
...
006 (3282691.000.000) 10/09 00:38:20 Image size of job updated: 255500
	143  -  MemoryUsage of job (MB)
	145984  -  ResidentSetSize of job (KB)
...
040 (3282691.000.000) 10/09 00:38:20 Started transferring output files
...
040 (3282691.000.000) 10/09 00:38:20 Finished transferring output files
...
005 (3282691.000.000) 10/09 00:38:20 Job terminated.
	(1) Normal termination (return value 0)
		Usr 0 00:00:43, Sys 0 00:00:04  -  Run Remote Usage
		Usr 0 00:00:00, Sys 0 00:00:00  -  Run Local Usage
		Usr 0 00:00:43, Sys 0 00:00:04  -  Total Remote Usage
		Usr 0 00:00:00, Sys 0 00:00:00  -  Total Local Usage
	93010  -  Run Bytes Sent By Job
	2232  -  Run Bytes Received By Job
	93010  -  Total Bytes Sent By Job
	2232  -  Total Bytes Received By Job
	Partitionable Resources :    Usage  Request Allocated 
	   Cpus                 :                 1           
	   Disk (KB)            :   823045        3   2672404 
	   Memory (MB)          :      143     2000      2000 
...
