000 (3356065.000.000) 10/20 19:13:41 Job submitted from host: <137.138.44.75:9618?addrs=137.138.44.75-9618+[2001-1458-d00-1a--b]-9618&alias=bigbird14.cern.ch&noUDP&sock=schedd_2873_37ae_40>
...
040 (3356065.000.000) 10/20 19:14:03 Started transferring input files
	Transferring to host: <128.142.122.91:9618?addrs=128.142.122.91-9618+[2001-1458-301-b5--100-1ab]-9618&noUDP&sock=3581_e36b_17068>
...
040 (3356065.000.000) 10/20 19:14:03 Finished transferring input files
...
001 (3356065.000.000) 10/20 19:14:04 Job executing on host: <128.142.122.91:9618?addrs=128.142.122.91-9618+[2001-1458-301-b5--100-1ab]-9618&noUDP&sock=1828_6f36_3>
...
006 (3356065.000.000) 10/20 19:14:13 Image size of job updated: 92852
	67  -  MemoryUsage of job (MB)
	67916  -  ResidentSetSize of job (KB)
...
006 (3356065.000.000) 10/20 19:19:14 Image size of job updated: 247064
	234  -  MemoryUsage of job (MB)
	238660  -  ResidentSetSize of job (KB)
...
006 (3356065.000.000) 10/20 19:29:15 Image size of job updated: 274800
	234  -  MemoryUsage of job (MB)
	238660  -  ResidentSetSize of job (KB)
...
006 (3356065.000.000) 10/20 19:49:18 Image size of job updated: 335180
	234  -  MemoryUsage of job (MB)
	238660  -  ResidentSetSize of job (KB)
...
040 (3356065.000.000) 10/20 19:56:00 Started transferring output files
...
040 (3356065.000.000) 10/20 19:56:00 Finished transferring output files
...
005 (3356065.000.000) 10/20 19:56:00 Job terminated.
	(1) Normal termination (return value 0)
		Usr 0 00:33:23, Sys 0 00:01:30  -  Run Remote Usage
		Usr 0 00:00:00, Sys 0 00:00:00  -  Run Local Usage
		Usr 0 00:33:23, Sys 0 00:01:30  -  Total Remote Usage
		Usr 0 00:00:00, Sys 0 00:00:00  -  Total Local Usage
	172443  -  Run Bytes Sent By Job
	2190  -  Run Bytes Received By Job
	172443  -  Total Bytes Sent By Job
	2190  -  Total Bytes Received By Job
	Partitionable Resources :    Usage  Request Allocated 
	   Cpus                 :                 1           
	   Disk (KB)            : 35854937        3   2095416 
	   Memory (MB)          :      234     2000      2000 
...
