000 (3356067.000.000) 10/20 19:13:43 Job submitted from host: <137.138.44.75:9618?addrs=137.138.44.75-9618+[2001-1458-d00-1a--b]-9618&alias=bigbird14.cern.ch&noUDP&sock=schedd_2873_37ae_40>
...
040 (3356067.000.000) 10/20 19:14:04 Started transferring input files
	Transferring to host: <128.142.120.176:9618?addrs=128.142.120.176-9618+[2001-1458-301-b5--100-262]-9618&noUDP&sock=3286_08bf_17278>
...
040 (3356067.000.000) 10/20 19:14:04 Finished transferring input files
...
001 (3356067.000.000) 10/20 19:14:05 Job executing on host: <128.142.120.176:9618?addrs=128.142.120.176-9618+[2001-1458-301-b5--100-262]-9618&noUDP&sock=1814_d4e3_3>
...
006 (3356067.000.000) 10/20 19:14:14 Image size of job updated: 184196
	152  -  MemoryUsage of job (MB)
	154824  -  ResidentSetSize of job (KB)
...
006 (3356067.000.000) 10/20 19:19:15 Image size of job updated: 184196
	175  -  MemoryUsage of job (MB)
	178400  -  ResidentSetSize of job (KB)
...
006 (3356067.000.000) 10/20 19:24:15 Image size of job updated: 189088
	175  -  MemoryUsage of job (MB)
	178400  -  ResidentSetSize of job (KB)
...
006 (3356067.000.000) 10/20 19:29:15 Image size of job updated: 192152
	175  -  MemoryUsage of job (MB)
	178400  -  ResidentSetSize of job (KB)
...
006 (3356067.000.000) 10/20 19:34:16 Image size of job updated: 196724
	175  -  MemoryUsage of job (MB)
	178400  -  ResidentSetSize of job (KB)
...
006 (3356067.000.000) 10/20 19:39:17 Image size of job updated: 304388
	232  -  MemoryUsage of job (MB)
	236708  -  ResidentSetSize of job (KB)
...
040 (3356067.000.000) 10/20 19:51:40 Started transferring output files
...
040 (3356067.000.000) 10/20 19:51:40 Finished transferring output files
...
005 (3356067.000.000) 10/20 19:51:40 Job terminated.
	(1) Normal termination (return value 0)
		Usr 0 00:29:29, Sys 0 00:01:27  -  Run Remote Usage
		Usr 0 00:00:00, Sys 0 00:00:00  -  Run Local Usage
		Usr 0 00:29:29, Sys 0 00:01:27  -  Total Remote Usage
		Usr 0 00:00:00, Sys 0 00:00:00  -  Total Local Usage
	172451  -  Run Bytes Sent By Job
	2190  -  Run Bytes Received By Job
	172451  -  Total Bytes Sent By Job
	2190  -  Total Bytes Received By Job
	Partitionable Resources :    Usage  Request Allocated 
	   Cpus                 :                 1           
	   Disk (KB)            : 33650660        3   2096763 
	   Memory (MB)          :      232     2000      2000 
...
