000 (3283708.000.000) 10/09 00:55:42 Job submitted from host: <137.138.44.75:9618?addrs=137.138.44.75-9618+[2001-1458-d00-1a--b]-9618&alias=bigbird14.cern.ch&noUDP&sock=schedd_2873_37ae_40>
...
040 (3283708.000.000) 10/09 01:47:13 Started transferring input files
	Transferring to host: <128.142.115.165:9618?addrs=128.142.115.165-9618+[2001-1458-301-90--100-363]-9618&noUDP&sock=13966_0f71_19460>
...
040 (3283708.000.000) 10/09 01:47:13 Finished transferring input files
...
001 (3283708.000.000) 10/09 01:47:14 Job executing on host: <128.142.115.165:9618?addrs=128.142.115.165-9618+[2001-1458-301-90--100-363]-9618&noUDP&sock=13827_c019_3>
...
006 (3283708.000.000) 10/09 01:47:22 Image size of job updated: 137000
	79  -  MemoryUsage of job (MB)
	80028  -  ResidentSetSize of job (KB)
...
006 (3283708.000.000) 10/09 01:52:22 Image size of job updated: 211400
	161  -  MemoryUsage of job (MB)
	164244  -  ResidentSetSize of job (KB)
...
040 (3283708.000.000) 10/09 02:09:07 Started transferring output files
...
040 (3283708.000.000) 10/09 02:09:07 Finished transferring output files
...
005 (3283708.000.000) 10/09 02:09:07 Job terminated.
	(1) Normal termination (return value 0)
		Usr 0 00:15:25, Sys 0 00:01:02  -  Run Remote Usage
		Usr 0 00:00:00, Sys 0 00:00:00  -  Run Local Usage
		Usr 0 00:15:25, Sys 0 00:01:02  -  Total Remote Usage
		Usr 0 00:00:00, Sys 0 00:00:00  -  Total Local Usage
	131027  -  Run Bytes Sent By Job
	2232  -  Run Bytes Received By Job
	131027  -  Total Bytes Sent By Job
	2232  -  Total Bytes Received By Job
	Partitionable Resources :    Usage  Request Allocated 
	   Cpus                 :                 1           
	   Disk (KB)            : 16235946        3   2092177 
	   Memory (MB)          :      161     2000      2000 
...
