000 (3282562.000.000) 10/09 00:33:17 Job submitted from host: <137.138.44.75:9618?addrs=137.138.44.75-9618+[2001-1458-d00-1a--b]-9618&alias=bigbird14.cern.ch&noUDP&sock=schedd_2873_37ae_40>
...
040 (3282562.000.000) 10/09 00:34:41 Started transferring input files
	Transferring to host: <188.184.143.30:9618?addrs=188.184.143.30-9618+[2001-1458-301-46--100-12f]-9618&noUDP&sock=4467_27cf_19882>
...
040 (3282562.000.000) 10/09 00:34:41 Finished transferring input files
...
001 (3282562.000.000) 10/09 00:34:42 Job executing on host: <188.184.143.30:9618?addrs=188.184.143.30-9618+[2001-1458-301-46--100-12f]-9618&noUDP&sock=2411_52ed_3>
...
006 (3282562.000.000) 10/09 00:34:51 Image size of job updated: 111116
	62  -  MemoryUsage of job (MB)
	63488  -  ResidentSetSize of job (KB)
...
006 (3282562.000.000) 10/09 00:37:08 Image size of job updated: 881772
	63  -  MemoryUsage of job (MB)
	63616  -  ResidentSetSize of job (KB)
...
040 (3282562.000.000) 10/09 00:37:08 Started transferring output files
...
040 (3282562.000.000) 10/09 00:37:08 Finished transferring output files
...
005 (3282562.000.000) 10/09 00:37:08 Job terminated.
	(1) Normal termination (return value 0)
		Usr 0 00:01:39, Sys 0 00:00:07  -  Run Remote Usage
		Usr 0 00:00:00, Sys 0 00:00:00  -  Run Local Usage
		Usr 0 00:01:39, Sys 0 00:00:07  -  Total Remote Usage
		Usr 0 00:00:00, Sys 0 00:00:00  -  Total Local Usage
	98034  -  Run Bytes Sent By Job
	2236  -  Run Bytes Received By Job
	98034  -  Total Bytes Sent By Job
	2236  -  Total Bytes Received By Job
	Partitionable Resources :    Usage  Request Allocated 
	   Cpus                 :                 1           
	   Disk (KB)            :  1791231        3   1968766 
	   Memory (MB)          :       63     2000      2000 
...
