000 (3282522.000.000) 10/09 00:32:24 Job submitted from host: <137.138.44.75:9618?addrs=137.138.44.75-9618+[2001-1458-d00-1a--b]-9618&alias=bigbird14.cern.ch&noUDP&sock=schedd_2873_37ae_40>
...
040 (3282522.000.000) 10/09 00:34:34 Started transferring input files
	Transferring to host: <137.138.51.94:9618?addrs=137.138.51.94-9618+[2001-1458-d00-25--6e]-9618&noUDP&sock=6629_7ae7_90692>
...
040 (3282522.000.000) 10/09 00:34:34 Finished transferring input files
...
001 (3282522.000.000) 10/09 00:34:35 Job executing on host: <137.138.51.94:9618?addrs=137.138.51.94-9618+[2001-1458-d00-25--6e]-9618&noUDP&sock=4662_529c_3>
...
006 (3282522.000.000) 10/09 00:34:43 Image size of job updated: 120376
	68  -  MemoryUsage of job (MB)
	68732  -  ResidentSetSize of job (KB)
...
006 (3282522.000.000) 10/09 00:37:34 Image size of job updated: 212736
	68  -  MemoryUsage of job (MB)
	68732  -  ResidentSetSize of job (KB)
...
040 (3282522.000.000) 10/09 00:37:34 Started transferring output files
...
040 (3282522.000.000) 10/09 00:37:34 Finished transferring output files
...
005 (3282522.000.000) 10/09 00:37:34 Job terminated.
	(1) Normal termination (return value 0)
		Usr 0 00:02:01, Sys 0 00:00:08  -  Run Remote Usage
		Usr 0 00:00:00, Sys 0 00:00:00  -  Run Local Usage
		Usr 0 00:02:01, Sys 0 00:00:08  -  Total Remote Usage
		Usr 0 00:00:00, Sys 0 00:00:00  -  Total Local Usage
	97999  -  Run Bytes Sent By Job
	2236  -  Run Bytes Received By Job
	97999  -  Total Bytes Sent By Job
	2236  -  Total Bytes Received By Job
	Partitionable Resources :    Usage  Request Allocated 
	   Cpus                 :                 1           
	   Disk (KB)            :  2458570        3   1790786 
	   Memory (MB)          :       68     2000      2000 
...
