000 (3282835.000.000) 10/09 00:39:06 Job submitted from host: <137.138.44.75:9618?addrs=137.138.44.75-9618+[2001-1458-d00-1a--b]-9618&alias=bigbird14.cern.ch&noUDP&sock=schedd_2873_37ae_40>
...
040 (3282835.000.000) 10/09 00:39:10 Started transferring input files
	Transferring to host: <188.184.139.185:9618?addrs=188.184.139.185-9618+[2001-1458-301-45--100-1b5]-9618&noUDP&sock=17818_248e_136224>
...
040 (3282835.000.000) 10/09 00:39:10 Finished transferring input files
...
001 (3282835.000.000) 10/09 00:39:11 Job executing on host: <188.184.139.185:9618?addrs=188.184.139.185-9618+[2001-1458-301-45--100-1b5]-9618&noUDP&sock=5616_aff6_3>
...
006 (3282835.000.000) 10/09 00:39:19 Image size of job updated: 249996
	163  -  MemoryUsage of job (MB)
	166276  -  ResidentSetSize of job (KB)
...
006 (3282835.000.000) 10/09 00:40:14 Image size of job updated: 880448
	163  -  MemoryUsage of job (MB)
	166276  -  ResidentSetSize of job (KB)
...
040 (3282835.000.000) 10/09 00:40:16 Started transferring output files
...
040 (3282835.000.000) 10/09 00:40:17 Finished transferring output files
...
005 (3282835.000.000) 10/09 00:40:20 Job terminated.
	(1) Normal termination (return value 0)
		Usr 0 00:00:48, Sys 0 00:00:04  -  Run Remote Usage
		Usr 0 00:00:00, Sys 0 00:00:00  -  Run Local Usage
		Usr 0 00:00:48, Sys 0 00:00:04  -  Total Remote Usage
		Usr 0 00:00:00, Sys 0 00:00:00  -  Total Local Usage
	93067  -  Run Bytes Sent By Job
	2236  -  Run Bytes Received By Job
	93067  -  Total Bytes Sent By Job
	2236  -  Total Bytes Received By Job
	Partitionable Resources :    Usage  Request Allocated 
	   Cpus                 :                 1           
	   Disk (KB)            :   953693        3   2996451 
	   Memory (MB)          :      163     2000      2000 
...
