000 (3282530.000.000) 10/09 00:32:35 Job submitted from host: <137.138.44.75:9618?addrs=137.138.44.75-9618+[2001-1458-d00-1a--b]-9618&alias=bigbird14.cern.ch&noUDP&sock=schedd_2873_37ae_40>
...
040 (3282530.000.000) 10/09 00:34:35 Started transferring input files
	Transferring to host: <188.184.186.254:9618?addrs=188.184.186.254-9618+[2001-1458-301-f8--100-f0]-9618&noUDP&sock=4208_aaa4_19375>
...
040 (3282530.000.000) 10/09 00:34:35 Finished transferring input files
...
001 (3282530.000.000) 10/09 00:34:36 Job executing on host: <188.184.186.254:9618?addrs=188.184.186.254-9618+[2001-1458-301-f8--100-f0]-9618&noUDP&sock=2377_00b5_3>
...
006 (3282530.000.000) 10/09 00:34:45 Image size of job updated: 207924
	149  -  MemoryUsage of job (MB)
	152140  -  ResidentSetSize of job (KB)
...
006 (3282530.000.000) 10/09 00:36:57 Image size of job updated: 265988
	153  -  MemoryUsage of job (MB)
	156236  -  ResidentSetSize of job (KB)
...
040 (3282530.000.000) 10/09 00:36:57 Started transferring output files
...
040 (3282530.000.000) 10/09 00:36:57 Finished transferring output files
...
005 (3282530.000.000) 10/09 00:36:57 Job terminated.
	(1) Normal termination (return value 0)
		Usr 0 00:01:45, Sys 0 00:00:08  -  Run Remote Usage
		Usr 0 00:00:00, Sys 0 00:00:00  -  Run Local Usage
		Usr 0 00:01:45, Sys 0 00:00:08  -  Total Remote Usage
		Usr 0 00:00:00, Sys 0 00:00:00  -  Total Local Usage
	97537  -  Run Bytes Sent By Job
	2236  -  Run Bytes Received By Job
	97537  -  Total Bytes Sent By Job
	2236  -  Total Bytes Received By Job
	Partitionable Resources :    Usage  Request Allocated 
	   Cpus                 :                 1           
	   Disk (KB)            :  1974282        3   2149530 
	   Memory (MB)          :      153     2000      2000 
...
