000 (3356057.000.000) 10/20 19:13:29 Job submitted from host: <137.138.44.75:9618?addrs=137.138.44.75-9618+[2001-1458-d00-1a--b]-9618&alias=bigbird14.cern.ch&noUDP&sock=schedd_2873_37ae_40>
...
040 (3356057.000.000) 10/20 19:19:51 Started transferring input files
	Transferring to host: <128.142.122.3:9618?addrs=128.142.122.3-9618+[2001-1458-301-b5--100-41f]-9618&noUDP&sock=3499_1ca7_19839>
...
040 (3356057.000.000) 10/20 19:19:51 Finished transferring input files
...
001 (3356057.000.000) 10/20 19:19:52 Job executing on host: <128.142.122.3:9618?addrs=128.142.122.3-9618+[2001-1458-301-b5--100-41f]-9618&noUDP&sock=1823_013d_3>
...
006 (3356057.000.000) 10/20 19:20:01 Image size of job updated: 27128
	12  -  MemoryUsage of job (MB)
	12120  -  ResidentSetSize of job (KB)
...
006 (3356057.000.000) 10/20 19:25:02 Image size of job updated: 203292
	152  -  MemoryUsage of job (MB)
	155072  -  ResidentSetSize of job (KB)
...
006 (3356057.000.000) 10/20 19:30:03 Image size of job updated: 308016
	256  -  MemoryUsage of job (MB)
	261244  -  ResidentSetSize of job (KB)
...
006 (3356057.000.000) 10/20 19:35:03 Image size of job updated: 308016
	256  -  MemoryUsage of job (MB)
	261368  -  ResidentSetSize of job (KB)
...
040 (3356057.000.000) 10/20 19:40:29 Started transferring output files
...
040 (3356057.000.000) 10/20 19:40:29 Finished transferring output files
...
005 (3356057.000.000) 10/20 19:40:29 Job terminated.
	(1) Normal termination (return value 0)
		Usr 0 00:15:21, Sys 0 00:00:46  -  Run Remote Usage
		Usr 0 00:00:00, Sys 0 00:00:00  -  Run Local Usage
		Usr 0 00:15:21, Sys 0 00:00:46  -  Total Remote Usage
		Usr 0 00:00:00, Sys 0 00:00:00  -  Total Local Usage
	127375  -  Run Bytes Sent By Job
	2190  -  Run Bytes Received By Job
	127375  -  Total Bytes Sent By Job
	2190  -  Total Bytes Received By Job
	Partitionable Resources :    Usage  Request Allocated 
	   Cpus                 :                 1           
	   Disk (KB)            : 14203770        3   2011125 
	   Memory (MB)          :      256     2000      2000 
...
