000 (3356048.000.000) 10/20 19:12:59 Job submitted from host: <137.138.44.75:9618?addrs=137.138.44.75-9618+[2001-1458-d00-1a--b]-9618&alias=bigbird14.cern.ch&noUDP&sock=schedd_2873_37ae_40>
...
040 (3356048.000.000) 10/20 19:19:51 Started transferring input files
	Transferring to host: <128.142.123.55:9618?addrs=128.142.123.55-9618+[2001-1458-301-b5--100-4a5]-9618&noUDP&sock=3546_3a49_17222>
...
040 (3356048.000.000) 10/20 19:19:51 Finished transferring input files
...
001 (3356048.000.000) 10/20 19:19:52 Job executing on host: <128.142.123.55:9618?addrs=128.142.123.55-9618+[2001-1458-301-b5--100-4a5]-9618&noUDP&sock=1828_6f36_3>
...
006 (3356048.000.000) 10/20 19:20:00 Image size of job updated: 24644
	11  -  MemoryUsage of job (MB)
	10868  -  ResidentSetSize of job (KB)
...
006 (3356048.000.000) 10/20 19:25:00 Image size of job updated: 312364
	270  -  MemoryUsage of job (MB)
	276480  -  ResidentSetSize of job (KB)
...
006 (3356048.000.000) 10/20 19:30:01 Image size of job updated: 312364
	271  -  MemoryUsage of job (MB)
	277236  -  ResidentSetSize of job (KB)
...
040 (3356048.000.000) 10/20 19:37:11 Started transferring output files
...
040 (3356048.000.000) 10/20 19:37:11 Finished transferring output files
...
005 (3356048.000.000) 10/20 19:37:11 Job terminated.
	(1) Normal termination (return value 0)
		Usr 0 00:13:10, Sys 0 00:00:43  -  Run Remote Usage
		Usr 0 00:00:00, Sys 0 00:00:00  -  Run Local Usage
		Usr 0 00:13:10, Sys 0 00:00:43  -  Total Remote Usage
		Usr 0 00:00:00, Sys 0 00:00:00  -  Total Local Usage
	127369  -  Run Bytes Sent By Job
	2190  -  Run Bytes Received By Job
	127369  -  Total Bytes Sent By Job
	2190  -  Total Bytes Received By Job
	Partitionable Resources :    Usage  Request Allocated 
	   Cpus                 :                 1           
	   Disk (KB)            : 13383018        3   1860606 
	   Memory (MB)          :      271     2000      2000 
...
