000 (3282776.000.000) 10/09 00:37:59 Job submitted from host: <137.138.44.75:9618?addrs=137.138.44.75-9618+[2001-1458-d00-1a--b]-9618&alias=bigbird14.cern.ch&noUDP&sock=schedd_2873_37ae_40>
...
040 (3282776.000.000) 10/09 00:38:21 Started transferring input files
	Transferring to host: <188.184.210.214:9618?addrs=188.184.210.214-9618+[2001-1458-301-10b--100-e2]-9618&noUDP&sock=20478_5a7a_136891>
...
040 (3282776.000.000) 10/09 00:38:21 Finished transferring input files
...
001 (3282776.000.000) 10/09 00:38:22 Job executing on host: <188.184.210.214:9618?addrs=188.184.210.214-9618+[2001-1458-301-10b--100-e2]-9618&noUDP&sock=20344_dece_3>
...
006 (3282776.000.000) 10/09 00:38:30 Image size of job updated: 250020
	163  -  MemoryUsage of job (MB)
	166304  -  ResidentSetSize of job (KB)
...
006 (3282776.000.000) 10/09 00:39:30 Image size of job updated: 257304
	163  -  MemoryUsage of job (MB)
	166304  -  ResidentSetSize of job (KB)
...
040 (3282776.000.000) 10/09 00:39:30 Started transferring output files
...
040 (3282776.000.000) 10/09 00:39:30 Finished transferring output files
...
005 (3282776.000.000) 10/09 00:39:30 Job terminated.
	(1) Normal termination (return value 0)
		Usr 0 00:00:50, Sys 0 00:00:06  -  Run Remote Usage
		Usr 0 00:00:00, Sys 0 00:00:00  -  Run Local Usage
		Usr 0 00:00:50, Sys 0 00:00:06  -  Total Remote Usage
		Usr 0 00:00:00, Sys 0 00:00:00  -  Total Local Usage
	93030  -  Run Bytes Sent By Job
	2236  -  Run Bytes Received By Job
	93030  -  Total Bytes Sent By Job
	2236  -  Total Bytes Received By Job
	Partitionable Resources :    Usage  Request Allocated 
	   Cpus                 :                 1           
	   Disk (KB)            :   935289        3   2672404 
	   Memory (MB)          :      163     2000      2000 
...
