000 (3282743.000.000) 10/09 00:37:27 Job submitted from host: <137.138.44.75:9618?addrs=137.138.44.75-9618+[2001-1458-d00-1a--b]-9618&alias=bigbird14.cern.ch&noUDP&sock=schedd_2873_37ae_40>
...
040 (3282743.000.000) 10/09 00:37:31 Started transferring input files
	Transferring to host: <188.184.186.225:9618?addrs=188.184.186.225-9618+[2001-1458-301-f8--100-10c]-9618&noUDP&sock=3822_b1d4_20371>
...
040 (3282743.000.000) 10/09 00:37:31 Finished transferring input files
...
001 (3282743.000.000) 10/09 00:37:32 Job executing on host: <188.184.186.225:9618?addrs=188.184.186.225-9618+[2001-1458-301-f8--100-10c]-9618&noUDP&sock=2428_fc09_3>
...
006 (3282743.000.000) 10/09 00:37:40 Image size of job updated: 249740
	163  -  MemoryUsage of job (MB)
	166024  -  ResidentSetSize of job (KB)
...
006 (3282743.000.000) 10/09 00:38:40 Image size of job updated: 255468
	163  -  MemoryUsage of job (MB)
	166104  -  ResidentSetSize of job (KB)
...
040 (3282743.000.000) 10/09 00:38:40 Started transferring output files
...
040 (3282743.000.000) 10/09 00:38:41 Finished transferring output files
...
005 (3282743.000.000) 10/09 00:38:41 Job terminated.
	(1) Normal termination (return value 0)
		Usr 0 00:00:46, Sys 0 00:00:04  -  Run Remote Usage
		Usr 0 00:00:00, Sys 0 00:00:00  -  Run Local Usage
		Usr 0 00:00:46, Sys 0 00:00:04  -  Total Remote Usage
		Usr 0 00:00:00, Sys 0 00:00:00  -  Total Local Usage
	92570  -  Run Bytes Sent By Job
	2236  -  Run Bytes Received By Job
	92570  -  Total Bytes Sent By Job
	2236  -  Total Bytes Received By Job
	Partitionable Resources :    Usage  Request Allocated 
	   Cpus                 :                 1           
	   Disk (KB)            :   830973        3   2175801 
	   Memory (MB)          :      163     2000      2000 
...
