000 (3282733.000.000) 10/09 00:37:19 Job submitted from host: <137.138.44.75:9618?addrs=137.138.44.75-9618+[2001-1458-d00-1a--b]-9618&alias=bigbird14.cern.ch&noUDP&sock=schedd_2873_37ae_40>
...
040 (3282733.000.000) 10/09 00:37:23 Started transferring input files
	Transferring to host: <188.184.143.59:9618?addrs=188.184.143.59-9618+[2001-1458-301-46--100-14c]-9618&noUDP&sock=4393_040c_19760>
...
040 (3282733.000.000) 10/09 00:37:23 Finished transferring input files
...
001 (3282733.000.000) 10/09 00:37:24 Job executing on host: <188.184.143.59:9618?addrs=188.184.143.59-9618+[2001-1458-301-46--100-14c]-9618&noUDP&sock=2404_85c3_3>
...
006 (3282733.000.000) 10/09 00:37:33 Image size of job updated: 249896
	163  -  MemoryUsage of job (MB)
	166184  -  ResidentSetSize of job (KB)
...
040 (3282733.000.000) 10/09 00:38:47 Started transferring output files
...
040 (3282733.000.000) 10/09 00:38:47 Finished transferring output files
...
005 (3282733.000.000) 10/09 00:38:47 Job terminated.
	(1) Normal termination (return value 0)
		Usr 0 00:01:05, Sys 0 00:00:05  -  Run Remote Usage
		Usr 0 00:00:00, Sys 0 00:00:00  -  Run Local Usage
		Usr 0 00:01:05, Sys 0 00:00:05  -  Total Remote Usage
		Usr 0 00:00:00, Sys 0 00:00:00  -  Total Local Usage
	93064  -  Run Bytes Sent By Job
	2236  -  Run Bytes Received By Job
	93064  -  Total Bytes Sent By Job
	2236  -  Total Bytes Received By Job
	Partitionable Resources :    Usage  Request Allocated 
	   Cpus                 :                 1           
	   Disk (KB)            :  1049862        3   2024702 
	   Memory (MB)          :      163     2000      2000 
...
