000 (3282574.000.000) 10/09 00:33:33 Job submitted from host: <137.138.44.75:9618?addrs=137.138.44.75-9618+[2001-1458-d00-1a--b]-9618&alias=bigbird14.cern.ch&noUDP&sock=schedd_2873_37ae_40>
...
040 (3282574.000.000) 10/09 00:34:44 Started transferring input files
	Transferring to host: <128.142.133.45:9618?addrs=128.142.133.45-9618+[2001-1458-301-32--100-14]-9618&noUDP&sock=4449_790e_20266>
...
040 (3282574.000.000) 10/09 00:34:44 Finished transferring input files
...
001 (3282574.000.000) 10/09 00:34:45 Job executing on host: <128.142.133.45:9618?addrs=128.142.133.45-9618+[2001-1458-301-32--100-14]-9618&noUDP&sock=2399_17ca_3>
...
006 (3282574.000.000) 10/09 00:34:53 Image size of job updated: 113236
	63  -  MemoryUsage of job (MB)
	64308  -  ResidentSetSize of job (KB)
...
006 (3282574.000.000) 10/09 00:38:16 Image size of job updated: 1017088
	64  -  MemoryUsage of job (MB)
	65152  -  ResidentSetSize of job (KB)
...
040 (3282574.000.000) 10/09 00:38:16 Started transferring output files
...
040 (3282574.000.000) 10/09 00:38:16 Finished transferring output files
...
005 (3282574.000.000) 10/09 00:38:16 Job terminated.
	(1) Normal termination (return value 0)
		Usr 0 00:02:28, Sys 0 00:00:10  -  Run Remote Usage
		Usr 0 00:00:00, Sys 0 00:00:00  -  Run Local Usage
		Usr 0 00:02:28, Sys 0 00:00:10  -  Total Remote Usage
		Usr 0 00:00:00, Sys 0 00:00:00  -  Total Local Usage
	98034  -  Run Bytes Sent By Job
	2236  -  Run Bytes Received By Job
	98034  -  Total Bytes Sent By Job
	2236  -  Total Bytes Received By Job
	Partitionable Resources :    Usage  Request Allocated 
	   Cpus                 :                 1           
	   Disk (KB)            :  2604079        3   1980065 
	   Memory (MB)          :       64     2000      2000 
...
