000 (3282568.000.000) 10/09 00:33:24 Job submitted from host: <137.138.44.75:9618?addrs=137.138.44.75-9618+[2001-1458-d00-1a--b]-9618&alias=bigbird14.cern.ch&noUDP&sock=schedd_2873_37ae_40>
...
040 (3282568.000.000) 10/09 00:34:42 Started transferring input files
	Transferring to host: <188.184.142.135:9618?addrs=188.184.142.135-9618+[2001-1458-301-46--100-54]-9618&noUDP&sock=4398_89ec_19905>
...
040 (3282568.000.000) 10/09 00:34:42 Finished transferring input files
...
001 (3282568.000.000) 10/09 00:34:43 Job executing on host: <188.184.142.135:9618?addrs=188.184.142.135-9618+[2001-1458-301-46--100-54]-9618&noUDP&sock=2405_355c_3>
...
006 (3282568.000.000) 10/09 00:34:52 Image size of job updated: 212672
	154  -  MemoryUsage of job (MB)
	156876  -  ResidentSetSize of job (KB)
...
006 (3282568.000.000) 10/09 00:37:44 Image size of job updated: 351916
	154  -  MemoryUsage of job (MB)
	156876  -  ResidentSetSize of job (KB)
...
040 (3282568.000.000) 10/09 00:37:44 Started transferring output files
...
040 (3282568.000.000) 10/09 00:37:44 Finished transferring output files
...
005 (3282568.000.000) 10/09 00:37:45 Job terminated.
	(1) Normal termination (return value 0)
		Usr 0 00:02:09, Sys 0 00:00:09  -  Run Remote Usage
		Usr 0 00:00:00, Sys 0 00:00:00  -  Run Local Usage
		Usr 0 00:02:09, Sys 0 00:00:09  -  Total Remote Usage
		Usr 0 00:00:00, Sys 0 00:00:00  -  Total Local Usage
	97949  -  Run Bytes Sent By Job
	2236  -  Run Bytes Received By Job
	97949  -  Total Bytes Sent By Job
	2236  -  Total Bytes Received By Job
	Partitionable Resources :    Usage  Request Allocated 
	   Cpus                 :                 1           
	   Disk (KB)            :  2649268        3   2148405 
	   Memory (MB)          :      154     2000      2000 
...
