000 (3282570.000.000) 10/09 00:33:27 Job submitted from host: <137.138.44.75:9618?addrs=137.138.44.75-9618+[2001-1458-d00-1a--b]-9618&alias=bigbird14.cern.ch&noUDP&sock=schedd_2873_37ae_40>
...
040 (3282570.000.000) 10/09 00:34:44 Started transferring input files
	Transferring to host: <137.138.51.129:9618?addrs=137.138.51.129-9618+[2001-1458-d00-25--44]-9618&noUDP&sock=27098_be07_140479>
...
040 (3282570.000.000) 10/09 00:34:44 Finished transferring input files
...
001 (3282570.000.000) 10/09 00:34:45 Job executing on host: <137.138.51.129:9618?addrs=137.138.51.129-9618+[2001-1458-d00-25--44]-9618&noUDP&sock=4578_b4a8_3>
...
006 (3282570.000.000) 10/09 00:34:53 Image size of job updated: 144356
	87  -  MemoryUsage of job (MB)
	88604  -  ResidentSetSize of job (KB)
...
006 (3282570.000.000) 10/09 00:37:57 Image size of job updated: 295628
	89  -  MemoryUsage of job (MB)
	90720  -  ResidentSetSize of job (KB)
...
040 (3282570.000.000) 10/09 00:37:57 Started transferring output files
...
040 (3282570.000.000) 10/09 00:37:57 Finished transferring output files
...
005 (3282570.000.000) 10/09 00:37:57 Job terminated.
	(1) Normal termination (return value 0)
		Usr 0 00:02:20, Sys 0 00:00:11  -  Run Remote Usage
		Usr 0 00:00:00, Sys 0 00:00:00  -  Run Local Usage
		Usr 0 00:02:20, Sys 0 00:00:11  -  Total Remote Usage
		Usr 0 00:00:00, Sys 0 00:00:00  -  Total Local Usage
	98023  -  Run Bytes Sent By Job
	2236  -  Run Bytes Received By Job
	98023  -  Total Bytes Sent By Job
	2236  -  Total Bytes Received By Job
	Partitionable Resources :    Usage  Request Allocated 
	   Cpus                 :                 1           
	   Disk (KB)            :  2851031        3   1919371 
	   Memory (MB)          :       89     2000      2000 
...
