000 (3283356.000.000) 10/09 00:50:02 Job submitted from host: <137.138.44.75:9618?addrs=137.138.44.75-9618+[2001-1458-d00-1a--b]-9618&alias=bigbird14.cern.ch&noUDP&sock=schedd_2873_37ae_40>
...
040 (3283356.000.000) 10/09 00:53:38 Started transferring input files
	Transferring to host: <128.142.100.52:9618?addrs=128.142.100.52-9618+[2001-1458-301-89--100-1b]-9618&noUDP&sock=2366_cf99_30504>
...
040 (3283356.000.000) 10/09 00:53:38 Finished transferring input files
...
001 (3283356.000.000) 10/09 00:53:39 Job executing on host: <128.142.100.52:9618?addrs=128.142.100.52-9618+[2001-1458-301-89--100-1b]-9618&noUDP&sock=1831_7dff_3>
...
006 (3283356.000.000) 10/09 00:53:48 Image size of job updated: 84552
	67  -  MemoryUsage of job (MB)
	68320  -  ResidentSetSize of job (KB)
...
006 (3283356.000.000) 10/09 00:58:49 Image size of job updated: 190332
	154  -  MemoryUsage of job (MB)
	157636  -  ResidentSetSize of job (KB)
...
040 (3283356.000.000) 10/09 01:00:41 Started transferring output files
...
040 (3283356.000.000) 10/09 01:00:41 Finished transferring output files
...
005 (3283356.000.000) 10/09 01:00:41 Job terminated.
	(1) Normal termination (return value 0)
		Usr 0 00:05:20, Sys 0 00:00:16  -  Run Remote Usage
		Usr 0 00:00:00, Sys 0 00:00:00  -  Run Local Usage
		Usr 0 00:05:20, Sys 0 00:00:16  -  Total Remote Usage
		Usr 0 00:00:00, Sys 0 00:00:00  -  Total Local Usage
	104022  -  Run Bytes Sent By Job
	2232  -  Run Bytes Received By Job
	104022  -  Total Bytes Sent By Job
	2232  -  Total Bytes Received By Job
	Partitionable Resources :    Usage  Request Allocated 
	   Cpus                 :                 1           
	   Disk (KB)            :  4728838        3   2153722 
	   Memory (MB)          :      154     2000      2000 
...
