000 (3356064.000.000) 10/20 19:13:39 Job submitted from host: <137.138.44.75:9618?addrs=137.138.44.75-9618+[2001-1458-d00-1a--b]-9618&alias=bigbird14.cern.ch&noUDP&sock=schedd_2873_37ae_40>
...
040 (3356064.000.000) 10/20 19:14:03 Started transferring input files
	Transferring to host: <128.142.121.206:9618?addrs=128.142.121.206-9618+[2001-1458-301-b5--100-31d]-9618&noUDP&sock=3552_748a_17457>
...
040 (3356064.000.000) 10/20 19:14:03 Finished transferring input files
...
001 (3356064.000.000) 10/20 19:14:04 Job executing on host: <128.142.121.206:9618?addrs=128.142.121.206-9618+[2001-1458-301-b5--100-31d]-9618&noUDP&sock=1822_51a5_3>
...
006 (3356064.000.000) 10/20 19:14:13 Image size of job updated: 91652
	60  -  MemoryUsage of job (MB)
	61176  -  ResidentSetSize of job (KB)
...
006 (3356064.000.000) 10/20 19:19:14 Image size of job updated: 180732
	161  -  MemoryUsage of job (MB)
	164464  -  ResidentSetSize of job (KB)
...
006 (3356064.000.000) 10/20 19:29:15 Image size of job updated: 188292
	161  -  MemoryUsage of job (MB)
	164464  -  ResidentSetSize of job (KB)
...
006 (3356064.000.000) 10/20 19:34:16 Image size of job updated: 195212
	161  -  MemoryUsage of job (MB)
	164464  -  ResidentSetSize of job (KB)
...
006 (3356064.000.000) 10/20 19:39:16 Image size of job updated: 309784
	218  -  MemoryUsage of job (MB)
	222768  -  ResidentSetSize of job (KB)
...
006 (3356064.000.000) 10/20 19:44:17 Image size of job updated: 309784
	219  -  MemoryUsage of job (MB)
	224148  -  ResidentSetSize of job (KB)
...
040 (3356064.000.000) 10/20 20:02:36 Started transferring output files
...
040 (3356064.000.000) 10/20 20:02:36 Finished transferring output files
...
005 (3356064.000.000) 10/20 20:02:36 Job terminated.
	(1) Normal termination (return value 0)
		Usr 0 00:37:53, Sys 0 00:01:38  -  Run Remote Usage
		Usr 0 00:00:00, Sys 0 00:00:00  -  Run Local Usage
		Usr 0 00:37:53, Sys 0 00:01:38  -  Total Remote Usage
		Usr 0 00:00:00, Sys 0 00:00:00  -  Total Local Usage
	172639  -  Run Bytes Sent By Job
	2190  -  Run Bytes Received By Job
	172639  -  Total Bytes Sent By Job
	2190  -  Total Bytes Received By Job
	Partitionable Resources :    Usage  Request Allocated 
	   Cpus                 :                 1           
	   Disk (KB)            : 36470097        3   2081017 
	   Memory (MB)          :      219     2000      2000 
...
