000 (3283410.000.000) 10/09 00:50:51 Job submitted from host: <137.138.44.75:9618?addrs=137.138.44.75-9618+[2001-1458-d00-1a--b]-9618&alias=bigbird14.cern.ch&noUDP&sock=schedd_2873_37ae_40>
...
040 (3283410.000.000) 10/09 01:01:37 Started transferring input files
	Transferring to host: <128.142.119.179:9618?addrs=128.142.119.179-9618+[2001-1458-301-ae--100-4b8]-9618&noUDP&sock=3634_3b4d_8724>
...
040 (3283410.000.000) 10/09 01:01:37 Finished transferring input files
...
001 (3283410.000.000) 10/09 01:01:38 Job executing on host: <128.142.119.179:9618?addrs=128.142.119.179-9618+[2001-1458-301-ae--100-4b8]-9618&noUDP&sock=1816_3413_3>
...
006 (3283410.000.000) 10/09 01:01:47 Image size of job updated: 242808
	156  -  MemoryUsage of job (MB)
	159084  -  ResidentSetSize of job (KB)
...
006 (3283410.000.000) 10/09 01:06:48 Image size of job updated: 256516
	164  -  MemoryUsage of job (MB)
	166980  -  ResidentSetSize of job (KB)
...
006 (3283410.000.000) 10/09 01:11:49 Image size of job updated: 256516
	164  -  MemoryUsage of job (MB)
	166984  -  ResidentSetSize of job (KB)
...
040 (3283410.000.000) 10/09 01:13:16 Entered queue to transfer output files
...
040 (3283410.000.000) 10/09 01:22:33 Started transferring output files
...
040 (3283410.000.000) 10/09 01:22:34 Finished transferring output files
...
005 (3283410.000.000) 10/09 01:22:35 Job terminated.
	(1) Normal termination (return value 0)
		Usr 0 00:08:49, Sys 0 00:00:32  -  Run Remote Usage
		Usr 0 00:00:00, Sys 0 00:00:00  -  Run Local Usage
		Usr 0 00:08:49, Sys 0 00:00:32  -  Total Remote Usage
		Usr 0 00:00:00, Sys 0 00:00:00  -  Total Local Usage
	130649  -  Run Bytes Sent By Job
	2232  -  Run Bytes Received By Job
	130649  -  Total Bytes Sent By Job
	2232  -  Total Bytes Received By Job
	Partitionable Resources :    Usage  Request Allocated 
	   Cpus                 :                 1           
	   Disk (KB)            : 11145021        3   2087264 
	   Memory (MB)          :      164     2000      2000 
...
