000 (3282913.000.000) 10/09 00:40:28 Job submitted from host: <137.138.44.75:9618?addrs=137.138.44.75-9618+[2001-1458-d00-1a--b]-9618&alias=bigbird14.cern.ch&noUDP&sock=schedd_2873_37ae_40>
...
040 (3282913.000.000) 10/09 00:43:49 Started transferring input files
	Transferring to host: <188.184.133.96:9618?addrs=188.184.133.96-9618+[2001-1458-301-a0--100-167]-9618&noUDP&sock=4274_2b67_19677>
...
040 (3282913.000.000) 10/09 00:43:49 Finished transferring input files
...
001 (3282913.000.000) 10/09 00:43:50 Job executing on host: <188.184.133.96:9618?addrs=188.184.133.96-9618+[2001-1458-301-a0--100-167]-9618&noUDP&sock=2387_dca7_3>
...
006 (3282913.000.000) 10/09 00:43:59 Image size of job updated: 129952
	75  -  MemoryUsage of job (MB)
	75992  -  ResidentSetSize of job (KB)
...
006 (3282913.000.000) 10/09 00:44:54 Image size of job updated: 129952
	75  -  MemoryUsage of job (MB)
	76228  -  ResidentSetSize of job (KB)
...
040 (3282913.000.000) 10/09 00:44:54 Started transferring output files
...
040 (3282913.000.000) 10/09 00:44:54 Finished transferring output files
...
004 (3282913.000.000) 10/09 00:44:54 Job was evicted.
	(0) CPU times
		Usr 0 00:00:46, Sys 0 00:00:04  -  Run Remote Usage
		Usr 0 00:00:00, Sys 0 00:00:00  -  Run Local Usage
	89832  -  Run Bytes Sent By Job
	2236  -  Run Bytes Received By Job
	Partitionable Resources :    Usage  Request Allocated 
	   Cpus                 :                 1           
	   Disk (KB)            :  1087818        3   1879516 
	   Memory (MB)          :       75     2000      2000 
...
009 (3282913.000.000) 10/09 00:44:54 Job was aborted by the user.
	via condor_rm (by user gkaratha)
...
