000 (3283408.000.000) 10/09 00:50:49 Job submitted from host: <137.138.44.75:9618?addrs=137.138.44.75-9618+[2001-1458-d00-1a--b]-9618&alias=bigbird14.cern.ch&noUDP&sock=schedd_2873_37ae_40>
...
040 (3283408.000.000) 10/09 00:57:21 Started transferring input files
	Transferring to host: <188.184.210.101:9618?addrs=188.184.210.101-9618+[2001-1458-301-10b--100-51]-9618&noUDP&sock=7541_110c_118871>
...
040 (3283408.000.000) 10/09 00:57:21 Finished transferring input files
...
001 (3283408.000.000) 10/09 00:57:22 Job executing on host: <188.184.210.101:9618?addrs=188.184.210.101-9618+[2001-1458-301-10b--100-51]-9618&noUDP&sock=5695_dff2_3>
...
006 (3283408.000.000) 10/09 00:57:30 Image size of job updated: 174920
	158  -  MemoryUsage of job (MB)
	161420  -  ResidentSetSize of job (KB)
...
006 (3283408.000.000) 10/09 01:02:30 Image size of job updated: 194544
	179  -  MemoryUsage of job (MB)
	182976  -  ResidentSetSize of job (KB)
...
040 (3283408.000.000) 10/09 01:11:06 Entered queue to transfer output files
...
040 (3283408.000.000) 10/09 01:12:57 Started transferring output files
...
040 (3283408.000.000) 10/09 01:12:57 Finished transferring output files
...
005 (3283408.000.000) 10/09 01:12:59 Job terminated.
	(1) Normal termination (return value 0)
		Usr 0 00:10:14, Sys 0 00:00:41  -  Run Remote Usage
		Usr 0 00:00:00, Sys 0 00:00:00  -  Run Local Usage
		Usr 0 00:10:14, Sys 0 00:00:41  -  Total Remote Usage
		Usr 0 00:00:00, Sys 0 00:00:00  -  Total Local Usage
	131125  -  Run Bytes Sent By Job
	2232  -  Run Bytes Received By Job
	131125  -  Total Bytes Sent By Job
	2232  -  Total Bytes Received By Job
	Partitionable Resources :    Usage  Request Allocated 
	   Cpus                 :                 1           
	   Disk (KB)            : 11219065        3   2902290 
	   Memory (MB)          :      179     2000      2000 
...
