000 (3282548.000.000) 10/09 00:33:00 Job submitted from host: <137.138.44.75:9618?addrs=137.138.44.75-9618+[2001-1458-d00-1a--b]-9618&alias=bigbird14.cern.ch&noUDP&sock=schedd_2873_37ae_40>
...
040 (3282548.000.000) 10/09 00:34:39 Started transferring input files
	Transferring to host: <188.184.133.55:9618?addrs=188.184.133.55-9618+[2001-1458-301-a0--100-13d]-9618&noUDP&sock=4192_64a4_19758>
...
040 (3282548.000.000) 10/09 00:34:39 Finished transferring input files
...
001 (3282548.000.000) 10/09 00:34:40 Job executing on host: <188.184.133.55:9618?addrs=188.184.133.55-9618+[2001-1458-301-a0--100-13d]-9618&noUDP&sock=2323_f698_3>
...
006 (3282548.000.000) 10/09 00:34:49 Image size of job updated: 165488
	98  -  MemoryUsage of job (MB)
	99720  -  ResidentSetSize of job (KB)
...
006 (3282548.000.000) 10/09 00:38:15 Image size of job updated: 259736
	98  -  MemoryUsage of job (MB)
	100324  -  ResidentSetSize of job (KB)
...
040 (3282548.000.000) 10/09 00:38:15 Started transferring output files
...
040 (3282548.000.000) 10/09 00:38:15 Finished transferring output files
...
005 (3282548.000.000) 10/09 00:38:15 Job terminated.
	(1) Normal termination (return value 0)
		Usr 0 00:02:51, Sys 0 00:00:11  -  Run Remote Usage
		Usr 0 00:00:00, Sys 0 00:00:00  -  Run Local Usage
		Usr 0 00:02:51, Sys 0 00:00:11  -  Total Remote Usage
		Usr 0 00:00:00, Sys 0 00:00:00  -  Total Local Usage
	97559  -  Run Bytes Sent By Job
	2236  -  Run Bytes Received By Job
	97559  -  Total Bytes Sent By Job
	2236  -  Total Bytes Received By Job
	Partitionable Resources :    Usage  Request Allocated 
	   Cpus                 :                 1           
	   Disk (KB)            :  2494313        3   2012193 
	   Memory (MB)          :       98     2000      2000 
...
