000 (3282628.000.000) 10/09 00:34:47 Job submitted from host: <137.138.44.75:9618?addrs=137.138.44.75-9618+[2001-1458-d00-1a--b]-9618&alias=bigbird14.cern.ch&noUDP&sock=schedd_2873_37ae_40>
...
040 (3282628.000.000) 10/09 00:37:06 Started transferring input files
	Transferring to host: <188.184.139.123:9618?addrs=188.184.139.123-9618+[2001-1458-301-45--100-192]-9618&noUDP&sock=31955_f02d_135945>
...
040 (3282628.000.000) 10/09 00:37:06 Finished transferring input files
...
001 (3282628.000.000) 10/09 00:37:07 Job executing on host: <188.184.139.123:9618?addrs=188.184.139.123-9618+[2001-1458-301-45--100-192]-9618&noUDP&sock=5601_660a_3>
...
006 (3282628.000.000) 10/09 00:37:16 Image size of job updated: 154684
	97  -  MemoryUsage of job (MB)
	98908  -  ResidentSetSize of job (KB)
...
006 (3282628.000.000) 10/09 00:39:44 Image size of job updated: 264136
	99  -  MemoryUsage of job (MB)
	100956  -  ResidentSetSize of job (KB)
...
040 (3282628.000.000) 10/09 00:39:44 Started transferring output files
...
040 (3282628.000.000) 10/09 00:39:44 Finished transferring output files
...
005 (3282628.000.000) 10/09 00:39:44 Job terminated.
	(1) Normal termination (return value 0)
		Usr 0 00:01:59, Sys 0 00:00:09  -  Run Remote Usage
		Usr 0 00:00:00, Sys 0 00:00:00  -  Run Local Usage
		Usr 0 00:01:59, Sys 0 00:00:09  -  Total Remote Usage
		Usr 0 00:00:00, Sys 0 00:00:00  -  Total Local Usage
	97999  -  Run Bytes Sent By Job
	2236  -  Run Bytes Received By Job
	97999  -  Total Bytes Sent By Job
	2236  -  Total Bytes Received By Job
	Partitionable Resources :    Usage  Request Allocated 
	   Cpus                 :                 1           
	   Disk (KB)            :  2356113        3   2893479 
	   Memory (MB)          :       99     2000      2000 
...
