000 (3283569.000.000) 10/09 00:53:41 Job submitted from host: <137.138.44.75:9618?addrs=137.138.44.75-9618+[2001-1458-d00-1a--b]-9618&alias=bigbird14.cern.ch&noUDP&sock=schedd_2873_37ae_40>
...
040 (3283569.000.000) 10/09 01:04:44 Started transferring input files
	Transferring to host: <128.142.115.66:9618?addrs=128.142.115.66-9618+[2001-1458-301-90--100-4aa]-9618&noUDP&sock=14106_b3f7_19466>
...
040 (3283569.000.000) 10/09 01:04:44 Finished transferring input files
...
001 (3283569.000.000) 10/09 01:04:46 Job executing on host: <128.142.115.66:9618?addrs=128.142.115.66-9618+[2001-1458-301-90--100-4aa]-9618&noUDP&sock=13973_e4ed_3>
...
006 (3283569.000.000) 10/09 01:04:54 Image size of job updated: 218372
	159  -  MemoryUsage of job (MB)
	162600  -  ResidentSetSize of job (KB)
...
006 (3283569.000.000) 10/09 01:09:54 Image size of job updated: 218372
	161  -  MemoryUsage of job (MB)
	164820  -  ResidentSetSize of job (KB)
...
007 (3283569.000.000) 10/09 01:25:16 Shadow exception!
	Assertion ERROR on (result)
	0  -  Run Bytes Sent By Job
	2236  -  Run Bytes Received By Job
...
040 (3283569.000.000) 10/09 01:52:55 Entered queue to transfer input files
	Transferring to host: <128.142.113.134:9618?addrs=128.142.113.134-9618+[2001-1458-301-90--100-252]-9618&noUDP&sock=14141_5d18_23637>
...
040 (3283569.000.000) 10/09 01:53:03 Started transferring input files
	Seconds spent in queue: 8
...
001 (3283569.000.000) 10/09 01:53:06 Job executing on host: <128.142.113.134:9618?addrs=128.142.113.134-9618+[2001-1458-301-90--100-252]-9618&noUDP&sock=14008_e6be_3>
...
040 (3283569.000.000) 10/09 01:53:06 Finished transferring input files
...
006 (3283569.000.000) 10/09 01:58:15 Image size of job updated: 356792
	266  -  MemoryUsage of job (MB)
	271600  -  ResidentSetSize of job (KB)
...
006 (3283569.000.000) 10/09 02:03:15 Image size of job updated: 356792
	267  -  MemoryUsage of job (MB)
	272796  -  ResidentSetSize of job (KB)
...
040 (3283569.000.000) 10/09 02:08:01 Started transferring output files
	Seconds spent in queue: 906
...
040 (3283569.000.000) 10/09 02:08:03 Finished transferring output files
...
005 (3283569.000.000) 10/09 02:08:04 Job terminated.
	(1) Normal termination (return value 0)
		Usr 0 00:10:04, Sys 0 00:00:54  -  Run Remote Usage
		Usr 0 00:00:00, Sys 0 00:00:00  -  Run Local Usage
		Usr 0 00:10:04, Sys 0 00:00:54  -  Total Remote Usage
		Usr 0 00:00:00, Sys 0 00:00:00  -  Total Local Usage
	130899  -  Run Bytes Sent By Job
	2236  -  Run Bytes Received By Job
	130899  -  Total Bytes Sent By Job
	4472  -  Total Bytes Received By Job
	Partitionable Resources :    Usage  Request Allocated 
	   Cpus                 :                 1           
	   Disk (KB)            : 13912562  7500000   8467140 
	   Memory (MB)          :      267     2000      2000 
...
