000 (3283586.000.000) 10/09 00:53:59 Job submitted from host: <137.138.44.75:9618?addrs=137.138.44.75-9618+[2001-1458-d00-1a--b]-9618&alias=bigbird14.cern.ch&noUDP&sock=schedd_2873_37ae_40>
...
040 (3283586.000.000) 10/09 01:05:16 Started transferring input files
	Transferring to host: <188.184.211.134:9618?addrs=188.184.211.134-9618+[2001-1458-301-10b--100-172]-9618&noUDP&sock=20495_54da_136096>
...
040 (3283586.000.000) 10/09 01:05:16 Finished transferring input files
...
001 (3283586.000.000) 10/09 01:05:17 Job executing on host: <188.184.211.134:9618?addrs=188.184.211.134-9618+[2001-1458-301-10b--100-172]-9618&noUDP&sock=20361_87ea_3>
...
006 (3283586.000.000) 10/09 01:05:26 Image size of job updated: 248128
	163  -  MemoryUsage of job (MB)
	166740  -  ResidentSetSize of job (KB)
...
006 (3283586.000.000) 10/09 01:10:27 Image size of job updated: 248128
	180  -  MemoryUsage of job (MB)
	183908  -  ResidentSetSize of job (KB)
...
006 (3283586.000.000) 10/09 01:13:29 Image size of job updated: 271284
	180  -  MemoryUsage of job (MB)
	183908  -  ResidentSetSize of job (KB)
...
040 (3283586.000.000) 10/09 01:13:34 Entered queue to transfer output files
...
040 (3283586.000.000) 10/09 01:22:34 Started transferring output files
...
040 (3283586.000.000) 10/09 01:22:34 Finished transferring output files
...
005 (3283586.000.000) 10/09 01:22:35 Job terminated.
	(1) Normal termination (return value 0)
		Usr 0 00:05:46, Sys 0 00:00:24  -  Run Remote Usage
		Usr 0 00:00:00, Sys 0 00:00:00  -  Run Local Usage
		Usr 0 00:05:46, Sys 0 00:00:24  -  Total Remote Usage
		Usr 0 00:00:00, Sys 0 00:00:00  -  Total Local Usage
	108699  -  Run Bytes Sent By Job
	2232  -  Run Bytes Received By Job
	108699  -  Total Bytes Sent By Job
	2232  -  Total Bytes Received By Job
	Partitionable Resources :    Usage  Request Allocated 
	   Cpus                 :                 1           
	   Disk (KB)            :  7870735        3   2943962 
	   Memory (MB)          :      180     2000      2000 
...
