000 (3282847.000.000) 10/09 00:39:15 Job submitted from host: <137.138.44.75:9618?addrs=137.138.44.75-9618+[2001-1458-d00-1a--b]-9618&alias=bigbird14.cern.ch&noUDP&sock=schedd_2873_37ae_40>
...
040 (3282847.000.000) 10/09 00:39:20 Started transferring input files
	Transferring to host: <188.184.196.50:9618?addrs=188.184.196.50-9618+[2001-1458-301-102--100-1b]-9618&noUDP&sock=20414_4277_135137>
...
040 (3282847.000.000) 10/09 00:39:20 Finished transferring input files
...
001 (3282847.000.000) 10/09 00:39:21 Job executing on host: <188.184.196.50:9618?addrs=188.184.196.50-9618+[2001-1458-301-102--100-1b]-9618&noUDP&sock=20283_0787_3>
...
006 (3282847.000.000) 10/09 00:39:30 Image size of job updated: 250012
	163  -  MemoryUsage of job (MB)
	166300  -  ResidentSetSize of job (KB)
...
006 (3282847.000.000) 10/09 00:40:13 Image size of job updated: 262800
	163  -  MemoryUsage of job (MB)
	166300  -  ResidentSetSize of job (KB)
...
040 (3282847.000.000) 10/09 00:40:14 Started transferring output files
...
040 (3282847.000.000) 10/09 00:40:15 Finished transferring output files
...
005 (3282847.000.000) 10/09 00:40:17 Job terminated.
	(1) Normal termination (return value 0)
		Usr 0 00:00:38, Sys 0 00:00:03  -  Run Remote Usage
		Usr 0 00:00:00, Sys 0 00:00:00  -  Run Local Usage
		Usr 0 00:00:38, Sys 0 00:00:03  -  Total Remote Usage
		Usr 0 00:00:00, Sys 0 00:00:00  -  Total Local Usage
	93059  -  Run Bytes Sent By Job
	2236  -  Run Bytes Received By Job
	93059  -  Total Bytes Sent By Job
	2236  -  Total Bytes Received By Job
	Partitionable Resources :    Usage  Request Allocated 
	   Cpus                 :                 1           
	   Disk (KB)            :   737525        3   3061522 
	   Memory (MB)          :      163     2000      2000 
...
