000 (3356009.000.000) 10/20 19:12:05 Job submitted from host: <137.138.44.75:9618?addrs=137.138.44.75-9618+[2001-1458-d00-1a--b]-9618&alias=bigbird14.cern.ch&noUDP&sock=schedd_2873_37ae_40>
...
040 (3356009.000.000) 10/20 19:13:58 Started transferring input files
	Transferring to host: <128.142.149.39:9618?addrs=128.142.149.39-9618+[2001-1458-301-b--100-1f]-9618&noUDP&sock=5158_070b_25827>
...
040 (3356009.000.000) 10/20 19:13:58 Finished transferring input files
...
001 (3356009.000.000) 10/20 19:13:59 Job executing on host: <128.142.149.39:9618?addrs=128.142.149.39-9618+[2001-1458-301-b--100-1f]-9618&noUDP&sock=3282_c1ea_3>
...
006 (3356009.000.000) 10/20 19:14:07 Image size of job updated: 207728
	149  -  MemoryUsage of job (MB)
	152192  -  ResidentSetSize of job (KB)
...
006 (3356009.000.000) 10/20 19:19:07 Image size of job updated: 207728
	160  -  MemoryUsage of job (MB)
	163076  -  ResidentSetSize of job (KB)
...
006 (3356009.000.000) 10/20 19:29:09 Image size of job updated: 222596
	172  -  MemoryUsage of job (MB)
	175252  -  ResidentSetSize of job (KB)
...
006 (3356009.000.000) 10/20 19:46:08 Image size of job updated: 384480
	172  -  MemoryUsage of job (MB)
	175252  -  ResidentSetSize of job (KB)
...
040 (3356009.000.000) 10/20 19:46:08 Started transferring output files
...
040 (3356009.000.000) 10/20 19:46:08 Finished transferring output files
...
005 (3356009.000.000) 10/20 19:46:09 Job terminated.
	(1) Normal termination (return value 0)
		Usr 0 00:24:50, Sys 0 00:01:36  -  Run Remote Usage
		Usr 0 00:00:00, Sys 0 00:00:00  -  Run Local Usage
		Usr 0 00:24:50, Sys 0 00:01:36  -  Total Remote Usage
		Usr 0 00:00:00, Sys 0 00:00:00  -  Total Local Usage
	172065  -  Run Bytes Sent By Job
	2190  -  Run Bytes Received By Job
	172065  -  Total Bytes Sent By Job
	2190  -  Total Bytes Received By Job
	Partitionable Resources :    Usage  Request Allocated 
	   Cpus                 :                 1           
	   Disk (KB)            : 33526381        3   2835833 
	   Memory (MB)          :      172     2000      2000 
...
