000 (3283539.000.000) 10/09 00:53:11 Job submitted from host: <137.138.44.75:9618?addrs=137.138.44.75-9618+[2001-1458-d00-1a--b]-9618&alias=bigbird14.cern.ch&noUDP&sock=schedd_2873_37ae_40>
...
040 (3283539.000.000) 10/09 01:01:41 Started transferring input files
	Transferring to host: <188.185.221.17:9618?addrs=188.185.221.17-9618+[2001-1459-301-a4--100-b]-9618&noUDP&sock=16500_7e18_61851>
...
040 (3283539.000.000) 10/09 01:01:41 Finished transferring input files
...
001 (3283539.000.000) 10/09 01:01:42 Job executing on host: <188.185.221.17:9618?addrs=188.185.221.17-9618+[2001-1459-301-a4--100-b]-9618&noUDP&sock=16367_faa8_3>
...
006 (3283539.000.000) 10/09 01:01:50 Image size of job updated: 72
	1  -  MemoryUsage of job (MB)
	72  -  ResidentSetSize of job (KB)
...
006 (3283539.000.000) 10/09 01:06:50 Image size of job updated: 7892
	6  -  MemoryUsage of job (MB)
	5268  -  ResidentSetSize of job (KB)
...
006 (3283539.000.000) 10/09 01:11:52 Image size of job updated: 44976
	28  -  MemoryUsage of job (MB)
	28136  -  ResidentSetSize of job (KB)
...
006 (3283539.000.000) 10/09 01:20:37 Image size of job updated: 129612
	74  -  MemoryUsage of job (MB)
	75620  -  ResidentSetSize of job (KB)
...
006 (3283539.000.000) 10/09 01:31:54 Image size of job updated: 326136
	286  -  MemoryUsage of job (MB)
	292088  -  ResidentSetSize of job (KB)
...
040 (3283539.000.000) 10/09 02:07:49 Started transferring output files
...
040 (3283539.000.000) 10/09 02:07:49 Finished transferring output files
...
005 (3283539.000.000) 10/09 02:07:49 Job terminated.
	(1) Normal termination (return value 0)
		Usr 0 00:12:31, Sys 0 00:00:59  -  Run Remote Usage
		Usr 0 00:00:00, Sys 0 00:00:00  -  Run Local Usage
		Usr 0 00:12:31, Sys 0 00:00:59  -  Total Remote Usage
		Usr 0 00:00:00, Sys 0 00:00:00  -  Total Local Usage
	130658  -  Run Bytes Sent By Job
	2232  -  Run Bytes Received By Job
	130658  -  Total Bytes Sent By Job
	2232  -  Total Bytes Received By Job
	Partitionable Resources :    Usage  Request Allocated 
	   Cpus                 :                 1           
	   Disk (KB)            : 14763093        3   2081080 
	   Memory (MB)          :      286     2000      2000 
...
