000 (3282598.000.000) 10/09 00:34:04 Job submitted from host: <137.138.44.75:9618?addrs=137.138.44.75-9618+[2001-1458-d00-1a--b]-9618&alias=bigbird14.cern.ch&noUDP&sock=schedd_2873_37ae_40>
...
040 (3282598.000.000) 10/09 00:35:17 Started transferring input files
	Transferring to host: <188.184.132.46:9618?addrs=188.184.132.46-9618+[2001-1458-301-a0--100-1e]-9618&noUDP&sock=4195_81c4_20573>
...
040 (3282598.000.000) 10/09 00:35:17 Finished transferring input files
...
001 (3282598.000.000) 10/09 00:35:18 Job executing on host: <188.184.132.46:9618?addrs=188.184.132.46-9618+[2001-1458-301-a0--100-1e]-9618&noUDP&sock=2335_31ba_3>
...
006 (3282598.000.000) 10/09 00:35:27 Image size of job updated: 247152
	163  -  MemoryUsage of job (MB)
	166580  -  ResidentSetSize of job (KB)
...
006 (3282598.000.000) 10/09 00:37:42 Image size of job updated: 247152
	163  -  MemoryUsage of job (MB)
	166704  -  ResidentSetSize of job (KB)
...
040 (3282598.000.000) 10/09 00:37:42 Started transferring output files
...
040 (3282598.000.000) 10/09 00:37:42 Finished transferring output files
...
005 (3282598.000.000) 10/09 00:37:43 Job terminated.
	(1) Normal termination (return value 0)
		Usr 0 00:01:53, Sys 0 00:00:07  -  Run Remote Usage
		Usr 0 00:00:00, Sys 0 00:00:00  -  Run Local Usage
		Usr 0 00:01:53, Sys 0 00:00:07  -  Total Remote Usage
		Usr 0 00:00:00, Sys 0 00:00:00  -  Total Local Usage
	97558  -  Run Bytes Sent By Job
	2236  -  Run Bytes Received By Job
	97558  -  Total Bytes Sent By Job
	2236  -  Total Bytes Received By Job
	Partitionable Resources :    Usage  Request Allocated 
	   Cpus                 :                 1           
	   Disk (KB)            :  2165863        3   2106132 
	   Memory (MB)          :      163     2000      2000 
...
