000 (3283414.000.000) 10/09 00:50:55 Job submitted from host: <137.138.44.75:9618?addrs=137.138.44.75-9618+[2001-1458-d00-1a--b]-9618&alias=bigbird14.cern.ch&noUDP&sock=schedd_2873_37ae_40>
...
040 (3283414.000.000) 10/09 01:01:37 Started transferring input files
	Transferring to host: <128.142.101.208:9618?addrs=128.142.101.208-9618+[2001-1458-301-89--100-1f1]-9618&noUDP&sock=3652_ea0e_31462>
...
040 (3283414.000.000) 10/09 01:01:37 Finished transferring input files
...
001 (3283414.000.000) 10/09 01:01:38 Job executing on host: <128.142.101.208:9618?addrs=128.142.101.208-9618+[2001-1458-301-89--100-1f1]-9618&noUDP&sock=1830_ce67_3>
...
006 (3283414.000.000) 10/09 01:01:47 Image size of job updated: 210036
	151  -  MemoryUsage of job (MB)
	154240  -  ResidentSetSize of job (KB)
...
006 (3283414.000.000) 10/09 01:06:48 Image size of job updated: 227560
	181  -  MemoryUsage of job (MB)
	184380  -  ResidentSetSize of job (KB)
...
006 (3283414.000.000) 10/09 01:11:49 Image size of job updated: 260692
	207  -  MemoryUsage of job (MB)
	211704  -  ResidentSetSize of job (KB)
...
006 (3283414.000.000) 10/09 01:18:33 Image size of job updated: 334328
	215  -  MemoryUsage of job (MB)
	219668  -  ResidentSetSize of job (KB)
...
040 (3283414.000.000) 10/09 01:22:50 Started transferring output files
...
040 (3283414.000.000) 10/09 01:22:50 Finished transferring output files
...
005 (3283414.000.000) 10/09 01:22:50 Job terminated.
	(1) Normal termination (return value 0)
		Usr 0 00:11:39, Sys 0 00:00:43  -  Run Remote Usage
		Usr 0 00:00:00, Sys 0 00:00:00  -  Run Local Usage
		Usr 0 00:11:39, Sys 0 00:00:43  -  Total Remote Usage
		Usr 0 00:00:00, Sys 0 00:00:00  -  Total Local Usage
	130722  -  Run Bytes Sent By Job
	2232  -  Run Bytes Received By Job
	130722  -  Total Bytes Sent By Job
	2232  -  Total Bytes Received By Job
	Partitionable Resources :    Usage  Request Allocated 
	   Cpus                 :                 1           
	   Disk (KB)            : 12535408        3   2096004 
	   Memory (MB)          :      215     2000      2000 
...
