000 (3282844.000.000) 10/09 00:39:13 Job submitted from host: <137.138.44.75:9618?addrs=137.138.44.75-9618+[2001-1458-d00-1a--b]-9618&alias=bigbird14.cern.ch&noUDP&sock=schedd_2873_37ae_40>
...
040 (3282844.000.000) 10/09 00:39:16 Started transferring input files
	Transferring to host: <188.184.133.199:9618?addrs=188.184.133.199-9618+[2001-1458-301-a0--100-1b6]-9618&noUDP&sock=4203_24c4_19830>
...
040 (3282844.000.000) 10/09 00:39:16 Finished transferring input files
...
001 (3282844.000.000) 10/09 00:39:17 Job executing on host: <188.184.133.199:9618?addrs=188.184.133.199-9618+[2001-1458-301-a0--100-1b6]-9618&noUDP&sock=2356_9938_3>
...
006 (3282844.000.000) 10/09 00:39:26 Image size of job updated: 246856
	163  -  MemoryUsage of job (MB)
	166660  -  ResidentSetSize of job (KB)
...
040 (3282844.000.000) 10/09 00:40:12 Started transferring output files
...
040 (3282844.000.000) 10/09 00:40:13 Finished transferring output files
...
005 (3282844.000.000) 10/09 00:40:14 Job terminated.
	(1) Normal termination (return value 0)
		Usr 0 00:00:43, Sys 0 00:00:03  -  Run Remote Usage
		Usr 0 00:00:00, Sys 0 00:00:00  -  Run Local Usage
		Usr 0 00:00:43, Sys 0 00:00:03  -  Total Remote Usage
		Usr 0 00:00:00, Sys 0 00:00:00  -  Total Local Usage
	92526  -  Run Bytes Sent By Job
	2236  -  Run Bytes Received By Job
	92526  -  Total Bytes Sent By Job
	2236  -  Total Bytes Received By Job
	Partitionable Resources :    Usage  Request Allocated 
	   Cpus                 :                 1           
	   Disk (KB)            :   821127        3   2128636 
	   Memory (MB)          :      163     2000      2000 
...
