000 (3283515.000.000) 10/09 00:52:50 Job submitted from host: <137.138.44.75:9618?addrs=137.138.44.75-9618+[2001-1458-d00-1a--b]-9618&alias=bigbird14.cern.ch&noUDP&sock=schedd_2873_37ae_40>
...
040 (3283515.000.000) 10/09 00:57:24 Started transferring input files
	Transferring to host: <188.184.210.101:9618?addrs=188.184.210.101-9618+[2001-1458-301-10b--100-51]-9618&noUDP&sock=7541_110c_118873>
...
040 (3283515.000.000) 10/09 00:57:24 Finished transferring input files
...
001 (3283515.000.000) 10/09 00:57:25 Job executing on host: <188.184.210.101:9618?addrs=188.184.210.101-9618+[2001-1458-301-10b--100-51]-9618&noUDP&sock=5695_dff2_3>
...
006 (3283515.000.000) 10/09 00:57:34 Image size of job updated: 238388
	163  -  MemoryUsage of job (MB)
	166324  -  ResidentSetSize of job (KB)
...
006 (3283515.000.000) 10/09 01:02:35 Image size of job updated: 252984
	177  -  MemoryUsage of job (MB)
	180512  -  ResidentSetSize of job (KB)
...
040 (3283515.000.000) 10/09 01:04:33 Started transferring output files
...
040 (3283515.000.000) 10/09 01:04:33 Finished transferring output files
...
005 (3283515.000.000) 10/09 01:04:33 Job terminated.
	(1) Normal termination (return value 0)
		Usr 0 00:05:28, Sys 0 00:00:20  -  Run Remote Usage
		Usr 0 00:00:00, Sys 0 00:00:00  -  Run Local Usage
		Usr 0 00:05:28, Sys 0 00:00:20  -  Total Remote Usage
		Usr 0 00:00:00, Sys 0 00:00:00  -  Total Local Usage
	104559  -  Run Bytes Sent By Job
	2236  -  Run Bytes Received By Job
	104559  -  Total Bytes Sent By Job
	2236  -  Total Bytes Received By Job
	Partitionable Resources :    Usage  Request Allocated 
	   Cpus                 :                 1           
	   Disk (KB)            :  6122619        3   2901579 
	   Memory (MB)          :      177     2000      2000 
...
