000 (3355991.000.000) 10/20 19:11:12 Job submitted from host: <137.138.44.75:9618?addrs=137.138.44.75-9618+[2001-1458-d00-1a--b]-9618&alias=bigbird14.cern.ch&noUDP&sock=schedd_2873_37ae_40>
...
040 (3355991.000.000) 10/20 19:13:55 Started transferring input files
	Transferring to host: <128.142.240.223:9618?addrs=128.142.240.223-9618+[2001-1458-301-9--100-65]-9618&noUDP&sock=5147_46ea_25735>
...
040 (3355991.000.000) 10/20 19:13:55 Finished transferring input files
...
001 (3355991.000.000) 10/20 19:13:56 Job executing on host: <128.142.240.223:9618?addrs=128.142.240.223-9618+[2001-1458-301-9--100-65]-9618&noUDP&sock=3283_7183_3>
...
006 (3355991.000.000) 10/20 19:14:04 Image size of job updated: 174868
	117  -  MemoryUsage of job (MB)
	119400  -  ResidentSetSize of job (KB)
...
006 (3355991.000.000) 10/20 19:19:04 Image size of job updated: 266540
	177  -  MemoryUsage of job (MB)
	180456  -  ResidentSetSize of job (KB)
...
040 (3355991.000.000) 10/20 19:22:16 Started transferring output files
...
040 (3355991.000.000) 10/20 19:22:16 Finished transferring output files
...
005 (3355991.000.000) 10/20 19:22:17 Job terminated.
	(1) Normal termination (return value 0)
		Usr 0 00:06:07, Sys 0 00:00:24  -  Run Remote Usage
		Usr 0 00:00:00, Sys 0 00:00:00  -  Run Local Usage
		Usr 0 00:06:07, Sys 0 00:00:24  -  Total Remote Usage
		Usr 0 00:00:00, Sys 0 00:00:00  -  Total Local Usage
	119362  -  Run Bytes Sent By Job
	2190  -  Run Bytes Received By Job
	119362  -  Total Bytes Sent By Job
	2190  -  Total Bytes Received By Job
	Partitionable Resources :    Usage  Request Allocated 
	   Cpus                 :                 1           
	   Disk (KB)            :  8203874        3   2887214 
	   Memory (MB)          :      177     2000      2000 
...
