000 (3283598.000.000) 10/09 00:54:09 Job submitted from host: <137.138.44.75:9618?addrs=137.138.44.75-9618+[2001-1458-d00-1a--b]-9618&alias=bigbird14.cern.ch&noUDP&sock=schedd_2873_37ae_40>
...
040 (3283598.000.000) 10/09 01:06:42 Started transferring input files
	Transferring to host: <188.184.186.151:9618?addrs=188.184.186.151-9618+[2001-1458-301-f8--100-93]-9618&noUDP&sock=4026_6e5d_20932>
...
040 (3283598.000.000) 10/09 01:06:42 Finished transferring input files
...
001 (3283598.000.000) 10/09 01:06:43 Job executing on host: <188.184.186.151:9618?addrs=188.184.186.151-9618+[2001-1458-301-f8--100-93]-9618&noUDP&sock=2329_1429_3>
...
006 (3283598.000.000) 10/09 01:06:52 Image size of job updated: 248440
	163  -  MemoryUsage of job (MB)
	166256  -  ResidentSetSize of job (KB)
...
040 (3283598.000.000) 10/09 01:10:40 Started transferring output files
...
040 (3283598.000.000) 10/09 01:10:40 Finished transferring output files
...
005 (3283598.000.000) 10/09 01:10:40 Job terminated.
	(1) Normal termination (return value 0)
		Usr 0 00:02:35, Sys 0 00:00:18  -  Run Remote Usage
		Usr 0 00:00:00, Sys 0 00:00:00  -  Run Local Usage
		Usr 0 00:02:35, Sys 0 00:00:18  -  Total Remote Usage
		Usr 0 00:00:00, Sys 0 00:00:00  -  Total Local Usage
	108020  -  Run Bytes Sent By Job
	2232  -  Run Bytes Received By Job
	108020  -  Total Bytes Sent By Job
	2232  -  Total Bytes Received By Job
	Partitionable Resources :    Usage  Request Allocated 
	   Cpus                 :                 1           
	   Disk (KB)            :  5766160        3   2152942 
	   Memory (MB)          :      163     2000      2000 
...
