000 (3282580.000.000) 10/09 00:33:40 Job submitted from host: <137.138.44.75:9618?addrs=137.138.44.75-9618+[2001-1458-d00-1a--b]-9618&alias=bigbird14.cern.ch&noUDP&sock=schedd_2873_37ae_40>
...
040 (3282580.000.000) 10/09 00:34:44 Started transferring input files
	Transferring to host: <188.184.142.106:9618?addrs=188.184.142.106-9618+[2001-1458-301-46--100-6e]-9618&noUDP&sock=22636_dc12_8163>
...
040 (3282580.000.000) 10/09 00:34:44 Finished transferring input files
...
001 (3282580.000.000) 10/09 00:34:45 Job executing on host: <188.184.142.106:9618?addrs=188.184.142.106-9618+[2001-1458-301-46--100-6e]-9618&noUDP&sock=2398_6832_27>
...
006 (3282580.000.000) 10/09 00:34:54 Image size of job updated: 212032
	153  -  MemoryUsage of job (MB)
	156244  -  ResidentSetSize of job (KB)
...
006 (3282580.000.000) 10/09 00:37:12 Image size of job updated: 642700
	153  -  MemoryUsage of job (MB)
	156244  -  ResidentSetSize of job (KB)
...
040 (3282580.000.000) 10/09 00:37:12 Started transferring output files
...
040 (3282580.000.000) 10/09 00:37:12 Finished transferring output files
...
005 (3282580.000.000) 10/09 00:37:12 Job terminated.
	(1) Normal termination (return value 0)
		Usr 0 00:01:44, Sys 0 00:00:07  -  Run Remote Usage
		Usr 0 00:00:00, Sys 0 00:00:00  -  Run Local Usage
		Usr 0 00:01:44, Sys 0 00:00:07  -  Total Remote Usage
		Usr 0 00:00:00, Sys 0 00:00:00  -  Total Local Usage
	98038  -  Run Bytes Sent By Job
	2236  -  Run Bytes Received By Job
	98038  -  Total Bytes Sent By Job
	2236  -  Total Bytes Received By Job
	Partitionable Resources :    Usage  Request Allocated 
	   Cpus                 :                 1           
	   Disk (KB)            :  2003628        3   2107060 
	   Memory (MB)          :      153     2000      2000 
...
