000 (3282784.000.000) 10/09 00:38:06 Job submitted from host: <137.138.44.75:9618?addrs=137.138.44.75-9618+[2001-1458-d00-1a--b]-9618&alias=bigbird14.cern.ch&noUDP&sock=schedd_2873_37ae_40>
...
040 (3282784.000.000) 10/09 00:38:29 Started transferring input files
	Transferring to host: <188.184.139.122:9618?addrs=188.184.139.122-9618+[2001-1458-301-45--100-187]-9618&noUDP&sock=31506_93ba_136145>
...
040 (3282784.000.000) 10/09 00:38:29 Finished transferring input files
...
001 (3282784.000.000) 10/09 00:38:30 Job executing on host: <188.184.139.122:9618?addrs=188.184.139.122-9618+[2001-1458-301-45--100-187]-9618&noUDP&sock=5620_6e57_3>
...
006 (3282784.000.000) 10/09 00:38:38 Image size of job updated: 249668
	163  -  MemoryUsage of job (MB)
	166080  -  ResidentSetSize of job (KB)
...
006 (3282784.000.000) 10/09 00:39:28 Image size of job updated: 358244
	163  -  MemoryUsage of job (MB)
	166080  -  ResidentSetSize of job (KB)
...
040 (3282784.000.000) 10/09 00:39:29 Started transferring output files
...
040 (3282784.000.000) 10/09 00:39:29 Finished transferring output files
...
005 (3282784.000.000) 10/09 00:39:29 Job terminated.
	(1) Normal termination (return value 0)
		Usr 0 00:00:44, Sys 0 00:00:04  -  Run Remote Usage
		Usr 0 00:00:00, Sys 0 00:00:00  -  Run Local Usage
		Usr 0 00:00:44, Sys 0 00:00:04  -  Total Remote Usage
		Usr 0 00:00:00, Sys 0 00:00:00  -  Total Local Usage
	93023  -  Run Bytes Sent By Job
	2236  -  Run Bytes Received By Job
	93023  -  Total Bytes Sent By Job
	2236  -  Total Bytes Received By Job
	Partitionable Resources :    Usage  Request Allocated 
	   Cpus                 :                 1           
	   Disk (KB)            :   791332        3   2870272 
	   Memory (MB)          :      163     2000      2000 
...
