000 (3282586.000.000) 10/09 00:33:48 Job submitted from host: <137.138.44.75:9618?addrs=137.138.44.75-9618+[2001-1458-d00-1a--b]-9618&alias=bigbird14.cern.ch&noUDP&sock=schedd_2873_37ae_40>
...
040 (3282586.000.000) 10/09 00:34:45 Started transferring input files
	Transferring to host: <188.184.133.199:9618?addrs=188.184.133.199-9618+[2001-1458-301-a0--100-1b6]-9618&noUDP&sock=4203_24c4_19823>
...
040 (3282586.000.000) 10/09 00:34:46 Finished transferring input files
...
001 (3282586.000.000) 10/09 00:34:47 Job executing on host: <188.184.133.199:9618?addrs=188.184.133.199-9618+[2001-1458-301-a0--100-1b6]-9618&noUDP&sock=2356_9938_3>
...
006 (3282586.000.000) 10/09 00:34:55 Image size of job updated: 117792
	65  -  MemoryUsage of job (MB)
	66364  -  ResidentSetSize of job (KB)
...
006 (3282586.000.000) 10/09 00:36:53 Image size of job updated: 117792
	67  -  MemoryUsage of job (MB)
	67844  -  ResidentSetSize of job (KB)
...
040 (3282586.000.000) 10/09 00:36:53 Started transferring output files
...
040 (3282586.000.000) 10/09 00:36:53 Finished transferring output files
...
005 (3282586.000.000) 10/09 00:36:53 Job terminated.
	(1) Normal termination (return value 0)
		Usr 0 00:01:31, Sys 0 00:00:07  -  Run Remote Usage
		Usr 0 00:00:00, Sys 0 00:00:00  -  Run Local Usage
		Usr 0 00:01:31, Sys 0 00:00:07  -  Total Remote Usage
		Usr 0 00:00:00, Sys 0 00:00:00  -  Total Local Usage
	97477  -  Run Bytes Sent By Job
	2236  -  Run Bytes Received By Job
	97477  -  Total Bytes Sent By Job
	2236  -  Total Bytes Received By Job
	Partitionable Resources :    Usage  Request Allocated 
	   Cpus                 :                 1           
	   Disk (KB)            :  1790450        3   2132092 
	   Memory (MB)          :       67     2000      2000 
...
