000 (3282526.000.000) 10/09 00:32:29 Job submitted from host: <137.138.44.75:9618?addrs=137.138.44.75-9618+[2001-1458-d00-1a--b]-9618&alias=bigbird14.cern.ch&noUDP&sock=schedd_2873_37ae_40>
...
040 (3282526.000.000) 10/09 00:34:35 Started transferring input files
	Transferring to host: <188.184.133.13:9618?addrs=188.184.133.13-9618+[2001-1458-301-a0--100-10e]-9618&noUDP&sock=2884_c9ee_19936>
...
040 (3282526.000.000) 10/09 00:34:35 Finished transferring input files
...
001 (3282526.000.000) 10/09 00:34:36 Job executing on host: <188.184.133.13:9618?addrs=188.184.133.13-9618+[2001-1458-301-a0--100-10e]-9618&noUDP&sock=2329_1429_3>
...
006 (3282526.000.000) 10/09 00:34:44 Image size of job updated: 171048
	113  -  MemoryUsage of job (MB)
	115272  -  ResidentSetSize of job (KB)
...
006 (3282526.000.000) 10/09 00:37:14 Image size of job updated: 171048
	115  -  MemoryUsage of job (MB)
	117320  -  ResidentSetSize of job (KB)
...
040 (3282526.000.000) 10/09 00:37:15 Started transferring output files
...
040 (3282526.000.000) 10/09 00:37:15 Finished transferring output files
...
005 (3282526.000.000) 10/09 00:37:15 Job terminated.
	(1) Normal termination (return value 0)
		Usr 0 00:01:54, Sys 0 00:00:08  -  Run Remote Usage
		Usr 0 00:00:00, Sys 0 00:00:00  -  Run Local Usage
		Usr 0 00:01:54, Sys 0 00:00:08  -  Total Remote Usage
		Usr 0 00:00:00, Sys 0 00:00:00  -  Total Local Usage
	97505  -  Run Bytes Sent By Job
	2236  -  Run Bytes Received By Job
	97505  -  Total Bytes Sent By Job
	2236  -  Total Bytes Received By Job
	Partitionable Resources :    Usage  Request Allocated 
	   Cpus                 :                 1           
	   Disk (KB)            :  2205849        3   2036735 
	   Memory (MB)          :      115     2000      2000 
...
