000 (3282528.000.000) 10/09 00:32:32 Job submitted from host: <137.138.44.75:9618?addrs=137.138.44.75-9618+[2001-1458-d00-1a--b]-9618&alias=bigbird14.cern.ch&noUDP&sock=schedd_2873_37ae_40>
...
040 (3282528.000.000) 10/09 00:34:34 Started transferring input files
	Transferring to host: <188.184.142.139:9618?addrs=188.184.142.139-9618+[2001-1458-301-46--100-5f]-9618&noUDP&sock=4591_8654_19695>
...
040 (3282528.000.000) 10/09 00:34:34 Finished transferring input files
...
001 (3282528.000.000) 10/09 00:34:35 Job executing on host: <188.184.142.139:9618?addrs=188.184.142.139-9618+[2001-1458-301-46--100-5f]-9618&noUDP&sock=2404_85c3_3>
...
006 (3282528.000.000) 10/09 00:34:44 Image size of job updated: 121452
	68  -  MemoryUsage of job (MB)
	68876  -  ResidentSetSize of job (KB)
...
006 (3282528.000.000) 10/09 00:37:08 Image size of job updated: 265656
	68  -  MemoryUsage of job (MB)
	69148  -  ResidentSetSize of job (KB)
...
040 (3282528.000.000) 10/09 00:37:09 Started transferring output files
...
040 (3282528.000.000) 10/09 00:37:09 Finished transferring output files
...
005 (3282528.000.000) 10/09 00:37:09 Job terminated.
	(1) Normal termination (return value 0)
		Usr 0 00:01:50, Sys 0 00:00:08  -  Run Remote Usage
		Usr 0 00:00:00, Sys 0 00:00:00  -  Run Local Usage
		Usr 0 00:01:50, Sys 0 00:00:08  -  Total Remote Usage
		Usr 0 00:00:00, Sys 0 00:00:00  -  Total Local Usage
	98052  -  Run Bytes Sent By Job
	2236  -  Run Bytes Received By Job
	98052  -  Total Bytes Sent By Job
	2236  -  Total Bytes Received By Job
	Partitionable Resources :    Usage  Request Allocated 
	   Cpus                 :                 1           
	   Disk (KB)            :  2151547        3   2053273 
	   Memory (MB)          :       68     2000      2000 
...
