000 (3283308.000.000) 10/09 00:49:02 Job submitted from host: <137.138.44.75:9618?addrs=137.138.44.75-9618+[2001-1458-d00-1a--b]-9618&alias=bigbird14.cern.ch&noUDP&sock=schedd_2873_37ae_40>
...
040 (3283308.000.000) 10/09 00:49:33 Started transferring input files
	Transferring to host: <128.142.118.164:9618?addrs=128.142.118.164-9618+[2001-1458-301-ae--100-3d6]-9618&noUDP&sock=3662_f5ce_8853>
...
040 (3283308.000.000) 10/09 00:49:33 Finished transferring input files
...
001 (3283308.000.000) 10/09 00:49:34 Job executing on host: <128.142.118.164:9618?addrs=128.142.118.164-9618+[2001-1458-301-ae--100-3d6]-9618&noUDP&sock=1827_bf9e_3>
...
006 (3283308.000.000) 10/09 00:49:43 Image size of job updated: 171060
	113  -  MemoryUsage of job (MB)
	115292  -  ResidentSetSize of job (KB)
...
006 (3283308.000.000) 10/09 00:54:44 Image size of job updated: 203308
	167  -  MemoryUsage of job (MB)
	170024  -  ResidentSetSize of job (KB)
...
006 (3283308.000.000) 10/09 01:00:31 Image size of job updated: 212080
	167  -  MemoryUsage of job (MB)
	170024  -  ResidentSetSize of job (KB)
...
040 (3283308.000.000) 10/09 01:00:31 Started transferring output files
...
040 (3283308.000.000) 10/09 01:00:31 Finished transferring output files
...
005 (3283308.000.000) 10/09 01:00:31 Job terminated.
	(1) Normal termination (return value 0)
		Usr 0 00:08:25, Sys 0 00:00:27  -  Run Remote Usage
		Usr 0 00:00:00, Sys 0 00:00:00  -  Run Local Usage
		Usr 0 00:08:25, Sys 0 00:00:27  -  Total Remote Usage
		Usr 0 00:00:00, Sys 0 00:00:00  -  Total Local Usage
	130776  -  Run Bytes Sent By Job
	2236  -  Run Bytes Received By Job
	130776  -  Total Bytes Sent By Job
	2236  -  Total Bytes Received By Job
	Partitionable Resources :    Usage  Request Allocated 
	   Cpus                 :                 1           
	   Disk (KB)            :  9168352        3   2140619 
	   Memory (MB)          :      167     2000      2000 
...
