000 (3282501.000.000) 10/09 00:31:35 Job submitted from host: <137.138.44.75:9618?addrs=137.138.44.75-9618+[2001-1458-d00-1a--b]-9618&alias=bigbird14.cern.ch&noUDP&sock=schedd_2873_37ae_40>
...
040 (3282501.000.000) 10/09 00:34:29 Started transferring input files
	Transferring to host: <137.138.46.116:9618?addrs=137.138.46.116-9618+[2001-1458-d00-24--70]-9618&noUDP&sock=6686_a449_105557>
...
040 (3282501.000.000) 10/09 00:34:29 Finished transferring input files
...
001 (3282501.000.000) 10/09 00:34:30 Job executing on host: <137.138.46.116:9618?addrs=137.138.46.116-9618+[2001-1458-d00-24--70]-9618&noUDP&sock=4691_36dc_3>
...
006 (3282501.000.000) 10/09 00:34:39 Image size of job updated: 115564
	64  -  MemoryUsage of job (MB)
	65256  -  ResidentSetSize of job (KB)
...
006 (3282501.000.000) 10/09 00:37:18 Image size of job updated: 290508
	64  -  MemoryUsage of job (MB)
	65256  -  ResidentSetSize of job (KB)
...
040 (3282501.000.000) 10/09 00:37:18 Started transferring output files
...
040 (3282501.000.000) 10/09 00:37:18 Finished transferring output files
...
005 (3282501.000.000) 10/09 00:37:18 Job terminated.
	(1) Normal termination (return value 0)
		Usr 0 00:02:00, Sys 0 00:00:08  -  Run Remote Usage
		Usr 0 00:00:00, Sys 0 00:00:00  -  Run Local Usage
		Usr 0 00:02:00, Sys 0 00:00:08  -  Total Remote Usage
		Usr 0 00:00:00, Sys 0 00:00:00  -  Total Local Usage
	98013  -  Run Bytes Sent By Job
	2232  -  Run Bytes Received By Job
	98013  -  Total Bytes Sent By Job
	2232  -  Total Bytes Received By Job
	Partitionable Resources :    Usage  Request Allocated 
	   Cpus                 :                 1           
	   Disk (KB)            :  2478282        3   1829341 
	   Memory (MB)          :       64     2000      2000 
...
