000 (3283614.000.000) 10/09 00:54:21 Job submitted from host: <137.138.44.75:9618?addrs=137.138.44.75-9618+[2001-1458-d00-1a--b]-9618&alias=bigbird14.cern.ch&noUDP&sock=schedd_2873_37ae_40>
...
040 (3283614.000.000) 10/09 01:01:29 Started transferring input files
	Transferring to host: <188.184.212.19:9618?addrs=188.184.212.19-9618+[2001-1458-301-10c--100-12]-9618&noUDP&sock=20658_2e01_135666>
...
040 (3283614.000.000) 10/09 01:01:30 Finished transferring input files
...
001 (3283614.000.000) 10/09 01:01:31 Job executing on host: <188.184.212.19:9618?addrs=188.184.212.19-9618+[2001-1458-301-10c--100-12]-9618&noUDP&sock=20523_a642_3>
...
006 (3283614.000.000) 10/09 01:01:39 Image size of job updated: 93028
	60  -  MemoryUsage of job (MB)
	61208  -  ResidentSetSize of job (KB)
...
006 (3283614.000.000) 10/09 01:06:39 Image size of job updated: 224064
	141  -  MemoryUsage of job (MB)
	143940  -  ResidentSetSize of job (KB)
...
040 (3283614.000.000) 10/09 01:07:12 Started transferring output files
...
040 (3283614.000.000) 10/09 01:07:12 Finished transferring output files
...
005 (3283614.000.000) 10/09 01:07:12 Job terminated.
	(1) Normal termination (return value 0)
		Usr 0 00:03:26, Sys 0 00:00:24  -  Run Remote Usage
		Usr 0 00:00:00, Sys 0 00:00:00  -  Run Local Usage
		Usr 0 00:03:26, Sys 0 00:00:24  -  Total Remote Usage
		Usr 0 00:00:00, Sys 0 00:00:00  -  Total Local Usage
	108618  -  Run Bytes Sent By Job
	2232  -  Run Bytes Received By Job
	108618  -  Total Bytes Sent By Job
	2232  -  Total Bytes Received By Job
	Partitionable Resources :    Usage  Request Allocated 
	   Cpus                 :                 1           
	   Disk (KB)            :  6485431        3   3016168 
	   Memory (MB)          :      141     2000      2000 
...
