000 (3356055.000.000) 10/20 19:13:27 Job submitted from host: <137.138.44.75:9618?addrs=137.138.44.75-9618+[2001-1458-d00-1a--b]-9618&alias=bigbird14.cern.ch&noUDP&sock=schedd_2873_37ae_40>
...
040 (3356055.000.000) 10/20 19:19:52 Started transferring input files
	Transferring to host: <128.142.108.242:9618?addrs=128.142.108.242-9618+[--1]-9618&noUDP&sock=2084_1dce_38296>
...
040 (3356055.000.000) 10/20 19:19:52 Finished transferring input files
...
001 (3356055.000.000) 10/20 19:19:53 Job executing on host: <128.142.108.242:9618?addrs=128.142.108.242-9618+[--1]-9618&noUDP&sock=1816_3413_3>
...
006 (3356055.000.000) 10/20 19:20:01 Image size of job updated: 6736
	5  -  MemoryUsage of job (MB)
	4456  -  ResidentSetSize of job (KB)
...
006 (3356055.000.000) 10/20 19:25:02 Image size of job updated: 202760
	164  -  MemoryUsage of job (MB)
	167880  -  ResidentSetSize of job (KB)
...
006 (3356055.000.000) 10/20 19:40:03 Image size of job updated: 216220
	164  -  MemoryUsage of job (MB)
	167880  -  ResidentSetSize of job (KB)
...
040 (3356055.000.000) 10/20 19:40:43 Started transferring output files
...
040 (3356055.000.000) 10/20 19:40:44 Finished transferring output files
...
005 (3356055.000.000) 10/20 19:40:44 Job terminated.
	(1) Normal termination (return value 0)
		Usr 0 00:13:43, Sys 0 00:00:54  -  Run Remote Usage
		Usr 0 00:00:00, Sys 0 00:00:00  -  Run Local Usage
		Usr 0 00:13:43, Sys 0 00:00:54  -  Total Remote Usage
		Usr 0 00:00:00, Sys 0 00:00:00  -  Total Local Usage
	127366  -  Run Bytes Sent By Job
	2190  -  Run Bytes Received By Job
	127366  -  Total Bytes Sent By Job
	2190  -  Total Bytes Received By Job
	Partitionable Resources :    Usage  Request Allocated 
	   Cpus                 :                 1           
	   Disk (KB)            : 14318586        3   2182043 
	   Memory (MB)          :      164     2000      2000 
...
