000 (3282584.000.000) 10/09 00:33:45 Job submitted from host: <137.138.44.75:9618?addrs=137.138.44.75-9618+[2001-1458-d00-1a--b]-9618&alias=bigbird14.cern.ch&noUDP&sock=schedd_2873_37ae_40>
...
040 (3282584.000.000) 10/09 00:34:45 Started transferring input files
	Transferring to host: <188.184.143.59:9618?addrs=188.184.143.59-9618+[2001-1458-301-46--100-14c]-9618&noUDP&sock=4393_040c_19759>
...
040 (3282584.000.000) 10/09 00:34:45 Finished transferring input files
...
001 (3282584.000.000) 10/09 00:34:46 Job executing on host: <188.184.143.59:9618?addrs=188.184.143.59-9618+[2001-1458-301-46--100-14c]-9618&noUDP&sock=2404_85c3_3>
...
006 (3282584.000.000) 10/09 00:34:55 Image size of job updated: 179260
	121  -  MemoryUsage of job (MB)
	123484  -  ResidentSetSize of job (KB)
...
040 (3282584.000.000) 10/09 00:37:21 Started transferring output files
...
040 (3282584.000.000) 10/09 00:37:21 Finished transferring output files
...
005 (3282584.000.000) 10/09 00:37:22 Job terminated.
	(1) Normal termination (return value 0)
		Usr 0 00:01:52, Sys 0 00:00:08  -  Run Remote Usage
		Usr 0 00:00:00, Sys 0 00:00:00  -  Run Local Usage
		Usr 0 00:01:52, Sys 0 00:00:08  -  Total Remote Usage
		Usr 0 00:00:00, Sys 0 00:00:00  -  Total Local Usage
	98022  -  Run Bytes Sent By Job
	2236  -  Run Bytes Received By Job
	98022  -  Total Bytes Sent By Job
	2236  -  Total Bytes Received By Job
	Partitionable Resources :    Usage  Request Allocated 
	   Cpus                 :                 1           
	   Disk (KB)            :  1967556        3   2024702 
	   Memory (MB)          :      121     2000      2000 
...
