000 (3356038.000.000) 10/20 19:12:45 Job submitted from host: <137.138.44.75:9618?addrs=137.138.44.75-9618+[2001-1458-d00-1a--b]-9618&alias=bigbird14.cern.ch&noUDP&sock=schedd_2873_37ae_40>
...
040 (3356038.000.000) 10/20 19:14:03 Started transferring input files
	Transferring to host: <128.142.105.213:9618?addrs=128.142.105.213-9618+[2001-1458-301-8b--100-1d4]-9618&noUDP&sock=3143_4719_38044>
...
040 (3356038.000.000) 10/20 19:14:03 Finished transferring input files
...
001 (3356038.000.000) 10/20 19:14:04 Job executing on host: <128.142.105.213:9618?addrs=128.142.105.213-9618+[2001-1458-301-8b--100-1d4]-9618&noUDP&sock=1834_8cc8_3>
...
006 (3356038.000.000) 10/20 19:14:13 Image size of job updated: 64128
	31  -  MemoryUsage of job (MB)
	31412  -  ResidentSetSize of job (KB)
...
006 (3356038.000.000) 10/20 19:19:14 Image size of job updated: 198112
	158  -  MemoryUsage of job (MB)
	161372  -  ResidentSetSize of job (KB)
...
006 (3356038.000.000) 10/20 19:24:14 Image size of job updated: 209808
	165  -  MemoryUsage of job (MB)
	168724  -  ResidentSetSize of job (KB)
...
006 (3356038.000.000) 10/20 19:39:16 Image size of job updated: 212652
	165  -  MemoryUsage of job (MB)
	168724  -  ResidentSetSize of job (KB)
...
040 (3356038.000.000) 10/20 19:40:29 Started transferring output files
...
040 (3356038.000.000) 10/20 19:40:29 Finished transferring output files
...
005 (3356038.000.000) 10/20 19:40:29 Job terminated.
	(1) Normal termination (return value 0)
		Usr 0 00:20:34, Sys 0 00:01:16  -  Run Remote Usage
		Usr 0 00:00:00, Sys 0 00:00:00  -  Run Local Usage
		Usr 0 00:20:34, Sys 0 00:01:16  -  Total Remote Usage
		Usr 0 00:00:00, Sys 0 00:00:00  -  Total Local Usage
	172160  -  Run Bytes Sent By Job
	2190  -  Run Bytes Received By Job
	172160  -  Total Bytes Sent By Job
	2190  -  Total Bytes Received By Job
	Partitionable Resources :    Usage  Request Allocated 
	   Cpus                 :                 1           
	   Disk (KB)            : 19772928        3   2083954 
	   Memory (MB)          :      165     2000      2000 
...
