000 (3282649.000.000) 10/09 00:35:23 Job submitted from host: <137.138.44.75:9618?addrs=137.138.44.75-9618+[2001-1458-d00-1a--b]-9618&alias=bigbird14.cern.ch&noUDP&sock=schedd_2873_37ae_40>
...
040 (3282649.000.000) 10/09 00:37:08 Started transferring input files
	Transferring to host: <188.184.197.33:9618?addrs=188.184.197.33-9618+[2001-1458-301-103--100-d]-9618&noUDP&sock=20390_5976_135746>
...
040 (3282649.000.000) 10/09 00:37:08 Finished transferring input files
...
001 (3282649.000.000) 10/09 00:37:09 Job executing on host: <188.184.197.33:9618?addrs=188.184.197.33-9618+[2001-1458-301-103--100-d]-9618&noUDP&sock=20256_8278_3>
...
006 (3282649.000.000) 10/09 00:37:17 Image size of job updated: 161732
	95  -  MemoryUsage of job (MB)
	96852  -  ResidentSetSize of job (KB)
...
006 (3282649.000.000) 10/09 00:40:00 Image size of job updated: 853708
	97  -  MemoryUsage of job (MB)
	99160  -  ResidentSetSize of job (KB)
...
040 (3282649.000.000) 10/09 00:40:00 Started transferring output files
...
040 (3282649.000.000) 10/09 00:40:01 Finished transferring output files
...
005 (3282649.000.000) 10/09 00:40:01 Job terminated.
	(1) Normal termination (return value 0)
		Usr 0 00:02:07, Sys 0 00:00:09  -  Run Remote Usage
		Usr 0 00:00:00, Sys 0 00:00:00  -  Run Local Usage
		Usr 0 00:02:07, Sys 0 00:00:09  -  Total Remote Usage
		Usr 0 00:00:00, Sys 0 00:00:00  -  Total Local Usage
	98034  -  Run Bytes Sent By Job
	2236  -  Run Bytes Received By Job
	98034  -  Total Bytes Sent By Job
	2236  -  Total Bytes Received By Job
	Partitionable Resources :    Usage  Request Allocated 
	   Cpus                 :                 1           
	   Disk (KB)            :  2533557        3   2916577 
	   Memory (MB)          :       97     2000      2000 
...
