000 (3283367.000.000) 10/09 00:50:12 Job submitted from host: <137.138.44.75:9618?addrs=137.138.44.75-9618+[2001-1458-d00-1a--b]-9618&alias=bigbird14.cern.ch&noUDP&sock=schedd_2873_37ae_40>
...
040 (3283367.000.000) 10/09 01:00:34 Started transferring input files
	Transferring to host: <128.142.118.164:9618?addrs=128.142.118.164-9618+[2001-1458-301-ae--100-3d6]-9618&noUDP&sock=3662_f5ce_8858>
...
040 (3283367.000.000) 10/09 01:00:34 Finished transferring input files
...
001 (3283367.000.000) 10/09 01:00:35 Job executing on host: <128.142.118.164:9618?addrs=128.142.118.164-9618+[2001-1458-301-ae--100-3d6]-9618&noUDP&sock=1827_bf9e_3>
...
006 (3283367.000.000) 10/09 01:00:43 Image size of job updated: 138456
	80  -  MemoryUsage of job (MB)
	81448  -  ResidentSetSize of job (KB)
...
006 (3283367.000.000) 10/09 01:05:43 Image size of job updated: 190764
	154  -  MemoryUsage of job (MB)
	156824  -  ResidentSetSize of job (KB)
...
006 (3283367.000.000) 10/09 01:05:53 Image size of job updated: 380292
	154  -  MemoryUsage of job (MB)
	156824  -  ResidentSetSize of job (KB)
...
040 (3283367.000.000) 10/09 01:05:53 Started transferring output files
...
040 (3283367.000.000) 10/09 01:05:53 Finished transferring output files
...
005 (3283367.000.000) 10/09 01:05:53 Job terminated.
	(1) Normal termination (return value 0)
		Usr 0 00:04:11, Sys 0 00:00:13  -  Run Remote Usage
		Usr 0 00:00:00, Sys 0 00:00:00  -  Run Local Usage
		Usr 0 00:04:11, Sys 0 00:00:13  -  Total Remote Usage
		Usr 0 00:00:00, Sys 0 00:00:00  -  Total Local Usage
	104013  -  Run Bytes Sent By Job
	2232  -  Run Bytes Received By Job
	104013  -  Total Bytes Sent By Job
	2232  -  Total Bytes Received By Job
	Partitionable Resources :    Usage  Request Allocated 
	   Cpus                 :                 1           
	   Disk (KB)            :  4433071        3   2140619 
	   Memory (MB)          :      154     2000      2000 
...
