000 (3282601.000.000) 10/09 00:34:08 Job submitted from host: <137.138.44.75:9618?addrs=137.138.44.75-9618+[2001-1458-d00-1a--b]-9618&alias=bigbird14.cern.ch&noUDP&sock=schedd_2873_37ae_40>
...
040 (3282601.000.000) 10/09 00:35:47 Started transferring input files
	Transferring to host: <188.184.133.199:9618?addrs=188.184.133.199-9618+[2001-1458-301-a0--100-1b6]-9618&noUDP&sock=4203_24c4_19826>
...
040 (3282601.000.000) 10/09 00:35:47 Finished transferring input files
...
001 (3282601.000.000) 10/09 00:35:48 Job executing on host: <188.184.133.199:9618?addrs=188.184.133.199-9618+[2001-1458-301-a0--100-1b6]-9618&noUDP&sock=2356_9938_3>
...
006 (3282601.000.000) 10/09 00:35:57 Image size of job updated: 246812
	163  -  MemoryUsage of job (MB)
	166664  -  ResidentSetSize of job (KB)
...
040 (3282601.000.000) 10/09 00:37:53 Started transferring output files
...
040 (3282601.000.000) 10/09 00:37:53 Finished transferring output files
...
005 (3282601.000.000) 10/09 00:37:54 Job terminated.
	(1) Normal termination (return value 0)
		Usr 0 00:01:34, Sys 0 00:00:06  -  Run Remote Usage
		Usr 0 00:00:00, Sys 0 00:00:00  -  Run Local Usage
		Usr 0 00:01:34, Sys 0 00:00:06  -  Total Remote Usage
		Usr 0 00:00:00, Sys 0 00:00:00  -  Total Local Usage
	97496  -  Run Bytes Sent By Job
	2236  -  Run Bytes Received By Job
	97496  -  Total Bytes Sent By Job
	2236  -  Total Bytes Received By Job
	Partitionable Resources :    Usage  Request Allocated 
	   Cpus                 :                 1           
	   Disk (KB)            :  1849151        3   2128636 
	   Memory (MB)          :      163     2000      2000 
...
