000 (3283403.000.000) 10/09 00:50:44 Job submitted from host: <137.138.44.75:9618?addrs=137.138.44.75-9618+[2001-1458-d00-1a--b]-9618&alias=bigbird14.cern.ch&noUDP&sock=schedd_2873_37ae_40>
...
040 (3283403.000.000) 10/09 01:01:25 Started transferring input files
	Transferring to host: <128.142.100.29:9618?addrs=128.142.100.29-9618+[2001-1458-301-89--100-11]-9618&noUDP&sock=3659_d8ae_31249>
...
040 (3283403.000.000) 10/09 01:01:25 Finished transferring input files
...
001 (3283403.000.000) 10/09 01:01:26 Job executing on host: <128.142.100.29:9618?addrs=128.142.100.29-9618+[2001-1458-301-89--100-11]-9618&noUDP&sock=1835_3c60_3>
...
006 (3283403.000.000) 10/09 01:01:35 Image size of job updated: 96008
	66  -  MemoryUsage of job (MB)
	66732  -  ResidentSetSize of job (KB)
...
006 (3283403.000.000) 10/09 01:06:36 Image size of job updated: 187816
	177  -  MemoryUsage of job (MB)
	180708  -  ResidentSetSize of job (KB)
...
006 (3283403.000.000) 10/09 01:11:37 Image size of job updated: 188428
	177  -  MemoryUsage of job (MB)
	180708  -  ResidentSetSize of job (KB)
...
006 (3283403.000.000) 10/09 01:21:25 Image size of job updated: 269416
	240  -  MemoryUsage of job (MB)
	244752  -  ResidentSetSize of job (KB)
...
040 (3283403.000.000) 10/09 01:22:43 Started transferring output files
...
040 (3283403.000.000) 10/09 01:22:43 Finished transferring output files
...
005 (3283403.000.000) 10/09 01:22:43 Job terminated.
	(1) Normal termination (return value 0)
		Usr 0 00:15:53, Sys 0 00:00:47  -  Run Remote Usage
		Usr 0 00:00:00, Sys 0 00:00:00  -  Run Local Usage
		Usr 0 00:15:53, Sys 0 00:00:47  -  Total Remote Usage
		Usr 0 00:00:00, Sys 0 00:00:00  -  Total Local Usage
	130631  -  Run Bytes Sent By Job
	2232  -  Run Bytes Received By Job
	130631  -  Total Bytes Sent By Job
	2232  -  Total Bytes Received By Job
	Partitionable Resources :    Usage  Request Allocated 
	   Cpus                 :                 1           
	   Disk (KB)            : 14485105        3   2101287 
	   Memory (MB)          :      240     2000      2000 
...
