000 (3283372.000.000) 10/09 00:50:15 Job submitted from host: <137.138.44.75:9618?addrs=137.138.44.75-9618+[2001-1458-d00-1a--b]-9618&alias=bigbird14.cern.ch&noUDP&sock=schedd_2873_37ae_40>
...
040 (3283372.000.000) 10/09 01:00:44 Started transferring input files
	Transferring to host: <128.142.100.52:9618?addrs=128.142.100.52-9618+[2001-1458-301-89--100-1b]-9618&noUDP&sock=2366_cf99_30510>
...
040 (3283372.000.000) 10/09 01:00:44 Finished transferring input files
...
001 (3283372.000.000) 10/09 01:00:45 Job executing on host: <128.142.100.52:9618?addrs=128.142.100.52-9618+[2001-1458-301-89--100-1b]-9618&noUDP&sock=1831_7dff_3>
...
006 (3283372.000.000) 10/09 01:00:53 Image size of job updated: 114720
	64  -  MemoryUsage of job (MB)
	65492  -  ResidentSetSize of job (KB)
...
006 (3283372.000.000) 10/09 01:05:53 Image size of job updated: 263172
	172  -  MemoryUsage of job (MB)
	175140  -  ResidentSetSize of job (KB)
...
040 (3283372.000.000) 10/09 01:08:05 Started transferring output files
...
040 (3283372.000.000) 10/09 01:08:05 Finished transferring output files
...
005 (3283372.000.000) 10/09 01:08:05 Job terminated.
	(1) Normal termination (return value 0)
		Usr 0 00:05:32, Sys 0 00:00:21  -  Run Remote Usage
		Usr 0 00:00:00, Sys 0 00:00:00  -  Run Local Usage
		Usr 0 00:05:32, Sys 0 00:00:21  -  Total Remote Usage
		Usr 0 00:00:00, Sys 0 00:00:00  -  Total Local Usage
	104127  -  Run Bytes Sent By Job
	2236  -  Run Bytes Received By Job
	104127  -  Total Bytes Sent By Job
	2236  -  Total Bytes Received By Job
	Partitionable Resources :    Usage  Request Allocated 
	   Cpus                 :                 1           
	   Disk (KB)            :  4666272        3   2153722 
	   Memory (MB)          :      172     2000      2000 
...
