000 (3282727.000.000) 10/09 00:37:12 Job submitted from host: <137.138.44.75:9618?addrs=137.138.44.75-9618+[2001-1458-d00-1a--b]-9618&alias=bigbird14.cern.ch&noUDP&sock=schedd_2873_37ae_40>
...
040 (3282727.000.000) 10/09 00:37:22 Started transferring input files
	Transferring to host: <128.142.133.119:9618?addrs=128.142.133.119-9618+[2001-1458-301-32--100-7b]-9618&noUDP&sock=4356_f22a_20392>
...
040 (3282727.000.000) 10/09 00:37:22 Finished transferring input files
...
001 (3282727.000.000) 10/09 00:37:23 Job executing on host: <128.142.133.119:9618?addrs=128.142.133.119-9618+[2001-1458-301-32--100-7b]-9618&noUDP&sock=2414_61b6_3>
...
006 (3282727.000.000) 10/09 00:37:31 Image size of job updated: 232620
	146  -  MemoryUsage of job (MB)
	148908  -  ResidentSetSize of job (KB)
...
006 (3282727.000.000) 10/09 00:38:44 Image size of job updated: 232620
	147  -  MemoryUsage of job (MB)
	149992  -  ResidentSetSize of job (KB)
...
040 (3282727.000.000) 10/09 00:38:44 Started transferring output files
...
040 (3282727.000.000) 10/09 00:38:44 Finished transferring output files
...
005 (3282727.000.000) 10/09 00:38:44 Job terminated.
	(1) Normal termination (return value 0)
		Usr 0 00:00:54, Sys 0 00:00:04  -  Run Remote Usage
		Usr 0 00:00:00, Sys 0 00:00:00  -  Run Local Usage
		Usr 0 00:00:54, Sys 0 00:00:04  -  Total Remote Usage
		Usr 0 00:00:00, Sys 0 00:00:00  -  Total Local Usage
	93064  -  Run Bytes Sent By Job
	2236  -  Run Bytes Received By Job
	93064  -  Total Bytes Sent By Job
	2236  -  Total Bytes Received By Job
	Partitionable Resources :    Usage  Request Allocated 
	   Cpus                 :                 1           
	   Disk (KB)            :  1005356        3   2129437 
	   Memory (MB)          :      147     2000      2000 
...
