000 (3282605.000.000) 10/09 00:34:13 Job submitted from host: <137.138.44.75:9618?addrs=137.138.44.75-9618+[2001-1458-d00-1a--b]-9618&alias=bigbird14.cern.ch&noUDP&sock=schedd_2873_37ae_40>
...
040 (3282605.000.000) 10/09 00:36:59 Started transferring input files
	Transferring to host: <188.184.186.254:9618?addrs=188.184.186.254-9618+[2001-1458-301-f8--100-f0]-9618&noUDP&sock=4208_aaa4_19376>
...
040 (3282605.000.000) 10/09 00:36:59 Finished transferring input files
...
001 (3282605.000.000) 10/09 00:37:00 Job executing on host: <188.184.186.254:9618?addrs=188.184.186.254-9618+[2001-1458-301-f8--100-f0]-9618&noUDP&sock=2377_00b5_3>
...
006 (3282605.000.000) 10/09 00:37:09 Image size of job updated: 250352
	163  -  MemoryUsage of job (MB)
	166636  -  ResidentSetSize of job (KB)
...
040 (3282605.000.000) 10/09 00:38:56 Started transferring output files
...
040 (3282605.000.000) 10/09 00:38:56 Finished transferring output files
...
005 (3282605.000.000) 10/09 00:38:56 Job terminated.
	(1) Normal termination (return value 0)
		Usr 0 00:01:28, Sys 0 00:00:06  -  Run Remote Usage
		Usr 0 00:00:00, Sys 0 00:00:00  -  Run Local Usage
		Usr 0 00:01:28, Sys 0 00:00:06  -  Total Remote Usage
		Usr 0 00:00:00, Sys 0 00:00:00  -  Total Local Usage
	97524  -  Run Bytes Sent By Job
	2236  -  Run Bytes Received By Job
	97524  -  Total Bytes Sent By Job
	2236  -  Total Bytes Received By Job
	Partitionable Resources :    Usage  Request Allocated 
	   Cpus                 :                 1           
	   Disk (KB)            :  1693139        3   2149530 
	   Memory (MB)          :      163     2000      2000 
...
