000 (3283564.000.000) 10/09 00:53:35 Job submitted from host: <137.138.44.75:9618?addrs=137.138.44.75-9618+[2001-1458-d00-1a--b]-9618&alias=bigbird14.cern.ch&noUDP&sock=schedd_2873_37ae_40>
...
040 (3283564.000.000) 10/09 01:04:36 Started transferring input files
	Transferring to host: <188.184.210.101:9618?addrs=188.184.210.101-9618+[2001-1458-301-10b--100-51]-9618&noUDP&sock=7541_110c_118874>
...
040 (3283564.000.000) 10/09 01:04:36 Finished transferring input files
...
001 (3283564.000.000) 10/09 01:04:37 Job executing on host: <188.184.210.101:9618?addrs=188.184.210.101-9618+[2001-1458-301-10b--100-51]-9618&noUDP&sock=5695_dff2_3>
...
006 (3283564.000.000) 10/09 01:04:46 Image size of job updated: 318600
	232  -  MemoryUsage of job (MB)
	237228  -  ResidentSetSize of job (KB)
...
040 (3283564.000.000) 10/09 01:08:50 Started transferring output files
...
040 (3283564.000.000) 10/09 01:08:50 Finished transferring output files
...
005 (3283564.000.000) 10/09 01:08:50 Job terminated.
	(1) Normal termination (return value 0)
		Usr 0 00:01:33, Sys 0 00:00:21  -  Run Remote Usage
		Usr 0 00:00:00, Sys 0 00:00:00  -  Run Local Usage
		Usr 0 00:01:33, Sys 0 00:00:21  -  Total Remote Usage
		Usr 0 00:00:00, Sys 0 00:00:00  -  Total Local Usage
	130739  -  Run Bytes Sent By Job
	2236  -  Run Bytes Received By Job
	130739  -  Total Bytes Sent By Job
	2236  -  Total Bytes Received By Job
	Partitionable Resources :    Usage  Request Allocated 
	   Cpus                 :                 1           
	   Disk (KB)            :  8176100        3   2901579 
	   Memory (MB)          :      232     2000      2000 
...
