000 (3283656.000.000) 10/09 00:54:57 Job submitted from host: <137.138.44.75:9618?addrs=137.138.44.75-9618+[2001-1458-d00-1a--b]-9618&alias=bigbird14.cern.ch&noUDP&sock=schedd_2873_37ae_40>
...
040 (3283656.000.000) 10/09 01:01:49 Started transferring input files
	Transferring to host: <188.185.221.248:9618?addrs=188.185.221.248-9618+[2001-1459-301-a5--100-72]-9618&noUDP&sock=16465_d4f7_62554>
...
040 (3283656.000.000) 10/09 01:01:49 Finished transferring input files
...
001 (3283656.000.000) 10/09 01:01:50 Job executing on host: <188.185.221.248:9618?addrs=188.185.221.248-9618+[2001-1459-301-a5--100-72]-9618&noUDP&sock=16330_99a7_3>
...
006 (3283656.000.000) 10/09 01:01:59 Image size of job updated: 72
	1  -  MemoryUsage of job (MB)
	72  -  ResidentSetSize of job (KB)
...
006 (3283656.000.000) 10/09 01:06:59 Image size of job updated: 127444
	73  -  MemoryUsage of job (MB)
	74052  -  ResidentSetSize of job (KB)
...
006 (3283656.000.000) 10/09 01:11:59 Image size of job updated: 228736
	171  -  MemoryUsage of job (MB)
	174592  -  ResidentSetSize of job (KB)
...
006 (3283656.000.000) 10/09 01:22:51 Image size of job updated: 228736
	177  -  MemoryUsage of job (MB)
	180664  -  ResidentSetSize of job (KB)
...
007 (3283656.000.000) 10/09 01:22:51 Shadow exception!
	Assertion ERROR on (result)
	0  -  Run Bytes Sent By Job
	2232  -  Run Bytes Received By Job
...
040 (3283656.000.000) 10/09 01:46:32 Started transferring input files
	Transferring to host: <188.184.210.101:9618?addrs=188.184.210.101-9618+[2001-1458-301-10b--100-51]-9618&noUDP&sock=7541_110c_118895>
...
040 (3283656.000.000) 10/09 01:46:32 Finished transferring input files
...
001 (3283656.000.000) 10/09 01:46:33 Job executing on host: <188.184.210.101:9618?addrs=188.184.210.101-9618+[2001-1458-301-10b--100-51]-9618&noUDP&sock=5695_dff2_3>
...
006 (3283656.000.000) 10/09 01:46:42 Image size of job updated: 263240
	203  -  MemoryUsage of job (MB)
	207468  -  ResidentSetSize of job (KB)
...
006 (3283656.000.000) 10/09 01:51:43 Image size of job updated: 267288
	203  -  MemoryUsage of job (MB)
	207468  -  ResidentSetSize of job (KB)
...
006 (3283656.000.000) 10/09 01:56:43 Image size of job updated: 268596
	203  -  MemoryUsage of job (MB)
	207468  -  ResidentSetSize of job (KB)
...
006 (3283656.000.000) 10/09 02:01:43 Image size of job updated: 272328
	203  -  MemoryUsage of job (MB)
	207468  -  ResidentSetSize of job (KB)
...
040 (3283656.000.000) 10/09 02:06:33 Started transferring output files
...
040 (3283656.000.000) 10/09 02:06:33 Finished transferring output files
...
005 (3283656.000.000) 10/09 02:06:33 Job terminated.
	(1) Normal termination (return value 0)
		Usr 0 00:14:54, Sys 0 00:00:54  -  Run Remote Usage
		Usr 0 00:00:00, Sys 0 00:00:00  -  Run Local Usage
		Usr 0 00:14:54, Sys 0 00:00:54  -  Total Remote Usage
		Usr 0 00:00:00, Sys 0 00:00:00  -  Total Local Usage
	131262  -  Run Bytes Sent By Job
	2232  -  Run Bytes Received By Job
	131262  -  Total Bytes Sent By Job
	4464  -  Total Bytes Received By Job
	Partitionable Resources :    Usage  Request Allocated 
	   Cpus                 :                 1           
	   Disk (KB)            : 18704624        3   2902290 
	   Memory (MB)          :      203     2000      2000 
...
