000 (3283662.000.000) 10/09 00:55:02 Job submitted from host: <137.138.44.75:9618?addrs=137.138.44.75-9618+[2001-1458-d00-1a--b]-9618&alias=bigbird14.cern.ch&noUDP&sock=schedd_2873_37ae_40>
...
040 (3283662.000.000) 10/09 01:01:29 Started transferring input files
	Transferring to host: <128.142.102.234:9618?addrs=128.142.102.234-9618+[2001-1458-301-89--100-2f4]-9618&noUDP&sock=3582_97cb_31689>
...
040 (3283662.000.000) 10/09 01:01:29 Finished transferring input files
...
001 (3283662.000.000) 10/09 01:01:30 Job executing on host: <128.142.102.234:9618?addrs=128.142.102.234-9618+[2001-1458-301-89--100-2f4]-9618&noUDP&sock=1823_013d_3>
...
006 (3283662.000.000) 10/09 01:01:39 Image size of job updated: 83000
	59  -  MemoryUsage of job (MB)
	59808  -  ResidentSetSize of job (KB)
...
006 (3283662.000.000) 10/09 01:06:39 Image size of job updated: 273252
	226  -  MemoryUsage of job (MB)
	231372  -  ResidentSetSize of job (KB)
...
006 (3283662.000.000) 10/09 01:18:28 Image size of job updated: 322432
	241  -  MemoryUsage of job (MB)
	245856  -  ResidentSetSize of job (KB)
...
040 (3283662.000.000) 10/09 01:23:07 Entered queue to transfer output files
...
040 (3283662.000.000) 10/09 01:25:17 Started transferring output files
...
040 (3283662.000.000) 10/09 01:25:17 Finished transferring output files
...
005 (3283662.000.000) 10/09 01:25:19 Job terminated.
	(1) Normal termination (return value 0)
		Usr 0 00:14:16, Sys 0 00:00:52  -  Run Remote Usage
		Usr 0 00:00:00, Sys 0 00:00:00  -  Run Local Usage
		Usr 0 00:14:16, Sys 0 00:00:52  -  Total Remote Usage
		Usr 0 00:00:00, Sys 0 00:00:00  -  Total Local Usage
	130663  -  Run Bytes Sent By Job
	2232  -  Run Bytes Received By Job
	130663  -  Total Bytes Sent By Job
	2232  -  Total Bytes Received By Job
	Partitionable Resources :    Usage  Request Allocated 
	   Cpus                 :                 1           
	   Disk (KB)            : 19719949        3   2223104 
	   Memory (MB)          :      241     2000      2000 
...
