000 (3283394.000.000) 10/09 00:50:35 Job submitted from host: <137.138.44.75:9618?addrs=137.138.44.75-9618+[2001-1458-d00-1a--b]-9618&alias=bigbird14.cern.ch&noUDP&sock=schedd_2873_37ae_40>
...
040 (3283394.000.000) 10/09 01:01:45 Started transferring input files
	Transferring to host: <188.184.186.151:9618?addrs=188.184.186.151-9618+[2001-1458-301-f8--100-93]-9618&noUDP&sock=4026_6e5d_20926>
...
040 (3283394.000.000) 10/09 01:01:45 Finished transferring input files
...
001 (3283394.000.000) 10/09 01:01:46 Job executing on host: <188.184.186.151:9618?addrs=188.184.186.151-9618+[2001-1458-301-f8--100-93]-9618&noUDP&sock=2329_1429_3>
...
006 (3283394.000.000) 10/09 01:01:55 Image size of job updated: 248904
	164  -  MemoryUsage of job (MB)
	167088  -  ResidentSetSize of job (KB)
...
006 (3283394.000.000) 10/09 01:06:41 Image size of job updated: 274848
	164  -  MemoryUsage of job (MB)
	167088  -  ResidentSetSize of job (KB)
...
040 (3283394.000.000) 10/09 01:06:41 Started transferring output files
...
040 (3283394.000.000) 10/09 01:06:41 Finished transferring output files
...
005 (3283394.000.000) 10/09 01:06:41 Job terminated.
	(1) Normal termination (return value 0)
		Usr 0 00:03:42, Sys 0 00:00:15  -  Run Remote Usage
		Usr 0 00:00:00, Sys 0 00:00:00  -  Run Local Usage
		Usr 0 00:03:42, Sys 0 00:00:15  -  Total Remote Usage
		Usr 0 00:00:00, Sys 0 00:00:00  -  Total Local Usage
	104010  -  Run Bytes Sent By Job
	2236  -  Run Bytes Received By Job
	104010  -  Total Bytes Sent By Job
	2236  -  Total Bytes Received By Job
	Partitionable Resources :    Usage  Request Allocated 
	   Cpus                 :                 1           
	   Disk (KB)            :  4236114        3   2152942 
	   Memory (MB)          :      164     2000      2000 
...
