000 (3282900.000.000) 10/09 00:40:05 Job submitted from host: <137.138.44.75:9618?addrs=137.138.44.75-9618+[2001-1458-d00-1a--b]-9618&alias=bigbird14.cern.ch&noUDP&sock=schedd_2873_37ae_40>
...
040 (3282900.000.000) 10/09 00:43:48 Started transferring input files
	Transferring to host: <188.184.196.10:9618?addrs=188.184.196.10-9618+[2001-1458-301-102--100-19]-9618&noUDP&sock=20491_835a_136406>
...
040 (3282900.000.000) 10/09 00:43:48 Finished transferring input files
...
001 (3282900.000.000) 10/09 00:43:49 Job executing on host: <188.184.196.10:9618?addrs=188.184.196.10-9618+[2001-1458-301-102--100-19]-9618&noUDP&sock=20359_28b9_3>
...
006 (3282900.000.000) 10/09 00:43:58 Image size of job updated: 249896
	163  -  MemoryUsage of job (MB)
	166180  -  ResidentSetSize of job (KB)
...
006 (3282900.000.000) 10/09 00:44:54 Image size of job updated: 254636
	163  -  MemoryUsage of job (MB)
	166180  -  ResidentSetSize of job (KB)
...
040 (3282900.000.000) 10/09 00:44:54 Started transferring output files
...
040 (3282900.000.000) 10/09 00:44:54 Finished transferring output files
...
004 (3282900.000.000) 10/09 00:44:54 Job was evicted.
	(0) CPU times
		Usr 0 00:00:46, Sys 0 00:00:03  -  Run Remote Usage
		Usr 0 00:00:00, Sys 0 00:00:00  -  Run Local Usage
	90365  -  Run Bytes Sent By Job
	2236  -  Run Bytes Received By Job
	Partitionable Resources :    Usage  Request Allocated 
	   Cpus                 :                 1           
	   Disk (KB)            :   730792        3   2939505 
	   Memory (MB)          :      163     2000      2000 
...
009 (3282900.000.000) 10/09 00:44:54 Job was aborted by the user.
	via condor_rm (by user gkaratha)
...
