000 (3282782.000.000) 10/09 00:38:04 Job submitted from host: <137.138.44.75:9618?addrs=137.138.44.75-9618+[2001-1458-d00-1a--b]-9618&alias=bigbird14.cern.ch&noUDP&sock=schedd_2873_37ae_40>
...
040 (3282782.000.000) 10/09 00:38:23 Started transferring input files
	Transferring to host: <188.184.138.154:9618?addrs=188.184.138.154-9618+[2001-1458-301-45--100-90]-9618&noUDP&sock=1797_e622_136445>
...
040 (3282782.000.000) 10/09 00:38:23 Finished transferring input files
...
001 (3282782.000.000) 10/09 00:38:24 Job executing on host: <188.184.138.154:9618?addrs=188.184.138.154-9618+[2001-1458-301-45--100-90]-9618&noUDP&sock=5580_fe8d_3>
...
006 (3282782.000.000) 10/09 00:38:32 Image size of job updated: 250404
	163  -  MemoryUsage of job (MB)
	166692  -  ResidentSetSize of job (KB)
...
006 (3282782.000.000) 10/09 00:39:21 Image size of job updated: 374780
	163  -  MemoryUsage of job (MB)
	166696  -  ResidentSetSize of job (KB)
...
040 (3282782.000.000) 10/09 00:39:21 Started transferring output files
...
040 (3282782.000.000) 10/09 00:39:21 Finished transferring output files
...
005 (3282782.000.000) 10/09 00:39:21 Job terminated.
	(1) Normal termination (return value 0)
		Usr 0 00:00:44, Sys 0 00:00:03  -  Run Remote Usage
		Usr 0 00:00:00, Sys 0 00:00:00  -  Run Local Usage
		Usr 0 00:00:44, Sys 0 00:00:03  -  Total Remote Usage
		Usr 0 00:00:00, Sys 0 00:00:00  -  Total Local Usage
	93022  -  Run Bytes Sent By Job
	2236  -  Run Bytes Received By Job
	93022  -  Total Bytes Sent By Job
	2236  -  Total Bytes Received By Job
	Partitionable Resources :    Usage  Request Allocated 
	   Cpus                 :                 1           
	   Disk (KB)            :   862013        3   2963319 
	   Memory (MB)          :      163     2000      2000 
...
