000 (3282632.000.000) 10/09 00:34:54 Job submitted from host: <137.138.44.75:9618?addrs=137.138.44.75-9618+[2001-1458-d00-1a--b]-9618&alias=bigbird14.cern.ch&noUDP&sock=schedd_2873_37ae_40>
...
040 (3282632.000.000) 10/09 00:37:07 Started transferring input files
	Transferring to host: <188.184.139.114:9618?addrs=188.184.139.114-9618+[2001-1458-301-45--100-17f]-9618&noUDP&sock=7758_f675_120303>
...
040 (3282632.000.000) 10/09 00:37:07 Finished transferring input files
...
001 (3282632.000.000) 10/09 00:37:08 Job executing on host: <188.184.139.114:9618?addrs=188.184.139.114-9618+[2001-1458-301-45--100-17f]-9618&noUDP&sock=5672_1944_3>
...
006 (3282632.000.000) 10/09 00:37:17 Image size of job updated: 129824
	75  -  MemoryUsage of job (MB)
	75916  -  ResidentSetSize of job (KB)
...
006 (3282632.000.000) 10/09 00:40:08 Image size of job updated: 268236
	75  -  MemoryUsage of job (MB)
	75916  -  ResidentSetSize of job (KB)
...
040 (3282632.000.000) 10/09 00:40:09 Started transferring output files
...
040 (3282632.000.000) 10/09 00:40:09 Finished transferring output files
...
005 (3282632.000.000) 10/09 00:40:09 Job terminated.
	(1) Normal termination (return value 0)
		Usr 0 00:02:16, Sys 0 00:00:08  -  Run Remote Usage
		Usr 0 00:00:00, Sys 0 00:00:00  -  Run Local Usage
		Usr 0 00:02:16, Sys 0 00:00:08  -  Total Remote Usage
		Usr 0 00:00:00, Sys 0 00:00:00  -  Total Local Usage
	98051  -  Run Bytes Sent By Job
	2236  -  Run Bytes Received By Job
	98051  -  Total Bytes Sent By Job
	2236  -  Total Bytes Received By Job
	Partitionable Resources :    Usage  Request Allocated 
	   Cpus                 :                 1           
	   Disk (KB)            :  2023156        3   2950389 
	   Memory (MB)          :       75     2000      2000 
...
