000 (3283737.000.000) 10/09 00:56:27 Job submitted from host: <137.138.44.75:9618?addrs=137.138.44.75-9618+[2001-1458-d00-1a--b]-9618&alias=bigbird14.cern.ch&noUDP&sock=schedd_2873_37ae_40>
...
040 (3283737.000.000) 10/09 01:01:32 Started transferring input files
	Transferring to host: <128.142.101.196:9618?addrs=128.142.101.196-9618+[2001-1458-301-89--100-1ce]-9618&noUDP&sock=3654_52ce_31963>
...
040 (3283737.000.000) 10/09 01:01:32 Finished transferring input files
...
001 (3283737.000.000) 10/09 01:01:33 Job executing on host: <128.142.101.196:9618?addrs=128.142.101.196-9618+[2001-1458-301-89--100-1ce]-9618&noUDP&sock=1824_b0d5_3>
...
006 (3283737.000.000) 10/09 01:01:42 Image size of job updated: 179268
	131  -  MemoryUsage of job (MB)
	134108  -  ResidentSetSize of job (KB)
...
006 (3283737.000.000) 10/09 01:06:43 Image size of job updated: 285080
	218  -  MemoryUsage of job (MB)
	222236  -  ResidentSetSize of job (KB)
...
006 (3283737.000.000) 10/09 01:21:32 Image size of job updated: 306928
	218  -  MemoryUsage of job (MB)
	222236  -  ResidentSetSize of job (KB)
...
040 (3283737.000.000) 10/09 01:22:36 Started transferring output files
...
040 (3283737.000.000) 10/09 01:22:37 Finished transferring output files
...
005 (3283737.000.000) 10/09 01:22:39 Job terminated.
	(1) Normal termination (return value 0)
		Usr 0 00:11:59, Sys 0 00:00:42  -  Run Remote Usage
		Usr 0 00:00:00, Sys 0 00:00:00  -  Run Local Usage
		Usr 0 00:11:59, Sys 0 00:00:42  -  Total Remote Usage
		Usr 0 00:00:00, Sys 0 00:00:00  -  Total Local Usage
	130940  -  Run Bytes Sent By Job
	2236  -  Run Bytes Received By Job
	130940  -  Total Bytes Sent By Job
	2236  -  Total Bytes Received By Job
	Partitionable Resources :    Usage  Request Allocated 
	   Cpus                 :                 1           
	   Disk (KB)            : 13873355        3   2086339 
	   Memory (MB)          :      218     2000      2000 
...
