000 (3282672.000.000) 10/09 00:35:57 Job submitted from host: <137.138.44.75:9618?addrs=137.138.44.75-9618+[2001-1458-d00-1a--b]-9618&alias=bigbird14.cern.ch&noUDP&sock=schedd_2873_37ae_40>
...
040 (3282672.000.000) 10/09 00:37:14 Started transferring input files
	Transferring to host: <188.184.190.233:9618?addrs=188.184.190.233-9618+[2001-1458-301-4b--100-f1]-9618&noUDP&sock=6513_bf62_84142>
...
040 (3282672.000.000) 10/09 00:37:14 Finished transferring input files
...
001 (3282672.000.000) 10/09 00:37:15 Job executing on host: <188.184.190.233:9618?addrs=188.184.190.233-9618+[2001-1458-301-4b--100-f1]-9618&noUDP&sock=5655_7028_3>
...
006 (3282672.000.000) 10/09 00:37:24 Image size of job updated: 193584
	135  -  MemoryUsage of job (MB)
	137812  -  ResidentSetSize of job (KB)
...
006 (3282672.000.000) 10/09 00:39:59 Image size of job updated: 955452
	137  -  MemoryUsage of job (MB)
	139860  -  ResidentSetSize of job (KB)
...
040 (3282672.000.000) 10/09 00:39:59 Started transferring output files
...
040 (3282672.000.000) 10/09 00:40:00 Finished transferring output files
...
005 (3282672.000.000) 10/09 00:40:00 Job terminated.
	(1) Normal termination (return value 0)
		Usr 0 00:01:56, Sys 0 00:00:09  -  Run Remote Usage
		Usr 0 00:00:00, Sys 0 00:00:00  -  Run Local Usage
		Usr 0 00:01:56, Sys 0 00:00:09  -  Total Remote Usage
		Usr 0 00:00:00, Sys 0 00:00:00  -  Total Local Usage
	98018  -  Run Bytes Sent By Job
	2236  -  Run Bytes Received By Job
	98018  -  Total Bytes Sent By Job
	2236  -  Total Bytes Received By Job
	Partitionable Resources :    Usage  Request Allocated 
	   Cpus                 :                 1           
	   Disk (KB)            :  2512532        3   3035235 
	   Memory (MB)          :      137     2000      2000 
...
