000 (3355986.000.000) 10/20 19:11:01 Job submitted from host: <137.138.44.75:9618?addrs=137.138.44.75-9618+[2001-1458-d00-1a--b]-9618&alias=bigbird14.cern.ch&noUDP&sock=schedd_2873_37ae_40>
...
040 (3355986.000.000) 10/20 19:13:52 Started transferring input files
	Transferring to host: <188.184.183.96:9618?addrs=188.184.183.96-9618+[2001-1458-301-2b--100-145]-9618&noUDP&sock=5038_7a06_24745>
...
040 (3355986.000.000) 10/20 19:13:52 Finished transferring input files
...
001 (3355986.000.000) 10/20 19:13:53 Job executing on host: <188.184.183.96:9618?addrs=188.184.183.96-9618+[2001-1458-301-2b--100-145]-9618&noUDP&sock=3296_5c3e_3>
...
006 (3355986.000.000) 10/20 19:14:02 Image size of job updated: 119932
	67  -  MemoryUsage of job (MB)
	68312  -  ResidentSetSize of job (KB)
...
006 (3355986.000.000) 10/20 19:19:03 Image size of job updated: 337684
	247  -  MemoryUsage of job (MB)
	252308  -  ResidentSetSize of job (KB)
...
006 (3355986.000.000) 10/20 19:24:03 Image size of job updated: 337684
	249  -  MemoryUsage of job (MB)
	254032  -  ResidentSetSize of job (KB)
...
006 (3355986.000.000) 10/20 19:46:32 Image size of job updated: 661352
	249  -  MemoryUsage of job (MB)
	254032  -  ResidentSetSize of job (KB)
...
040 (3355986.000.000) 10/20 19:46:32 Started transferring output files
...
040 (3355986.000.000) 10/20 19:46:32 Finished transferring output files
...
005 (3355986.000.000) 10/20 19:46:33 Job terminated.
	(1) Normal termination (return value 0)
		Usr 0 00:25:18, Sys 0 00:01:27  -  Run Remote Usage
		Usr 0 00:00:00, Sys 0 00:00:00  -  Run Local Usage
		Usr 0 00:25:18, Sys 0 00:01:27  -  Total Remote Usage
		Usr 0 00:00:00, Sys 0 00:00:00  -  Total Local Usage
	172231  -  Run Bytes Sent By Job
	2190  -  Run Bytes Received By Job
	172231  -  Total Bytes Sent By Job
	2190  -  Total Bytes Received By Job
	Partitionable Resources :    Usage  Request Allocated 
	   Cpus                 :                 1           
	   Disk (KB)            : 24161093        3   3025576 
	   Memory (MB)          :      249     2000      2000 
...
