000 (3282824.000.000) 10/09 00:38:57 Job submitted from host: <137.138.44.75:9618?addrs=137.138.44.75-9618+[2001-1458-d00-1a--b]-9618&alias=bigbird14.cern.ch&noUDP&sock=schedd_2873_37ae_40>
...
040 (3282824.000.000) 10/09 00:39:02 Started transferring input files
	Transferring to host: <188.184.204.135:9618?addrs=188.184.204.135-9618+[2001-1458-301-7d--100-79]-9618&noUDP&sock=3973_167b_19810>
...
040 (3282824.000.000) 10/09 00:39:02 Finished transferring input files
...
001 (3282824.000.000) 10/09 00:39:03 Job executing on host: <188.184.204.135:9618?addrs=188.184.204.135-9618+[2001-1458-301-7d--100-79]-9618&noUDP&sock=2328_6491_3>
...
006 (3282824.000.000) 10/09 00:39:11 Image size of job updated: 249548
	162  -  MemoryUsage of job (MB)
	165832  -  ResidentSetSize of job (KB)
...
006 (3282824.000.000) 10/09 00:40:16 Image size of job updated: 260604
	162  -  MemoryUsage of job (MB)
	165876  -  ResidentSetSize of job (KB)
...
040 (3282824.000.000) 10/09 00:40:19 Started transferring output files
...
040 (3282824.000.000) 10/09 00:40:21 Finished transferring output files
...
005 (3282824.000.000) 10/09 00:40:23 Job terminated.
	(1) Normal termination (return value 0)
		Usr 0 00:00:57, Sys 0 00:00:04  -  Run Remote Usage
		Usr 0 00:00:00, Sys 0 00:00:00  -  Run Local Usage
		Usr 0 00:00:57, Sys 0 00:00:04  -  Total Remote Usage
		Usr 0 00:00:00, Sys 0 00:00:00  -  Total Local Usage
	93018  -  Run Bytes Sent By Job
	2236  -  Run Bytes Received By Job
	93018  -  Total Bytes Sent By Job
	2236  -  Total Bytes Received By Job
	Partitionable Resources :    Usage  Request Allocated 
	   Cpus                 :                 1           
	   Disk (KB)            :  1070123        3   2096185 
	   Memory (MB)          :      162     2000      2000 
...
