000 (3282607.000.000) 10/09 00:34:16 Job submitted from host: <137.138.44.75:9618?addrs=137.138.44.75-9618+[2001-1458-d00-1a--b]-9618&alias=bigbird14.cern.ch&noUDP&sock=schedd_2873_37ae_40>
...
040 (3282607.000.000) 10/09 00:37:02 Started transferring input files
	Transferring to host: <188.184.139.185:9618?addrs=188.184.139.185-9618+[2001-1458-301-45--100-1b5]-9618&noUDP&sock=17818_248e_136218>
...
040 (3282607.000.000) 10/09 00:37:02 Finished transferring input files
...
001 (3282607.000.000) 10/09 00:37:03 Job executing on host: <188.184.139.185:9618?addrs=188.184.139.185-9618+[2001-1458-301-45--100-1b5]-9618&noUDP&sock=5616_aff6_3>
...
006 (3282607.000.000) 10/09 00:37:12 Image size of job updated: 243432
	156  -  MemoryUsage of job (MB)
	159720  -  ResidentSetSize of job (KB)
...
006 (3282607.000.000) 10/09 00:39:08 Image size of job updated: 265636
	157  -  MemoryUsage of job (MB)
	160160  -  ResidentSetSize of job (KB)
...
040 (3282607.000.000) 10/09 00:39:08 Started transferring output files
...
040 (3282607.000.000) 10/09 00:39:08 Finished transferring output files
...
005 (3282607.000.000) 10/09 00:39:08 Job terminated.
	(1) Normal termination (return value 0)
		Usr 0 00:01:29, Sys 0 00:00:06  -  Run Remote Usage
		Usr 0 00:00:00, Sys 0 00:00:00  -  Run Local Usage
		Usr 0 00:01:29, Sys 0 00:00:06  -  Total Remote Usage
		Usr 0 00:00:00, Sys 0 00:00:00  -  Total Local Usage
	98022  -  Run Bytes Sent By Job
	2236  -  Run Bytes Received By Job
	98022  -  Total Bytes Sent By Job
	2236  -  Total Bytes Received By Job
	Partitionable Resources :    Usage  Request Allocated 
	   Cpus                 :                 1           
	   Disk (KB)            :  1872085        3   2996451 
	   Memory (MB)          :      157     2000      2000 
...
