000 (3282724.000.000) 10/09 00:37:10 Job submitted from host: <137.138.44.75:9618?addrs=137.138.44.75-9618+[2001-1458-d00-1a--b]-9618&alias=bigbird14.cern.ch&noUDP&sock=schedd_2873_37ae_40>
...
040 (3282724.000.000) 10/09 00:37:22 Started transferring input files
	Transferring to host: <188.184.133.13:9618?addrs=188.184.133.13-9618+[2001-1458-301-a0--100-10e]-9618&noUDP&sock=2884_c9ee_19937>
...
040 (3282724.000.000) 10/09 00:37:22 Finished transferring input files
...
001 (3282724.000.000) 10/09 00:37:23 Job executing on host: <188.184.133.13:9618?addrs=188.184.133.13-9618+[2001-1458-301-a0--100-10e]-9618&noUDP&sock=2329_1429_3>
...
006 (3282724.000.000) 10/09 00:37:31 Image size of job updated: 249392
	162  -  MemoryUsage of job (MB)
	165676  -  ResidentSetSize of job (KB)
...
006 (3282724.000.000) 10/09 00:38:37 Image size of job updated: 257660
	162  -  MemoryUsage of job (MB)
	165676  -  ResidentSetSize of job (KB)
...
040 (3282724.000.000) 10/09 00:38:37 Started transferring output files
...
040 (3282724.000.000) 10/09 00:38:37 Finished transferring output files
...
005 (3282724.000.000) 10/09 00:38:37 Job terminated.
	(1) Normal termination (return value 0)
		Usr 0 00:00:57, Sys 0 00:00:04  -  Run Remote Usage
		Usr 0 00:00:00, Sys 0 00:00:00  -  Run Local Usage
		Usr 0 00:00:57, Sys 0 00:00:04  -  Total Remote Usage
		Usr 0 00:00:00, Sys 0 00:00:00  -  Total Local Usage
	92533  -  Run Bytes Sent By Job
	2236  -  Run Bytes Received By Job
	92533  -  Total Bytes Sent By Job
	2236  -  Total Bytes Received By Job
	Partitionable Resources :    Usage  Request Allocated 
	   Cpus                 :                 1           
	   Disk (KB)            :  1075521        3   2036735 
	   Memory (MB)          :      162     2000      2000 
...
