000 (3282868.000.000) 10/09 00:39:32 Job submitted from host: <137.138.44.75:9618?addrs=137.138.44.75-9618+[2001-1458-d00-1a--b]-9618&alias=bigbird14.cern.ch&noUDP&sock=schedd_2873_37ae_40>
...
040 (3282868.000.000) 10/09 00:39:37 Started transferring input files
	Transferring to host: <188.184.213.27:9618?addrs=188.184.213.27-9618+[2001-1458-301-10c--100-fc]-9618&noUDP&sock=7694_de72_84442>
...
040 (3282868.000.000) 10/09 00:39:37 Finished transferring input files
...
001 (3282868.000.000) 10/09 00:39:38 Job executing on host: <188.184.213.27:9618?addrs=188.184.213.27-9618+[2001-1458-301-10c--100-fc]-9618&noUDP&sock=5684_5467_3>
...
006 (3282868.000.000) 10/09 00:39:47 Image size of job updated: 212008
	153  -  MemoryUsage of job (MB)
	156232  -  ResidentSetSize of job (KB)
...
006 (3282868.000.000) 10/09 00:40:52 Image size of job updated: 257896
	153  -  MemoryUsage of job (MB)
	156232  -  ResidentSetSize of job (KB)
...
040 (3282868.000.000) 10/09 00:40:53 Started transferring output files
...
040 (3282868.000.000) 10/09 00:40:53 Finished transferring output files
...
005 (3282868.000.000) 10/09 00:40:53 Job terminated.
	(1) Normal termination (return value 0)
		Usr 0 00:00:50, Sys 0 00:00:04  -  Run Remote Usage
		Usr 0 00:00:00, Sys 0 00:00:00  -  Run Local Usage
		Usr 0 00:00:50, Sys 0 00:00:04  -  Total Remote Usage
		Usr 0 00:00:00, Sys 0 00:00:00  -  Total Local Usage
	93065  -  Run Bytes Sent By Job
	2236  -  Run Bytes Received By Job
	93065  -  Total Bytes Sent By Job
	2236  -  Total Bytes Received By Job
	Partitionable Resources :    Usage  Request Allocated 
	   Cpus                 :                 1           
	   Disk (KB)            :   970280        3   2947675 
	   Memory (MB)          :      153     2000      2000 
...
