000 (3282544.000.000) 10/09 00:32:53 Job submitted from host: <137.138.44.75:9618?addrs=137.138.44.75-9618+[2001-1458-d00-1a--b]-9618&alias=bigbird14.cern.ch&noUDP&sock=schedd_2873_37ae_40>
...
040 (3282544.000.000) 10/09 00:34:38 Started transferring input files
	Transferring to host: <188.184.186.245:9618?addrs=188.184.186.245-9618+[2001-1458-301-f8--100-ed]-9618&noUDP&sock=4220_1f25_20134>
...
040 (3282544.000.000) 10/09 00:34:38 Finished transferring input files
...
001 (3282544.000.000) 10/09 00:34:39 Job executing on host: <188.184.186.245:9618?addrs=188.184.186.245-9618+[2001-1458-301-f8--100-ed]-9618&noUDP&sock=2339_f01b_3>
...
006 (3282544.000.000) 10/09 00:34:48 Image size of job updated: 116356
	65  -  MemoryUsage of job (MB)
	65636  -  ResidentSetSize of job (KB)
...
006 (3282544.000.000) 10/09 00:37:36 Image size of job updated: 882244
	65  -  MemoryUsage of job (MB)
	66036  -  ResidentSetSize of job (KB)
...
040 (3282544.000.000) 10/09 00:37:36 Started transferring output files
...
040 (3282544.000.000) 10/09 00:37:36 Finished transferring output files
...
005 (3282544.000.000) 10/09 00:37:36 Job terminated.
	(1) Normal termination (return value 0)
		Usr 0 00:02:03, Sys 0 00:00:08  -  Run Remote Usage
		Usr 0 00:00:00, Sys 0 00:00:00  -  Run Local Usage
		Usr 0 00:02:03, Sys 0 00:00:08  -  Total Remote Usage
		Usr 0 00:00:00, Sys 0 00:00:00  -  Total Local Usage
	97530  -  Run Bytes Sent By Job
	2236  -  Run Bytes Received By Job
	97530  -  Total Bytes Sent By Job
	2236  -  Total Bytes Received By Job
	Partitionable Resources :    Usage  Request Allocated 
	   Cpus                 :                 1           
	   Disk (KB)            :  2657650        3   2062836 
	   Memory (MB)          :       65     2000      2000 
...
