000 (3283283.000.000) 10/09 00:48:41 Job submitted from host: <137.138.44.75:9618?addrs=137.138.44.75-9618+[2001-1458-d00-1a--b]-9618&alias=bigbird14.cern.ch&noUDP&sock=schedd_2873_37ae_40>
...
040 (3283283.000.000) 10/09 00:57:26 Started transferring input files
	Transferring to host: <188.185.197.30:9618?addrs=188.185.197.30-9618+[2001-1459-301-49--100-1c]-9618&noUDP&sock=17250_ef77_79730>
...
040 (3283283.000.000) 10/09 00:57:27 Finished transferring input files
...
001 (3283283.000.000) 10/09 00:57:28 Job executing on host: <188.185.197.30:9618?addrs=188.185.197.30-9618+[2001-1459-301-49--100-1c]-9618&noUDP&sock=17117_6aaf_3>
...
006 (3283283.000.000) 10/09 00:57:36 Image size of job updated: 72
	1  -  MemoryUsage of job (MB)
	72  -  ResidentSetSize of job (KB)
...
006 (3283283.000.000) 10/09 01:02:36 Image size of job updated: 13912
	12  -  MemoryUsage of job (MB)
	11292  -  ResidentSetSize of job (KB)
...
006 (3283283.000.000) 10/09 01:07:36 Image size of job updated: 82252
	71  -  MemoryUsage of job (MB)
	72364  -  ResidentSetSize of job (KB)
...
006 (3283283.000.000) 10/09 01:12:59 Image size of job updated: 195132
	166  -  MemoryUsage of job (MB)
	169040  -  ResidentSetSize of job (KB)
...
006 (3283283.000.000) 10/09 01:17:38 Image size of job updated: 271604
	241  -  MemoryUsage of job (MB)
	246488  -  ResidentSetSize of job (KB)
...
040 (3283283.000.000) 10/09 01:25:42 Started transferring output files
...
040 (3283283.000.000) 10/09 01:25:43 Finished transferring output files
...
005 (3283283.000.000) 10/09 01:25:43 Job terminated.
	(1) Normal termination (return value 0)
		Usr 0 00:09:26, Sys 0 00:00:42  -  Run Remote Usage
		Usr 0 00:00:00, Sys 0 00:00:00  -  Run Local Usage
		Usr 0 00:09:26, Sys 0 00:00:42  -  Total Remote Usage
		Usr 0 00:00:00, Sys 0 00:00:00  -  Total Local Usage
	130662  -  Run Bytes Sent By Job
	2232  -  Run Bytes Received By Job
	130662  -  Total Bytes Sent By Job
	2232  -  Total Bytes Received By Job
	Partitionable Resources :    Usage  Request Allocated 
	   Cpus                 :                 1           
	   Disk (KB)            : 11837447        3   3988076 
	   Memory (MB)          :      241     2000      2000 
...
