000 (3356091.000.000) 10/20 19:14:20 Job submitted from host: <137.138.44.75:9618?addrs=137.138.44.75-9618+[2001-1458-d00-1a--b]-9618&alias=bigbird14.cern.ch&noUDP&sock=schedd_2873_37ae_40>
...
040 (3356091.000.000) 10/20 19:19:58 Started transferring input files
	Transferring to host: <128.142.111.253:9618?addrs=128.142.111.253-9618+[--1]-9618&noUDP&sock=14022_8473_26286>
...
040 (3356091.000.000) 10/20 19:19:58 Finished transferring input files
...
001 (3356091.000.000) 10/20 19:19:59 Job executing on host: <128.142.111.253:9618?addrs=128.142.111.253-9618+[--1]-9618&noUDP&sock=13885_8898_3>
...
006 (3356091.000.000) 10/20 19:20:08 Image size of job updated: 164
	1  -  MemoryUsage of job (MB)
	152  -  ResidentSetSize of job (KB)
...
006 (3356091.000.000) 10/20 19:25:09 Image size of job updated: 330480
	256  -  MemoryUsage of job (MB)
	261280  -  ResidentSetSize of job (KB)
...
040 (3356091.000.000) 10/20 20:05:30 Started transferring output files
...
040 (3356091.000.000) 10/20 20:05:30 Finished transferring output files
...
005 (3356091.000.000) 10/20 20:05:30 Job terminated.
	(1) Normal termination (return value 0)
		Usr 0 00:31:47, Sys 0 00:02:19  -  Run Remote Usage
		Usr 0 00:00:00, Sys 0 00:00:00  -  Run Local Usage
		Usr 0 00:31:47, Sys 0 00:02:19  -  Total Remote Usage
		Usr 0 00:00:00, Sys 0 00:00:00  -  Total Local Usage
	172989  -  Run Bytes Sent By Job
	2190  -  Run Bytes Received By Job
	172989  -  Total Bytes Sent By Job
	2190  -  Total Bytes Received By Job
	Partitionable Resources :    Usage  Request Allocated 
	   Cpus                 :                 1           
	   Disk (KB)            : 35437140        3   2125937 
	   Memory (MB)          :      256     2000      2000 
...
