000 (3355979.000.000) 10/20 19:10:46 Job submitted from host: <137.138.44.75:9618?addrs=137.138.44.75-9618+[2001-1458-d00-1a--b]-9618&alias=bigbird14.cern.ch&noUDP&sock=schedd_2873_37ae_40>
...
040 (3355979.000.000) 10/20 19:13:50 Started transferring input files
	Transferring to host: <188.184.183.199:9618?addrs=188.184.183.199-9618+[2001-1458-301-2b--100-1ab]-9618&noUDP&sock=5123_5de9_25498>
...
040 (3355979.000.000) 10/20 19:13:50 Finished transferring input files
...
001 (3355979.000.000) 10/20 19:13:51 Job executing on host: <188.184.183.199:9618?addrs=188.184.183.199-9618+[2001-1458-301-2b--100-1ab]-9618&noUDP&sock=3300_1a9f_3>
...
006 (3355979.000.000) 10/20 19:14:00 Image size of job updated: 108180
	62  -  MemoryUsage of job (MB)
	62636  -  ResidentSetSize of job (KB)
...
006 (3355979.000.000) 10/20 19:19:01 Image size of job updated: 261600
	174  -  MemoryUsage of job (MB)
	178080  -  ResidentSetSize of job (KB)
...
006 (3355979.000.000) 10/20 19:24:01 Image size of job updated: 316372
	221  -  MemoryUsage of job (MB)
	225692  -  ResidentSetSize of job (KB)
...
006 (3355979.000.000) 10/20 19:29:01 Image size of job updated: 316372
	223  -  MemoryUsage of job (MB)
	227508  -  ResidentSetSize of job (KB)
...
006 (3355979.000.000) 10/20 19:39:02 Image size of job updated: 316372
	248  -  MemoryUsage of job (MB)
	253644  -  ResidentSetSize of job (KB)
...
006 (3355979.000.000) 10/20 19:43:05 Image size of job updated: 812308
	252  -  MemoryUsage of job (MB)
	257740  -  ResidentSetSize of job (KB)
...
040 (3355979.000.000) 10/20 19:43:05 Started transferring output files
...
040 (3355979.000.000) 10/20 19:43:05 Finished transferring output files
...
005 (3355979.000.000) 10/20 19:43:05 Job terminated.
	(1) Normal termination (return value 0)
		Usr 0 00:23:27, Sys 0 00:01:20  -  Run Remote Usage
		Usr 0 00:00:00, Sys 0 00:00:00  -  Run Local Usage
		Usr 0 00:23:27, Sys 0 00:01:20  -  Total Remote Usage
		Usr 0 00:00:00, Sys 0 00:00:00  -  Total Local Usage
	173121  -  Run Bytes Sent By Job
	2190  -  Run Bytes Received By Job
	173121  -  Total Bytes Sent By Job
	2190  -  Total Bytes Received By Job
	Partitionable Resources :    Usage  Request Allocated 
	   Cpus                 :                 1           
	   Disk (KB)            : 23748727        3   2877539 
	   Memory (MB)          :      252     2000      2000 
...
