000 (3283669.000.000) 10/09 00:55:08 Job submitted from host: <137.138.44.75:9618?addrs=137.138.44.75-9618+[2001-1458-d00-1a--b]-9618&alias=bigbird14.cern.ch&noUDP&sock=schedd_2873_37ae_40>
...
040 (3283669.000.000) 10/09 01:46:38 Started transferring input files
	Transferring to host: <128.142.101.196:9618?addrs=128.142.101.196-9618+[2001-1458-301-89--100-1ce]-9618&noUDP&sock=3654_52ce_31985>
...
040 (3283669.000.000) 10/09 01:46:38 Finished transferring input files
...
001 (3283669.000.000) 10/09 01:46:39 Job executing on host: <128.142.101.196:9618?addrs=128.142.101.196-9618+[2001-1458-301-89--100-1ce]-9618&noUDP&sock=1824_b0d5_3>
...
006 (3283669.000.000) 10/09 01:46:47 Image size of job updated: 205912
	147  -  MemoryUsage of job (MB)
	150136  -  ResidentSetSize of job (KB)
...
006 (3283669.000.000) 10/09 01:51:47 Image size of job updated: 274960
	224  -  MemoryUsage of job (MB)
	228360  -  ResidentSetSize of job (KB)
...
006 (3283669.000.000) 10/09 02:01:48 Image size of job updated: 330636
	240  -  MemoryUsage of job (MB)
	245020  -  ResidentSetSize of job (KB)
...
040 (3283669.000.000) 10/09 02:02:11 Started transferring output files
...
040 (3283669.000.000) 10/09 02:02:11 Finished transferring output files
...
005 (3283669.000.000) 10/09 02:02:11 Job terminated.
	(1) Normal termination (return value 0)
		Usr 0 00:11:27, Sys 0 00:00:39  -  Run Remote Usage
		Usr 0 00:00:00, Sys 0 00:00:00  -  Run Local Usage
		Usr 0 00:11:27, Sys 0 00:00:39  -  Total Remote Usage
		Usr 0 00:00:00, Sys 0 00:00:00  -  Total Local Usage
	130706  -  Run Bytes Sent By Job
	2232  -  Run Bytes Received By Job
	130706  -  Total Bytes Sent By Job
	2232  -  Total Bytes Received By Job
	Partitionable Resources :    Usage  Request Allocated 
	   Cpus                 :                 1           
	   Disk (KB)            : 14784785        3   2086339 
	   Memory (MB)          :      240     2000      2000 
...
