000 (3283333.000.000) 10/09 00:49:41 Job submitted from host: <137.138.44.75:9618?addrs=137.138.44.75-9618+[2001-1458-d00-1a--b]-9618&alias=bigbird14.cern.ch&noUDP&sock=schedd_2873_37ae_40>
...
040 (3283333.000.000) 10/09 00:57:28 Started transferring input files
	Transferring to host: <188.184.210.145:9618?addrs=188.184.210.145-9618+[2001-1458-301-10b--100-94]-9618&noUDP&sock=7634_97f0_118172>
...
040 (3283333.000.000) 10/09 00:57:28 Finished transferring input files
...
001 (3283333.000.000) 10/09 00:57:29 Job executing on host: <188.184.210.145:9618?addrs=188.184.210.145-9618+[2001-1458-301-10b--100-94]-9618&noUDP&sock=5677_873d_3>
...
006 (3283333.000.000) 10/09 00:57:38 Image size of job updated: 240044
	165  -  MemoryUsage of job (MB)
	168028  -  ResidentSetSize of job (KB)
...
006 (3283333.000.000) 10/09 01:02:39 Image size of job updated: 240044
	169  -  MemoryUsage of job (MB)
	172224  -  ResidentSetSize of job (KB)
...
040 (3283333.000.000) 10/09 01:08:19 Started transferring output files
...
040 (3283333.000.000) 10/09 01:08:19 Finished transferring output files
...
005 (3283333.000.000) 10/09 01:08:19 Job terminated.
	(1) Normal termination (return value 0)
		Usr 0 00:08:01, Sys 0 00:00:32  -  Run Remote Usage
		Usr 0 00:00:00, Sys 0 00:00:00  -  Run Local Usage
		Usr 0 00:08:01, Sys 0 00:00:32  -  Total Remote Usage
		Usr 0 00:00:00, Sys 0 00:00:00  -  Total Local Usage
	131174  -  Run Bytes Sent By Job
	2236  -  Run Bytes Received By Job
	131174  -  Total Bytes Sent By Job
	2236  -  Total Bytes Received By Job
	Partitionable Resources :    Usage  Request Allocated 
	   Cpus                 :                 1           
	   Disk (KB)            : 10024546        3   2984894 
	   Memory (MB)          :      169     2000      2000 
...
