000 (3356071.000.000) 10/20 19:13:50 Job submitted from host: <137.138.44.75:9618?addrs=137.138.44.75-9618+[2001-1458-d00-1a--b]-9618&alias=bigbird14.cern.ch&noUDP&sock=schedd_2873_37ae_40>
...
040 (3356071.000.000) 10/20 19:19:53 Started transferring input files
	Transferring to host: <128.142.105.72:9618?addrs=128.142.105.72-9618+[2001-1458-301-8b--100-15e]-9618&noUDP&sock=3532_5d09_38606>
...
040 (3356071.000.000) 10/20 19:19:53 Finished transferring input files
...
001 (3356071.000.000) 10/20 19:19:54 Job executing on host: <128.142.105.72:9618?addrs=128.142.105.72-9618+[2001-1458-301-8b--100-15e]-9618&noUDP&sock=1829_1ecf_3>
...
006 (3356071.000.000) 10/20 19:20:03 Image size of job updated: 89216
	39  -  MemoryUsage of job (MB)
	39112  -  ResidentSetSize of job (KB)
...
006 (3356071.000.000) 10/20 19:25:04 Image size of job updated: 190332
	150  -  MemoryUsage of job (MB)
	152820  -  ResidentSetSize of job (KB)
...
006 (3356071.000.000) 10/20 19:30:05 Image size of job updated: 190332
	152  -  MemoryUsage of job (MB)
	155252  -  ResidentSetSize of job (KB)
...
006 (3356071.000.000) 10/20 19:35:05 Image size of job updated: 193456
	152  -  MemoryUsage of job (MB)
	155252  -  ResidentSetSize of job (KB)
...
006 (3356071.000.000) 10/20 19:40:05 Image size of job updated: 197328
	152  -  MemoryUsage of job (MB)
	155252  -  ResidentSetSize of job (KB)
...
006 (3356071.000.000) 10/20 19:45:06 Image size of job updated: 200952
	152  -  MemoryUsage of job (MB)
	155252  -  ResidentSetSize of job (KB)
...
006 (3356071.000.000) 10/20 19:50:06 Image size of job updated: 204516
	152  -  MemoryUsage of job (MB)
	155252  -  ResidentSetSize of job (KB)
...
006 (3356071.000.000) 10/20 19:55:06 Image size of job updated: 208584
	152  -  MemoryUsage of job (MB)
	155252  -  ResidentSetSize of job (KB)
...
006 (3356071.000.000) 10/20 20:00:07 Image size of job updated: 210292
	152  -  MemoryUsage of job (MB)
	155252  -  ResidentSetSize of job (KB)
...
006 (3356071.000.000) 10/20 20:05:07 Image size of job updated: 213408
	152  -  MemoryUsage of job (MB)
	155252  -  ResidentSetSize of job (KB)
...
040 (3356071.000.000) 10/20 20:07:50 Started transferring output files
...
040 (3356071.000.000) 10/20 20:07:50 Finished transferring output files
...
005 (3356071.000.000) 10/20 20:07:50 Job terminated.
	(1) Normal termination (return value 0)
		Usr 0 00:38:13, Sys 0 00:02:05  -  Run Remote Usage
		Usr 0 00:00:00, Sys 0 00:00:00  -  Run Local Usage
		Usr 0 00:38:13, Sys 0 00:02:05  -  Total Remote Usage
		Usr 0 00:00:00, Sys 0 00:00:00  -  Total Local Usage
	172602  -  Run Bytes Sent By Job
	2190  -  Run Bytes Received By Job
	172602  -  Total Bytes Sent By Job
	2190  -  Total Bytes Received By Job
	Partitionable Resources :    Usage  Request Allocated 
	   Cpus                 :                 1           
	   Disk (KB)            : 36241764        3   1988741 
	   Memory (MB)          :      152     2000      2000 
...
