000 (3356021.000.000) 10/20 19:12:22 Job submitted from host: <137.138.44.75:9618?addrs=137.138.44.75-9618+[2001-1458-d00-1a--b]-9618&alias=bigbird14.cern.ch&noUDP&sock=schedd_2873_37ae_40>
...
040 (3356021.000.000) 10/20 19:13:59 Started transferring input files
	Transferring to host: <188.184.182.229:9618?addrs=188.184.182.229-9618+[2001-1458-301-2b--100-10b]-9618&noUDP&sock=3965_737a_25682>
...
040 (3356021.000.000) 10/20 19:13:59 Finished transferring input files
...
001 (3356021.000.000) 10/20 19:14:00 Job executing on host: <188.184.182.229:9618?addrs=188.184.182.229-9618+[2001-1458-301-2b--100-10b]-9618&noUDP&sock=3284_211b_3>
...
006 (3356021.000.000) 10/20 19:14:09 Image size of job updated: 179208
	121  -  MemoryUsage of job (MB)
	123496  -  ResidentSetSize of job (KB)
...
006 (3356021.000.000) 10/20 19:19:09 Image size of job updated: 401796
	308  -  MemoryUsage of job (MB)
	314460  -  ResidentSetSize of job (KB)
...
006 (3356021.000.000) 10/20 19:26:43 Image size of job updated: 866268
	308  -  MemoryUsage of job (MB)
	314460  -  ResidentSetSize of job (KB)
...
040 (3356021.000.000) 10/20 19:26:43 Started transferring output files
...
040 (3356021.000.000) 10/20 19:26:44 Finished transferring output files
...
005 (3356021.000.000) 10/20 19:26:44 Job terminated.
	(1) Normal termination (return value 0)
		Usr 0 00:09:39, Sys 0 00:00:35  -  Run Remote Usage
		Usr 0 00:00:00, Sys 0 00:00:00  -  Run Local Usage
		Usr 0 00:09:39, Sys 0 00:00:35  -  Total Remote Usage
		Usr 0 00:00:00, Sys 0 00:00:00  -  Total Local Usage
	118531  -  Run Bytes Sent By Job
	2190  -  Run Bytes Received By Job
	118531  -  Total Bytes Sent By Job
	2190  -  Total Bytes Received By Job
	Partitionable Resources :    Usage  Request Allocated 
	   Cpus                 :                 1           
	   Disk (KB)            : 13094969        3   2788094 
	   Memory (MB)          :      308     2000      2000 
...
