000 (3282516.000.000) 10/09 00:32:16 Job submitted from host: <137.138.44.75:9618?addrs=137.138.44.75-9618+[2001-1458-d00-1a--b]-9618&alias=bigbird14.cern.ch&noUDP&sock=schedd_2873_37ae_40>
...
040 (3282516.000.000) 10/09 00:34:33 Started transferring input files
	Transferring to host: <128.142.133.18:9618?addrs=128.142.133.18-9618+[2001-1458-301-32--100-d]-9618&noUDP&sock=4579_11d3_19947>
...
040 (3282516.000.000) 10/09 00:34:33 Finished transferring input files
...
001 (3282516.000.000) 10/09 00:34:34 Job executing on host: <128.142.133.18:9618?addrs=128.142.133.18-9618+[2001-1458-301-32--100-d]-9618&noUDP&sock=2393_fa39_3>
...
006 (3282516.000.000) 10/09 00:34:42 Image size of job updated: 197584
	139  -  MemoryUsage of job (MB)
	141912  -  ResidentSetSize of job (KB)
...
006 (3282516.000.000) 10/09 00:37:42 Image size of job updated: 267384
	143  -  MemoryUsage of job (MB)
	146012  -  ResidentSetSize of job (KB)
...
040 (3282516.000.000) 10/09 00:37:42 Started transferring output files
...
040 (3282516.000.000) 10/09 00:37:43 Finished transferring output files
...
005 (3282516.000.000) 10/09 00:37:43 Job terminated.
	(1) Normal termination (return value 0)
		Usr 0 00:02:23, Sys 0 00:00:10  -  Run Remote Usage
		Usr 0 00:00:00, Sys 0 00:00:00  -  Run Local Usage
		Usr 0 00:02:23, Sys 0 00:00:10  -  Total Remote Usage
		Usr 0 00:00:00, Sys 0 00:00:00  -  Total Local Usage
	98035  -  Run Bytes Sent By Job
	2232  -  Run Bytes Received By Job
	98035  -  Total Bytes Sent By Job
	2232  -  Total Bytes Received By Job
	Partitionable Resources :    Usage  Request Allocated 
	   Cpus                 :                 1           
	   Disk (KB)            :  2559666        3   1796928 
	   Memory (MB)          :      143     2000      2000 
...
