000 (3282626.000.000) 10/09 00:34:44 Job submitted from host: <137.138.44.75:9618?addrs=137.138.44.75-9618+[2001-1458-d00-1a--b]-9618&alias=bigbird14.cern.ch&noUDP&sock=schedd_2873_37ae_40>
...
040 (3282626.000.000) 10/09 00:37:06 Started transferring input files
	Transferring to host: <188.184.190.117:9618?addrs=188.184.190.117-9618+[2001-1458-301-4b--100-75]-9618&noUDP&sock=8555_8575_136413>
...
040 (3282626.000.000) 10/09 00:37:06 Finished transferring input files
...
001 (3282626.000.000) 10/09 00:37:07 Job executing on host: <188.184.190.117:9618?addrs=188.184.190.117-9618+[2001-1458-301-4b--100-75]-9618&noUDP&sock=5622_cd88_3>
...
006 (3282626.000.000) 10/09 00:37:16 Image size of job updated: 133948
	76  -  MemoryUsage of job (MB)
	77752  -  ResidentSetSize of job (KB)
...
006 (3282626.000.000) 10/09 00:39:18 Image size of job updated: 273068
	77  -  MemoryUsage of job (MB)
	78204  -  ResidentSetSize of job (KB)
...
040 (3282626.000.000) 10/09 00:39:18 Started transferring output files
...
040 (3282626.000.000) 10/09 00:39:18 Finished transferring output files
...
005 (3282626.000.000) 10/09 00:39:18 Job terminated.
	(1) Normal termination (return value 0)
		Usr 0 00:01:33, Sys 0 00:00:07  -  Run Remote Usage
		Usr 0 00:00:00, Sys 0 00:00:00  -  Run Local Usage
		Usr 0 00:01:33, Sys 0 00:00:07  -  Total Remote Usage
		Usr 0 00:00:00, Sys 0 00:00:00  -  Total Local Usage
	98026  -  Run Bytes Sent By Job
	2236  -  Run Bytes Received By Job
	98026  -  Total Bytes Sent By Job
	2236  -  Total Bytes Received By Job
	Partitionable Resources :    Usage  Request Allocated 
	   Cpus                 :                 1           
	   Disk (KB)            :  1845343        3   3167555 
	   Memory (MB)          :       77     2000      2000 
...
