000 (3282746.000.000) 10/09 00:37:31 Job submitted from host: <137.138.44.75:9618?addrs=137.138.44.75-9618+[2001-1458-d00-1a--b]-9618&alias=bigbird14.cern.ch&noUDP&sock=schedd_2873_37ae_40>
...
040 (3282746.000.000) 10/09 00:37:34 Started transferring input files
	Transferring to host: <188.184.132.118:9618?addrs=188.184.132.118-9618+[2001-1458-301-a0--100-6f]-9618&noUDP&sock=2981_2252_19756>
...
040 (3282746.000.000) 10/09 00:37:34 Finished transferring input files
...
001 (3282746.000.000) 10/09 00:37:35 Job executing on host: <188.184.132.118:9618?addrs=188.184.132.118-9618+[2001-1458-301-a0--100-6f]-9618&noUDP&sock=2322_46ff_3>
...
006 (3282746.000.000) 10/09 00:37:44 Image size of job updated: 250332
	163  -  MemoryUsage of job (MB)
	166616  -  ResidentSetSize of job (KB)
...
006 (3282746.000.000) 10/09 00:38:44 Image size of job updated: 261884
	163  -  MemoryUsage of job (MB)
	166616  -  ResidentSetSize of job (KB)
...
040 (3282746.000.000) 10/09 00:38:44 Started transferring output files
...
040 (3282746.000.000) 10/09 00:38:44 Finished transferring output files
...
005 (3282746.000.000) 10/09 00:38:44 Job terminated.
	(1) Normal termination (return value 0)
		Usr 0 00:00:51, Sys 0 00:00:04  -  Run Remote Usage
		Usr 0 00:00:00, Sys 0 00:00:00  -  Run Local Usage
		Usr 0 00:00:51, Sys 0 00:00:04  -  Total Remote Usage
		Usr 0 00:00:00, Sys 0 00:00:00  -  Total Local Usage
	92571  -  Run Bytes Sent By Job
	2236  -  Run Bytes Received By Job
	92571  -  Total Bytes Sent By Job
	2236  -  Total Bytes Received By Job
	Partitionable Resources :    Usage  Request Allocated 
	   Cpus                 :                 1           
	   Disk (KB)            :   825904        3   1949134 
	   Memory (MB)          :      163     2000      2000 
...
