000 (3282667.000.000) 10/09 00:35:50 Job submitted from host: <137.138.44.75:9618?addrs=137.138.44.75-9618+[2001-1458-d00-1a--b]-9618&alias=bigbird14.cern.ch&noUDP&sock=schedd_2873_37ae_40>
...
040 (3282667.000.000) 10/09 00:37:14 Started transferring input files
	Transferring to host: <188.184.138.8:9618?addrs=188.184.138.8-9618+[2001-1458-301-45--100-12]-9618&noUDP&sock=31712_b903_134909>
...
040 (3282667.000.000) 10/09 00:37:14 Finished transferring input files
...
001 (3282667.000.000) 10/09 00:37:15 Job executing on host: <188.184.138.8:9618?addrs=188.184.138.8-9618+[2001-1458-301-45--100-12]-9618&noUDP&sock=5618_0f27_3>
...
006 (3282667.000.000) 10/09 00:37:23 Image size of job updated: 111036
	62  -  MemoryUsage of job (MB)
	63404  -  ResidentSetSize of job (KB)
...
006 (3282667.000.000) 10/09 00:39:37 Image size of job updated: 263596
	62  -  MemoryUsage of job (MB)
	63428  -  ResidentSetSize of job (KB)
...
040 (3282667.000.000) 10/09 00:39:37 Started transferring output files
...
040 (3282667.000.000) 10/09 00:39:37 Finished transferring output files
...
005 (3282667.000.000) 10/09 00:39:37 Job terminated.
	(1) Normal termination (return value 0)
		Usr 0 00:01:43, Sys 0 00:00:08  -  Run Remote Usage
		Usr 0 00:00:00, Sys 0 00:00:00  -  Run Local Usage
		Usr 0 00:01:43, Sys 0 00:00:08  -  Total Remote Usage
		Usr 0 00:00:00, Sys 0 00:00:00  -  Total Local Usage
	98027  -  Run Bytes Sent By Job
	2236  -  Run Bytes Received By Job
	98027  -  Total Bytes Sent By Job
	2236  -  Total Bytes Received By Job
	Partitionable Resources :    Usage  Request Allocated 
	   Cpus                 :                 1           
	   Disk (KB)            :  1932085        3   2972277 
	   Memory (MB)          :       62     2000      2000 
...
