000 (3283641.000.000) 10/09 00:54:45 Job submitted from host: <137.138.44.75:9618?addrs=137.138.44.75-9618+[2001-1458-d00-1a--b]-9618&alias=bigbird14.cern.ch&noUDP&sock=schedd_2873_37ae_40>
...
040 (3283641.000.000) 10/09 01:10:41 Started transferring input files
	Transferring to host: <188.184.186.151:9618?addrs=188.184.186.151-9618+[2001-1458-301-f8--100-93]-9618&noUDP&sock=4026_6e5d_20933>
...
040 (3283641.000.000) 10/09 01:10:41 Finished transferring input files
...
001 (3283641.000.000) 10/09 01:10:42 Job executing on host: <188.184.186.151:9618?addrs=188.184.186.151-9618+[2001-1458-301-f8--100-93]-9618&noUDP&sock=2329_1429_3>
...
006 (3283641.000.000) 10/09 01:10:51 Image size of job updated: 246692
	163  -  MemoryUsage of job (MB)
	166328  -  ResidentSetSize of job (KB)
...
006 (3283641.000.000) 10/09 01:15:51 Image size of job updated: 246692
	169  -  MemoryUsage of job (MB)
	172668  -  ResidentSetSize of job (KB)
...
040 (3283641.000.000) 10/09 01:23:07 Entered queue to transfer output files
...
040 (3283641.000.000) 10/09 01:25:17 Started transferring output files
...
040 (3283641.000.000) 10/09 01:25:17 Finished transferring output files
...
005 (3283641.000.000) 10/09 01:25:19 Job terminated.
	(1) Normal termination (return value 0)
		Usr 0 00:06:19, Sys 0 00:00:23  -  Run Remote Usage
		Usr 0 00:00:00, Sys 0 00:00:00  -  Run Local Usage
		Usr 0 00:06:19, Sys 0 00:00:23  -  Total Remote Usage
		Usr 0 00:00:00, Sys 0 00:00:00  -  Total Local Usage
	108187  -  Run Bytes Sent By Job
	2236  -  Run Bytes Received By Job
	108187  -  Total Bytes Sent By Job
	2236  -  Total Bytes Received By Job
	Partitionable Resources :    Usage  Request Allocated 
	   Cpus                 :                 1           
	   Disk (KB)            :  7369161        3   2152942 
	   Memory (MB)          :      169     2000      2000 
...
