000 (3282773.000.000) 10/09 00:37:56 Job submitted from host: <137.138.44.75:9618?addrs=137.138.44.75-9618+[2001-1458-d00-1a--b]-9618&alias=bigbird14.cern.ch&noUDP&sock=schedd_2873_37ae_40>
...
040 (3282773.000.000) 10/09 00:38:18 Started transferring input files
	Transferring to host: <128.142.133.45:9618?addrs=128.142.133.45-9618+[2001-1458-301-32--100-14]-9618&noUDP&sock=4449_790e_20270>
...
040 (3282773.000.000) 10/09 00:38:18 Finished transferring input files
...
001 (3282773.000.000) 10/09 00:38:19 Job executing on host: <128.142.133.45:9618?addrs=128.142.133.45-9618+[2001-1458-301-32--100-14]-9618&noUDP&sock=2399_17ca_3>
...
006 (3282773.000.000) 10/09 00:38:28 Image size of job updated: 250304
	163  -  MemoryUsage of job (MB)
	166588  -  ResidentSetSize of job (KB)
...
006 (3282773.000.000) 10/09 00:39:39 Image size of job updated: 268168
	163  -  MemoryUsage of job (MB)
	166588  -  ResidentSetSize of job (KB)
...
040 (3282773.000.000) 10/09 00:39:39 Started transferring output files
...
040 (3282773.000.000) 10/09 00:39:39 Finished transferring output files
...
005 (3282773.000.000) 10/09 00:39:40 Job terminated.
	(1) Normal termination (return value 0)
		Usr 0 00:00:58, Sys 0 00:00:05  -  Run Remote Usage
		Usr 0 00:00:00, Sys 0 00:00:00  -  Run Local Usage
		Usr 0 00:00:58, Sys 0 00:00:05  -  Total Remote Usage
		Usr 0 00:00:00, Sys 0 00:00:00  -  Total Local Usage
	93024  -  Run Bytes Sent By Job
	2236  -  Run Bytes Received By Job
	93024  -  Total Bytes Sent By Job
	2236  -  Total Bytes Received By Job
	Partitionable Resources :    Usage  Request Allocated 
	   Cpus                 :                 1           
	   Disk (KB)            :   945418        3   1980065 
	   Memory (MB)          :      163     2000      2000 
...
