000 (3355998.000.000) 10/20 19:11:29 Job submitted from host: <137.138.44.75:9618?addrs=137.138.44.75-9618+[2001-1458-d00-1a--b]-9618&alias=bigbird14.cern.ch&noUDP&sock=schedd_2873_37ae_40>
...
040 (3355998.000.000) 10/20 19:13:56 Started transferring input files
	Transferring to host: <188.184.183.16:9618?addrs=188.184.183.16-9618+[2001-1458-301-2b--100-110]-9618&noUDP&sock=3974_cadb_25036>
...
040 (3355998.000.000) 10/20 19:13:56 Finished transferring input files
...
001 (3355998.000.000) 10/20 19:13:57 Job executing on host: <188.184.183.16:9618?addrs=188.184.183.16-9618+[2001-1458-301-2b--100-110]-9618&noUDP&sock=3279_b322_3>
...
006 (3355998.000.000) 10/20 19:14:05 Image size of job updated: 66588
	32  -  MemoryUsage of job (MB)
	32168  -  ResidentSetSize of job (KB)
...
006 (3355998.000.000) 10/20 19:19:05 Image size of job updated: 257832
	168  -  MemoryUsage of job (MB)
	171796  -  ResidentSetSize of job (KB)
...
006 (3355998.000.000) 10/20 19:24:06 Image size of job updated: 257832
	172  -  MemoryUsage of job (MB)
	175544  -  ResidentSetSize of job (KB)
...
006 (3355998.000.000) 10/20 19:39:07 Image size of job updated: 277696
	224  -  MemoryUsage of job (MB)
	228556  -  ResidentSetSize of job (KB)
...
006 (3355998.000.000) 10/20 19:44:08 Image size of job updated: 282436
	225  -  MemoryUsage of job (MB)
	230364  -  ResidentSetSize of job (KB)
...
006 (3355998.000.000) 10/20 19:45:48 Image size of job updated: 622308
	225  -  MemoryUsage of job (MB)
	230364  -  ResidentSetSize of job (KB)
...
040 (3355998.000.000) 10/20 19:45:48 Started transferring output files
...
040 (3355998.000.000) 10/20 19:45:48 Finished transferring output files
...
005 (3355998.000.000) 10/20 19:45:49 Job terminated.
	(1) Normal termination (return value 0)
		Usr 0 00:25:29, Sys 0 00:01:21  -  Run Remote Usage
		Usr 0 00:00:00, Sys 0 00:00:00  -  Run Local Usage
		Usr 0 00:25:29, Sys 0 00:01:21  -  Total Remote Usage
		Usr 0 00:00:00, Sys 0 00:00:00  -  Total Local Usage
	173022  -  Run Bytes Sent By Job
	2190  -  Run Bytes Received By Job
	173022  -  Total Bytes Sent By Job
	2190  -  Total Bytes Received By Job
	Partitionable Resources :    Usage  Request Allocated 
	   Cpus                 :                 1           
	   Disk (KB)            : 23680285        3   2770792 
	   Memory (MB)          :      225     2000      2000 
...
