000 (3282512.000.000) 10/09 00:31:49 Job submitted from host: <137.138.44.75:9618?addrs=137.138.44.75-9618+[2001-1458-d00-1a--b]-9618&alias=bigbird14.cern.ch&noUDP&sock=schedd_2873_37ae_40>
...
040 (3282512.000.000) 10/09 00:34:32 Started transferring input files
	Transferring to host: <128.142.133.23:9618?addrs=128.142.133.23-9618+[2001-1458-301-32--100-13]-9618&noUDP&sock=4561_6313_20210>
...
040 (3282512.000.000) 10/09 00:34:32 Finished transferring input files
...
001 (3282512.000.000) 10/09 00:34:33 Job executing on host: <128.142.133.23:9618?addrs=128.142.133.23-9618+[2001-1458-301-32--100-13]-9618&noUDP&sock=2390_eb70_3>
...
006 (3282512.000.000) 10/09 00:34:42 Image size of job updated: 95552
	44  -  MemoryUsage of job (MB)
	44964  -  ResidentSetSize of job (KB)
...
006 (3282512.000.000) 10/09 00:36:58 Image size of job updated: 264788
	44  -  MemoryUsage of job (MB)
	45020  -  ResidentSetSize of job (KB)
...
040 (3282512.000.000) 10/09 00:36:58 Started transferring output files
...
040 (3282512.000.000) 10/09 00:36:59 Finished transferring output files
...
005 (3282512.000.000) 10/09 00:36:59 Job terminated.
	(1) Normal termination (return value 0)
		Usr 0 00:01:41, Sys 0 00:00:07  -  Run Remote Usage
		Usr 0 00:00:00, Sys 0 00:00:00  -  Run Local Usage
		Usr 0 00:01:41, Sys 0 00:00:07  -  Total Remote Usage
		Usr 0 00:00:00, Sys 0 00:00:00  -  Total Local Usage
	98011  -  Run Bytes Sent By Job
	2232  -  Run Bytes Received By Job
	98011  -  Total Bytes Sent By Job
	2232  -  Total Bytes Received By Job
	Partitionable Resources :    Usage  Request Allocated 
	   Cpus                 :                 1           
	   Disk (KB)            :  1936767        3   2052484 
	   Memory (MB)          :       44     2000      2000 
...
