000 (3282687.000.000) 10/09 00:36:36 Job submitted from host: <137.138.44.75:9618?addrs=137.138.44.75-9618+[2001-1458-d00-1a--b]-9618&alias=bigbird14.cern.ch&noUDP&sock=schedd_2873_37ae_40>
...
040 (3282687.000.000) 10/09 00:37:18 Started transferring input files
	Transferring to host: <188.184.211.102:9618?addrs=188.184.211.102-9618+[2001-1458-301-10b--100-17c]-9618&noUDP&sock=20535_83dc_135716>
...
040 (3282687.000.000) 10/09 00:37:18 Finished transferring input files
...
001 (3282687.000.000) 10/09 00:37:19 Job executing on host: <188.184.211.102:9618?addrs=188.184.211.102-9618+[2001-1458-301-10b--100-17c]-9618&noUDP&sock=20399_9883_3>
...
006 (3282687.000.000) 10/09 00:37:28 Image size of job updated: 119948
	67  -  MemoryUsage of job (MB)
	68332  -  ResidentSetSize of job (KB)
...
040 (3282687.000.000) 10/09 00:40:24 Started transferring output files
...
040 (3282687.000.000) 10/09 00:40:25 Finished transferring output files
...
005 (3282687.000.000) 10/09 00:40:26 Job terminated.
	(1) Normal termination (return value 0)
		Usr 0 00:02:24, Sys 0 00:00:08  -  Run Remote Usage
		Usr 0 00:00:00, Sys 0 00:00:00  -  Run Local Usage
		Usr 0 00:02:24, Sys 0 00:00:08  -  Total Remote Usage
		Usr 0 00:00:00, Sys 0 00:00:00  -  Total Local Usage
	97223  -  Run Bytes Sent By Job
	2236  -  Run Bytes Received By Job
	97223  -  Total Bytes Sent By Job
	2236  -  Total Bytes Received By Job
	Partitionable Resources :    Usage  Request Allocated 
	   Cpus                 :                 1           
	   Disk (KB)            :  2029616        3   2631475 
	   Memory (MB)          :       67     2000      2000 
...
