000 (3282760.000.000) 10/09 00:37:46 Job submitted from host: <137.138.44.75:9618?addrs=137.138.44.75-9618+[2001-1458-d00-1a--b]-9618&alias=bigbird14.cern.ch&noUDP&sock=schedd_2873_37ae_40>
...
040 (3282760.000.000) 10/09 00:37:55 Started transferring input files
	Transferring to host: <188.184.133.199:9618?addrs=188.184.133.199-9618+[2001-1458-301-a0--100-1b6]-9618&noUDP&sock=4203_24c4_19829>
...
040 (3282760.000.000) 10/09 00:37:55 Finished transferring input files
...
001 (3282760.000.000) 10/09 00:37:56 Job executing on host: <188.184.133.199:9618?addrs=188.184.133.199-9618+[2001-1458-301-a0--100-1b6]-9618&noUDP&sock=2356_9938_3>
...
006 (3282760.000.000) 10/09 00:38:04 Image size of job updated: 247064
	163  -  MemoryUsage of job (MB)
	166580  -  ResidentSetSize of job (KB)
...
040 (3282760.000.000) 10/09 00:39:14 Started transferring output files
...
040 (3282760.000.000) 10/09 00:39:15 Finished transferring output files
...
005 (3282760.000.000) 10/09 00:39:15 Job terminated.
	(1) Normal termination (return value 0)
		Usr 0 00:01:00, Sys 0 00:00:04  -  Run Remote Usage
		Usr 0 00:00:00, Sys 0 00:00:00  -  Run Local Usage
		Usr 0 00:01:00, Sys 0 00:00:04  -  Total Remote Usage
		Usr 0 00:00:00, Sys 0 00:00:00  -  Total Local Usage
	92531  -  Run Bytes Sent By Job
	2236  -  Run Bytes Received By Job
	92531  -  Total Bytes Sent By Job
	2236  -  Total Bytes Received By Job
	Partitionable Resources :    Usage  Request Allocated 
	   Cpus                 :                 1           
	   Disk (KB)            :  1119757        3   2128636 
	   Memory (MB)          :      163     2000      2000 
...
