000 (3283524.000.000) 10/09 00:52:58 Job submitted from host: <137.138.44.75:9618?addrs=137.138.44.75-9618+[2001-1458-d00-1a--b]-9618&alias=bigbird14.cern.ch&noUDP&sock=schedd_2873_37ae_40>
...
040 (3283524.000.000) 10/09 00:57:26 Started transferring input files
	Transferring to host: <188.184.210.145:9618?addrs=188.184.210.145-9618+[2001-1458-301-10b--100-94]-9618&noUDP&sock=7634_97f0_118171>
...
040 (3283524.000.000) 10/09 00:57:26 Finished transferring input files
...
001 (3283524.000.000) 10/09 00:57:27 Job executing on host: <188.184.210.145:9618?addrs=188.184.210.145-9618+[2001-1458-301-10b--100-94]-9618&noUDP&sock=5677_873d_3>
...
006 (3283524.000.000) 10/09 00:57:35 Image size of job updated: 157912
	153  -  MemoryUsage of job (MB)
	156276  -  ResidentSetSize of job (KB)
...
040 (3283524.000.000) 10/09 00:59:50 Started transferring output files
...
040 (3283524.000.000) 10/09 00:59:51 Finished transferring output files
...
005 (3283524.000.000) 10/09 00:59:51 Job terminated.
	(1) Normal termination (return value 0)
		Usr 0 00:01:50, Sys 0 00:00:07  -  Run Remote Usage
		Usr 0 00:00:00, Sys 0 00:00:00  -  Run Local Usage
		Usr 0 00:01:50, Sys 0 00:00:07  -  Total Remote Usage
		Usr 0 00:00:00, Sys 0 00:00:00  -  Total Local Usage
	96129  -  Run Bytes Sent By Job
	2236  -  Run Bytes Received By Job
	96129  -  Total Bytes Sent By Job
	2236  -  Total Bytes Received By Job
	Partitionable Resources :    Usage  Request Allocated 
	   Cpus                 :                 1           
	   Disk (KB)            :  2223086        3   2984897 
	   Memory (MB)          :      153     2000      2000 
...
