000 (3283347.000.000) 10/09 00:49:54 Job submitted from host: <137.138.44.75:9618?addrs=137.138.44.75-9618+[2001-1458-d00-1a--b]-9618&alias=bigbird14.cern.ch&noUDP&sock=schedd_2873_37ae_40>
...
040 (3283347.000.000) 10/09 00:57:30 Started transferring input files
	Transferring to host: <188.185.196.11:9618?addrs=188.185.196.11-9618+[2001-1459-301-48--100-1f]-9618&noUDP&sock=16220_350d_80504>
...
040 (3283347.000.000) 10/09 00:57:30 Finished transferring input files
...
001 (3283347.000.000) 10/09 00:57:31 Job executing on host: <188.185.196.11:9618?addrs=188.185.196.11-9618+[2001-1459-301-48--100-1f]-9618&noUDP&sock=16137_37df_3>
...
006 (3283347.000.000) 10/09 00:57:39 Image size of job updated: 72
	1  -  MemoryUsage of job (MB)
	72  -  ResidentSetSize of job (KB)
...
006 (3283347.000.000) 10/09 01:02:39 Image size of job updated: 68620
	58  -  MemoryUsage of job (MB)
	58584  -  ResidentSetSize of job (KB)
...
006 (3283347.000.000) 10/09 01:08:17 Image size of job updated: 197028
	190  -  MemoryUsage of job (MB)
	194024  -  ResidentSetSize of job (KB)
...
006 (3283347.000.000) 10/09 01:13:02 Image size of job updated: 197028
	191  -  MemoryUsage of job (MB)
	195568  -  ResidentSetSize of job (KB)
...
040 (3283347.000.000) 10/09 01:13:03 Started transferring output files
...
040 (3283347.000.000) 10/09 01:13:03 Finished transferring output files
...
005 (3283347.000.000) 10/09 01:13:03 Job terminated.
	(1) Normal termination (return value 0)
		Usr 0 00:05:21, Sys 0 00:00:22  -  Run Remote Usage
		Usr 0 00:00:00, Sys 0 00:00:00  -  Run Local Usage
		Usr 0 00:05:21, Sys 0 00:00:22  -  Total Remote Usage
		Usr 0 00:00:00, Sys 0 00:00:00  -  Total Local Usage
	104015  -  Run Bytes Sent By Job
	2232  -  Run Bytes Received By Job
	104015  -  Total Bytes Sent By Job
	2232  -  Total Bytes Received By Job
	Partitionable Resources :    Usage  Request Allocated 
	   Cpus                 :                 1           
	   Disk (KB)            :  4909030        3   3912923 
	   Memory (MB)          :      191     2000      2000 
...
