000 (3282803.000.000) 10/09 00:38:21 Job submitted from host: <137.138.44.75:9618?addrs=137.138.44.75-9618+[2001-1458-d00-1a--b]-9618&alias=bigbird14.cern.ch&noUDP&sock=schedd_2873_37ae_40>
...
040 (3282803.000.000) 10/09 00:38:39 Started transferring input files
	Transferring to host: <188.184.133.13:9618?addrs=188.184.133.13-9618+[2001-1458-301-a0--100-10e]-9618&noUDP&sock=2884_c9ee_19938>
...
040 (3282803.000.000) 10/09 00:38:39 Finished transferring input files
...
001 (3282803.000.000) 10/09 00:38:40 Job executing on host: <188.184.133.13:9618?addrs=188.184.133.13-9618+[2001-1458-301-a0--100-10e]-9618&noUDP&sock=2329_1429_3>
...
006 (3282803.000.000) 10/09 00:38:49 Image size of job updated: 249696
	163  -  MemoryUsage of job (MB)
	165980  -  ResidentSetSize of job (KB)
...
040 (3282803.000.000) 10/09 00:39:40 Started transferring output files
...
040 (3282803.000.000) 10/09 00:39:40 Finished transferring output files
...
005 (3282803.000.000) 10/09 00:39:40 Job terminated.
	(1) Normal termination (return value 0)
		Usr 0 00:00:43, Sys 0 00:00:03  -  Run Remote Usage
		Usr 0 00:00:00, Sys 0 00:00:00  -  Run Local Usage
		Usr 0 00:00:43, Sys 0 00:00:03  -  Total Remote Usage
		Usr 0 00:00:00, Sys 0 00:00:00  -  Total Local Usage
	92518  -  Run Bytes Sent By Job
	2236  -  Run Bytes Received By Job
	92518  -  Total Bytes Sent By Job
	2236  -  Total Bytes Received By Job
	Partitionable Resources :    Usage  Request Allocated 
	   Cpus                 :                 1           
	   Disk (KB)            :   846397        3   2036735 
	   Memory (MB)          :      163     2000      2000 
...
