000 (3282682.000.000) 10/09 00:36:29 Job submitted from host: <137.138.44.75:9618?addrs=137.138.44.75-9618+[2001-1458-d00-1a--b]-9618&alias=bigbird14.cern.ch&noUDP&sock=schedd_2873_37ae_40>
...
040 (3282682.000.000) 10/09 00:37:16 Started transferring input files
	Transferring to host: <188.184.210.165:9618?addrs=188.184.210.165-9618+[2001-1458-301-10b--100-c9]-9618&noUDP&sock=7442_4fe8_85797>
...
040 (3282682.000.000) 10/09 00:37:16 Finished transferring input files
...
001 (3282682.000.000) 10/09 00:37:17 Job executing on host: <188.184.210.165:9618?addrs=188.184.210.165-9618+[2001-1458-301-10b--100-c9]-9618&noUDP&sock=5712_890e_3>
...
006 (3282682.000.000) 10/09 00:37:26 Image size of job updated: 199720
	141  -  MemoryUsage of job (MB)
	143952  -  ResidentSetSize of job (KB)
...
006 (3282682.000.000) 10/09 00:40:00 Image size of job updated: 379884
	141  -  MemoryUsage of job (MB)
	143952  -  ResidentSetSize of job (KB)
...
040 (3282682.000.000) 10/09 00:40:01 Started transferring output files
...
040 (3282682.000.000) 10/09 00:40:02 Finished transferring output files
...
005 (3282682.000.000) 10/09 00:40:03 Job terminated.
	(1) Normal termination (return value 0)
		Usr 0 00:02:03, Sys 0 00:00:08  -  Run Remote Usage
		Usr 0 00:00:00, Sys 0 00:00:00  -  Run Local Usage
		Usr 0 00:02:03, Sys 0 00:00:08  -  Total Remote Usage
		Usr 0 00:00:00, Sys 0 00:00:00  -  Total Local Usage
	98045  -  Run Bytes Sent By Job
	2236  -  Run Bytes Received By Job
	98045  -  Total Bytes Sent By Job
	2236  -  Total Bytes Received By Job
	Partitionable Resources :    Usage  Request Allocated 
	   Cpus                 :                 1           
	   Disk (KB)            :  2496161        3   2773936 
	   Memory (MB)          :      141     2000      2000 
...
