000 (3282950.000.000) 10/09 00:41:17 Job submitted from host: <137.138.44.75:9618?addrs=137.138.44.75-9618+[2001-1458-d00-1a--b]-9618&alias=bigbird14.cern.ch&noUDP&sock=schedd_2873_37ae_40>
...
040 (3282950.000.000) 10/09 00:44:00 Started transferring input files
	Transferring to host: <188.184.138.243:9618?addrs=188.184.138.243-9618+[2001-1458-301-45--100-e3]-9618&noUDP&sock=1665_e49d_137928>
...
040 (3282950.000.000) 10/09 00:44:00 Finished transferring input files
...
001 (3282950.000.000) 10/09 00:44:01 Job executing on host: <188.184.138.243:9618?addrs=188.184.138.243-9618+[2001-1458-301-45--100-e3]-9618&noUDP&sock=5597_a7a9_3>
...
006 (3282950.000.000) 10/09 00:44:09 Image size of job updated: 234128
	147  -  MemoryUsage of job (MB)
	150412  -  ResidentSetSize of job (KB)
...
006 (3282950.000.000) 10/09 00:44:32 Image size of job updated: 254084
	147  -  MemoryUsage of job (MB)
	150412  -  ResidentSetSize of job (KB)
...
040 (3282950.000.000) 10/09 00:44:32 Started transferring output files
...
040 (3282950.000.000) 10/09 00:44:32 Finished transferring output files
...
005 (3282950.000.000) 10/09 00:44:32 Job terminated.
	(1) Normal termination (return value 0)
		Usr 0 00:00:20, Sys 0 00:00:02  -  Run Remote Usage
		Usr 0 00:00:00, Sys 0 00:00:00  -  Run Local Usage
		Usr 0 00:00:20, Sys 0 00:00:02  -  Total Remote Usage
		Usr 0 00:00:00, Sys 0 00:00:00  -  Total Local Usage
	91344  -  Run Bytes Sent By Job
	2236  -  Run Bytes Received By Job
	91344  -  Total Bytes Sent By Job
	2236  -  Total Bytes Received By Job
	Partitionable Resources :    Usage  Request Allocated 
	   Cpus                 :                 1           
	   Disk (KB)            :   370528        3   2805297 
	   Memory (MB)          :      147     2000      2000 
...
