000 (3283487.000.000) 10/09 00:52:24 Job submitted from host: <137.138.44.75:9618?addrs=137.138.44.75-9618+[2001-1458-d00-1a--b]-9618&alias=bigbird14.cern.ch&noUDP&sock=schedd_2873_37ae_40>
...
040 (3283487.000.000) 10/09 00:57:22 Started transferring input files
	Transferring to host: <188.184.210.101:9618?addrs=188.184.210.101-9618+[2001-1458-301-10b--100-51]-9618&noUDP&sock=7541_110c_118872>
...
040 (3283487.000.000) 10/09 00:57:22 Finished transferring input files
...
001 (3283487.000.000) 10/09 00:57:23 Job executing on host: <188.184.210.101:9618?addrs=188.184.210.101-9618+[2001-1458-301-10b--100-51]-9618&noUDP&sock=5695_dff2_3>
...
006 (3283487.000.000) 10/09 00:57:32 Image size of job updated: 143300
	139  -  MemoryUsage of job (MB)
	141744  -  ResidentSetSize of job (KB)
...
006 (3283487.000.000) 10/09 01:02:33 Image size of job updated: 183900
	175  -  MemoryUsage of job (MB)
	178304  -  ResidentSetSize of job (KB)
...
040 (3283487.000.000) 10/09 01:06:10 Started transferring output files
...
040 (3283487.000.000) 10/09 01:06:11 Finished transferring output files
...
005 (3283487.000.000) 10/09 01:06:11 Job terminated.
	(1) Normal termination (return value 0)
		Usr 0 00:06:49, Sys 0 00:00:22  -  Run Remote Usage
		Usr 0 00:00:00, Sys 0 00:00:00  -  Run Local Usage
		Usr 0 00:06:49, Sys 0 00:00:22  -  Total Remote Usage
		Usr 0 00:00:00, Sys 0 00:00:00  -  Total Local Usage
	104589  -  Run Bytes Sent By Job
	2232  -  Run Bytes Received By Job
	104589  -  Total Bytes Sent By Job
	2232  -  Total Bytes Received By Job
	Partitionable Resources :    Usage  Request Allocated 
	   Cpus                 :                 1           
	   Disk (KB)            :  7794415        3   2901582 
	   Memory (MB)          :      175     2000      2000 
...
