000 (3283726.000.000) 10/09 00:55:59 Job submitted from host: <137.138.44.75:9618?addrs=137.138.44.75-9618+[2001-1458-d00-1a--b]-9618&alias=bigbird14.cern.ch&noUDP&sock=schedd_2873_37ae_40>
...
040 (3283726.000.000) 10/09 01:01:31 Started transferring input files
	Transferring to host: <128.142.119.54:9618?addrs=128.142.119.54-9618+[2001-1458-301-ae--100-223]-9618&noUDP&sock=3615_d82c_8622>
...
040 (3283726.000.000) 10/09 01:01:31 Finished transferring input files
...
001 (3283726.000.000) 10/09 01:01:32 Job executing on host: <128.142.119.54:9618?addrs=128.142.119.54-9618+[2001-1458-301-ae--100-223]-9618&noUDP&sock=1830_ce67_3>
...
006 (3283726.000.000) 10/09 01:01:41 Image size of job updated: 278924
	203  -  MemoryUsage of job (MB)
	207452  -  ResidentSetSize of job (KB)
...
040 (3283726.000.000) 10/09 01:23:03 Entered queue to transfer output files
...
040 (3283726.000.000) 10/09 01:25:17 Started transferring output files
...
040 (3283726.000.000) 10/09 01:25:17 Finished transferring output files
...
005 (3283726.000.000) 10/09 01:25:19 Job terminated.
	(1) Normal termination (return value 0)
		Usr 0 00:12:09, Sys 0 00:00:39  -  Run Remote Usage
		Usr 0 00:00:00, Sys 0 00:00:00  -  Run Local Usage
		Usr 0 00:12:09, Sys 0 00:00:39  -  Total Remote Usage
		Usr 0 00:00:00, Sys 0 00:00:00  -  Total Local Usage
	130967  -  Run Bytes Sent By Job
	2232  -  Run Bytes Received By Job
	130967  -  Total Bytes Sent By Job
	2232  -  Total Bytes Received By Job
	Partitionable Resources :    Usage  Request Allocated 
	   Cpus                 :                 1           
	   Disk (KB)            : 14985644        3   1835842 
	   Memory (MB)          :      203     2000      2000 
...
