000 (3282564.000.000) 10/09 00:33:20 Job submitted from host: <137.138.44.75:9618?addrs=137.138.44.75-9618+[2001-1458-d00-1a--b]-9618&alias=bigbird14.cern.ch&noUDP&sock=schedd_2873_37ae_40>
...
040 (3282564.000.000) 10/09 00:34:42 Started transferring input files
	Transferring to host: <188.184.132.62:9618?addrs=188.184.132.62-9618+[2001-1458-301-a0--100-49]-9618&noUDP&sock=4192_64a4_20256>
...
040 (3282564.000.000) 10/09 00:34:42 Finished transferring input files
...
001 (3282564.000.000) 10/09 00:34:43 Job executing on host: <188.184.132.62:9618?addrs=188.184.132.62-9618+[2001-1458-301-a0--100-49]-9618&noUDP&sock=2331_7359_3>
...
006 (3282564.000.000) 10/09 00:34:51 Image size of job updated: 111280
	63  -  MemoryUsage of job (MB)
	63652  -  ResidentSetSize of job (KB)
...
006 (3282564.000.000) 10/09 00:36:59 Image size of job updated: 372656
	64  -  MemoryUsage of job (MB)
	64900  -  ResidentSetSize of job (KB)
...
040 (3282564.000.000) 10/09 00:36:59 Started transferring output files
...
040 (3282564.000.000) 10/09 00:37:00 Finished transferring output files
...
005 (3282564.000.000) 10/09 00:37:00 Job terminated.
	(1) Normal termination (return value 0)
		Usr 0 00:01:33, Sys 0 00:00:07  -  Run Remote Usage
		Usr 0 00:00:00, Sys 0 00:00:00  -  Run Local Usage
		Usr 0 00:01:33, Sys 0 00:00:07  -  Total Remote Usage
		Usr 0 00:00:00, Sys 0 00:00:00  -  Total Local Usage
	97530  -  Run Bytes Sent By Job
	2236  -  Run Bytes Received By Job
	97530  -  Total Bytes Sent By Job
	2236  -  Total Bytes Received By Job
	Partitionable Resources :    Usage  Request Allocated 
	   Cpus                 :                 1           
	   Disk (KB)            :  1759145        3   2096217 
	   Memory (MB)          :       64     2000      2000 
...
