000 (3283484.000.000) 10/09 00:52:19 Job submitted from host: <137.138.44.75:9618?addrs=137.138.44.75-9618+[2001-1458-d00-1a--b]-9618&alias=bigbird14.cern.ch&noUDP&sock=schedd_2873_37ae_40>
...
040 (3283484.000.000) 10/09 00:57:21 Started transferring input files
	Transferring to host: <188.184.186.151:9618?addrs=188.184.186.151-9618+[2001-1458-301-f8--100-93]-9618&noUDP&sock=4026_6e5d_20924>
...
040 (3283484.000.000) 10/09 00:57:21 Finished transferring input files
...
001 (3283484.000.000) 10/09 00:57:22 Job executing on host: <188.184.186.151:9618?addrs=188.184.186.151-9618+[2001-1458-301-f8--100-93]-9618&noUDP&sock=2329_1429_3>
...
006 (3283484.000.000) 10/09 00:57:31 Image size of job updated: 184440
	158  -  MemoryUsage of job (MB)
	161444  -  ResidentSetSize of job (KB)
...
006 (3283484.000.000) 10/09 01:02:32 Image size of job updated: 184440
	159  -  MemoryUsage of job (MB)
	162604  -  ResidentSetSize of job (KB)
...
040 (3283484.000.000) 10/09 01:02:33 Started transferring output files
...
040 (3283484.000.000) 10/09 01:02:33 Finished transferring output files
...
005 (3283484.000.000) 10/09 01:02:33 Job terminated.
	(1) Normal termination (return value 0)
		Usr 0 00:03:59, Sys 0 00:00:16  -  Run Remote Usage
		Usr 0 00:00:00, Sys 0 00:00:00  -  Run Local Usage
		Usr 0 00:03:59, Sys 0 00:00:16  -  Total Remote Usage
		Usr 0 00:00:00, Sys 0 00:00:00  -  Total Local Usage
	104011  -  Run Bytes Sent By Job
	2232  -  Run Bytes Received By Job
	104011  -  Total Bytes Sent By Job
	2232  -  Total Bytes Received By Job
	Partitionable Resources :    Usage  Request Allocated 
	   Cpus                 :                 1           
	   Disk (KB)            :  4715714        3   2152942 
	   Memory (MB)          :      159     2000      2000 
...
