000 (3283397.000.000) 10/09 00:50:38 Job submitted from host: <137.138.44.75:9618?addrs=137.138.44.75-9618+[2001-1458-d00-1a--b]-9618&alias=bigbird14.cern.ch&noUDP&sock=schedd_2873_37ae_40>
...
040 (3283397.000.000) 10/09 00:57:19 Started transferring input files
	Transferring to host: <188.184.186.151:9618?addrs=188.184.186.151-9618+[2001-1458-301-f8--100-93]-9618&noUDP&sock=4026_6e5d_20923>
...
040 (3283397.000.000) 10/09 00:57:19 Finished transferring input files
...
001 (3283397.000.000) 10/09 00:57:20 Job executing on host: <188.184.186.151:9618?addrs=188.184.186.151-9618+[2001-1458-301-f8--100-93]-9618&noUDP&sock=2329_1429_3>
...
006 (3283397.000.000) 10/09 00:57:28 Image size of job updated: 80376
	64  -  MemoryUsage of job (MB)
	65244  -  ResidentSetSize of job (KB)
...
006 (3283397.000.000) 10/09 01:02:28 Image size of job updated: 184876
	166  -  MemoryUsage of job (MB)
	169428  -  ResidentSetSize of job (KB)
...
006 (3283397.000.000) 10/09 01:03:40 Image size of job updated: 184876
	166  -  MemoryUsage of job (MB)
	169432  -  ResidentSetSize of job (KB)
...
040 (3283397.000.000) 10/09 01:03:40 Started transferring output files
...
040 (3283397.000.000) 10/09 01:03:40 Finished transferring output files
...
005 (3283397.000.000) 10/09 01:03:40 Job terminated.
	(1) Normal termination (return value 0)
		Usr 0 00:04:33, Sys 0 00:00:17  -  Run Remote Usage
		Usr 0 00:00:00, Sys 0 00:00:00  -  Run Local Usage
		Usr 0 00:04:33, Sys 0 00:00:17  -  Total Remote Usage
		Usr 0 00:00:00, Sys 0 00:00:00  -  Total Local Usage
	104073  -  Run Bytes Sent By Job
	2236  -  Run Bytes Received By Job
	104073  -  Total Bytes Sent By Job
	2236  -  Total Bytes Received By Job
	Partitionable Resources :    Usage  Request Allocated 
	   Cpus                 :                 1           
	   Disk (KB)            :  5194792        3   2153222 
	   Memory (MB)          :      166     2000      2000 
...
