000 (3283617.000.000) 10/09 00:54:24 Job submitted from host: <137.138.44.75:9618?addrs=137.138.44.75-9618+[2001-1458-d00-1a--b]-9618&alias=bigbird14.cern.ch&noUDP&sock=schedd_2873_37ae_40>
...
040 (3283617.000.000) 10/09 01:01:29 Started transferring input files
	Transferring to host: <188.184.211.149:9618?addrs=188.184.211.149-9618+[2001-1458-301-10b--100-1ad]-9618&noUDP&sock=20487_b1da_135826>
...
040 (3283617.000.000) 10/09 01:01:30 Finished transferring input files
...
001 (3283617.000.000) 10/09 01:01:31 Job executing on host: <188.184.211.149:9618?addrs=188.184.211.149-9618+[2001-1458-301-10b--100-1ad]-9618&noUDP&sock=20354_bac0_3>
...
006 (3283617.000.000) 10/09 01:01:39 Image size of job updated: 64508
	38  -  MemoryUsage of job (MB)
	38760  -  ResidentSetSize of job (KB)
...
006 (3283617.000.000) 10/09 01:06:39 Image size of job updated: 234608
	170  -  MemoryUsage of job (MB)
	173936  -  ResidentSetSize of job (KB)
...
006 (3283617.000.000) 10/09 01:10:46 Image size of job updated: 867392
	170  -  MemoryUsage of job (MB)
	173936  -  ResidentSetSize of job (KB)
...
040 (3283617.000.000) 10/09 01:10:51 Entered queue to transfer output files
...
040 (3283617.000.000) 10/09 01:12:56 Started transferring output files
...
040 (3283617.000.000) 10/09 01:12:58 Finished transferring output files
...
005 (3283617.000.000) 10/09 01:13:00 Job terminated.
	(1) Normal termination (return value 0)
		Usr 0 00:07:22, Sys 0 00:00:27  -  Run Remote Usage
		Usr 0 00:00:00, Sys 0 00:00:00  -  Run Local Usage
		Usr 0 00:07:22, Sys 0 00:00:27  -  Total Remote Usage
		Usr 0 00:00:00, Sys 0 00:00:00  -  Total Local Usage
	108771  -  Run Bytes Sent By Job
	2236  -  Run Bytes Received By Job
	108771  -  Total Bytes Sent By Job
	2236  -  Total Bytes Received By Job
	Partitionable Resources :    Usage  Request Allocated 
	   Cpus                 :                 1           
	   Disk (KB)            :  6103715        3   2892445 
	   Memory (MB)          :      170     2000      2000 
...
