000 (3282669.000.000) 10/09 00:35:53 Job submitted from host: <137.138.44.75:9618?addrs=137.138.44.75-9618+[2001-1458-d00-1a--b]-9618&alias=bigbird14.cern.ch&noUDP&sock=schedd_2873_37ae_40>
...
040 (3282669.000.000) 10/09 00:37:14 Started transferring input files
	Transferring to host: <188.184.196.131:9618?addrs=188.184.196.131-9618+[2001-1458-301-102--100-58]-9618&noUDP&sock=7705_9e92_100018>
...
040 (3282669.000.000) 10/09 00:37:14 Finished transferring input files
...
001 (3282669.000.000) 10/09 00:37:15 Job executing on host: <188.184.196.131:9618?addrs=188.184.196.131-9618+[2001-1458-301-102--100-58]-9618&noUDP&sock=5698_eeba_3>
...
006 (3282669.000.000) 10/09 00:37:23 Image size of job updated: 121268
	68  -  MemoryUsage of job (MB)
	68848  -  ResidentSetSize of job (KB)
...
006 (3282669.000.000) 10/09 00:39:20 Image size of job updated: 229180
	68  -  MemoryUsage of job (MB)
	68848  -  ResidentSetSize of job (KB)
...
040 (3282669.000.000) 10/09 00:39:20 Started transferring output files
...
040 (3282669.000.000) 10/09 00:39:20 Finished transferring output files
...
005 (3282669.000.000) 10/09 00:39:20 Job terminated.
	(1) Normal termination (return value 0)
		Usr 0 00:01:30, Sys 0 00:00:06  -  Run Remote Usage
		Usr 0 00:00:00, Sys 0 00:00:00  -  Run Local Usage
		Usr 0 00:01:30, Sys 0 00:00:06  -  Total Remote Usage
		Usr 0 00:00:00, Sys 0 00:00:00  -  Total Local Usage
	98023  -  Run Bytes Sent By Job
	2236  -  Run Bytes Received By Job
	98023  -  Total Bytes Sent By Job
	2236  -  Total Bytes Received By Job
	Partitionable Resources :    Usage  Request Allocated 
	   Cpus                 :                 1           
	   Disk (KB)            :  1800177        3   3175406 
	   Memory (MB)          :       68     2000      2000 
...
