000 (3282885.000.000) 10/09 00:39:49 Job submitted from host: <137.138.44.75:9618?addrs=137.138.44.75-9618+[2001-1458-d00-1a--b]-9618&alias=bigbird14.cern.ch&noUDP&sock=schedd_2873_37ae_40>
...
040 (3282885.000.000) 10/09 00:39:57 Started transferring input files
	Transferring to host: <188.184.190.152:9618?addrs=188.184.190.152-9618+[2001-1458-301-4b--100-8d]-9618&noUDP&sock=7694_de72_84730>
...
040 (3282885.000.000) 10/09 00:39:57 Finished transferring input files
...
001 (3282885.000.000) 10/09 00:39:58 Job executing on host: <188.184.190.152:9618?addrs=188.184.190.152-9618+[2001-1458-301-4b--100-8d]-9618&noUDP&sock=5692_d129_3>
...
006 (3282885.000.000) 10/09 00:40:07 Image size of job updated: 209996
	151  -  MemoryUsage of job (MB)
	154220  -  ResidentSetSize of job (KB)
...
006 (3282885.000.000) 10/09 00:40:38 Image size of job updated: 955228
	152  -  MemoryUsage of job (MB)
	154752  -  ResidentSetSize of job (KB)
...
040 (3282885.000.000) 10/09 00:40:38 Started transferring output files
...
040 (3282885.000.000) 10/09 00:40:39 Finished transferring output files
...
005 (3282885.000.000) 10/09 00:40:39 Job terminated.
	(1) Normal termination (return value 0)
		Usr 0 00:00:24, Sys 0 00:00:02  -  Run Remote Usage
		Usr 0 00:00:00, Sys 0 00:00:00  -  Run Local Usage
		Usr 0 00:00:24, Sys 0 00:00:02  -  Total Remote Usage
		Usr 0 00:00:00, Sys 0 00:00:00  -  Total Local Usage
	93049  -  Run Bytes Sent By Job
	2236  -  Run Bytes Received By Job
	93049  -  Total Bytes Sent By Job
	2236  -  Total Bytes Received By Job
	Partitionable Resources :    Usage  Request Allocated 
	   Cpus                 :                 1           
	   Disk (KB)            :   463524        3   2964498 
	   Memory (MB)          :      152     2000      2000 
...
