000 (3283751.000.000) 10/09 00:56:44 Job submitted from host: <137.138.44.75:9618?addrs=137.138.44.75-9618+[2001-1458-d00-1a--b]-9618&alias=bigbird14.cern.ch&noUDP&sock=schedd_2873_37ae_40>
...
040 (3283751.000.000) 10/09 01:01:35 Started transferring input files
	Transferring to host: <188.185.233.83:9618?addrs=188.185.233.83-9618+[2001-1459-301-18--100-4d]-9618&noUDP&sock=2536_9760_5290>
...
040 (3283751.000.000) 10/09 01:01:35 Finished transferring input files
...
001 (3283751.000.000) 10/09 01:01:36 Job executing on host: <188.185.233.83:9618?addrs=188.185.233.83-9618+[2001-1459-301-18--100-4d]-9618&noUDP&sock=2062_f060_3>
...
006 (3283751.000.000) 10/09 01:01:45 Image size of job updated: 348
	1  -  MemoryUsage of job (MB)
	72  -  ResidentSetSize of job (KB)
...
006 (3283751.000.000) 10/09 01:06:46 Image size of job updated: 33488
	25  -  MemoryUsage of job (MB)
	25524  -  ResidentSetSize of job (KB)
...
006 (3283751.000.000) 10/09 01:11:46 Image size of job updated: 102596
	74  -  MemoryUsage of job (MB)
	75668  -  ResidentSetSize of job (KB)
...
006 (3283751.000.000) 10/09 01:18:33 Image size of job updated: 348620
	295  -  MemoryUsage of job (MB)
	302016  -  ResidentSetSize of job (KB)
...
040 (3283751.000.000) 10/09 02:18:46 Started transferring output files
...
040 (3283751.000.000) 10/09 02:18:46 Finished transferring output files
...
005 (3283751.000.000) 10/09 02:18:47 Job terminated.
	(1) Normal termination (return value 0)
		Usr 0 00:21:53, Sys 0 00:01:30  -  Run Remote Usage
		Usr 0 00:00:00, Sys 0 00:00:00  -  Run Local Usage
		Usr 0 00:21:53, Sys 0 00:01:30  -  Total Remote Usage
		Usr 0 00:00:00, Sys 0 00:00:00  -  Total Local Usage
	131077  -  Run Bytes Sent By Job
	2236  -  Run Bytes Received By Job
	131077  -  Total Bytes Sent By Job
	2236  -  Total Bytes Received By Job
	Partitionable Resources :    Usage  Request Allocated 
	   Cpus                 :                 1           
	   Disk (KB)            : 17184516        3   2212871 
	   Memory (MB)          :      295     2000      2000 
...
