000 (3283286.000.000) 10/09 00:48:44 Job submitted from host: <137.138.44.75:9618?addrs=137.138.44.75-9618+[2001-1458-d00-1a--b]-9618&alias=bigbird14.cern.ch&noUDP&sock=schedd_2873_37ae_40>
...
040 (3283286.000.000) 10/09 00:49:32 Started transferring input files
	Transferring to host: <128.142.115.66:9618?addrs=128.142.115.66-9618+[2001-1458-301-90--100-4aa]-9618&noUDP&sock=14106_b3f7_19459>
...
040 (3283286.000.000) 10/09 00:49:32 Finished transferring input files
...
001 (3283286.000.000) 10/09 00:49:33 Job executing on host: <128.142.115.66:9618?addrs=128.142.115.66-9618+[2001-1458-301-90--100-4aa]-9618&noUDP&sock=13973_e4ed_3>
...
006 (3283286.000.000) 10/09 00:49:42 Image size of job updated: 87984
	38  -  MemoryUsage of job (MB)
	38512  -  ResidentSetSize of job (KB)
...
006 (3283286.000.000) 10/09 00:54:43 Image size of job updated: 203612
	170  -  MemoryUsage of job (MB)
	173140  -  ResidentSetSize of job (KB)
...
040 (3283286.000.000) 10/09 01:04:39 Started transferring output files
...
040 (3283286.000.000) 10/09 01:04:39 Finished transferring output files
...
005 (3283286.000.000) 10/09 01:04:40 Job terminated.
	(1) Normal termination (return value 0)
		Usr 0 00:10:36, Sys 0 00:00:43  -  Run Remote Usage
		Usr 0 00:00:00, Sys 0 00:00:00  -  Run Local Usage
		Usr 0 00:10:36, Sys 0 00:00:43  -  Total Remote Usage
		Usr 0 00:00:00, Sys 0 00:00:00  -  Total Local Usage
	130713  -  Run Bytes Sent By Job
	2232  -  Run Bytes Received By Job
	130713  -  Total Bytes Sent By Job
	2232  -  Total Bytes Received By Job
	Partitionable Resources :    Usage  Request Allocated 
	   Cpus                 :                 1           
	   Disk (KB)            : 10650951        3   2156342 
	   Memory (MB)          :      170     2000      2000 
...
