000 (3282566.000.000) 10/09 00:33:22 Job submitted from host: <137.138.44.75:9618?addrs=137.138.44.75-9618+[2001-1458-d00-1a--b]-9618&alias=bigbird14.cern.ch&noUDP&sock=schedd_2873_37ae_40>
...
040 (3282566.000.000) 10/09 00:34:42 Started transferring input files
	Transferring to host: <137.138.119.229:9618?addrs=137.138.119.229-9618+[2001-1458-d00-4--138]-9618&noUDP&sock=14397_bd23_10568>
...
040 (3282566.000.000) 10/09 00:34:42 Finished transferring input files
...
001 (3282566.000.000) 10/09 00:34:43 Job executing on host: <137.138.119.229:9618?addrs=137.138.119.229-9618+[2001-1458-d00-4--138]-9618&noUDP&sock=14264_7efc_3>
...
006 (3282566.000.000) 10/09 00:34:51 Image size of job updated: 95976
	45  -  MemoryUsage of job (MB)
	45384  -  ResidentSetSize of job (KB)
...
006 (3282566.000.000) 10/09 00:37:34 Image size of job updated: 95976
	45  -  MemoryUsage of job (MB)
	45388  -  ResidentSetSize of job (KB)
...
040 (3282566.000.000) 10/09 00:37:34 Started transferring output files
...
040 (3282566.000.000) 10/09 00:37:34 Finished transferring output files
...
005 (3282566.000.000) 10/09 00:37:34 Job terminated.
	(1) Normal termination (return value 0)
		Usr 0 00:02:08, Sys 0 00:00:09  -  Run Remote Usage
		Usr 0 00:00:00, Sys 0 00:00:00  -  Run Local Usage
		Usr 0 00:02:08, Sys 0 00:00:09  -  Total Remote Usage
		Usr 0 00:00:00, Sys 0 00:00:00  -  Total Local Usage
	97543  -  Run Bytes Sent By Job
	2236  -  Run Bytes Received By Job
	97543  -  Total Bytes Sent By Job
	2236  -  Total Bytes Received By Job
	Partitionable Resources :    Usage  Request Allocated 
	   Cpus                 :                 1           
	   Disk (KB)            :  1929427        3   1925123 
	   Memory (MB)          :       45     2000      2000 
...
