000 (3283644.000.000) 10/09 00:54:47 Job submitted from host: <137.138.44.75:9618?addrs=137.138.44.75-9618+[2001-1458-d00-1a--b]-9618&alias=bigbird14.cern.ch&noUDP&sock=schedd_2873_37ae_40>
...
040 (3283644.000.000) 10/09 01:10:48 Entered queue to transfer input files
	Transferring to host: <128.142.113.40:9618?addrs=128.142.113.40-9618+[2001-1458-301-90--100-316]-9618&noUDP&sock=13954_9af1_19772>
...
040 (3283644.000.000) 10/09 01:12:56 Started transferring input files
	Seconds spent in queue: 128
...
040 (3283644.000.000) 10/09 01:12:58 Finished transferring input files
...
001 (3283644.000.000) 10/09 01:12:59 Job executing on host: <128.142.113.40:9618?addrs=128.142.113.40-9618+[2001-1458-301-90--100-316]-9618&noUDP&sock=13817_e427_3>
...
006 (3283644.000.000) 10/09 01:13:07 Image size of job updated: 6604
	5  -  MemoryUsage of job (MB)
	4332  -  ResidentSetSize of job (KB)
...
006 (3283644.000.000) 10/09 01:18:07 Image size of job updated: 251740
	214  -  MemoryUsage of job (MB)
	219096  -  ResidentSetSize of job (KB)
...
006 (3283644.000.000) 10/09 01:23:08 Image size of job updated: 251740
	215  -  MemoryUsage of job (MB)
	219420  -  ResidentSetSize of job (KB)
...
040 (3283644.000.000) 10/09 01:25:22 Started transferring output files
	Seconds spent in queue: 874
...
040 (3283644.000.000) 10/09 01:25:22 Finished transferring output files
...
005 (3283644.000.000) 10/09 01:25:22 Job terminated.
	(1) Normal termination (return value 0)
		Usr 0 00:06:14, Sys 0 00:00:19  -  Run Remote Usage
		Usr 0 00:00:00, Sys 0 00:00:00  -  Run Local Usage
		Usr 0 00:06:14, Sys 0 00:00:19  -  Total Remote Usage
		Usr 0 00:00:00, Sys 0 00:00:00  -  Total Local Usage
	107466  -  Run Bytes Sent By Job
	2236  -  Run Bytes Received By Job
	107466  -  Total Bytes Sent By Job
	2236  -  Total Bytes Received By Job
	Partitionable Resources :    Usage  Request Allocated 
	   Cpus                 :                 1           
	   Disk (KB)            :  5332706        3   2136546 
	   Memory (MB)          :      215     2000      2000 
...
