000 (3282661.000.000) 10/09 00:35:40 Job submitted from host: <137.138.44.75:9618?addrs=137.138.44.75-9618+[2001-1458-d00-1a--b]-9618&alias=bigbird14.cern.ch&noUDP&sock=schedd_2873_37ae_40>
...
040 (3282661.000.000) 10/09 00:37:12 Started transferring input files
	Transferring to host: <188.184.190.152:9618?addrs=188.184.190.152-9618+[2001-1458-301-4b--100-8d]-9618&noUDP&sock=7694_de72_84728>
...
040 (3282661.000.000) 10/09 00:37:12 Finished transferring input files
...
001 (3282661.000.000) 10/09 00:37:13 Job executing on host: <188.184.190.152:9618?addrs=188.184.190.152-9618+[2001-1458-301-4b--100-8d]-9618&noUDP&sock=5692_d129_3>
...
006 (3282661.000.000) 10/09 00:37:21 Image size of job updated: 131720
	75  -  MemoryUsage of job (MB)
	76124  -  ResidentSetSize of job (KB)
...
006 (3282661.000.000) 10/09 00:39:53 Image size of job updated: 589852
	75  -  MemoryUsage of job (MB)
	76252  -  ResidentSetSize of job (KB)
...
040 (3282661.000.000) 10/09 00:39:54 Started transferring output files
...
040 (3282661.000.000) 10/09 00:39:54 Finished transferring output files
...
005 (3282661.000.000) 10/09 00:39:55 Job terminated.
	(1) Normal termination (return value 0)
		Usr 0 00:02:00, Sys 0 00:00:09  -  Run Remote Usage
		Usr 0 00:00:00, Sys 0 00:00:00  -  Run Local Usage
		Usr 0 00:02:00, Sys 0 00:00:09  -  Total Remote Usage
		Usr 0 00:00:00, Sys 0 00:00:00  -  Total Local Usage
	98048  -  Run Bytes Sent By Job
	2236  -  Run Bytes Received By Job
	98048  -  Total Bytes Sent By Job
	2236  -  Total Bytes Received By Job
	Partitionable Resources :    Usage  Request Allocated 
	   Cpus                 :                 1           
	   Disk (KB)            :  2434801        3   2964498 
	   Memory (MB)          :       75     2000      2000 
...
