000 (3282788.000.000) 10/09 00:38:08 Job submitted from host: <137.138.44.75:9618?addrs=137.138.44.75-9618+[2001-1458-d00-1a--b]-9618&alias=bigbird14.cern.ch&noUDP&sock=schedd_2873_37ae_40>
...
040 (3282788.000.000) 10/09 00:38:44 Started transferring input files
	Transferring to host: <188.184.210.170:9618?addrs=188.184.210.170-9618+[2001-1458-301-10b--100-a5]-9618&noUDP&sock=7528_e82b_118804>
...
040 (3282788.000.000) 10/09 00:38:44 Finished transferring input files
...
001 (3282788.000.000) 10/09 00:38:45 Job executing on host: <188.184.210.170:9618?addrs=188.184.210.170-9618+[2001-1458-301-10b--100-a5]-9618&noUDP&sock=5701_fd83_3>
...
006 (3282788.000.000) 10/09 00:38:54 Image size of job updated: 250008
	163  -  MemoryUsage of job (MB)
	166284  -  ResidentSetSize of job (KB)
...
006 (3282788.000.000) 10/09 00:39:58 Image size of job updated: 259712
	163  -  MemoryUsage of job (MB)
	166284  -  ResidentSetSize of job (KB)
...
040 (3282788.000.000) 10/09 00:39:58 Started transferring output files
...
040 (3282788.000.000) 10/09 00:39:58 Finished transferring output files
...
005 (3282788.000.000) 10/09 00:39:59 Job terminated.
	(1) Normal termination (return value 0)
		Usr 0 00:00:59, Sys 0 00:00:04  -  Run Remote Usage
		Usr 0 00:00:00, Sys 0 00:00:00  -  Run Local Usage
		Usr 0 00:00:59, Sys 0 00:00:04  -  Total Remote Usage
		Usr 0 00:00:00, Sys 0 00:00:00  -  Total Local Usage
	93019  -  Run Bytes Sent By Job
	2236  -  Run Bytes Received By Job
	93019  -  Total Bytes Sent By Job
	2236  -  Total Bytes Received By Job
	Partitionable Resources :    Usage  Request Allocated 
	   Cpus                 :                 1           
	   Disk (KB)            :   761762        3   1940564 
	   Memory (MB)          :      163     2000      2000 
...
