000 (3356031.000.000) 10/20 19:12:35 Job submitted from host: <137.138.44.75:9618?addrs=137.138.44.75-9618+[2001-1458-d00-1a--b]-9618&alias=bigbird14.cern.ch&noUDP&sock=schedd_2873_37ae_40>
...
040 (3356031.000.000) 10/20 19:14:02 Started transferring input files
	Transferring to host: <128.142.121.206:9618?addrs=128.142.121.206-9618+[2001-1458-301-b5--100-31d]-9618&noUDP&sock=3552_748a_17456>
...
040 (3356031.000.000) 10/20 19:14:02 Finished transferring input files
...
001 (3356031.000.000) 10/20 19:14:03 Job executing on host: <128.142.121.206:9618?addrs=128.142.121.206-9618+[2001-1458-301-b5--100-31d]-9618&noUDP&sock=1822_51a5_3>
...
006 (3356031.000.000) 10/20 19:14:12 Image size of job updated: 58616
	36  -  MemoryUsage of job (MB)
	36368  -  ResidentSetSize of job (KB)
...
006 (3356031.000.000) 10/20 19:19:13 Image size of job updated: 183844
	167  -  MemoryUsage of job (MB)
	170840  -  ResidentSetSize of job (KB)
...
006 (3356031.000.000) 10/20 19:24:14 Image size of job updated: 253080
	203  -  MemoryUsage of job (MB)
	207352  -  ResidentSetSize of job (KB)
...
006 (3356031.000.000) 10/20 19:29:14 Image size of job updated: 271576
	212  -  MemoryUsage of job (MB)
	216256  -  ResidentSetSize of job (KB)
...
006 (3356031.000.000) 10/20 19:34:14 Image size of job updated: 271576
	212  -  MemoryUsage of job (MB)
	216852  -  ResidentSetSize of job (KB)
...
006 (3356031.000.000) 10/20 19:54:16 Image size of job updated: 287268
	212  -  MemoryUsage of job (MB)
	216852  -  ResidentSetSize of job (KB)
...
040 (3356031.000.000) 10/20 19:55:03 Started transferring output files
...
040 (3356031.000.000) 10/20 19:55:03 Finished transferring output files
...
005 (3356031.000.000) 10/20 19:55:03 Job terminated.
	(1) Normal termination (return value 0)
		Usr 0 00:29:45, Sys 0 00:01:24  -  Run Remote Usage
		Usr 0 00:00:00, Sys 0 00:00:00  -  Run Local Usage
		Usr 0 00:29:45, Sys 0 00:01:24  -  Total Remote Usage
		Usr 0 00:00:00, Sys 0 00:00:00  -  Total Local Usage
	172296  -  Run Bytes Sent By Job
	2190  -  Run Bytes Received By Job
	172296  -  Total Bytes Sent By Job
	2190  -  Total Bytes Received By Job
	Partitionable Resources :    Usage  Request Allocated 
	   Cpus                 :                 1           
	   Disk (KB)            : 28673249        3   2081530 
	   Memory (MB)          :      212     2000      2000 
...
