000 (3282763.000.000) 10/09 00:37:48 Job submitted from host: <137.138.44.75:9618?addrs=137.138.44.75-9618+[2001-1458-d00-1a--b]-9618&alias=bigbird14.cern.ch&noUDP&sock=schedd_2873_37ae_40>
...
040 (3282763.000.000) 10/09 00:37:59 Started transferring input files
	Transferring to host: <137.138.51.129:9618?addrs=137.138.51.129-9618+[2001-1458-d00-25--44]-9618&noUDP&sock=27098_be07_140481>
...
040 (3282763.000.000) 10/09 00:37:59 Finished transferring input files
...
001 (3282763.000.000) 10/09 00:38:00 Job executing on host: <137.138.51.129:9618?addrs=137.138.51.129-9618+[2001-1458-d00-25--44]-9618&noUDP&sock=4578_b4a8_3>
...
006 (3282763.000.000) 10/09 00:38:09 Image size of job updated: 251132
	164  -  MemoryUsage of job (MB)
	167420  -  ResidentSetSize of job (KB)
...
006 (3282763.000.000) 10/09 00:39:14 Image size of job updated: 262864
	164  -  MemoryUsage of job (MB)
	167420  -  ResidentSetSize of job (KB)
...
040 (3282763.000.000) 10/09 00:39:14 Started transferring output files
...
040 (3282763.000.000) 10/09 00:39:15 Finished transferring output files
...
005 (3282763.000.000) 10/09 00:39:15 Job terminated.
	(1) Normal termination (return value 0)
		Usr 0 00:00:56, Sys 0 00:00:04  -  Run Remote Usage
		Usr 0 00:00:00, Sys 0 00:00:00  -  Run Local Usage
		Usr 0 00:00:56, Sys 0 00:00:04  -  Total Remote Usage
		Usr 0 00:00:00, Sys 0 00:00:00  -  Total Local Usage
	92991  -  Run Bytes Sent By Job
	2236  -  Run Bytes Received By Job
	92991  -  Total Bytes Sent By Job
	2236  -  Total Bytes Received By Job
	Partitionable Resources :    Usage  Request Allocated 
	   Cpus                 :                 1           
	   Disk (KB)            :  1041400        3   1919371 
	   Memory (MB)          :      164     2000      2000 
...
