000 (3283359.000.000) 10/09 00:50:04 Job submitted from host: <137.138.44.75:9618?addrs=137.138.44.75-9618+[2001-1458-d00-1a--b]-9618&alias=bigbird14.cern.ch&noUDP&sock=schedd_2873_37ae_40>
...
040 (3283359.000.000) 10/09 00:57:30 Started transferring input files
	Transferring to host: <188.185.196.11:9618?addrs=188.185.196.11-9618+[2001-1459-301-48--100-1f]-9618&noUDP&sock=16220_350d_80505>
...
040 (3283359.000.000) 10/09 00:57:30 Finished transferring input files
...
001 (3283359.000.000) 10/09 00:57:31 Job executing on host: <188.185.196.11:9618?addrs=188.185.196.11-9618+[2001-1459-301-48--100-1f]-9618&noUDP&sock=16137_37df_3>
...
006 (3283359.000.000) 10/09 00:57:40 Image size of job updated: 72
	1  -  MemoryUsage of job (MB)
	72  -  ResidentSetSize of job (KB)
...
006 (3283359.000.000) 10/09 01:02:41 Image size of job updated: 75344
	64  -  MemoryUsage of job (MB)
	65244  -  ResidentSetSize of job (KB)
...
006 (3283359.000.000) 10/09 01:08:17 Image size of job updated: 182484
	178  -  MemoryUsage of job (MB)
	181296  -  ResidentSetSize of job (KB)
...
006 (3283359.000.000) 10/09 01:12:58 Image size of job updated: 189348
	179  -  MemoryUsage of job (MB)
	182348  -  ResidentSetSize of job (KB)
...
040 (3283359.000.000) 10/09 01:13:01 Started transferring output files
...
040 (3283359.000.000) 10/09 01:13:02 Finished transferring output files
...
005 (3283359.000.000) 10/09 01:13:03 Job terminated.
	(1) Normal termination (return value 0)
		Usr 0 00:04:35, Sys 0 00:00:17  -  Run Remote Usage
		Usr 0 00:00:00, Sys 0 00:00:00  -  Run Local Usage
		Usr 0 00:04:35, Sys 0 00:00:17  -  Total Remote Usage
		Usr 0 00:00:00, Sys 0 00:00:00  -  Total Local Usage
	104041  -  Run Bytes Sent By Job
	2232  -  Run Bytes Received By Job
	104041  -  Total Bytes Sent By Job
	2232  -  Total Bytes Received By Job
	Partitionable Resources :    Usage  Request Allocated 
	   Cpus                 :                 1           
	   Disk (KB)            :  4119590        3   3912923 
	   Memory (MB)          :      179     2000      2000 
...
