000 (3356012.000.000) 10/20 19:12:10 Job submitted from host: <137.138.44.75:9618?addrs=137.138.44.75-9618+[2001-1458-d00-1a--b]-9618&alias=bigbird14.cern.ch&noUDP&sock=schedd_2873_37ae_40>
...
040 (3356012.000.000) 10/20 19:13:59 Started transferring input files
	Transferring to host: <188.184.183.102:9618?addrs=188.184.183.102-9618+[2001-1458-301-2b--100-141]-9618&noUDP&sock=5164_414b_25572>
...
040 (3356012.000.000) 10/20 19:13:59 Finished transferring input files
...
001 (3356012.000.000) 10/20 19:14:00 Job executing on host: <188.184.183.102:9618?addrs=188.184.183.102-9618+[2001-1458-301-2b--100-141]-9618&noUDP&sock=3287_2fe4_3>
...
006 (3356012.000.000) 10/20 19:14:09 Image size of job updated: 240472
	154  -  MemoryUsage of job (MB)
	156980  -  ResidentSetSize of job (KB)
...
006 (3356012.000.000) 10/20 19:19:10 Image size of job updated: 322420
	232  -  MemoryUsage of job (MB)
	237372  -  ResidentSetSize of job (KB)
...
040 (3356012.000.000) 10/20 19:24:24 Started transferring output files
...
040 (3356012.000.000) 10/20 19:24:24 Finished transferring output files
...
005 (3356012.000.000) 10/20 19:24:24 Job terminated.
	(1) Normal termination (return value 0)
		Usr 0 00:07:53, Sys 0 00:00:29  -  Run Remote Usage
		Usr 0 00:00:00, Sys 0 00:00:00  -  Run Local Usage
		Usr 0 00:07:53, Sys 0 00:00:29  -  Total Remote Usage
		Usr 0 00:00:00, Sys 0 00:00:00  -  Total Local Usage
	118503  -  Run Bytes Sent By Job
	2190  -  Run Bytes Received By Job
	118503  -  Total Bytes Sent By Job
	2190  -  Total Bytes Received By Job
	Partitionable Resources :    Usage  Request Allocated 
	   Cpus                 :                 1           
	   Disk (KB)            : 10725241        3   3064658 
	   Memory (MB)          :      232     2000      2000 
...
