000 (3282664.000.000) 10/09 00:35:45 Job submitted from host: <137.138.44.75:9618?addrs=137.138.44.75-9618+[2001-1458-d00-1a--b]-9618&alias=bigbird14.cern.ch&noUDP&sock=schedd_2873_37ae_40>
...
040 (3282664.000.000) 10/09 00:37:12 Started transferring input files
	Transferring to host: <188.184.196.10:9618?addrs=188.184.196.10-9618+[2001-1458-301-102--100-19]-9618&noUDP&sock=20491_835a_136405>
...
040 (3282664.000.000) 10/09 00:37:12 Finished transferring input files
...
001 (3282664.000.000) 10/09 00:37:13 Job executing on host: <188.184.196.10:9618?addrs=188.184.196.10-9618+[2001-1458-301-102--100-19]-9618&noUDP&sock=20359_28b9_3>
...
006 (3282664.000.000) 10/09 00:37:21 Image size of job updated: 46288
	28  -  MemoryUsage of job (MB)
	28152  -  ResidentSetSize of job (KB)
...
040 (3282664.000.000) 10/09 00:40:29 Started transferring output files
...
040 (3282664.000.000) 10/09 00:40:30 Finished transferring output files
...
005 (3282664.000.000) 10/09 00:40:30 Job terminated.
	(1) Normal termination (return value 0)
		Usr 0 00:02:27, Sys 0 00:00:09  -  Run Remote Usage
		Usr 0 00:00:00, Sys 0 00:00:00  -  Run Local Usage
		Usr 0 00:02:27, Sys 0 00:00:09  -  Total Remote Usage
		Usr 0 00:00:00, Sys 0 00:00:00  -  Total Local Usage
	98076  -  Run Bytes Sent By Job
	2236  -  Run Bytes Received By Job
	98076  -  Total Bytes Sent By Job
	2236  -  Total Bytes Received By Job
	Partitionable Resources :    Usage  Request Allocated 
	   Cpus                 :                 1           
	   Disk (KB)            :  2095043        3   2939505 
	   Memory (MB)          :       28     2000      2000 
...
