000 (3283339.000.000) 10/09 00:49:46 Job submitted from host: <137.138.44.75:9618?addrs=137.138.44.75-9618+[2001-1458-d00-1a--b]-9618&alias=bigbird14.cern.ch&noUDP&sock=schedd_2873_37ae_40>
...
040 (3283339.000.000) 10/09 00:57:29 Started transferring input files
	Transferring to host: <188.185.196.11:9618?addrs=188.185.196.11-9618+[2001-1459-301-48--100-1f]-9618&noUDP&sock=16220_350d_80503>
...
040 (3283339.000.000) 10/09 00:57:29 Finished transferring input files
...
001 (3283339.000.000) 10/09 00:57:30 Job executing on host: <188.185.196.11:9618?addrs=188.185.196.11-9618+[2001-1459-301-48--100-1f]-9618&noUDP&sock=16137_37df_3>
...
006 (3283339.000.000) 10/09 00:57:39 Image size of job updated: 76
	1  -  MemoryUsage of job (MB)
	76  -  ResidentSetSize of job (KB)
...
006 (3283339.000.000) 10/09 01:02:40 Image size of job updated: 69904
	60  -  MemoryUsage of job (MB)
	61188  -  ResidentSetSize of job (KB)
...
006 (3283339.000.000) 10/09 01:08:17 Image size of job updated: 182576
	178  -  MemoryUsage of job (MB)
	181364  -  ResidentSetSize of job (KB)
...
006 (3283339.000.000) 10/09 01:13:01 Image size of job updated: 184476
	178  -  MemoryUsage of job (MB)
	181364  -  ResidentSetSize of job (KB)
...
006 (3283339.000.000) 10/09 01:17:40 Image size of job updated: 190000
	178  -  MemoryUsage of job (MB)
	181364  -  ResidentSetSize of job (KB)
...
006 (3283339.000.000) 10/09 01:22:41 Image size of job updated: 308168
	231  -  MemoryUsage of job (MB)
	235804  -  ResidentSetSize of job (KB)
...
006 (3283339.000.000) 10/09 01:22:52 Image size of job updated: 308168
	232  -  MemoryUsage of job (MB)
	236796  -  ResidentSetSize of job (KB)
...
040 (3283339.000.000) 10/09 01:22:58 Entered queue to transfer output files
...
040 (3283339.000.000) 10/09 01:25:17 Started transferring output files
...
040 (3283339.000.000) 10/09 01:25:17 Finished transferring output files
...
005 (3283339.000.000) 10/09 01:25:19 Job terminated.
	(1) Normal termination (return value 0)
		Usr 0 00:10:50, Sys 0 00:00:46  -  Run Remote Usage
		Usr 0 00:00:00, Sys 0 00:00:00  -  Run Local Usage
		Usr 0 00:10:50, Sys 0 00:00:46  -  Total Remote Usage
		Usr 0 00:00:00, Sys 0 00:00:00  -  Total Local Usage
	129935  -  Run Bytes Sent By Job
	2236  -  Run Bytes Received By Job
	129935  -  Total Bytes Sent By Job
	2236  -  Total Bytes Received By Job
	Partitionable Resources :    Usage  Request Allocated 
	   Cpus                 :                 1           
	   Disk (KB)            : 11939134        3   3912924 
	   Memory (MB)          :      232     2000      2000 
...
