000 (3283551.000.000) 10/09 00:53:22 Job submitted from host: <137.138.44.75:9618?addrs=137.138.44.75-9618+[2001-1458-d00-1a--b]-9618&alias=bigbird14.cern.ch&noUDP&sock=schedd_2873_37ae_40>
...
040 (3283551.000.000) 10/09 01:01:32 Started transferring input files
	Transferring to host: <188.185.233.83:9618?addrs=188.185.233.83-9618+[2001-1459-301-18--100-4d]-9618&noUDP&sock=2536_9760_5289>
...
040 (3283551.000.000) 10/09 01:01:32 Finished transferring input files
...
001 (3283551.000.000) 10/09 01:01:34 Job executing on host: <188.185.233.83:9618?addrs=188.185.233.83-9618+[2001-1459-301-18--100-4d]-9618&noUDP&sock=2062_f060_3>
...
006 (3283551.000.000) 10/09 01:01:42 Image size of job updated: 948
	1  -  MemoryUsage of job (MB)
	72  -  ResidentSetSize of job (KB)
...
006 (3283551.000.000) 10/09 01:06:42 Image size of job updated: 33912
	25  -  MemoryUsage of job (MB)
	25520  -  ResidentSetSize of job (KB)
...
006 (3283551.000.000) 10/09 01:11:42 Image size of job updated: 103812
	74  -  MemoryUsage of job (MB)
	75668  -  ResidentSetSize of job (KB)
...
006 (3283551.000.000) 10/09 01:21:34 Image size of job updated: 211040
	169  -  MemoryUsage of job (MB)
	172752  -  ResidentSetSize of job (KB)
...
006 (3283551.000.000) 10/09 01:36:07 Image size of job updated: 320012
	280  -  MemoryUsage of job (MB)
	286544  -  ResidentSetSize of job (KB)
...
040 (3283551.000.000) 10/09 02:16:07 Started transferring output files
...
040 (3283551.000.000) 10/09 02:16:08 Finished transferring output files
...
005 (3283551.000.000) 10/09 02:16:08 Job terminated.
	(1) Normal termination (return value 0)
		Usr 0 00:23:18, Sys 0 00:01:32  -  Run Remote Usage
		Usr 0 00:00:00, Sys 0 00:00:00  -  Run Local Usage
		Usr 0 00:23:18, Sys 0 00:01:32  -  Total Remote Usage
		Usr 0 00:00:00, Sys 0 00:00:00  -  Total Local Usage
	130825  -  Run Bytes Sent By Job
	2232  -  Run Bytes Received By Job
	130825  -  Total Bytes Sent By Job
	2232  -  Total Bytes Received By Job
	Partitionable Resources :    Usage  Request Allocated 
	   Cpus                 :                 1           
	   Disk (KB)            : 16071902        3   2212992 
	   Memory (MB)          :      280     2000      2000 
...
