000 (3283424.000.000) 10/09 00:51:04 Job submitted from host: <137.138.44.75:9618?addrs=137.138.44.75-9618+[2001-1458-d00-1a--b]-9618&alias=bigbird14.cern.ch&noUDP&sock=schedd_2873_37ae_40>
...
040 (3283424.000.000) 10/09 00:57:21 Started transferring input files
	Transferring to host: <188.184.211.134:9618?addrs=188.184.211.134-9618+[2001-1458-301-10b--100-172]-9618&noUDP&sock=20495_54da_136087>
...
040 (3283424.000.000) 10/09 00:57:21 Finished transferring input files
...
001 (3283424.000.000) 10/09 00:57:22 Job executing on host: <188.184.211.134:9618?addrs=188.184.211.134-9618+[2001-1458-301-10b--100-172]-9618&noUDP&sock=20361_87ea_3>
...
006 (3283424.000.000) 10/09 00:57:30 Image size of job updated: 81964
	71  -  MemoryUsage of job (MB)
	72100  -  ResidentSetSize of job (KB)
...
006 (3283424.000.000) 10/09 01:02:30 Image size of job updated: 185596
	181  -  MemoryUsage of job (MB)
	184848  -  ResidentSetSize of job (KB)
...
006 (3283424.000.000) 10/09 01:07:31 Image size of job updated: 190088
	181  -  MemoryUsage of job (MB)
	184848  -  ResidentSetSize of job (KB)
...
040 (3283424.000.000) 10/09 01:09:53 Started transferring output files
...
040 (3283424.000.000) 10/09 01:09:53 Finished transferring output files
...
005 (3283424.000.000) 10/09 01:09:53 Job terminated.
	(1) Normal termination (return value 0)
		Usr 0 00:09:20, Sys 0 00:00:33  -  Run Remote Usage
		Usr 0 00:00:00, Sys 0 00:00:00  -  Run Local Usage
		Usr 0 00:09:20, Sys 0 00:00:33  -  Total Remote Usage
		Usr 0 00:00:00, Sys 0 00:00:00  -  Total Local Usage
	131133  -  Run Bytes Sent By Job
	2232  -  Run Bytes Received By Job
	131133  -  Total Bytes Sent By Job
	2232  -  Total Bytes Received By Job
	Partitionable Resources :    Usage  Request Allocated 
	   Cpus                 :                 1           
	   Disk (KB)            : 10824681        3   2944476 
	   Memory (MB)          :      181     2000      2000 
...
