000 (3356006.000.000) 10/20 19:12:00 Job submitted from host: <137.138.44.75:9618?addrs=137.138.44.75-9618+[2001-1458-d00-1a--b]-9618&alias=bigbird14.cern.ch&noUDP&sock=schedd_2873_37ae_40>
...
040 (3356006.000.000) 10/20 19:13:57 Started transferring input files
	Transferring to host: <188.184.183.111:9618?addrs=188.184.183.111-9618+[2001-1458-301-2b--100-15d]-9618&noUDP&sock=5153_812b_25197>
...
040 (3356006.000.000) 10/20 19:13:57 Finished transferring input files
...
001 (3356006.000.000) 10/20 19:13:58 Job executing on host: <188.184.183.111:9618?addrs=188.184.183.111-9618+[2001-1458-301-2b--100-15d]-9618&noUDP&sock=3292_9ddd_3>
...
006 (3356006.000.000) 10/20 19:14:07 Image size of job updated: 110748
	62  -  MemoryUsage of job (MB)
	63104  -  ResidentSetSize of job (KB)
...
006 (3356006.000.000) 10/20 19:19:07 Image size of job updated: 259832
	173  -  MemoryUsage of job (MB)
	176576  -  ResidentSetSize of job (KB)
...
006 (3356006.000.000) 10/20 19:24:07 Image size of job updated: 265916
	179  -  MemoryUsage of job (MB)
	182692  -  ResidentSetSize of job (KB)
...
006 (3356006.000.000) 10/20 19:49:11 Image size of job updated: 265916
	207  -  MemoryUsage of job (MB)
	211128  -  ResidentSetSize of job (KB)
...
006 (3356006.000.000) 10/20 19:54:11 Image size of job updated: 412776
	293  -  MemoryUsage of job (MB)
	299540  -  ResidentSetSize of job (KB)
...
006 (3356006.000.000) 10/20 19:54:13 Image size of job updated: 412808
	293  -  MemoryUsage of job (MB)
	299540  -  ResidentSetSize of job (KB)
...
040 (3356006.000.000) 10/20 19:54:13 Started transferring output files
...
040 (3356006.000.000) 10/20 19:54:13 Finished transferring output files
...
005 (3356006.000.000) 10/20 19:54:13 Job terminated.
	(1) Normal termination (return value 0)
		Usr 0 00:33:00, Sys 0 00:01:30  -  Run Remote Usage
		Usr 0 00:00:00, Sys 0 00:00:00  -  Run Local Usage
		Usr 0 00:33:00, Sys 0 00:01:30  -  Total Remote Usage
		Usr 0 00:00:00, Sys 0 00:00:00  -  Total Local Usage
	173083  -  Run Bytes Sent By Job
	2190  -  Run Bytes Received By Job
	173083  -  Total Bytes Sent By Job
	2190  -  Total Bytes Received By Job
	Partitionable Resources :    Usage  Request Allocated 
	   Cpus                 :                 1           
	   Disk (KB)            : 29510316        3   2996977 
	   Memory (MB)          :      293     2000      2000 
...
