000 (3282677.000.000) 10/09 00:36:23 Job submitted from host: <137.138.44.75:9618?addrs=137.138.44.75-9618+[2001-1458-d00-1a--b]-9618&alias=bigbird14.cern.ch&noUDP&sock=schedd_2873_37ae_40>
...
040 (3282677.000.000) 10/09 00:37:14 Started transferring input files
	Transferring to host: <188.184.139.206:9618?addrs=188.184.139.206-9618+[2001-1458-301-45--100-1c5]-9618&noUDP&sock=7691_c152_119718>
...
040 (3282677.000.000) 10/09 00:37:14 Finished transferring input files
...
001 (3282677.000.000) 10/09 00:37:15 Job executing on host: <188.184.139.206:9618?addrs=188.184.139.206-9618+[2001-1458-301-45--100-1c5]-9618&noUDP&sock=5738_5e84_3>
...
006 (3282677.000.000) 10/09 00:37:24 Image size of job updated: 125388
	71  -  MemoryUsage of job (MB)
	72132  -  ResidentSetSize of job (KB)
...
006 (3282677.000.000) 10/09 00:40:30 Image size of job updated: 367616
	71  -  MemoryUsage of job (MB)
	72284  -  ResidentSetSize of job (KB)
...
040 (3282677.000.000) 10/09 00:40:31 Started transferring output files
...
040 (3282677.000.000) 10/09 00:40:32 Finished transferring output files
...
005 (3282677.000.000) 10/09 00:40:32 Job terminated.
	(1) Normal termination (return value 0)
		Usr 0 00:02:26, Sys 0 00:00:11  -  Run Remote Usage
		Usr 0 00:00:00, Sys 0 00:00:00  -  Run Local Usage
		Usr 0 00:02:26, Sys 0 00:00:11  -  Total Remote Usage
		Usr 0 00:00:00, Sys 0 00:00:00  -  Total Local Usage
	98057  -  Run Bytes Sent By Job
	2236  -  Run Bytes Received By Job
	98057  -  Total Bytes Sent By Job
	2236  -  Total Bytes Received By Job
	Partitionable Resources :    Usage  Request Allocated 
	   Cpus                 :                 1           
	   Disk (KB)            :  2831292        3   3037911 
	   Memory (MB)          :       71     2000      2000 
...
