000 (3356058.000.000) 10/20 19:13:32 Job submitted from host: <137.138.44.75:9618?addrs=137.138.44.75-9618+[2001-1458-d00-1a--b]-9618&alias=bigbird14.cern.ch&noUDP&sock=schedd_2873_37ae_40>
...
040 (3356058.000.000) 10/20 19:19:57 Started transferring input files
	Transferring to host: <188.185.162.186:9618?addrs=188.185.162.186-9618+[2001-1459-301-4a--100-b4]-9618&noUDP&sock=14236_4cbc_25043>
...
040 (3356058.000.000) 10/20 19:19:57 Finished transferring input files
...
001 (3356058.000.000) 10/20 19:19:58 Job executing on host: <188.185.162.186:9618?addrs=188.185.162.186-9618+[2001-1459-301-4a--100-b4]-9618&noUDP&sock=14106_1f06_3>
...
006 (3356058.000.000) 10/20 19:20:07 Image size of job updated: 76
	1  -  MemoryUsage of job (MB)
	76  -  ResidentSetSize of job (KB)
...
006 (3356058.000.000) 10/20 19:25:08 Image size of job updated: 209032
	172  -  MemoryUsage of job (MB)
	175208  -  ResidentSetSize of job (KB)
...
006 (3356058.000.000) 10/20 19:35:08 Image size of job updated: 271996
	222  -  MemoryUsage of job (MB)
	226416  -  ResidentSetSize of job (KB)
...
006 (3356058.000.000) 10/20 19:40:09 Image size of job updated: 271996
	225  -  MemoryUsage of job (MB)
	229428  -  ResidentSetSize of job (KB)
...
040 (3356058.000.000) 10/20 19:40:54 Started transferring output files
...
040 (3356058.000.000) 10/20 19:40:54 Finished transferring output files
...
005 (3356058.000.000) 10/20 19:40:55 Job terminated.
	(1) Normal termination (return value 0)
		Usr 0 00:08:25, Sys 0 00:00:37  -  Run Remote Usage
		Usr 0 00:00:00, Sys 0 00:00:00  -  Run Local Usage
		Usr 0 00:08:25, Sys 0 00:00:37  -  Total Remote Usage
		Usr 0 00:00:00, Sys 0 00:00:00  -  Total Local Usage
	127268  -  Run Bytes Sent By Job
	2190  -  Run Bytes Received By Job
	127268  -  Total Bytes Sent By Job
	2190  -  Total Bytes Received By Job
	Partitionable Resources :    Usage  Request Allocated 
	   Cpus                 :                 1           
	   Disk (KB)            : 12678959        3   1385905 
	   Memory (MB)          :      225     2000      2000 
...
