000 (3283650.000.000) 10/09 00:54:52 Job submitted from host: <137.138.44.75:9618?addrs=137.138.44.75-9618+[2001-1458-d00-1a--b]-9618&alias=bigbird14.cern.ch&noUDP&sock=schedd_2873_37ae_40>
...
040 (3283650.000.000) 10/09 01:26:18 Started transferring input files
	Transferring to host: <128.142.102.230:9618?addrs=128.142.102.230-9618+[2001-1458-301-89--100-2e0]-9618&noUDP&sock=3232_fc7d_30728>
...
040 (3283650.000.000) 10/09 01:26:18 Finished transferring input files
...
001 (3283650.000.000) 10/09 01:26:19 Job executing on host: <128.142.102.230:9618?addrs=128.142.102.230-9618+[2001-1458-301-89--100-2e0]-9618&noUDP&sock=1831_7dff_3>
...
006 (3283650.000.000) 10/09 01:26:28 Image size of job updated: 263232
	203  -  MemoryUsage of job (MB)
	207456  -  ResidentSetSize of job (KB)
...
006 (3283650.000.000) 10/09 01:31:29 Image size of job updated: 378132
	272  -  MemoryUsage of job (MB)
	278344  -  ResidentSetSize of job (KB)
...
006 (3283650.000.000) 10/09 01:45:44 Image size of job updated: 385136
	272  -  MemoryUsage of job (MB)
	278344  -  ResidentSetSize of job (KB)
...
040 (3283650.000.000) 10/09 01:45:45 Started transferring output files
...
040 (3283650.000.000) 10/09 01:45:47 Finished transferring output files
...
005 (3283650.000.000) 10/09 01:45:51 Job terminated.
	(1) Normal termination (return value 0)
		Usr 0 00:11:16, Sys 0 00:00:45  -  Run Remote Usage
		Usr 0 00:00:00, Sys 0 00:00:00  -  Run Local Usage
		Usr 0 00:11:16, Sys 0 00:00:45  -  Total Remote Usage
		Usr 0 00:00:00, Sys 0 00:00:00  -  Total Local Usage
	130684  -  Run Bytes Sent By Job
	2232  -  Run Bytes Received By Job
	130684  -  Total Bytes Sent By Job
	2232  -  Total Bytes Received By Job
	Partitionable Resources :    Usage  Request Allocated 
	   Cpus                 :                 1           
	   Disk (KB)            : 16551832        3   2181279 
	   Memory (MB)          :      272     2000      2000 
...
