000 (3283578.000.000) 10/09 00:53:51 Job submitted from host: <137.138.44.75:9618?addrs=137.138.44.75-9618+[2001-1458-d00-1a--b]-9618&alias=bigbird14.cern.ch&noUDP&sock=schedd_2873_37ae_40>
...
040 (3283578.000.000) 10/09 01:01:28 Started transferring input files
	Transferring to host: <128.142.101.196:9618?addrs=128.142.101.196-9618+[2001-1458-301-89--100-1ce]-9618&noUDP&sock=3654_52ce_31962>
...
040 (3283578.000.000) 10/09 01:01:28 Finished transferring input files
...
001 (3283578.000.000) 10/09 01:01:29 Job executing on host: <128.142.101.196:9618?addrs=128.142.101.196-9618+[2001-1458-301-89--100-1ce]-9618&noUDP&sock=1824_b0d5_3>
...
006 (3283578.000.000) 10/09 01:01:37 Image size of job updated: 89968
	64  -  MemoryUsage of job (MB)
	65256  -  ResidentSetSize of job (KB)
...
006 (3283578.000.000) 10/09 01:06:37 Image size of job updated: 211636
	157  -  MemoryUsage of job (MB)
	160448  -  ResidentSetSize of job (KB)
...
040 (3283578.000.000) 10/09 01:25:45 Started transferring output files
...
040 (3283578.000.000) 10/09 01:25:45 Finished transferring output files
...
005 (3283578.000.000) 10/09 01:25:45 Job terminated.
	(1) Normal termination (return value 0)
		Usr 0 00:11:42, Sys 0 00:00:39  -  Run Remote Usage
		Usr 0 00:00:00, Sys 0 00:00:00  -  Run Local Usage
		Usr 0 00:11:42, Sys 0 00:00:39  -  Total Remote Usage
		Usr 0 00:00:00, Sys 0 00:00:00  -  Total Local Usage
	130655  -  Run Bytes Sent By Job
	2236  -  Run Bytes Received By Job
	130655  -  Total Bytes Sent By Job
	2236  -  Total Bytes Received By Job
	Partitionable Resources :    Usage  Request Allocated 
	   Cpus                 :                 1           
	   Disk (KB)            : 12957717        3   2086473 
	   Memory (MB)          :      157     2000      2000 
...
