000 (3282518.000.000) 10/09 00:32:19 Job submitted from host: <137.138.44.75:9618?addrs=137.138.44.75-9618+[2001-1458-d00-1a--b]-9618&alias=bigbird14.cern.ch&noUDP&sock=schedd_2873_37ae_40>
...
040 (3282518.000.000) 10/09 00:34:33 Started transferring input files
	Transferring to host: <188.184.143.104:9618?addrs=188.184.143.104-9618+[2001-1458-301-46--100-102]-9618&noUDP&sock=4407_e14c_19951>
...
040 (3282518.000.000) 10/09 00:34:33 Finished transferring input files
...
001 (3282518.000.000) 10/09 00:34:34 Job executing on host: <188.184.143.104:9618?addrs=188.184.143.104-9618+[2001-1458-301-46--100-102]-9618&noUDP&sock=2389_3bd8_3>
...
006 (3282518.000.000) 10/09 00:34:43 Image size of job updated: 236976
	150  -  MemoryUsage of job (MB)
	153264  -  ResidentSetSize of job (KB)
...
006 (3282518.000.000) 10/09 00:37:11 Image size of job updated: 244176
	151  -  MemoryUsage of job (MB)
	154088  -  ResidentSetSize of job (KB)
...
040 (3282518.000.000) 10/09 00:37:12 Started transferring output files
...
040 (3282518.000.000) 10/09 00:37:12 Finished transferring output files
...
005 (3282518.000.000) 10/09 00:37:12 Job terminated.
	(1) Normal termination (return value 0)
		Usr 0 00:01:57, Sys 0 00:00:08  -  Run Remote Usage
		Usr 0 00:00:00, Sys 0 00:00:00  -  Run Local Usage
		Usr 0 00:01:57, Sys 0 00:00:08  -  Total Remote Usage
		Usr 0 00:00:00, Sys 0 00:00:00  -  Total Local Usage
	97985  -  Run Bytes Sent By Job
	2232  -  Run Bytes Received By Job
	97985  -  Total Bytes Sent By Job
	2232  -  Total Bytes Received By Job
	Partitionable Resources :    Usage  Request Allocated 
	   Cpus                 :                 1           
	   Disk (KB)            :  2247100        3   2167741 
	   Memory (MB)          :      151     2000      2000 
...
