000 (3282680.000.000) 10/09 00:36:26 Job submitted from host: <137.138.44.75:9618?addrs=137.138.44.75-9618+[2001-1458-d00-1a--b]-9618&alias=bigbird14.cern.ch&noUDP&sock=schedd_2873_37ae_40>
...
040 (3282680.000.000) 10/09 00:37:15 Started transferring input files
	Transferring to host: <188.184.211.110:9618?addrs=188.184.211.110-9618+[2001-1458-301-10b--100-167]-9618&noUDP&sock=20680_ae42_135521>
...
040 (3282680.000.000) 10/09 00:37:15 Finished transferring input files
...
001 (3282680.000.000) 10/09 00:37:16 Job executing on host: <188.184.211.110:9618?addrs=188.184.211.110-9618+[2001-1458-301-10b--100-167]-9618&noUDP&sock=20531_2304_3>
...
006 (3282680.000.000) 10/09 00:37:25 Image size of job updated: 130012
	75  -  MemoryUsage of job (MB)
	76108  -  ResidentSetSize of job (KB)
...
006 (3282680.000.000) 10/09 00:40:14 Image size of job updated: 184336
	75  -  MemoryUsage of job (MB)
	76216  -  ResidentSetSize of job (KB)
...
040 (3282680.000.000) 10/09 00:40:16 Started transferring output files
...
040 (3282680.000.000) 10/09 00:40:17 Finished transferring output files
...
005 (3282680.000.000) 10/09 00:40:20 Job terminated.
	(1) Normal termination (return value 0)
		Usr 0 00:02:06, Sys 0 00:00:08  -  Run Remote Usage
		Usr 0 00:00:00, Sys 0 00:00:00  -  Run Local Usage
		Usr 0 00:02:06, Sys 0 00:00:08  -  Total Remote Usage
		Usr 0 00:00:00, Sys 0 00:00:00  -  Total Local Usage
	98063  -  Run Bytes Sent By Job
	2236  -  Run Bytes Received By Job
	98063  -  Total Bytes Sent By Job
	2236  -  Total Bytes Received By Job
	Partitionable Resources :    Usage  Request Allocated 
	   Cpus                 :                 1           
	   Disk (KB)            :  2564214        3   2922365 
	   Memory (MB)          :       75     2000      2000 
...
