000 (3355992.000.000) 10/20 19:11:14 Job submitted from host: <137.138.44.75:9618?addrs=137.138.44.75-9618+[2001-1458-d00-1a--b]-9618&alias=bigbird14.cern.ch&noUDP&sock=schedd_2873_37ae_40>
...
040 (3355992.000.000) 10/20 19:13:55 Started transferring input files
	Transferring to host: <128.142.240.142:9618?addrs=128.142.240.142-9618+[2001-1458-301-9--100-9]-9618&noUDP&sock=5421_55b6_25418>
...
040 (3355992.000.000) 10/20 19:13:55 Finished transferring input files
...
001 (3355992.000.000) 10/20 19:13:56 Job executing on host: <128.142.240.142:9618?addrs=128.142.240.142-9618+[2001-1458-301-9--100-9]-9618&noUDP&sock=3289_8f14_3>
...
006 (3355992.000.000) 10/20 19:14:04 Image size of job updated: 203620
	145  -  MemoryUsage of job (MB)
	148080  -  ResidentSetSize of job (KB)
...
006 (3355992.000.000) 10/20 19:19:04 Image size of job updated: 268664
	182  -  MemoryUsage of job (MB)
	185572  -  ResidentSetSize of job (KB)
...
006 (3355992.000.000) 10/20 19:22:09 Image size of job updated: 888828
	182  -  MemoryUsage of job (MB)
	185572  -  ResidentSetSize of job (KB)
...
040 (3355992.000.000) 10/20 19:22:09 Started transferring output files
...
040 (3355992.000.000) 10/20 19:22:09 Finished transferring output files
...
005 (3355992.000.000) 10/20 19:22:09 Job terminated.
	(1) Normal termination (return value 0)
		Usr 0 00:06:16, Sys 0 00:00:24  -  Run Remote Usage
		Usr 0 00:00:00, Sys 0 00:00:00  -  Run Local Usage
		Usr 0 00:06:16, Sys 0 00:00:24  -  Total Remote Usage
		Usr 0 00:00:00, Sys 0 00:00:00  -  Total Local Usage
	119335  -  Run Bytes Sent By Job
	2190  -  Run Bytes Received By Job
	119335  -  Total Bytes Sent By Job
	2190  -  Total Bytes Received By Job
	Partitionable Resources :    Usage  Request Allocated 
	   Cpus                 :                 1           
	   Disk (KB)            :  8546127        3   2897320 
	   Memory (MB)          :      182     2000      2000 
...
