000 (3283439.000.000) 10/09 00:51:17 Job submitted from host: <137.138.44.75:9618?addrs=137.138.44.75-9618+[2001-1458-d00-1a--b]-9618&alias=bigbird14.cern.ch&noUDP&sock=schedd_2873_37ae_40>
...
040 (3283439.000.000) 10/09 00:53:44 Started transferring input files
	Transferring to host: <188.185.193.16:9618?addrs=188.185.193.16-9618+[2001-1459-301-45--100-e]-9618&noUDP&sock=17238_7af6_80494>
...
040 (3283439.000.000) 10/09 00:53:44 Finished transferring input files
...
001 (3283439.000.000) 10/09 00:53:45 Job executing on host: <188.185.193.16:9618?addrs=188.185.193.16-9618+[2001-1459-301-45--100-e]-9618&noUDP&sock=17156_2ae1_3>
...
006 (3283439.000.000) 10/09 00:53:53 Image size of job updated: 72
	1  -  MemoryUsage of job (MB)
	72  -  ResidentSetSize of job (KB)
...
006 (3283439.000.000) 10/09 00:59:48 Image size of job updated: 38084
	28  -  MemoryUsage of job (MB)
	28144  -  ResidentSetSize of job (KB)
...
006 (3283439.000.000) 10/09 01:03:54 Image size of job updated: 96240
	68  -  MemoryUsage of job (MB)
	68692  -  ResidentSetSize of job (KB)
...
006 (3283439.000.000) 10/09 01:10:24 Image size of job updated: 238536
	168  -  MemoryUsage of job (MB)
	171504  -  ResidentSetSize of job (KB)
...
006 (3283439.000.000) 10/09 01:16:11 Image size of job updated: 238536
	169  -  MemoryUsage of job (MB)
	172384  -  ResidentSetSize of job (KB)
...
006 (3283439.000.000) 10/09 01:21:11 Image size of job updated: 242228
	169  -  MemoryUsage of job (MB)
	172384  -  ResidentSetSize of job (KB)
...
040 (3283439.000.000) 10/09 01:22:58 Entered queue to transfer output files
...
040 (3283439.000.000) 10/09 01:25:17 Started transferring output files
...
040 (3283439.000.000) 10/09 01:25:17 Finished transferring output files
...
005 (3283439.000.000) 10/09 01:25:19 Job terminated.
	(1) Normal termination (return value 0)
		Usr 0 00:10:19, Sys 0 00:00:36  -  Run Remote Usage
		Usr 0 00:00:00, Sys 0 00:00:00  -  Run Local Usage
		Usr 0 00:10:19, Sys 0 00:00:36  -  Total Remote Usage
		Usr 0 00:00:00, Sys 0 00:00:00  -  Total Local Usage
	130687  -  Run Bytes Sent By Job
	2236  -  Run Bytes Received By Job
	130687  -  Total Bytes Sent By Job
	2236  -  Total Bytes Received By Job
	Partitionable Resources :    Usage  Request Allocated 
	   Cpus                 :                 1           
	   Disk (KB)            : 10601104        3   4043464 
	   Memory (MB)          :      169     2000      2000 
...
