000 (3282654.000.000) 10/09 00:35:31 Job submitted from host: <137.138.44.75:9618?addrs=137.138.44.75-9618+[2001-1458-d00-1a--b]-9618&alias=bigbird14.cern.ch&noUDP&sock=schedd_2873_37ae_40>
...
040 (3282654.000.000) 10/09 00:37:10 Started transferring input files
	Transferring to host: <188.184.197.70:9618?addrs=188.184.197.70-9618+[2001-1458-301-103--100-4d]-9618&noUDP&sock=7668_8cb1_120222>
...
040 (3282654.000.000) 10/09 00:37:10 Finished transferring input files
...
001 (3282654.000.000) 10/09 00:37:11 Job executing on host: <188.184.197.70:9618?addrs=188.184.197.70-9618+[2001-1458-301-103--100-4d]-9618&noUDP&sock=5695_dff2_3>
...
006 (3282654.000.000) 10/09 00:37:20 Image size of job updated: 187428
	129  -  MemoryUsage of job (MB)
	131660  -  ResidentSetSize of job (KB)
...
006 (3282654.000.000) 10/09 00:39:28 Image size of job updated: 844064
	129  -  MemoryUsage of job (MB)
	131660  -  ResidentSetSize of job (KB)
...
040 (3282654.000.000) 10/09 00:39:28 Started transferring output files
...
040 (3282654.000.000) 10/09 00:39:28 Finished transferring output files
...
005 (3282654.000.000) 10/09 00:39:28 Job terminated.
	(1) Normal termination (return value 0)
		Usr 0 00:01:38, Sys 0 00:00:07  -  Run Remote Usage
		Usr 0 00:00:00, Sys 0 00:00:00  -  Run Local Usage
		Usr 0 00:01:38, Sys 0 00:00:07  -  Total Remote Usage
		Usr 0 00:00:00, Sys 0 00:00:00  -  Total Local Usage
	98045  -  Run Bytes Sent By Job
	2236  -  Run Bytes Received By Job
	98045  -  Total Bytes Sent By Job
	2236  -  Total Bytes Received By Job
	Partitionable Resources :    Usage  Request Allocated 
	   Cpus                 :                 1           
	   Disk (KB)            :  1922896        3   3120934 
	   Memory (MB)          :      129     2000      2000 
...
