000 (3355996.000.000) 10/20 19:11:25 Job submitted from host: <137.138.44.75:9618?addrs=137.138.44.75-9618+[2001-1458-d00-1a--b]-9618&alias=bigbird14.cern.ch&noUDP&sock=schedd_2873_37ae_40>
...
040 (3355996.000.000) 10/20 19:13:55 Started transferring input files
	Transferring to host: <188.184.183.116:9618?addrs=188.184.183.116-9618+[2001-1458-301-2b--100-164]-9618&noUDP&sock=5158_070b_25994>
...
040 (3355996.000.000) 10/20 19:13:55 Finished transferring input files
...
001 (3355996.000.000) 10/20 19:13:56 Job executing on host: <188.184.183.116:9618?addrs=188.184.183.116-9618+[2001-1458-301-2b--100-164]-9618&noUDP&sock=3294_fd0d_3>
...
006 (3355996.000.000) 10/20 19:14:05 Image size of job updated: 226928
	140  -  MemoryUsage of job (MB)
	143220  -  ResidentSetSize of job (KB)
...
006 (3355996.000.000) 10/20 19:19:06 Image size of job updated: 268428
	181  -  MemoryUsage of job (MB)
	185184  -  ResidentSetSize of job (KB)
...
006 (3355996.000.000) 10/20 19:21:43 Image size of job updated: 271816
	181  -  MemoryUsage of job (MB)
	185184  -  ResidentSetSize of job (KB)
...
040 (3355996.000.000) 10/20 19:21:43 Started transferring output files
...
040 (3355996.000.000) 10/20 19:21:43 Finished transferring output files
...
005 (3355996.000.000) 10/20 19:21:43 Job terminated.
	(1) Normal termination (return value 0)
		Usr 0 00:05:57, Sys 0 00:00:22  -  Run Remote Usage
		Usr 0 00:00:00, Sys 0 00:00:00  -  Run Local Usage
		Usr 0 00:05:57, Sys 0 00:00:22  -  Total Remote Usage
		Usr 0 00:00:00, Sys 0 00:00:00  -  Total Local Usage
	114314  -  Run Bytes Sent By Job
	2190  -  Run Bytes Received By Job
	114314  -  Total Bytes Sent By Job
	2190  -  Total Bytes Received By Job
	Partitionable Resources :    Usage  Request Allocated 
	   Cpus                 :                 1           
	   Disk (KB)            :  8052248        3   3002017 
	   Memory (MB)          :      181     2000      2000 
...
