000 (3283536.000.000) 10/09 00:53:08 Job submitted from host: <137.138.44.75:9618?addrs=137.138.44.75-9618+[2001-1458-d00-1a--b]-9618&alias=bigbird14.cern.ch&noUDP&sock=schedd_2873_37ae_40>
...
040 (3283536.000.000) 10/09 01:03:42 Started transferring input files
	Transferring to host: <188.184.186.151:9618?addrs=188.184.186.151-9618+[2001-1458-301-f8--100-93]-9618&noUDP&sock=4026_6e5d_20928>
...
040 (3283536.000.000) 10/09 01:03:42 Finished transferring input files
...
001 (3283536.000.000) 10/09 01:03:43 Job executing on host: <188.184.186.151:9618?addrs=188.184.186.151-9618+[2001-1458-301-f8--100-93]-9618&noUDP&sock=2329_1429_3>
...
006 (3283536.000.000) 10/09 01:03:52 Image size of job updated: 247020
	163  -  MemoryUsage of job (MB)
	166540  -  ResidentSetSize of job (KB)
...
007 (3283536.000.000) 10/09 01:25:17 Shadow exception!
	Assertion ERROR on (result)
	0  -  Run Bytes Sent By Job
	2232  -  Run Bytes Received By Job
...
040 (3283536.000.000) 10/09 01:50:37 Started transferring input files
	Transferring to host: <188.185.233.98:9618?addrs=188.185.233.98-9618+[2001-1459-301-18--100-5c]-9618&noUDP&sock=16602_5c5c_62495>
...
040 (3283536.000.000) 10/09 01:50:37 Finished transferring input files
...
001 (3283536.000.000) 10/09 01:50:38 Job executing on host: <188.185.233.98:9618?addrs=188.185.233.98-9618+[2001-1459-301-18--100-5c]-9618&noUDP&sock=16468_41b8_3>
...
006 (3283536.000.000) 10/09 02:00:47 Image size of job updated: 256528
	171  -  MemoryUsage of job (MB)
	175000  -  ResidentSetSize of job (KB)
...
006 (3283536.000.000) 10/09 02:05:47 Image size of job updated: 284388
	232  -  MemoryUsage of job (MB)
	237056  -  ResidentSetSize of job (KB)
...
006 (3283536.000.000) 10/09 02:10:47 Image size of job updated: 298100
	252  -  MemoryUsage of job (MB)
	257948  -  ResidentSetSize of job (KB)
...
006 (3283536.000.000) 10/09 02:15:49 Image size of job updated: 298100
	253  -  MemoryUsage of job (MB)
	258220  -  ResidentSetSize of job (KB)
...
040 (3283536.000.000) 10/09 02:33:56 Started transferring output files
...
040 (3283536.000.000) 10/09 02:33:56 Finished transferring output files
...
005 (3283536.000.000) 10/09 02:33:56 Job terminated.
	(1) Normal termination (return value 0)
		Usr 0 00:14:29, Sys 0 00:01:27  -  Run Remote Usage
		Usr 0 00:00:00, Sys 0 00:00:00  -  Run Local Usage
		Usr 0 00:14:29, Sys 0 00:01:27  -  Total Remote Usage
		Usr 0 00:00:00, Sys 0 00:00:00  -  Total Local Usage
	130843  -  Run Bytes Sent By Job
	2232  -  Run Bytes Received By Job
	130843  -  Total Bytes Sent By Job
	4464  -  Total Bytes Received By Job
	Partitionable Resources :    Usage  Request Allocated 
	   Cpus                 :                 1           
	   Disk (KB)            : 15163298 10000000  10415760 
	   Memory (MB)          :      253     2000      2000 
...
