000 (3283296.000.000) 10/09 00:48:51 Job submitted from host: <137.138.44.75:9618?addrs=137.138.44.75-9618+[2001-1458-d00-1a--b]-9618&alias=bigbird14.cern.ch&noUDP&sock=schedd_2873_37ae_40>
...
040 (3283296.000.000) 10/09 00:57:28 Started transferring input files
	Transferring to host: <188.184.211.134:9618?addrs=188.184.211.134-9618+[2001-1458-301-10b--100-172]-9618&noUDP&sock=20495_54da_136090>
...
040 (3283296.000.000) 10/09 00:57:28 Finished transferring input files
...
001 (3283296.000.000) 10/09 00:57:29 Job executing on host: <188.184.211.134:9618?addrs=188.184.211.134-9618+[2001-1458-301-10b--100-172]-9618&noUDP&sock=20361_87ea_3>
...
006 (3283296.000.000) 10/09 00:57:38 Image size of job updated: 240200
	166  -  MemoryUsage of job (MB)
	169280  -  ResidentSetSize of job (KB)
...
006 (3283296.000.000) 10/09 01:02:39 Image size of job updated: 240200
	182  -  MemoryUsage of job (MB)
	185780  -  ResidentSetSize of job (KB)
...
040 (3283296.000.000) 10/09 01:09:20 Started transferring output files
...
040 (3283296.000.000) 10/09 01:09:20 Finished transferring output files
...
005 (3283296.000.000) 10/09 01:09:20 Job terminated.
	(1) Normal termination (return value 0)
		Usr 0 00:08:37, Sys 0 00:00:32  -  Run Remote Usage
		Usr 0 00:00:00, Sys 0 00:00:00  -  Run Local Usage
		Usr 0 00:08:37, Sys 0 00:00:32  -  Total Remote Usage
		Usr 0 00:00:00, Sys 0 00:00:00  -  Total Local Usage
	131246  -  Run Bytes Sent By Job
	2232  -  Run Bytes Received By Job
	131246  -  Total Bytes Sent By Job
	2232  -  Total Bytes Received By Job
	Partitionable Resources :    Usage  Request Allocated 
	   Cpus                 :                 1           
	   Disk (KB)            : 10108617        3   2943962 
	   Memory (MB)          :      182     2000      2000 
...
