000 (3283353.000.000) 10/09 00:49:59 Job submitted from host: <137.138.44.75:9618?addrs=137.138.44.75-9618+[2001-1458-d00-1a--b]-9618&alias=bigbird14.cern.ch&noUDP&sock=schedd_2873_37ae_40>
...
040 (3283353.000.000) 10/09 00:57:20 Started transferring input files
	Transferring to host: <188.185.217.34:9618?addrs=188.185.217.34-9618+[2001-1459-301-9c--100-1c]-9618&noUDP&sock=16462_b7d6_61752>
...
040 (3283353.000.000) 10/09 00:57:20 Finished transferring input files
...
001 (3283353.000.000) 10/09 00:57:21 Job executing on host: <188.185.217.34:9618?addrs=188.185.217.34-9618+[2001-1459-301-9c--100-1c]-9618&noUDP&sock=16329_ea0e_3>
...
006 (3283353.000.000) 10/09 00:57:29 Image size of job updated: 72
	1  -  MemoryUsage of job (MB)
	72  -  ResidentSetSize of job (KB)
...
006 (3283353.000.000) 10/09 01:02:29 Image size of job updated: 17092
	13  -  MemoryUsage of job (MB)
	12588  -  ResidentSetSize of job (KB)
...
006 (3283353.000.000) 10/09 01:07:29 Image size of job updated: 215936
	174  -  MemoryUsage of job (MB)
	177340  -  ResidentSetSize of job (KB)
...
006 (3283353.000.000) 10/09 01:18:23 Image size of job updated: 276272
	254  -  MemoryUsage of job (MB)
	259752  -  ResidentSetSize of job (KB)
...
007 (3283353.000.000) 10/09 01:18:23 Shadow exception!
	Assertion ERROR on (result)
	0  -  Run Bytes Sent By Job
	2232  -  Run Bytes Received By Job
...
040 (3283353.000.000) 10/09 01:25:44 Started transferring input files
	Transferring to host: <128.142.114.139:9618?addrs=128.142.114.139-9618+[2001-1458-301-90--100-72b]-9618&noUDP&sock=14030_2774_22939>
...
040 (3283353.000.000) 10/09 01:25:44 Finished transferring input files
...
001 (3283353.000.000) 10/09 01:25:45 Job executing on host: <128.142.114.139:9618?addrs=128.142.114.139-9618+[2001-1458-301-90--100-72b]-9618&noUDP&sock=13935_d454_3>
...
006 (3283353.000.000) 10/09 01:25:53 Image size of job updated: 225320
	151  -  MemoryUsage of job (MB)
	153736  -  ResidentSetSize of job (KB)
...
006 (3283353.000.000) 10/09 01:30:53 Image size of job updated: 251520
	172  -  MemoryUsage of job (MB)
	175364  -  ResidentSetSize of job (KB)
...
040 (3283353.000.000) 10/09 01:36:12 Entered queue to transfer output files
...
040 (3283353.000.000) 10/09 01:37:05 Started transferring output files
...
040 (3283353.000.000) 10/09 01:37:15 Finished transferring output files
...
005 (3283353.000.000) 10/09 01:37:35 Job terminated.
	(1) Normal termination (return value 0)
		Usr 0 00:04:04, Sys 0 00:00:18  -  Run Remote Usage
		Usr 0 00:00:00, Sys 0 00:00:00  -  Run Local Usage
		Usr 0 00:04:04, Sys 0 00:00:18  -  Total Remote Usage
		Usr 0 00:00:00, Sys 0 00:00:00  -  Total Local Usage
	104315  -  Run Bytes Sent By Job
	2232  -  Run Bytes Received By Job
	104315  -  Total Bytes Sent By Job
	4464  -  Total Bytes Received By Job
	Partitionable Resources :    Usage  Request Allocated 
	   Cpus                 :                 1           
	   Disk (KB)            :  3959380        3   2084972 
	   Memory (MB)          :      172     2000      2000 
...
