000 (3282558.000.000) 10/09 00:33:12 Job submitted from host: <137.138.44.75:9618?addrs=137.138.44.75-9618+[2001-1458-d00-1a--b]-9618&alias=bigbird14.cern.ch&noUDP&sock=schedd_2873_37ae_40>
...
040 (3282558.000.000) 10/09 00:34:40 Started transferring input files
	Transferring to host: <188.184.186.208:9618?addrs=188.184.186.208-9618+[2001-1458-301-f8--100-10a]-9618&noUDP&sock=4226_5965_20137>
...
040 (3282558.000.000) 10/09 00:34:40 Finished transferring input files
...
001 (3282558.000.000) 10/09 00:34:41 Job executing on host: <188.184.186.208:9618?addrs=188.184.186.208-9618+[2001-1458-301-f8--100-10a]-9618&noUDP&sock=2442_965d_3>
...
006 (3282558.000.000) 10/09 00:34:50 Image size of job updated: 205912
	147  -  MemoryUsage of job (MB)
	150128  -  ResidentSetSize of job (KB)
...
006 (3282558.000.000) 10/09 00:36:50 Image size of job updated: 205912
	153  -  MemoryUsage of job (MB)
	156272  -  ResidentSetSize of job (KB)
...
040 (3282558.000.000) 10/09 00:36:50 Started transferring output files
...
040 (3282558.000.000) 10/09 00:36:50 Finished transferring output files
...
005 (3282558.000.000) 10/09 00:36:50 Job terminated.
	(1) Normal termination (return value 0)
		Usr 0 00:01:33, Sys 0 00:00:07  -  Run Remote Usage
		Usr 0 00:00:00, Sys 0 00:00:00  -  Run Local Usage
		Usr 0 00:01:33, Sys 0 00:00:07  -  Total Remote Usage
		Usr 0 00:00:00, Sys 0 00:00:00  -  Total Local Usage
	97581  -  Run Bytes Sent By Job
	2236  -  Run Bytes Received By Job
	97581  -  Total Bytes Sent By Job
	2236  -  Total Bytes Received By Job
	Partitionable Resources :    Usage  Request Allocated 
	   Cpus                 :                 1           
	   Disk (KB)            :  1981441        3   2176084 
	   Memory (MB)          :      153     2000      2000 
...
