000 (3282596.000.000) 10/09 00:34:01 Job submitted from host: <137.138.44.75:9618?addrs=137.138.44.75-9618+[2001-1458-d00-1a--b]-9618&alias=bigbird14.cern.ch&noUDP&sock=schedd_2873_37ae_40>
...
040 (3282596.000.000) 10/09 00:35:17 Started transferring input files
	Transferring to host: <188.184.143.76:9618?addrs=188.184.143.76-9618+[2001-1458-301-46--100-150]-9618&noUDP&sock=4439_6d4e_20291>
...
040 (3282596.000.000) 10/09 00:35:17 Finished transferring input files
...
001 (3282596.000.000) 10/09 00:35:18 Job executing on host: <188.184.143.76:9618?addrs=188.184.143.76-9618+[2001-1458-301-46--100-150]-9618&noUDP&sock=2424_3da8_3>
...
006 (3282596.000.000) 10/09 00:35:26 Image size of job updated: 188036
	114  -  MemoryUsage of job (MB)
	116080  -  ResidentSetSize of job (KB)
...
006 (3282596.000.000) 10/09 00:38:21 Image size of job updated: 194460
	118  -  MemoryUsage of job (MB)
	120152  -  ResidentSetSize of job (KB)
...
040 (3282596.000.000) 10/09 00:38:21 Started transferring output files
...
040 (3282596.000.000) 10/09 00:38:22 Finished transferring output files
...
005 (3282596.000.000) 10/09 00:38:22 Job terminated.
	(1) Normal termination (return value 0)
		Usr 0 00:02:11, Sys 0 00:00:09  -  Run Remote Usage
		Usr 0 00:00:00, Sys 0 00:00:00  -  Run Local Usage
		Usr 0 00:02:11, Sys 0 00:00:09  -  Total Remote Usage
		Usr 0 00:00:00, Sys 0 00:00:00  -  Total Local Usage
	98044  -  Run Bytes Sent By Job
	2236  -  Run Bytes Received By Job
	98044  -  Total Bytes Sent By Job
	2236  -  Total Bytes Received By Job
	Partitionable Resources :    Usage  Request Allocated 
	   Cpus                 :                 1           
	   Disk (KB)            :  2457515        3   2191673 
	   Memory (MB)          :      118     2000      2000 
...
