000 (3282552.000.000) 10/09 00:33:05 Job submitted from host: <137.138.44.75:9618?addrs=137.138.44.75-9618+[2001-1458-d00-1a--b]-9618&alias=bigbird14.cern.ch&noUDP&sock=schedd_2873_37ae_40>
...
040 (3282552.000.000) 10/09 00:34:39 Started transferring input files
	Transferring to host: <188.184.132.46:9618?addrs=188.184.132.46-9618+[2001-1458-301-a0--100-1e]-9618&noUDP&sock=4195_81c4_20572>
...
040 (3282552.000.000) 10/09 00:34:39 Finished transferring input files
...
001 (3282552.000.000) 10/09 00:34:40 Job executing on host: <188.184.132.46:9618?addrs=188.184.132.46-9618+[2001-1458-301-a0--100-1e]-9618&noUDP&sock=2335_31ba_3>
...
006 (3282552.000.000) 10/09 00:34:49 Image size of job updated: 124356
	70  -  MemoryUsage of job (MB)
	71184  -  ResidentSetSize of job (KB)
...
006 (3282552.000.000) 10/09 00:37:30 Image size of job updated: 124356
	70  -  MemoryUsage of job (MB)
	71220  -  ResidentSetSize of job (KB)
...
040 (3282552.000.000) 10/09 00:37:31 Started transferring output files
...
040 (3282552.000.000) 10/09 00:37:31 Finished transferring output files
...
005 (3282552.000.000) 10/09 00:37:31 Job terminated.
	(1) Normal termination (return value 0)
		Usr 0 00:02:01, Sys 0 00:00:08  -  Run Remote Usage
		Usr 0 00:00:00, Sys 0 00:00:00  -  Run Local Usage
		Usr 0 00:02:01, Sys 0 00:00:08  -  Total Remote Usage
		Usr 0 00:00:00, Sys 0 00:00:00  -  Total Local Usage
	97555  -  Run Bytes Sent By Job
	2236  -  Run Bytes Received By Job
	97555  -  Total Bytes Sent By Job
	2236  -  Total Bytes Received By Job
	Partitionable Resources :    Usage  Request Allocated 
	   Cpus                 :                 1           
	   Disk (KB)            :  2375273        3   2096087 
	   Memory (MB)          :       70     2000      2000 
...
