000 (3283382.000.000) 10/09 00:50:25 Job submitted from host: <137.138.44.75:9618?addrs=137.138.44.75-9618+[2001-1458-d00-1a--b]-9618&alias=bigbird14.cern.ch&noUDP&sock=schedd_2873_37ae_40>
...
040 (3283382.000.000) 10/09 01:01:36 Started transferring input files
	Transferring to host: <128.142.118.190:9618?addrs=128.142.118.190-9618+[2001-1458-301-ae--100-469]-9618&noUDP&sock=3159_8d1a_8956>
...
040 (3283382.000.000) 10/09 01:01:36 Finished transferring input files
...
001 (3283382.000.000) 10/09 01:01:37 Job executing on host: <128.142.118.190:9618?addrs=128.142.118.190-9618+[2001-1458-301-ae--100-469]-9618&noUDP&sock=1829_1ecf_3>
...
006 (3283382.000.000) 10/09 01:01:46 Image size of job updated: 131920
	76  -  MemoryUsage of job (MB)
	76984  -  ResidentSetSize of job (KB)
...
006 (3283382.000.000) 10/09 01:06:30 Image size of job updated: 131920
	76  -  MemoryUsage of job (MB)
	76988  -  ResidentSetSize of job (KB)
...
040 (3283382.000.000) 10/09 01:06:30 Started transferring output files
...
040 (3283382.000.000) 10/09 01:06:30 Finished transferring output files
...
005 (3283382.000.000) 10/09 01:06:30 Job terminated.
	(1) Normal termination (return value 0)
		Usr 0 00:03:41, Sys 0 00:00:14  -  Run Remote Usage
		Usr 0 00:00:00, Sys 0 00:00:00  -  Run Local Usage
		Usr 0 00:03:41, Sys 0 00:00:14  -  Total Remote Usage
		Usr 0 00:00:00, Sys 0 00:00:00  -  Total Local Usage
	103999  -  Run Bytes Sent By Job
	2236  -  Run Bytes Received By Job
	103999  -  Total Bytes Sent By Job
	2236  -  Total Bytes Received By Job
	Partitionable Resources :    Usage  Request Allocated 
	   Cpus                 :                 1           
	   Disk (KB)            :  4406284        3   2142978 
	   Memory (MB)          :       76     2000      2000 
...
