000 (3282642.000.000) 10/09 00:35:12 Job submitted from host: <137.138.44.75:9618?addrs=137.138.44.75-9618+[2001-1458-d00-1a--b]-9618&alias=bigbird14.cern.ch&noUDP&sock=schedd_2873_37ae_40>
...
040 (3282642.000.000) 10/09 00:37:08 Started transferring input files
	Transferring to host: <188.184.196.230:9618?addrs=188.184.196.230-9618+[2001-1458-301-102--100-d6]-9618&noUDP&sock=20442_fcf8_136125>
...
040 (3282642.000.000) 10/09 00:37:08 Finished transferring input files
...
001 (3282642.000.000) 10/09 00:37:09 Job executing on host: <188.184.196.230:9618?addrs=188.184.196.230-9618+[2001-1458-301-102--100-d6]-9618&noUDP&sock=20310_8c95_3>
...
006 (3282642.000.000) 10/09 00:37:18 Image size of job updated: 171072
	113  -  MemoryUsage of job (MB)
	115296  -  ResidentSetSize of job (KB)
...
006 (3282642.000.000) 10/09 00:39:33 Image size of job updated: 265648
	113  -  MemoryUsage of job (MB)
	115296  -  ResidentSetSize of job (KB)
...
040 (3282642.000.000) 10/09 00:39:33 Started transferring output files
...
040 (3282642.000.000) 10/09 00:39:33 Finished transferring output files
...
005 (3282642.000.000) 10/09 00:39:33 Job terminated.
	(1) Normal termination (return value 0)
		Usr 0 00:01:45, Sys 0 00:00:07  -  Run Remote Usage
		Usr 0 00:00:00, Sys 0 00:00:00  -  Run Local Usage
		Usr 0 00:01:45, Sys 0 00:00:07  -  Total Remote Usage
		Usr 0 00:00:00, Sys 0 00:00:00  -  Total Local Usage
	98051  -  Run Bytes Sent By Job
	2236  -  Run Bytes Received By Job
	98051  -  Total Bytes Sent By Job
	2236  -  Total Bytes Received By Job
	Partitionable Resources :    Usage  Request Allocated 
	   Cpus                 :                 1           
	   Disk (KB)            :  2134981        3   3078924 
	   Memory (MB)          :      113     2000      2000 
...
