000 (3356053.000.000) 10/20 19:13:24 Job submitted from host: <137.138.44.75:9618?addrs=137.138.44.75-9618+[2001-1458-d00-1a--b]-9618&alias=bigbird14.cern.ch&noUDP&sock=schedd_2873_37ae_40>
...
040 (3356053.000.000) 10/20 19:14:04 Started transferring input files
	Transferring to host: <128.142.106.82:9618?addrs=128.142.106.82-9618+[2001-1458-301-8b--100-252]-9618&noUDP&sock=3637_586d_38507>
...
040 (3356053.000.000) 10/20 19:14:04 Finished transferring input files
...
001 (3356053.000.000) 10/20 19:14:05 Job executing on host: <128.142.106.82:9618?addrs=128.142.106.82-9618+[2001-1458-301-8b--100-252]-9618&noUDP&sock=1823_013d_3>
...
006 (3356053.000.000) 10/20 19:14:14 Image size of job updated: 61532
	39  -  MemoryUsage of job (MB)
	39800  -  ResidentSetSize of job (KB)
...
006 (3356053.000.000) 10/20 19:19:15 Image size of job updated: 185428
	176  -  MemoryUsage of job (MB)
	179752  -  ResidentSetSize of job (KB)
...
006 (3356053.000.000) 10/20 19:24:16 Image size of job updated: 198116
	176  -  MemoryUsage of job (MB)
	179752  -  ResidentSetSize of job (KB)
...
040 (3356053.000.000) 10/20 19:29:48 Started transferring output files
...
040 (3356053.000.000) 10/20 19:29:48 Finished transferring output files
...
005 (3356053.000.000) 10/20 19:29:48 Job terminated.
	(1) Normal termination (return value 0)
		Usr 0 00:12:32, Sys 0 00:00:35  -  Run Remote Usage
		Usr 0 00:00:00, Sys 0 00:00:00  -  Run Local Usage
		Usr 0 00:12:32, Sys 0 00:00:35  -  Total Remote Usage
		Usr 0 00:00:00, Sys 0 00:00:00  -  Total Local Usage
	127300  -  Run Bytes Sent By Job
	2190  -  Run Bytes Received By Job
	127300  -  Total Bytes Sent By Job
	2190  -  Total Bytes Received By Job
	Partitionable Resources :    Usage  Request Allocated 
	   Cpus                 :                 1           
	   Disk (KB)            : 12395590        3   2144318 
	   Memory (MB)          :      176     2000      2000 
...
