000 (3283647.000.000) 10/09 00:54:50 Job submitted from host: <137.138.44.75:9618?addrs=137.138.44.75-9618+[2001-1458-d00-1a--b]-9618&alias=bigbird14.cern.ch&noUDP&sock=schedd_2873_37ae_40>
...
040 (3283647.000.000) 10/09 01:01:29 Started transferring input files
	Transferring to host: <128.142.102.18:9618?addrs=128.142.102.18-9618+[2001-1458-301-89--100-1ef]-9618&noUDP&sock=3649_cced_31791>
...
040 (3283647.000.000) 10/09 01:01:30 Finished transferring input files
...
001 (3283647.000.000) 10/09 01:01:31 Job executing on host: <128.142.102.18:9618?addrs=128.142.102.18-9618+[2001-1458-301-89--100-1ef]-9618&noUDP&sock=1831_7dff_3>
...
006 (3283647.000.000) 10/09 01:01:39 Image size of job updated: 81444
	58  -  MemoryUsage of job (MB)
	58508  -  ResidentSetSize of job (KB)
...
006 (3283647.000.000) 10/09 01:11:49 Image size of job updated: 190524
	138  -  MemoryUsage of job (MB)
	140768  -  ResidentSetSize of job (KB)
...
040 (3283647.000.000) 10/09 01:22:34 Started transferring output files
...
040 (3283647.000.000) 10/09 01:22:35 Finished transferring output files
...
005 (3283647.000.000) 10/09 01:22:36 Job terminated.
	(1) Normal termination (return value 0)
		Usr 0 00:12:24, Sys 0 00:00:41  -  Run Remote Usage
		Usr 0 00:00:00, Sys 0 00:00:00  -  Run Local Usage
		Usr 0 00:12:24, Sys 0 00:00:41  -  Total Remote Usage
		Usr 0 00:00:00, Sys 0 00:00:00  -  Total Local Usage
	130658  -  Run Bytes Sent By Job
	2232  -  Run Bytes Received By Job
	130658  -  Total Bytes Sent By Job
	2232  -  Total Bytes Received By Job
	Partitionable Resources :    Usage  Request Allocated 
	   Cpus                 :                 1           
	   Disk (KB)            : 14637322        3   2003355 
	   Memory (MB)          :      138     2000      2000 
...
