000 (3283400.000.000) 10/09 00:50:41 Job submitted from host: <137.138.44.75:9618?addrs=137.138.44.75-9618+[2001-1458-d00-1a--b]-9618&alias=bigbird14.cern.ch&noUDP&sock=schedd_2873_37ae_40>
...
040 (3283400.000.000) 10/09 01:01:51 Started transferring input files
	Transferring to host: <128.142.114.123:9618?addrs=128.142.114.123-9618+[2001-1458-301-90--100-274]-9618&noUDP&sock=13941_7210_19846>
...
040 (3283400.000.000) 10/09 01:01:51 Finished transferring input files
...
001 (3283400.000.000) 10/09 01:01:52 Job executing on host: <128.142.114.123:9618?addrs=128.142.114.123-9618+[2001-1458-301-90--100-274]-9618&noUDP&sock=13804_f96c_3>
...
006 (3283400.000.000) 10/09 01:02:01 Image size of job updated: 250316
	163  -  MemoryUsage of job (MB)
	166604  -  ResidentSetSize of job (KB)
...
040 (3283400.000.000) 10/09 01:05:14 Started transferring output files
...
040 (3283400.000.000) 10/09 01:05:14 Finished transferring output files
...
005 (3283400.000.000) 10/09 01:05:14 Job terminated.
	(1) Normal termination (return value 0)
		Usr 0 00:02:23, Sys 0 00:00:12  -  Run Remote Usage
		Usr 0 00:00:00, Sys 0 00:00:00  -  Run Local Usage
		Usr 0 00:02:23, Sys 0 00:00:12  -  Total Remote Usage
		Usr 0 00:00:00, Sys 0 00:00:00  -  Total Local Usage
	98975  -  Run Bytes Sent By Job
	2236  -  Run Bytes Received By Job
	98975  -  Total Bytes Sent By Job
	2236  -  Total Bytes Received By Job
	Partitionable Resources :    Usage  Request Allocated 
	   Cpus                 :                 1           
	   Disk (KB)            :  2857601        3   2198933 
	   Memory (MB)          :      163     2000      2000 
...
