000 (3282689.000.000) 10/09 00:36:38 Job submitted from host: <137.138.44.75:9618?addrs=137.138.44.75-9618+[2001-1458-d00-1a--b]-9618&alias=bigbird14.cern.ch&noUDP&sock=schedd_2873_37ae_40>
...
040 (3282689.000.000) 10/09 00:37:18 Started transferring input files
	Transferring to host: <188.184.138.154:9618?addrs=188.184.138.154-9618+[2001-1458-301-45--100-90]-9618&noUDP&sock=1797_e622_136444>
...
040 (3282689.000.000) 10/09 00:37:18 Finished transferring input files
...
001 (3282689.000.000) 10/09 00:37:19 Job executing on host: <188.184.138.154:9618?addrs=188.184.138.154-9618+[2001-1458-301-45--100-90]-9618&noUDP&sock=5580_fe8d_3>
...
006 (3282689.000.000) 10/09 00:37:28 Image size of job updated: 209980
	151  -  MemoryUsage of job (MB)
	154212  -  ResidentSetSize of job (KB)
...
006 (3282689.000.000) 10/09 00:38:22 Image size of job updated: 279120
	151  -  MemoryUsage of job (MB)
	154212  -  ResidentSetSize of job (KB)
...
040 (3282689.000.000) 10/09 00:38:22 Started transferring output files
...
040 (3282689.000.000) 10/09 00:38:22 Finished transferring output files
...
005 (3282689.000.000) 10/09 00:38:22 Job terminated.
	(1) Normal termination (return value 0)
		Usr 0 00:00:44, Sys 0 00:00:04  -  Run Remote Usage
		Usr 0 00:00:00, Sys 0 00:00:00  -  Run Local Usage
		Usr 0 00:00:44, Sys 0 00:00:04  -  Total Remote Usage
		Usr 0 00:00:00, Sys 0 00:00:00  -  Total Local Usage
	93007  -  Run Bytes Sent By Job
	2232  -  Run Bytes Received By Job
	93007  -  Total Bytes Sent By Job
	2232  -  Total Bytes Received By Job
	Partitionable Resources :    Usage  Request Allocated 
	   Cpus                 :                 1           
	   Disk (KB)            :   873554        3   2963319 
	   Memory (MB)          :      151     2000      2000 
...
