000 (3283561.000.000) 10/09 00:53:32 Job submitted from host: <137.138.44.75:9618?addrs=137.138.44.75-9618+[2001-1458-d00-1a--b]-9618&alias=bigbird14.cern.ch&noUDP&sock=schedd_2873_37ae_40>
...
040 (3283561.000.000) 10/09 01:01:27 Started transferring input files
	Transferring to host: <128.142.113.239:9618?addrs=128.142.113.239-9618+[2001-1458-301-90--100-3d2]-9618&noUDP&sock=13973_fe11_19136>
...
040 (3283561.000.000) 10/09 01:01:27 Finished transferring input files
...
001 (3283561.000.000) 10/09 01:01:28 Job executing on host: <128.142.113.239:9618?addrs=128.142.113.239-9618+[2001-1458-301-90--100-3d2]-9618&noUDP&sock=13836_ec74_3>
...
006 (3283561.000.000) 10/09 01:01:37 Image size of job updated: 57852
	42  -  MemoryUsage of job (MB)
	42464  -  ResidentSetSize of job (KB)
...
006 (3283561.000.000) 10/09 01:06:38 Image size of job updated: 273532
	211  -  MemoryUsage of job (MB)
	216040  -  ResidentSetSize of job (KB)
...
006 (3283561.000.000) 10/09 01:11:38 Image size of job updated: 273532
	213  -  MemoryUsage of job (MB)
	217328  -  ResidentSetSize of job (KB)
...
040 (3283561.000.000) 10/09 01:13:37 Entered queue to transfer output files
...
040 (3283561.000.000) 10/09 01:22:34 Started transferring output files
...
040 (3283561.000.000) 10/09 01:22:35 Finished transferring output files
...
005 (3283561.000.000) 10/09 01:22:35 Job terminated.
	(1) Normal termination (return value 0)
		Usr 0 00:06:58, Sys 0 00:00:38  -  Run Remote Usage
		Usr 0 00:00:00, Sys 0 00:00:00  -  Run Local Usage
		Usr 0 00:06:58, Sys 0 00:00:38  -  Total Remote Usage
		Usr 0 00:00:00, Sys 0 00:00:00  -  Total Local Usage
	130696  -  Run Bytes Sent By Job
	2236  -  Run Bytes Received By Job
	130696  -  Total Bytes Sent By Job
	2236  -  Total Bytes Received By Job
	Partitionable Resources :    Usage  Request Allocated 
	   Cpus                 :                 1           
	   Disk (KB)            :  9774454        3   2068953 
	   Memory (MB)          :      213     2000      2000 
...
