000 (3356082.000.000) 10/20 19:14:07 Job submitted from host: <137.138.44.75:9618?addrs=137.138.44.75-9618+[2001-1458-d00-1a--b]-9618&alias=bigbird14.cern.ch&noUDP&sock=schedd_2873_37ae_40>
...
040 (3356082.000.000) 10/20 19:19:55 Started transferring input files
	Transferring to host: <128.142.106.186:9618?addrs=128.142.106.186-9618+[2001-1458-301-8b--100-2b6]-9618&noUDP&sock=3662_f5ce_38157>
...
040 (3356082.000.000) 10/20 19:19:55 Finished transferring input files
...
001 (3356082.000.000) 10/20 19:19:56 Job executing on host: <128.142.106.186:9618?addrs=128.142.106.186-9618+[2001-1458-301-8b--100-2b6]-9618&noUDP&sock=1831_7dff_3>
...
006 (3356082.000.000) 10/20 19:20:04 Image size of job updated: 46700
	28  -  MemoryUsage of job (MB)
	28164  -  ResidentSetSize of job (KB)
...
006 (3356082.000.000) 10/20 19:25:04 Image size of job updated: 190604
	146  -  MemoryUsage of job (MB)
	148580  -  ResidentSetSize of job (KB)
...
006 (3356082.000.000) 10/20 19:30:04 Image size of job updated: 259220
	193  -  MemoryUsage of job (MB)
	197284  -  ResidentSetSize of job (KB)
...
006 (3356082.000.000) 10/20 19:35:05 Image size of job updated: 259220
	193  -  MemoryUsage of job (MB)
	197288  -  ResidentSetSize of job (KB)
...
040 (3356082.000.000) 10/20 20:00:58 Started transferring output files
...
040 (3356082.000.000) 10/20 20:00:58 Finished transferring output files
...
005 (3356082.000.000) 10/20 20:00:58 Job terminated.
	(1) Normal termination (return value 0)
		Usr 0 00:32:43, Sys 0 00:01:31  -  Run Remote Usage
		Usr 0 00:00:00, Sys 0 00:00:00  -  Run Local Usage
		Usr 0 00:32:43, Sys 0 00:01:31  -  Total Remote Usage
		Usr 0 00:00:00, Sys 0 00:00:00  -  Total Local Usage
	172910  -  Run Bytes Sent By Job
	2190  -  Run Bytes Received By Job
	172910  -  Total Bytes Sent By Job
	2190  -  Total Bytes Received By Job
	Partitionable Resources :    Usage  Request Allocated 
	   Cpus                 :                 1           
	   Disk (KB)            : 32319415        3   1980103 
	   Memory (MB)          :      193     2000      2000 
...
