==== environment (before) ====

ATLAS_CGROUPS_BASE=/cgroup/memory
ATLAS_LOCAL_AREA=/afs/cern.ch/project/gd/apps/atlas/local
BATCH_SYSTEM=HTCondor
CASCADE_PDFPATH=/cvmfs/cms.cern.ch/slc7_amd64_gcc700/external/cascade/2.2.04-ikaegh/share
CASTOR_HOME=/castor/cern.ch/user/g/gkaratha
CLHEP_PARAM_PATH=/cvmfs/cms.cern.ch/slc7_amd64_gcc700/external/clhep/2.4.0.0-gnimlf
CMSSW_BASE=/afs/cern.ch/work/g/gkaratha/private/SUSYCMG/HLT/efficiency/Analizer/CMSSW_10_4_0
CMSSW_DATA_PATH=/cvmfs/cms.cern.ch/slc7_amd64_gcc700/cms
CMSSW_FWLITE_INCLUDE_PATH=/cvmfs/cms.cern.ch/slc7_amd64_gcc700/external/sherpa/2.2.5-ikaegh4/include:/cvmfs/cms.cern.ch/slc7_amd64_gcc700/external/hepmc/2.06.07-omkpbe2/include:/cvmfs/cms.cern.ch/slc7_amd64_gcc700/external/clhep/2.4.0.0-gnimlf/include:/cvmfs/cms.cern.ch/slc7_amd64_gcc700/external/boost/1.67.0/include
CMSSW_GIT_HASH=CMSSW_10_4_0
CMSSW_RELEASE_BASE=/cvmfs/cms.cern.ch/slc7_amd64_gcc700/cms/cmssw/CMSSW_10_4_0
CMSSW_SEARCH_PATH=/afs/cern.ch/work/g/gkaratha/private/SUSYCMG/HLT/efficiency/Analizer/CMSSW_10_4_0/poison:/afs/cern.ch/work/g/gkaratha/private/SUSYCMG/HLT/efficiency/Analizer/CMSSW_10_4_0/src:/afs/cern.ch/work/g/gkaratha/private/SUSYCMG/HLT/efficiency/Analizer/CMSSW_10_4_0/external/slc7_amd64_gcc700/data:/cvmfs/cms.cern.ch/slc7_amd64_gcc700/cms/cmssw/CMSSW_10_4_0/src:/cvmfs/cms.cern.ch/slc7_amd64_gcc700/cms/cmssw/CMSSW_10_4_0/external/slc7_amd64_gcc700/data
CMSSW_VERSION=CMSSW_10_4_0
CMS_OPENLOOPS_PREFIX=/cvmfs/cms.cern.ch/slc7_amd64_gcc700/external/openloops/2.0.b-ikaegh2
CMS_ORACLEOCCI_LIB=/cvmfs/cms.cern.ch/slc7_amd64_gcc700/cms/cms_oracleocci_abi_hack/20180210-omkpbe/lib/libcms_oracleocci_abi_hack.so
CMS_PATH=/cvmfs/cms.cern.ch
COLUMNS=80
COMPILER_PATH=/cvmfs/cms.cern.ch/slc7_amd64_gcc700/external/gcc/7.0.0-omkpbe2
CONDA_SHLVL=0
CSC_TRACK_FINDER_DATA_DIR=/cvmfs/cms.cern.ch/slc7_amd64_gcc700/cms/CSCTrackFinderEmulation/1.2-omkpbe2/data/
CVSROOT=:gserver:cmssw.cvs.cern.ch:/local/reps/CMSSW
CVS_RSH=ssh
DISPLAY=localhost:45.0
EDITOR=/bin/nano -w
EOS_MGM_URL=root://eoscms.cern.ch
EVTGENDATA=/cvmfs/cms.cern.ch/slc7_amd64_gcc700/external/evtgen/1.6.0-ikaegh/share
FRONTIER_CLIENT=/cvmfs/cms.cern.ch/slc7_amd64_gcc700/external/frontier_client/2.8.20-omkpbe4/
G4ABLADATA=/cvmfs/cms.cern.ch/slc7_amd64_gcc700/external/geant4-G4ABLA/3.0/data/G4ABLA3.0
G4ENSDFSTATEDATA=/cvmfs/cms.cern.ch/slc7_amd64_gcc700/external/geant4-G4ENSDFSTATE/2.2/data/G4ENSDFSTATE2.2
G4FORCENUMBEROFTHREADS=max
G4LEDATA=/cvmfs/cms.cern.ch/slc7_amd64_gcc700/external/geant4-G4EMLOW/7.3/data/G4EMLOW7.3
G4LEVELGAMMADATA=/cvmfs/cms.cern.ch/slc7_amd64_gcc700/external/geant4-G4PhotonEvaporation/5.2/data/PhotonEvaporation5.2
G4NEUTRONHPDATA=/cvmfs/cms.cern.ch/slc7_amd64_gcc700/external/geant4-G4NDL/4.5/data/G4NDL4.5
G4NEUTRONXSDATA=/cvmfs/cms.cern.ch/slc7_amd64_gcc700/external/geant4-G4NEUTRONXS/1.4/data/G4NEUTRONXS1.4
G4RADIOACTIVEDATA=/cvmfs/cms.cern.ch/slc7_amd64_gcc700/external/geant4-G4RadioactiveDecay/5.2/data/RadioactiveDecay5.2
G4SAIDXSDATA=/cvmfs/cms.cern.ch/slc7_amd64_gcc700/external/geant4-G4SAIDDATA/1.1/data/G4SAIDDATA1.1
GCC_RUNTIME_ASAN=/cvmfs/cms.cern.ch/slc7_amd64_gcc700/external/gcc/7.0.0-omkpbe2/lib64/libasan.so
GCC_RUNTIME_LSAN=/cvmfs/cms.cern.ch/slc7_amd64_gcc700/external/gcc/7.0.0-omkpbe2/lib64/libasan.so
GCC_RUNTIME_TSAN=/cvmfs/cms.cern.ch/slc7_amd64_gcc700/external/gcc/7.0.0-omkpbe2/lib64/libtsan.so
GCC_RUNTIME_UBSAN=/cvmfs/cms.cern.ch/slc7_amd64_gcc700/external/gcc/7.0.0-omkpbe2/lib64/libubsan.so
GEANT4_PARFULLCMS_CONFIG_DIR=/cvmfs/cms.cern.ch/slc7_amd64_gcc700/external/geant4-parfullcms/2014.01.27-gnimlf3/share/ParFullCMS
GENEVA_DATA_DIR=/cvmfs/cms.cern.ch/slc7_amd64_gcc700/external/geneva/1.0-RC3/share/Geneva
GENREFLEX=/cvmfs/cms.cern.ch/slc7_amd64_gcc700/lcg/root/6.12.07-ikaegh3/bin/genreflex
GIT_EXEC_PATH=/cvmfs/cms.cern.ch/slc7_amd64_gcc700/external/git/2.19.0/libexec/git-core
GIT_SSL_CAINFO=/cvmfs/cms.cern.ch/slc7_amd64_gcc700/external/git/2.19.0/share/ssl/certs/ca-bundle.crt
GIT_TEMPLATE_DIR=/cvmfs/cms.cern.ch/slc7_amd64_gcc700/external/git/2.19.0/share/git-core/templates
GLEXEC_LOCATION=/usr
GLITE_ENV_SET=TRUE
GLITE_LOCATION=/usr
GLITE_LOCATION_VAR=/var
GOSAMCONTRIB_PATH=/cvmfs/cms.cern.ch/slc7_amd64_gcc700/external/gosamcontrib/2.0-20150803-omkpbe2
GRIDMAPDIR=/etc/grid-security/gridmapdir
GRID_ENV_LOCATION=/usr/libexec
GRID_VO_ENV_SET=true
GUESTFISH_OUTPUT=\e[0m
GUESTFISH_RESTORE=\e[0m
HEPPDT_PARAM_PATH=/cvmfs/cms.cern.ch/slc7_amd64_gcc700/external/heppdt/3.03.00-ikaegh2
HERWIGPATH=/cvmfs/cms.cern.ch/slc7_amd64_gcc700/external/herwigpp/7.1.4-ikaegh4/share/Herwig
HISTCONTROL=ignoredups
HISTSIZE=1000
HOME=/afs/cern.ch/user/g/gkaratha
HOSTNAME=b7w02n0349.cern.ch
INTEL_LICENSE_FILE=28518@lxlicen01.cern.ch,28518@lxlicen02.cern.ch,28518@lxlicen03.cern.ch
JOBFEATURES=
KDEDIRS=/usr
KRB5CCNAME=FILE:/pool/condor/dir_9449/gkaratha.cc
LANG=C
LCG_GFAL_INFOSYS=lcg-bdii.cern.ch:2170
LCG_LOCATION=/usr
LC_ADDRESS=en_US.UTF-8
LC_IDENTIFICATION=en_US.UTF-8
LC_MEASUREMENT=en_US.UTF-8
LC_MONETARY=en_US.UTF-8
LC_NAME=en_US.UTF-8
LC_NUMERIC=en_US.UTF-8
LC_PAPER=en_US.UTF-8
LC_TELEPHONE=en_US.UTF-8
LC_TIME=en_US.UTF-8
LD_LIBRARY_PATH=/afs/cern.ch/work/g/gkaratha/private/SUSYCMG/HLT/efficiency/Analizer/CMSSW_10_4_0/biglib/slc7_amd64_gcc700:/afs/cern.ch/work/g/gkaratha/private/SUSYCMG/HLT/efficiency/Analizer/CMSSW_10_4_0/lib/slc7_amd64_gcc700:/afs/cern.ch/work/g/gkaratha/private/SUSYCMG/HLT/efficiency/Analizer/CMSSW_10_4_0/external/slc7_amd64_gcc700/lib:/cvmfs/cms.cern.ch/slc7_amd64_gcc700/cms/cmssw/CMSSW_10_4_0/biglib/slc7_amd64_gcc700:/cvmfs/cms.cern.ch/slc7_amd64_gcc700/cms/cmssw/CMSSW_10_4_0/lib/slc7_amd64_gcc700:/cvmfs/cms.cern.ch/slc7_amd64_gcc700/cms/cmssw/CMSSW_10_4_0/external/slc7_amd64_gcc700/lib:/cvmfs/cms.cern.ch/slc7_amd64_gcc700/external/llvm/7.0.0-ikaegh/lib64:/cvmfs/cms.cern.ch/slc7_amd64_gcc700/external/gcc/7.0.0-omkpbe2/lib64:/cvmfs/cms.cern.ch/slc7_amd64_gcc700/external/gcc/7.0.0-omkpbe2/lib:/cvmfs/cms.cern.ch/slc7_amd64_gcc700/external/cuda/10.0.130/drivers
LESSOPEN=||/usr/bin/lesspipe.sh %s
LHAPDF_DATA_PATH=/cvmfs/cms.cern.ch/slc7_amd64_gcc700/external/lhapdf/6.2.1-ikaegh/share/LHAPDF
LINES=24
LOADEDMODULES=
LOCALRT=/afs/cern.ch/work/g/gkaratha/private/SUSYCMG/HLT/efficiency/Analizer/CMSSW_10_4_0
LOGNAME=gkaratha
LS_SUBCWD=/afs/cern.ch/work/g/gkaratha/private/SUSYCMG/HLT/efficiency/Analizer/CMSSW_10_4_0/src/CMGTools/RKAnalysis/cfg/OutCmsBatch_09Oct19_004826/RunA2018_part2_1_Chunk16
MACHINEFEATURES=/etc/machinefeatures
MAIL=/var/spool/mail/gkaratha
MANPATH=/cvmfs/cms.cern.ch/share/man:/opt/glite/share/man:/cvmfs/cms.cern.ch/share/man::/opt/puppetlabs/puppet/share/man::
MODULEPATH=/usr/share/Modules/modulefiles:/etc/modulefiles
MODULESHOME=/usr/share/Modules
MYPROXY_SERVER=myproxy.cern.ch
OMP_NUM_THREADS=1
OPAL_PREFIX=/cvmfs/cms.cern.ch/slc7_amd64_gcc700/external/openmpi/2.1.5
OPENBLAS_NUM_THREADS=1
PATH=/afs/cern.ch/cms/caf/scripts:/cvmfs/cms.cern.ch/common:/cvmfs/cms.cern.ch/bin:/bin:/cvmfs/cms.cern.ch/share/overrides/bin:/afs/cern.ch/work/g/gkaratha/private/SUSYCMG/HLT/efficiency/Analizer/CMSSW_10_4_0/bin/slc7_amd64_gcc700:/afs/cern.ch/work/g/gkaratha/private/SUSYCMG/HLT/efficiency/Analizer/CMSSW_10_4_0/external/slc7_amd64_gcc700/bin:/cvmfs/cms.cern.ch/slc7_amd64_gcc700/cms/cmssw/CMSSW_10_4_0/bin/slc7_amd64_gcc700:/cvmfs/cms.cern.ch/slc7_amd64_gcc700/cms/cmssw/CMSSW_10_4_0/external/slc7_amd64_gcc700/bin:/cvmfs/cms.cern.ch/slc7_amd64_gcc700/external/llvm/7.0.0-ikaegh/bin:/cvmfs/cms.cern.ch/slc7_amd64_gcc700/external/gcc/7.0.0-omkpbe2/bin:/afs/cern.ch/work/g/gkaratha/miniconda3/bin:/afs/cern.ch/cms/caf/scripts:/cvmfs/cms.cern.ch/common:/cvmfs/cms.cern.ch/bin:/usr/sue/bin:/usr/lib64/qt-3.3/bin:/usr/condabin:/usr/local/bin:/usr/bin:/usr/local/sbin:/usr/sbin:/opt/puppetlabs/bin:/afs/cern.ch/user/g/gkaratha/bin
PDFPATH=/cvmfs/cms.cern.ch/slc7_amd64_gcc700/external/rivet/2.5.4-ikaegh4/share
PERL5LIB=/cvmfs/cms.cern.ch/slc7_amd64_gcc700/external/git/2.19.0/share/perl5
PWD=/pool/condor/dir_9449
PYTHIA8DATA=/cvmfs/cms.cern.ch/slc7_amd64_gcc700/external/pythia8/230-ikaegh/share/Pythia8/xmldoc
PYTHON27PATH=/afs/cern.ch/work/g/gkaratha/private/SUSYCMG/HLT/efficiency/Analizer/CMSSW_10_4_0/python:/afs/cern.ch/work/g/gkaratha/private/SUSYCMG/HLT/efficiency/Analizer/CMSSW_10_4_0/lib/slc7_amd64_gcc700:/cvmfs/cms.cern.ch/slc7_amd64_gcc700/cms/cmssw/CMSSW_10_4_0/python:/cvmfs/cms.cern.ch/slc7_amd64_gcc700/cms/cmssw/CMSSW_10_4_0/lib/slc7_amd64_gcc700:/cvmfs/cms.cern.ch/slc7_amd64_gcc700/cms/coral/CORAL_2_3_21-ikaegh4/slc7_amd64_gcc700/python:/cvmfs/cms.cern.ch/slc7_amd64_gcc700/cms/coral/CORAL_2_3_21-ikaegh4/slc7_amd64_gcc700/lib:/cvmfs/cms.cern.ch/slc7_amd64_gcc700/external/xrootd/4.8.4/lib/python2.7/site-packages:/cvmfs/cms.cern.ch/slc7_amd64_gcc700/external/fastjet/3.3.0-omkpbe/lib/python2.7/site-packages:/cvmfs/cms.cern.ch/slc7_amd64_gcc700/cms/cmssw-tool-conf/45.0-ikaegh6/lib/python2.7/site-packages
PYTHON3PATH=/afs/cern.ch/work/g/gkaratha/private/SUSYCMG/HLT/efficiency/Analizer/CMSSW_10_4_0/python:/afs/cern.ch/work/g/gkaratha/private/SUSYCMG/HLT/efficiency/Analizer/CMSSW_10_4_0/lib/slc7_amd64_gcc700:/cvmfs/cms.cern.ch/slc7_amd64_gcc700/cms/cmssw/CMSSW_10_4_0/python:/cvmfs/cms.cern.ch/slc7_amd64_gcc700/cms/cmssw/CMSSW_10_4_0/lib/slc7_amd64_gcc700:/cvmfs/cms.cern.ch/slc7_amd64_gcc700/cms/cmssw-tool-conf/45.0-ikaegh6/lib/python3.6/site-packages
PYTHON_VALGRIND_SUPP=/cvmfs/cms.cern.ch/slc7_amd64_gcc700/external/python/2.7.14-omkpbe4/share/valgrind/valgrind-python.supp
QTDIR=/cvmfs/cms.cern.ch/slc7_amd64_gcc700/external/qt/4.8.7-ikaegh:/usr/lib64/qt-3.3
QTINC=/cvmfs/cms.cern.ch/slc7_amd64_gcc700/external/qt/4.8.7-ikaegh/include:/usr/lib64/qt-3.3/include
QTLIB=/cvmfs/cms.cern.ch/slc7_amd64_gcc700/external/qt/4.8.7-ikaegh/lib:/usr/lib64/qt-3.3/lib
QT_GRAPHICSSYSTEM=native
QT_GRAPHICSSYSTEM_CHECKED=1
QT_PLUGIN_PATH=/usr/lib64/kde4/plugins:/usr/lib/kde4/plugins
RIVET_ANALYSIS_PATH=/afs/cern.ch/work/g/gkaratha/private/SUSYCMG/HLT/efficiency/Analizer/CMSSW_10_4_0/lib/slc7_amd64_gcc700:/cvmfs/cms.cern.ch/slc7_amd64_gcc700/cms/cmssw/CMSSW_10_4_0/lib/slc7_amd64_gcc700:/cvmfs/cms.cern.ch/slc7_amd64_gcc700/external/rivet/2.5.4-ikaegh4/lib
ROOFITSYS=/cvmfs/cms.cern.ch/slc7_amd64_gcc700/lcg/root/6.12.07-ikaegh3/
ROOTSYS=/cvmfs/cms.cern.ch/slc7_amd64_gcc700/lcg/root/6.12.07-ikaegh3
ROOT_GCC_TOOLCHAIN=/cvmfs/cms.cern.ch/slc7_amd64_gcc700/external/gcc/7.0.0-omkpbe2
ROOT_INCLUDE_PATH=/afs/cern.ch/work/g/gkaratha/private/SUSYCMG/HLT/efficiency/Analizer/CMSSW_10_4_0/src:/cvmfs/cms.cern.ch/slc7_amd64_gcc700/cms/cmssw/CMSSW_10_4_0/src:/cvmfs/cms.cern.ch/slc7_amd64_gcc700/cms/coral/CORAL_2_3_21-ikaegh4/include/LCG:/cvmfs/cms.cern.ch/slc7_amd64_gcc700/external/mctester/1.25.0a-ikaegh3/include:/cvmfs/cms.cern.ch/slc7_amd64_gcc700/lcg/root/6.12.07-ikaegh3/include:/cvmfs/cms.cern.ch/slc7_amd64_gcc700/external/dd4hep/v01-08x-ikaegh5/include:/cvmfs/cms.cern.ch/slc7_amd64_gcc700/external/qt/4.8.7-ikaegh/include/QtDesigner:/cvmfs/cms.cern.ch/slc7_amd64_gcc700/external/herwigpp/7.1.4-ikaegh4/include:/cvmfs/cms.cern.ch/slc7_amd64_gcc700/external/tauolapp/1.1.5-ikaegh/include:/cvmfs/cms.cern.ch/slc7_amd64_gcc700/external/charybdis/1.003-ikaegh/include:/cvmfs/cms.cern.ch/slc7_amd64_gcc700/external/sherpa/2.2.5-ikaegh4/include/SHERPA-MC:/cvmfs/cms.cern.ch/slc7_amd64_gcc700/external/qt/4.8.7-ikaegh/include/QtOpenGL:/cvmfs/cms.cern.ch/slc7_amd64_gcc700/external/qt/4.8.7-ikaegh/include/QtGui:/cvmfs/cms.cern.ch/slc7_amd64_gcc700/external/thepeg/2.1.4-ikaegh4/include:/cvmfs/cms.cern.ch/slc7_amd64_gcc700/external/pythia8/230-ikaegh/include:/cvmfs/cms.cern.ch/slc7_amd64_gcc700/external/herwig/6.521-ikaegh/include:/cvmfs/cms.cern.ch/slc7_amd64_gcc700/external/rivet/2.5.4-ikaegh4/include:/cvmfs/cms.cern.ch/slc7_amd64_gcc700/external/qt/4.8.7-ikaegh/include/Qt3Support:/cvmfs/cms.cern.ch/slc7_amd64_gcc700/external/lwtnn/2.4-ikaegh2/include:/cvmfs/cms.cern.ch/slc7_amd64_gcc700/external/geant4/10.04-gnimlf3/include/Geant4:/cvmfs/cms.cern.ch/slc7_amd64_gcc700/external/classlib/3.1.3-omkpbe2/include:/cvmfs/cms.cern.ch/slc7_amd64_gcc700/external/lhapdf/6.2.1-ikaegh/include:/cvmfs/cms.cern.ch/slc7_amd64_gcc700/external/cgal/4.2-ikaegh/include:/cvmfs/cms.cern.ch/slc7_amd64_gcc700/external/tkonlinesw/4.2.0-1_gcc7-ikaegh3/include:/cvmfs/cms.cern.ch/slc7_amd64_gcc700/external/starlight/r193-gnimlf/include:/cvmfs/cms.cern.ch/slc7_amd64_gcc700/external/qt/4.8.7-ikaegh/include:/cvmfs/cms.cern.ch/slc7_amd64_gcc700/external/qt/4.8.7-ikaegh/include/Qt:/cvmfs/cms.cern.ch/slc7_amd64_gcc700/external/qt/4.8.7-ikaegh/include/QtCore:/cvmfs/cms.cern.ch/slc7_amd64_gcc700/external/qt/4.8.7-ikaegh/include/QtXml:/cvmfs/cms.cern.ch/slc7_amd64_gcc700/external/mcdb/1.0.3-omkpbe2/interface:/cvmfs/cms.cern.ch/slc7_amd64_gcc700/external/libungif/4.1.4-omkpbe2/include:/cvmfs/cms.cern.ch/slc7_amd64_gcc700/external/libtiff/4.0.3-ikaegh/include:/cvmfs/cms.cern.ch/slc7_amd64_gcc700/external/libpng/1.6.16-omkpbe2/include:/cvmfs/cms.cern.ch/slc7_amd64_gcc700/external/frontier_client/2.8.20-omkpbe4/include:/cvmfs/cms.cern.ch/slc7_amd64_gcc700/external/pcre/8.37-omkpbe2/include:/cvmfs/cms.cern.ch/slc7_amd64_gcc700/external/boost/1.67.0/include:/cvmfs/cms.cern.ch/slc7_amd64_gcc700/external/xrootd/4.8.4/include/xrootd/private:/cvmfs/cms.cern.ch/slc7_amd64_gcc700/cms/vdt/0.4.0-gnimlf/include:/cvmfs/cms.cern.ch/slc7_amd64_gcc700/external/valgrind/3.13.0-omkpbe2/include:/cvmfs/cms.cern.ch/slc7_amd64_gcc700/external/utm/utm_0.7.1-ikaegh/include:/cvmfs/cms.cern.ch/slc7_amd64_gcc700/external/toprex/4.23-omkpbe2/include:/cvmfs/cms.cern.ch/slc7_amd64_gcc700/external/tbb/2019_U3/include:/cvmfs/cms.cern.ch/slc7_amd64_gcc700/external/tauola/27.121.5-omkpbe2/include:/cvmfs/cms.cern.ch/slc7_amd64_gcc700/external/sigcpp/2.6.2-omkpbe2/include/sigc++-2.0:/cvmfs/cms.cern.ch/slc7_amd64_gcc700/external/sqlite/3.22.0-omkpbe/include:/cvmfs/cms.cern.ch/slc7_amd64_gcc700/external/protobuf/3.5.2/include:/cvmfs/cms.cern.ch/slc7_amd64_gcc700/external/pacparser/1.3.5-omkpbe2/include:/cvmfs/cms.cern.ch/slc7_amd64_gcc700/external/oracle/12.1.0.2.0/include:/cvmfs/cms.cern.ch/slc7_amd64_gcc700/external/py2-numpy/1.15.1/c-api/core/include:/cvmfs/cms.cern.ch/slc7_amd64_gcc700/external/meschach/1.2.pCMS1-omkpbe2/include:/cvmfs/cms.cern.ch/slc7_amd64_gcc700/external/libuuid/2.22.2-omkpbe2/include:/cvmfs/cms.cern.ch/slc7_amd64_gcc700/external/libhepml/0.2.1-omkpbe2/interface:/cvmfs/cms.cern.ch/slc7_amd64_gcc700/external/ktjet/1.06-gnimlf/include:/cvmfs/cms.cern.ch/slc7_amd64_gcc700/external/jimmy/4.2-ikaegh/include:/cvmfs/cms.cern.ch/slc7_amd64_gcc700/external/jemalloc/5.1.0/include:/cvmfs/cms.cern.ch/slc7_amd64_gcc700/external/madgraph5amcatnlo/2.6.0-ikaegh4:/cvmfs/cms.cern.ch/slc7_amd64_gcc700/external/heppdt/3.03.00-ikaegh2/include:/cvmfs/cms.cern.ch/slc7_amd64_gcc700/external/hector/1.3.4_patch1-ikaegh3/include:/cvmfs/cms.cern.ch/slc7_amd64_gcc700/external/libjpeg-turbo/2.0.1/include:/cvmfs/cms.cern.ch/slc7_amd64_gcc700/external/giflib/4.2.3-omkpbe2/include:/cvmfs/cms.cern.ch/slc7_amd64_gcc700/external/gsl/2.2.1-omkpbe2/include:/cvmfs/cms.cern.ch/slc7_amd64_gcc700/external/vecgeom/v00.05.00-gnimlf/include:/cvmfs/cms.cern.ch/slc7_amd64_gcc700/external/gdbm/1.10-omkpbe2/include:/cvmfs/cms.cern.ch/slc7_amd64_gcc700/external/freetype/2.5.3-omkpbe2/include:/cvmfs/cms.cern.ch/slc7_amd64_gcc700/external/fftw3/3.3.2-omkpbe2/include:/cvmfs/cms.cern.ch/slc7_amd64_gcc700/external/fftjet/1.5.0-omkpbe2/include:/cvmfs/cms.cern.ch/slc7_amd64_gcc700/external/fastjet/3.3.0-omkpbe/include:/cvmfs/cms.cern.ch/slc7_amd64_gcc700/external/expat/2.1.0-omkpbe2/include:/cvmfs/cms.cern.ch/slc7_amd64_gcc700/external/dpm/1.8.0.1-omkpbe2/include:/cvmfs/cms.cern.ch/slc7_amd64_gcc700/external/hepmc/2.06.07-omkpbe2/include:/cvmfs/cms.cern.ch/slc7_amd64_gcc700/external/xerces-c/3.1.3-omkpbe2/include:/cvmfs/cms.cern.ch/slc7_amd64_gcc700/external/xz/5.2.2-omkpbe2/include:/cvmfs/cms.cern.ch/slc7_amd64_gcc700/external/dcap/2.47.8-omkpbe2/include:/cvmfs/cms.cern.ch/slc7_amd64_gcc700/external/libxml2/2.9.1-omkpbe2/include/libxml2:/cvmfs/cms.cern.ch/slc7_amd64_gcc700/external/curl/7.59.0/include:/cvmfs/cms.cern.ch/slc7_amd64_gcc700/external/cppunit/1.40.1/include:/cvmfs/cms.cern.ch/slc7_amd64_gcc700/external/clhep/2.4.0.0-gnimlf/include:/cvmfs/cms.cern.ch/slc7_amd64_gcc700/external/openssl/1.0.2d-omkpbe2/include:/cvmfs/cms.cern.ch/slc7_amd64_gcc700/external/pythia6/426-omkpbe2/include:/cvmfs/cms.cern.ch/slc7_amd64_gcc700/external/photos/215.5-omkpbe2/include:/cvmfs/cms.cern.ch/slc7_amd64_gcc700/external/zlib-x86_64/1.2.11-omkpbe2/include:/cvmfs/cms.cern.ch/slc7_amd64_gcc700/external/cascade/2.2.04-ikaegh/include:/cvmfs/cms.cern.ch/slc7_amd64_gcc700/external/bz2lib/1.0.6-omkpbe2/include:/cvmfs/cms.cern.ch/slc7_amd64_gcc700/external/python/2.7.14-omkpbe4/include/python2.7:/cvmfs/cms.cern.ch/slc7_amd64_gcc700/external/tinyxml2/6.2.0/include:/cvmfs/cms.cern.ch/slc7_amd64_gcc700/external/ittnotify/16.06.18-gnimlf/include:/cvmfs/cms.cern.ch/slc7_amd64_gcc700/external/gosamcontrib/2.0-20150803-omkpbe2/include:/usr/local/include:/usr/include
ROOT_PATH=/cvmfs/cms.cern.ch/slc7_amd64_gcc700/external/madgraph5amcatnlo/2.6.0-ikaegh4:/cvmfs/cms.cern.ch/slc7_amd64_gcc700/external/gosamcontrib/2.0-20150803-omkpbe2
ROOT_TTREECACHE_PREFILL=0
ROOT_TTREECACHE_SIZE=0
SCONS_LIB_DIR=/cvmfs/cms.cern.ch/slc7_amd64_gcc700/external/scons/3.0.1/lib
SCRAMRT_SET=CMSSW:CMSSW_10_4_0:slc7_amd64_gcc700:V2_2_9_pre04:SRT_
SCRAM_ARCH=slc7_amd64_gcc700
SCRAM_CXX11_ABI=1
SELINUX_LEVEL_REQUESTED=
SELINUX_ROLE_REQUESTED=
SELINUX_USE_CURRENT_RANGE=
SHELL=/bin/bash
SHERPA_INCLUDE_PATH=/cvmfs/cms.cern.ch/slc7_amd64_gcc700/external/sherpa/2.2.5-ikaegh4/include/SHERPA-MC
SHERPA_LIBRARY_PATH=/cvmfs/cms.cern.ch/slc7_amd64_gcc700/external/sherpa/2.2.5-ikaegh4/lib/SHERPA-MC
SHERPA_SHARE_PATH=/cvmfs/cms.cern.ch/slc7_amd64_gcc700/external/sherpa/2.2.5-ikaegh4/share/SHERPA-MC
SHLVL=4
SITE_NAME=CERN-PROD
SRM_PATH=/opt/d-cache/srm
SRT_CASCADE_PDFPATH_SCRAMRTDEL=/cvmfs/cms.cern.ch/slc7_amd64_gcc700/external/cascade/2.2.04-ikaegh/share
SRT_CLHEP_PARAM_PATH_SCRAMRTDEL=/cvmfs/cms.cern.ch/slc7_amd64_gcc700/external/clhep/2.4.0.0-gnimlf
SRT_CMSSW_BASE_SCRAMRTDEL=/afs/cern.ch/work/g/gkaratha/private/SUSYCMG/HLT/efficiency/Analizer/CMSSW_10_4_0
SRT_CMSSW_DATA_PATH_SCRAMRTDEL=/cvmfs/cms.cern.ch/slc7_amd64_gcc700/cms
SRT_CMSSW_FWLITE_INCLUDE_PATH_SCRAMRTDEL=/cvmfs/cms.cern.ch/slc7_amd64_gcc700/external/sherpa/2.2.5-ikaegh4/include:/cvmfs/cms.cern.ch/slc7_amd64_gcc700/external/hepmc/2.06.07-omkpbe2/include:/cvmfs/cms.cern.ch/slc7_amd64_gcc700/external/clhep/2.4.0.0-gnimlf/include:/cvmfs/cms.cern.ch/slc7_amd64_gcc700/external/boost/1.67.0/include
SRT_CMSSW_GIT_HASH_SCRAMRTDEL=CMSSW_10_4_0
SRT_CMSSW_RELEASE_BASE_SCRAMRTDEL=/cvmfs/cms.cern.ch/slc7_amd64_gcc700/cms/cmssw/CMSSW_10_4_0
SRT_CMSSW_SEARCH_PATH_SCRAMRTDEL=/afs/cern.ch/work/g/gkaratha/private/SUSYCMG/HLT/efficiency/Analizer/CMSSW_10_4_0/poison:/afs/cern.ch/work/g/gkaratha/private/SUSYCMG/HLT/efficiency/Analizer/CMSSW_10_4_0/src:/afs/cern.ch/work/g/gkaratha/private/SUSYCMG/HLT/efficiency/Analizer/CMSSW_10_4_0/external/slc7_amd64_gcc700/data:/cvmfs/cms.cern.ch/slc7_amd64_gcc700/cms/cmssw/CMSSW_10_4_0/src:/cvmfs/cms.cern.ch/slc7_amd64_gcc700/cms/cmssw/CMSSW_10_4_0/external/slc7_amd64_gcc700/data
SRT_CMSSW_VERSION_SCRAMRTDEL=CMSSW_10_4_0
SRT_CMS_OPENLOOPS_PREFIX_SCRAMRTDEL=/cvmfs/cms.cern.ch/slc7_amd64_gcc700/external/openloops/2.0.b-ikaegh2
SRT_CMS_ORACLEOCCI_LIB_SCRAMRTDEL=/cvmfs/cms.cern.ch/slc7_amd64_gcc700/cms/cms_oracleocci_abi_hack/20180210-omkpbe/lib/libcms_oracleocci_abi_hack.so
SRT_COMPILER_PATH_SCRAMRTDEL=/cvmfs/cms.cern.ch/slc7_amd64_gcc700/external/gcc/7.0.0-omkpbe2
SRT_CSC_TRACK_FINDER_DATA_DIR_SCRAMRTDEL=/cvmfs/cms.cern.ch/slc7_amd64_gcc700/cms/CSCTrackFinderEmulation/1.2-omkpbe2/data/
SRT_EVTGENDATA_SCRAMRTDEL=/cvmfs/cms.cern.ch/slc7_amd64_gcc700/external/evtgen/1.6.0-ikaegh/share
SRT_FRONTIER_CLIENT_SCRAMRTDEL=/cvmfs/cms.cern.ch/slc7_amd64_gcc700/external/frontier_client/2.8.20-omkpbe4/
SRT_G4ABLADATA_SCRAMRTDEL=/cvmfs/cms.cern.ch/slc7_amd64_gcc700/external/geant4-G4ABLA/3.0/data/G4ABLA3.0
SRT_G4ENSDFSTATEDATA_SCRAMRTDEL=/cvmfs/cms.cern.ch/slc7_amd64_gcc700/external/geant4-G4ENSDFSTATE/2.2/data/G4ENSDFSTATE2.2
SRT_G4FORCENUMBEROFTHREADS_SCRAMRTDEL=max
SRT_G4LEDATA_SCRAMRTDEL=/cvmfs/cms.cern.ch/slc7_amd64_gcc700/external/geant4-G4EMLOW/7.3/data/G4EMLOW7.3
SRT_G4LEVELGAMMADATA_SCRAMRTDEL=/cvmfs/cms.cern.ch/slc7_amd64_gcc700/external/geant4-G4PhotonEvaporation/5.2/data/PhotonEvaporation5.2
SRT_G4NEUTRONHPDATA_SCRAMRTDEL=/cvmfs/cms.cern.ch/slc7_amd64_gcc700/external/geant4-G4NDL/4.5/data/G4NDL4.5
SRT_G4NEUTRONXSDATA_SCRAMRTDEL=/cvmfs/cms.cern.ch/slc7_amd64_gcc700/external/geant4-G4NEUTRONXS/1.4/data/G4NEUTRONXS1.4
SRT_G4RADIOACTIVEDATA_SCRAMRTDEL=/cvmfs/cms.cern.ch/slc7_amd64_gcc700/external/geant4-G4RadioactiveDecay/5.2/data/RadioactiveDecay5.2
SRT_G4SAIDXSDATA_SCRAMRTDEL=/cvmfs/cms.cern.ch/slc7_amd64_gcc700/external/geant4-G4SAIDDATA/1.1/data/G4SAIDDATA1.1
SRT_GCC_RUNTIME_ASAN_SCRAMRTDEL=/cvmfs/cms.cern.ch/slc7_amd64_gcc700/external/gcc/7.0.0-omkpbe2/lib64/libasan.so
SRT_GCC_RUNTIME_LSAN_SCRAMRTDEL=/cvmfs/cms.cern.ch/slc7_amd64_gcc700/external/gcc/7.0.0-omkpbe2/lib64/libasan.so
SRT_GCC_RUNTIME_TSAN_SCRAMRTDEL=/cvmfs/cms.cern.ch/slc7_amd64_gcc700/external/gcc/7.0.0-omkpbe2/lib64/libtsan.so
SRT_GCC_RUNTIME_UBSAN_SCRAMRTDEL=/cvmfs/cms.cern.ch/slc7_amd64_gcc700/external/gcc/7.0.0-omkpbe2/lib64/libubsan.so
SRT_GEANT4_PARFULLCMS_CONFIG_DIR_SCRAMRTDEL=/cvmfs/cms.cern.ch/slc7_amd64_gcc700/external/geant4-parfullcms/2014.01.27-gnimlf3/share/ParFullCMS
SRT_GENEVA_DATA_DIR_SCRAMRTDEL=/cvmfs/cms.cern.ch/slc7_amd64_gcc700/external/geneva/1.0-RC3/share/Geneva
SRT_GENREFLEX_SCRAMRTDEL=/cvmfs/cms.cern.ch/slc7_amd64_gcc700/lcg/root/6.12.07-ikaegh3/bin/genreflex
SRT_GIT_EXEC_PATH_SCRAMRTDEL=/cvmfs/cms.cern.ch/slc7_amd64_gcc700/external/git/2.19.0/libexec/git-core
SRT_GIT_SSL_CAINFO_SCRAMRTDEL=/cvmfs/cms.cern.ch/slc7_amd64_gcc700/external/git/2.19.0/share/ssl/certs/ca-bundle.crt
SRT_GIT_TEMPLATE_DIR_SCRAMRTDEL=/cvmfs/cms.cern.ch/slc7_amd64_gcc700/external/git/2.19.0/share/git-core/templates
SRT_GOSAMCONTRIB_PATH_SCRAMRTDEL=/cvmfs/cms.cern.ch/slc7_amd64_gcc700/external/gosamcontrib/2.0-20150803-omkpbe2
SRT_HEPPDT_PARAM_PATH_SCRAMRTDEL=/cvmfs/cms.cern.ch/slc7_amd64_gcc700/external/heppdt/3.03.00-ikaegh2
SRT_HERWIGPATH_SCRAMRTDEL=/cvmfs/cms.cern.ch/slc7_amd64_gcc700/external/herwigpp/7.1.4-ikaegh4/share/Herwig
SRT_INTEL_LICENSE_FILE_SCRAMRTDEL=28518@lxlicen01.cern.ch,28518@lxlicen02.cern.ch,28518@lxlicen03.cern.ch
SRT_LANG_SCRAMRT=C
SRT_LD_LIBRARY_PATH_SCRAMRTDEL=/afs/cern.ch/work/g/gkaratha/private/SUSYCMG/HLT/efficiency/Analizer/CMSSW_10_4_0/biglib/slc7_amd64_gcc700:/afs/cern.ch/work/g/gkaratha/private/SUSYCMG/HLT/efficiency/Analizer/CMSSW_10_4_0/lib/slc7_amd64_gcc700:/afs/cern.ch/work/g/gkaratha/private/SUSYCMG/HLT/efficiency/Analizer/CMSSW_10_4_0/external/slc7_amd64_gcc700/lib:/cvmfs/cms.cern.ch/slc7_amd64_gcc700/cms/cmssw/CMSSW_10_4_0/biglib/slc7_amd64_gcc700:/cvmfs/cms.cern.ch/slc7_amd64_gcc700/cms/cmssw/CMSSW_10_4_0/lib/slc7_amd64_gcc700:/cvmfs/cms.cern.ch/slc7_amd64_gcc700/cms/cmssw/CMSSW_10_4_0/external/slc7_amd64_gcc700/lib:/cvmfs/cms.cern.ch/slc7_amd64_gcc700/external/llvm/7.0.0-ikaegh/lib64:/cvmfs/cms.cern.ch/slc7_amd64_gcc700/external/gcc/7.0.0-omkpbe2/lib64:/cvmfs/cms.cern.ch/slc7_amd64_gcc700/external/gcc/7.0.0-omkpbe2/lib:/cvmfs/cms.cern.ch/slc7_amd64_gcc700/external/cuda/10.0.130/drivers
SRT_LHAPDF_DATA_PATH_SCRAMRTDEL=/cvmfs/cms.cern.ch/slc7_amd64_gcc700/external/lhapdf/6.2.1-ikaegh/share/LHAPDF
SRT_LOCALRT_SCRAMRTDEL=/afs/cern.ch/work/g/gkaratha/private/SUSYCMG/HLT/efficiency/Analizer/CMSSW_10_4_0
SRT_OPAL_PREFIX_SCRAMRTDEL=/cvmfs/cms.cern.ch/slc7_amd64_gcc700/external/openmpi/2.1.5
SRT_OPENBLAS_NUM_THREADS_SCRAMRTDEL=1
SRT_PATH_SCRAMRT=/cvmfs/cms.cern.ch/share/overrides/bin:/afs/cern.ch/work/g/gkaratha/private/SUSYCMG/HLT/efficiency/Analizer/CMSSW_10_4_0/bin/slc7_amd64_gcc700:/afs/cern.ch/work/g/gkaratha/private/SUSYCMG/HLT/efficiency/Analizer/CMSSW_10_4_0/external/slc7_amd64_gcc700/bin:/cvmfs/cms.cern.ch/slc7_amd64_gcc700/cms/cmssw/CMSSW_10_4_0/bin/slc7_amd64_gcc700:/cvmfs/cms.cern.ch/slc7_amd64_gcc700/cms/cmssw/CMSSW_10_4_0/external/slc7_amd64_gcc700/bin:/cvmfs/cms.cern.ch/slc7_amd64_gcc700/external/llvm/7.0.0-ikaegh/bin:/cvmfs/cms.cern.ch/slc7_amd64_gcc700/external/gcc/7.0.0-omkpbe2/bin
SRT_PDFPATH_SCRAMRTDEL=/cvmfs/cms.cern.ch/slc7_amd64_gcc700/external/rivet/2.5.4-ikaegh4/share
SRT_PERL5LIB_SCRAMRTDEL=/cvmfs/cms.cern.ch/slc7_amd64_gcc700/external/git/2.19.0/share/perl5
SRT_PYTHIA8DATA_SCRAMRTDEL=/cvmfs/cms.cern.ch/slc7_amd64_gcc700/external/pythia8/230-ikaegh/share/Pythia8/xmldoc
SRT_PYTHON27PATH_SCRAMRTDEL=/afs/cern.ch/work/g/gkaratha/private/SUSYCMG/HLT/efficiency/Analizer/CMSSW_10_4_0/python:/afs/cern.ch/work/g/gkaratha/private/SUSYCMG/HLT/efficiency/Analizer/CMSSW_10_4_0/lib/slc7_amd64_gcc700:/cvmfs/cms.cern.ch/slc7_amd64_gcc700/cms/cmssw/CMSSW_10_4_0/python:/cvmfs/cms.cern.ch/slc7_amd64_gcc700/cms/cmssw/CMSSW_10_4_0/lib/slc7_amd64_gcc700:/cvmfs/cms.cern.ch/slc7_amd64_gcc700/cms/coral/CORAL_2_3_21-ikaegh4/slc7_amd64_gcc700/python:/cvmfs/cms.cern.ch/slc7_amd64_gcc700/cms/coral/CORAL_2_3_21-ikaegh4/slc7_amd64_gcc700/lib:/cvmfs/cms.cern.ch/slc7_amd64_gcc700/external/xrootd/4.8.4/lib/python2.7/site-packages:/cvmfs/cms.cern.ch/slc7_amd64_gcc700/external/fastjet/3.3.0-omkpbe/lib/python2.7/site-packages:/cvmfs/cms.cern.ch/slc7_amd64_gcc700/cms/cmssw-tool-conf/45.0-ikaegh6/lib/python2.7/site-packages
SRT_PYTHON3PATH_SCRAMRTDEL=/afs/cern.ch/work/g/gkaratha/private/SUSYCMG/HLT/efficiency/Analizer/CMSSW_10_4_0/python:/afs/cern.ch/work/g/gkaratha/private/SUSYCMG/HLT/efficiency/Analizer/CMSSW_10_4_0/lib/slc7_amd64_gcc700:/cvmfs/cms.cern.ch/slc7_amd64_gcc700/cms/cmssw/CMSSW_10_4_0/python:/cvmfs/cms.cern.ch/slc7_amd64_gcc700/cms/cmssw/CMSSW_10_4_0/lib/slc7_amd64_gcc700:/cvmfs/cms.cern.ch/slc7_amd64_gcc700/cms/cmssw-tool-conf/45.0-ikaegh6/lib/python3.6/site-packages
SRT_PYTHON_VALGRIND_SUPP_SCRAMRTDEL=/cvmfs/cms.cern.ch/slc7_amd64_gcc700/external/python/2.7.14-omkpbe4/share/valgrind/valgrind-python.supp
SRT_QTDIR_SCRAMRT=/cvmfs/cms.cern.ch/slc7_amd64_gcc700/external/qt/4.8.7-ikaegh
SRT_QTINC_SCRAMRT=/cvmfs/cms.cern.ch/slc7_amd64_gcc700/external/qt/4.8.7-ikaegh/include
SRT_QTLIB_SCRAMRT=/cvmfs/cms.cern.ch/slc7_amd64_gcc700/external/qt/4.8.7-ikaegh/lib
SRT_RIVET_ANALYSIS_PATH_SCRAMRTDEL=/afs/cern.ch/work/g/gkaratha/private/SUSYCMG/HLT/efficiency/Analizer/CMSSW_10_4_0/lib/slc7_amd64_gcc700:/cvmfs/cms.cern.ch/slc7_amd64_gcc700/cms/cmssw/CMSSW_10_4_0/lib/slc7_amd64_gcc700:/cvmfs/cms.cern.ch/slc7_amd64_gcc700/external/rivet/2.5.4-ikaegh4/lib
SRT_ROOFITSYS_SCRAMRTDEL=/cvmfs/cms.cern.ch/slc7_amd64_gcc700/lcg/root/6.12.07-ikaegh3/
SRT_ROOTSYS_SCRAMRTDEL=/cvmfs/cms.cern.ch/slc7_amd64_gcc700/lcg/root/6.12.07-ikaegh3/
SRT_ROOT_GCC_TOOLCHAIN_SCRAMRTDEL=/cvmfs/cms.cern.ch/slc7_amd64_gcc700/external/gcc/7.0.0-omkpbe2
SRT_ROOT_INCLUDE_PATH_SCRAMRTDEL=/afs/cern.ch/work/g/gkaratha/private/SUSYCMG/HLT/efficiency/Analizer/CMSSW_10_4_0/src:/cvmfs/cms.cern.ch/slc7_amd64_gcc700/cms/cmssw/CMSSW_10_4_0/src:/cvmfs/cms.cern.ch/slc7_amd64_gcc700/cms/coral/CORAL_2_3_21-ikaegh4/include/LCG:/cvmfs/cms.cern.ch/slc7_amd64_gcc700/external/mctester/1.25.0a-ikaegh3/include:/cvmfs/cms.cern.ch/slc7_amd64_gcc700/lcg/root/6.12.07-ikaegh3/include:/cvmfs/cms.cern.ch/slc7_amd64_gcc700/external/dd4hep/v01-08x-ikaegh5/include:/cvmfs/cms.cern.ch/slc7_amd64_gcc700/external/qt/4.8.7-ikaegh/include/QtDesigner:/cvmfs/cms.cern.ch/slc7_amd64_gcc700/external/herwigpp/7.1.4-ikaegh4/include:/cvmfs/cms.cern.ch/slc7_amd64_gcc700/external/tauolapp/1.1.5-ikaegh/include:/cvmfs/cms.cern.ch/slc7_amd64_gcc700/external/charybdis/1.003-ikaegh/include:/cvmfs/cms.cern.ch/slc7_amd64_gcc700/external/sherpa/2.2.5-ikaegh4/include/SHERPA-MC:/cvmfs/cms.cern.ch/slc7_amd64_gcc700/external/qt/4.8.7-ikaegh/include/QtOpenGL:/cvmfs/cms.cern.ch/slc7_amd64_gcc700/external/qt/4.8.7-ikaegh/include/QtGui:/cvmfs/cms.cern.ch/slc7_amd64_gcc700/external/thepeg/2.1.4-ikaegh4/include:/cvmfs/cms.cern.ch/slc7_amd64_gcc700/external/pythia8/230-ikaegh/include:/cvmfs/cms.cern.ch/slc7_amd64_gcc700/external/herwig/6.521-ikaegh/include:/cvmfs/cms.cern.ch/slc7_amd64_gcc700/external/rivet/2.5.4-ikaegh4/include:/cvmfs/cms.cern.ch/slc7_amd64_gcc700/external/qt/4.8.7-ikaegh/include/Qt3Support:/cvmfs/cms.cern.ch/slc7_amd64_gcc700/external/lwtnn/2.4-ikaegh2/include:/cvmfs/cms.cern.ch/slc7_amd64_gcc700/external/geant4/10.04-gnimlf3/include/Geant4:/cvmfs/cms.cern.ch/slc7_amd64_gcc700/external/classlib/3.1.3-omkpbe2/include:/cvmfs/cms.cern.ch/slc7_amd64_gcc700/external/lhapdf/6.2.1-ikaegh/include:/cvmfs/cms.cern.ch/slc7_amd64_gcc700/external/cgal/4.2-ikaegh/include:/cvmfs/cms.cern.ch/slc7_amd64_gcc700/external/tkonlinesw/4.2.0-1_gcc7-ikaegh3/include:/cvmfs/cms.cern.ch/slc7_amd64_gcc700/external/starlight/r193-gnimlf/include:/cvmfs/cms.cern.ch/slc7_amd64_gcc700/external/qt/4.8.7-ikaegh/include:/cvmfs/cms.cern.ch/slc7_amd64_gcc700/external/qt/4.8.7-ikaegh/include/Qt:/cvmfs/cms.cern.ch/slc7_amd64_gcc700/external/qt/4.8.7-ikaegh/include/QtCore:/cvmfs/cms.cern.ch/slc7_amd64_gcc700/external/qt/4.8.7-ikaegh/include/QtXml:/cvmfs/cms.cern.ch/slc7_amd64_gcc700/external/mcdb/1.0.3-omkpbe2/interface:/cvmfs/cms.cern.ch/slc7_amd64_gcc700/external/libungif/4.1.4-omkpbe2/include:/cvmfs/cms.cern.ch/slc7_amd64_gcc700/external/libtiff/4.0.3-ikaegh/include:/cvmfs/cms.cern.ch/slc7_amd64_gcc700/external/libpng/1.6.16-omkpbe2/include:/cvmfs/cms.cern.ch/slc7_amd64_gcc700/external/frontier_client/2.8.20-omkpbe4/include:/cvmfs/cms.cern.ch/slc7_amd64_gcc700/external/pcre/8.37-omkpbe2/include:/cvmfs/cms.cern.ch/slc7_amd64_gcc700/external/boost/1.67.0/include:/cvmfs/cms.cern.ch/slc7_amd64_gcc700/external/xrootd/4.8.4/include/xrootd/private:/cvmfs/cms.cern.ch/slc7_amd64_gcc700/cms/vdt/0.4.0-gnimlf/include:/cvmfs/cms.cern.ch/slc7_amd64_gcc700/external/valgrind/3.13.0-omkpbe2/include:/cvmfs/cms.cern.ch/slc7_amd64_gcc700/external/utm/utm_0.7.1-ikaegh/include:/cvmfs/cms.cern.ch/slc7_amd64_gcc700/external/toprex/4.23-omkpbe2/include:/cvmfs/cms.cern.ch/slc7_amd64_gcc700/external/tbb/2019_U3/include:/cvmfs/cms.cern.ch/slc7_amd64_gcc700/external/tauola/27.121.5-omkpbe2/include:/cvmfs/cms.cern.ch/slc7_amd64_gcc700/external/sigcpp/2.6.2-omkpbe2/include/sigc++-2.0:/cvmfs/cms.cern.ch/slc7_amd64_gcc700/external/sqlite/3.22.0-omkpbe/include:/cvmfs/cms.cern.ch/slc7_amd64_gcc700/external/protobuf/3.5.2/include:/cvmfs/cms.cern.ch/slc7_amd64_gcc700/external/pacparser/1.3.5-omkpbe2/include:/cvmfs/cms.cern.ch/slc7_amd64_gcc700/external/oracle/12.1.0.2.0/include:/cvmfs/cms.cern.ch/slc7_amd64_gcc700/external/py2-numpy/1.15.1/c-api/core/include:/cvmfs/cms.cern.ch/slc7_amd64_gcc700/external/meschach/1.2.pCMS1-omkpbe2/include:/cvmfs/cms.cern.ch/slc7_amd64_gcc700/external/libuuid/2.22.2-omkpbe2/include:/cvmfs/cms.cern.ch/slc7_amd64_gcc700/external/libhepml/0.2.1-omkpbe2/interface:/cvmfs/cms.cern.ch/slc7_amd64_gcc700/external/ktjet/1.06-gnimlf/include:/cvmfs/cms.cern.ch/slc7_amd64_gcc700/external/jimmy/4.2-ikaegh/include:/cvmfs/cms.cern.ch/slc7_amd64_gcc700/external/jemalloc/5.1.0/include:/cvmfs/cms.cern.ch/slc7_amd64_gcc700/external/madgraph5amcatnlo/2.6.0-ikaegh4:/cvmfs/cms.cern.ch/slc7_amd64_gcc700/external/heppdt/3.03.00-ikaegh2/include:/cvmfs/cms.cern.ch/slc7_amd64_gcc700/external/hector/1.3.4_patch1-ikaegh3/include:/cvmfs/cms.cern.ch/slc7_amd64_gcc700/external/libjpeg-turbo/2.0.1/include:/cvmfs/cms.cern.ch/slc7_amd64_gcc700/external/giflib/4.2.3-omkpbe2/include:/cvmfs/cms.cern.ch/slc7_amd64_gcc700/external/gsl/2.2.1-omkpbe2/include:/cvmfs/cms.cern.ch/slc7_amd64_gcc700/external/vecgeom/v00.05.00-gnimlf/include:/cvmfs/cms.cern.ch/slc7_amd64_gcc700/external/gdbm/1.10-omkpbe2/include:/cvmfs/cms.cern.ch/slc7_amd64_gcc700/external/freetype/2.5.3-omkpbe2/include:/cvmfs/cms.cern.ch/slc7_amd64_gcc700/external/fftw3/3.3.2-omkpbe2/include:/cvmfs/cms.cern.ch/slc7_amd64_gcc700/external/fftjet/1.5.0-omkpbe2/include:/cvmfs/cms.cern.ch/slc7_amd64_gcc700/external/fastjet/3.3.0-omkpbe/include:/cvmfs/cms.cern.ch/slc7_amd64_gcc700/external/expat/2.1.0-omkpbe2/include:/cvmfs/cms.cern.ch/slc7_amd64_gcc700/external/dpm/1.8.0.1-omkpbe2/include:/cvmfs/cms.cern.ch/slc7_amd64_gcc700/external/hepmc/2.06.07-omkpbe2/include:/cvmfs/cms.cern.ch/slc7_amd64_gcc700/external/xerces-c/3.1.3-omkpbe2/include:/cvmfs/cms.cern.ch/slc7_amd64_gcc700/external/xz/5.2.2-omkpbe2/include:/cvmfs/cms.cern.ch/slc7_amd64_gcc700/external/dcap/2.47.8-omkpbe2/include:/cvmfs/cms.cern.ch/slc7_amd64_gcc700/external/libxml2/2.9.1-omkpbe2/include/libxml2:/cvmfs/cms.cern.ch/slc7_amd64_gcc700/external/curl/7.59.0/include:/cvmfs/cms.cern.ch/slc7_amd64_gcc700/external/cppunit/1.40.1/include:/cvmfs/cms.cern.ch/slc7_amd64_gcc700/external/clhep/2.4.0.0-gnimlf/include:/cvmfs/cms.cern.ch/slc7_amd64_gcc700/external/openssl/1.0.2d-omkpbe2/include:/cvmfs/cms.cern.ch/slc7_amd64_gcc700/external/pythia6/426-omkpbe2/include:/cvmfs/cms.cern.ch/slc7_amd64_gcc700/external/photos/215.5-omkpbe2/include:/cvmfs/cms.cern.ch/slc7_amd64_gcc700/external/zlib-x86_64/1.2.11-omkpbe2/include:/cvmfs/cms.cern.ch/slc7_amd64_gcc700/external/cascade/2.2.04-ikaegh/include:/cvmfs/cms.cern.ch/slc7_amd64_gcc700/external/bz2lib/1.0.6-omkpbe2/include:/cvmfs/cms.cern.ch/slc7_amd64_gcc700/external/python/2.7.14-omkpbe4/include/python2.7:/cvmfs/cms.cern.ch/slc7_amd64_gcc700/external/tinyxml2/6.2.0/include:/cvmfs/cms.cern.ch/slc7_amd64_gcc700/external/ittnotify/16.06.18-gnimlf/include:/cvmfs/cms.cern.ch/slc7_amd64_gcc700/external/gosamcontrib/2.0-20150803-omkpbe2/include:/usr/local/include:/usr/include
SRT_ROOT_PATH_SCRAMRTDEL=/cvmfs/cms.cern.ch/slc7_amd64_gcc700/external/madgraph5amcatnlo/2.6.0-ikaegh4:/cvmfs/cms.cern.ch/slc7_amd64_gcc700/external/gosamcontrib/2.0-20150803-omkpbe2
SRT_ROOT_TTREECACHE_PREFILL_SCRAMRTDEL=0
SRT_ROOT_TTREECACHE_SIZE_SCRAMRTDEL=0
SRT_SCONS_LIB_DIR_SCRAMRTDEL=/cvmfs/cms.cern.ch/slc7_amd64_gcc700/external/scons/3.0.1/lib
SRT_SCRAM_CXX11_ABI_SCRAMRTDEL=1
SRT_SHERPA_INCLUDE_PATH_SCRAMRTDEL=/cvmfs/cms.cern.ch/slc7_amd64_gcc700/external/sherpa/2.2.5-ikaegh4/include/SHERPA-MC
SRT_SHERPA_LIBRARY_PATH_SCRAMRTDEL=/cvmfs/cms.cern.ch/slc7_amd64_gcc700/external/sherpa/2.2.5-ikaegh4/lib/SHERPA-MC
SRT_SHERPA_SHARE_PATH_SCRAMRTDEL=/cvmfs/cms.cern.ch/slc7_amd64_gcc700/external/sherpa/2.2.5-ikaegh4/share/SHERPA-MC
SRT_TEXMFHOME_SCRAMRTDEL=/cvmfs/cms.cern.ch/slc7_amd64_gcc700/external/rivet/2.5.4-ikaegh4/share/Rivet/texmf
SRT_THEPEGPATH_SCRAMRTDEL=/cvmfs/cms.cern.ch/slc7_amd64_gcc700/external/thepeg/2.1.4-ikaegh4/share/ThePEG
SRT_TNS_ADMIN_SCRAMRTDEL=/etc
SRT_UTM_XSD_DIR_SCRAMRTDEL=/cvmfs/cms.cern.ch/slc7_amd64_gcc700/external/utm/utm_0.7.1-ikaegh
SRT_VALGRIND_LIB_SCRAMRTDEL=/cvmfs/cms.cern.ch/slc7_amd64_gcc700/external/valgrind/3.13.0-omkpbe2/lib/valgrind
SRT_VINCIADATA_SCRAMRTDEL=/cvmfs/cms.cern.ch/slc7_amd64_gcc700/external/vincia/2.2.01-ikaegh/share/Vincia/xmldoc
SRT_WORKER_DATA_PATH_SCRAMRTDEL=/cvmfs/cms.cern.ch/slc7_amd64_gcc700/external/blackhat/0.9.9-omkpbe4/share/blackhat/datafiles/
SSH_ASKPASS=/usr/libexec/openssh/gnome-ssh-askpass
SSH_CLIENT=2001:1458:d00:1b::1c 36124 22
SSH_CONNECTION=2001:1458:d00:1b::1c 36124 2001:1458:d00:1b::1c 22
SSH_TTY=/dev/pts/98
STAGE_HOST=castorcms
TEMP=/pool/condor/dir_9449
TERM=screen
TEXINPUTS=:/cvmfs/cms.cern.ch/latex/styles
TEXMFHOME=/cvmfs/cms.cern.ch/slc7_amd64_gcc700/external/rivet/2.5.4-ikaegh4/share/Rivet/texmf
THEPEGPATH=/cvmfs/cms.cern.ch/slc7_amd64_gcc700/external/thepeg/2.1.4-ikaegh4/share/ThePEG
TMP=/pool/condor/dir_9449
TMPDIR=/pool/condor/dir_9449/tmp
TNS_ADMIN=/etc
USER=gkaratha
UTM_XSD_DIR=/cvmfs/cms.cern.ch/slc7_amd64_gcc700/external/utm/utm_0.7.1-ikaegh
VALGRIND_LIB=/cvmfs/cms.cern.ch/slc7_amd64_gcc700/external/valgrind/3.13.0-omkpbe2/lib/valgrind
VINCIADATA=/cvmfs/cms.cern.ch/slc7_amd64_gcc700/external/vincia/2.2.01-ikaegh/share/Vincia/xmldoc
VIRTUALENVWRAPPER_SCRIPT=/usr/bin/virtualenvwrapper.sh
VO_ALICE_DEFAULT_SE=srm-alice.cern.ch
VO_ALICE_SW_DIR=/afs/cern.ch/project/gd/apps/alice
VO_ATLAS_DEFAULT_SE=srm-atlas.cern.ch
VO_ATLAS_SW_DIR=/cvmfs/atlas.cern.ch/repo/sw
VO_CMS_DEFAULT_SE=srm-cms.cern.ch
VO_CMS_SW_DIR=/cvmfs/cms.cern.ch
VO_DTEAM_DEFAULT_SE=srm-public.cern.ch
VO_DTEAM_SW_DIR=/afs/cern.ch/project/gd/apps/dteam
VO_GEANT4_DEFAULT_SE=lxdpm101.cern.ch
VO_GEANT4_SW_DIR=/afs/cern.ch/project/gd/apps/geant4
VO_ILC_DEFAULT_SE=srm-public.cern.ch
VO_ILC_SW_DIR=/cvmfs/ilc.desy.de
VO_LHCB_DEFAULT_SE=srm-lhcb.cern.ch
VO_LHCB_SW_DIR=/cvmfs/lhcb.cern.ch
VO_NA48_DEFAULT_SE=srm-public.cern.ch
VO_NA48_SW_DIR=/afs/cern.ch/project/gd/apps/na48
VO_OPS_DEFAULT_SE=srm-public.cern.ch
VO_OPS_SW_DIR=/afs/cern.ch/project/gd/apps/ops
VO_UNOSAT_DEFAULT_SE=srm-public.cern.ch
VO_UNOSAT_SW_DIR=/afs/cern.ch/project/gd/apps/unosat
VO_VO_ALEPH_CERN_CH_DEFAULT_SE=srm-public.cern.ch
VO_VO_ALEPH_CERN_CH_SW_DIR=/afs/cern.ch/aleph
VO_VO_DELPHI_CERN_CH_DEFAULT_SE=srm-public.cern.ch
VO_VO_DELPHI_CERN_CH_SW_DIR=/afs/cern.ch/delphi
VO_VO_GEAR_CERN_CH_DEFAULT_SE=lxdpm104.cern.ch
VO_VO_GEAR_CERN_CH_SW_DIR=/afs/cern.ch/project/gd/apps/gear
VO_VO_L3_CERN_CH_DEFAULT_SE=srm-public.cern.ch
VO_VO_L3_CERN_CH_SW_DIR=/afs/cern.ch/l3
VO_VO_OPAL_CERN_CH_DEFAULT_SE=srm-public.cern.ch
VO_VO_OPAL_CERN_CH_SW_DIR=/afs/cern.ch/opal
VO_VO_SIXT_CERN_CH_DEFAULT_SE=srm-public.cern.ch
VO_VO_SIXT_CERN_CH_SW_DIR=/afs/cern.ch/project/gd/apps/sixt
WORKER_DATA_PATH=/cvmfs/cms.cern.ch/slc7_amd64_gcc700/external/blackhat/0.9.9-omkpbe4/share/blackhat/datafiles/
XDG_DATA_DIRS=/afs/cern.ch/user/g/gkaratha/.local/share/flatpak/exports/share:/var/lib/flatpak/exports/share:/usr/local/share:/usr/share
XDG_RUNTIME_DIR=/run/user/43882
XDG_SESSION_ID=c81463
_=/bin/env
_CHIRP_DELAYED_UPDATE_PREFIX=Chirp*
_CONDOR_ANCESTOR_17117=17250:1557869593:1832678430
_CONDOR_ANCESTOR_17250=9449:1570575443:93482274
_CONDOR_ANCESTOR_9449=9571:1570575447:3752926586
_CONDOR_CHIRP_CONFIG=/pool/condor/dir_9449/.chirp.config
_CONDOR_JOB_AD=/pool/condor/dir_9449/.job.ad
_CONDOR_JOB_IWD=/pool/condor/dir_9449
_CONDOR_JOB_PIDS=
_CONDOR_MACHINE_AD=/pool/condor/dir_9449/.machine.ad
_CONDOR_PID_NS_INIT_STATUS_FILENAME=/pool/condor/dir_9449/.condor_pid_ns_status
_CONDOR_SCRATCH_DIR=/pool/condor/dir_9449
_CONDOR_SLOT=slot1_1
_CONDOR_WRAPPER_ERROR_FILE=/pool/condor/dir_9449/.job_wrapper_failure
_VIRTUALENVWRAPPER_API= mkvirtualenv rmvirtualenv lsvirtualenv showvirtualenv workon add2virtualenv cdsitepackages cdvirtualenv lssitepackages toggleglobalsitepackages cpvirtualenv setvirtualenvproject mkproject cdproject mktmpenv wipeenv allvirtualenv mkvirtualenv rmvirtualenv lsvirtualenv showvirtualenv workon add2virtualenv cdsitepackages cdvirtualenv lssitepackages toggleglobalsitepackages cpvirtualenv setvirtualenvproject mkproject cdproject mktmpenv wipeenv allvirtualenv

/afs/cern.ch/work/g/gkaratha/private/SUSYCMG/HLT/efficiency/Analizer/CMSSW_10_4_0/src /pool/condor/dir_9449
/pool/condor/dir_9449

==== copying job dir to worker ====

'/afs/cern.ch/work/g/gkaratha/private/SUSYCMG/HLT/efficiency/Analizer/CMSSW_10_4_0/src/CMGTools/RKAnalysis/cfg/OutCmsBatch_09Oct19_004826/RunA2018_part2_1_Chunk16/batchScript.sh' -> './batchScript.sh'
'/afs/cern.ch/work/g/gkaratha/private/SUSYCMG/HLT/efficiency/Analizer/CMSSW_10_4_0/src/CMGTools/RKAnalysis/cfg/OutCmsBatch_09Oct19_004826/RunA2018_part2_1_Chunk16/condor_job_0.error' -> './condor_job_0.error'
'/afs/cern.ch/work/g/gkaratha/private/SUSYCMG/HLT/efficiency/Analizer/CMSSW_10_4_0/src/CMGTools/RKAnalysis/cfg/OutCmsBatch_09Oct19_004826/RunA2018_part2_1_Chunk16/condor_job_0.log' -> './condor_job_0.log'
'/afs/cern.ch/work/g/gkaratha/private/SUSYCMG/HLT/efficiency/Analizer/CMSSW_10_4_0/src/CMGTools/RKAnalysis/cfg/OutCmsBatch_09Oct19_004826/RunA2018_part2_1_Chunk16/condor_job_0.out' -> './condor_job_0.out'
'/afs/cern.ch/work/g/gkaratha/private/SUSYCMG/HLT/efficiency/Analizer/CMSSW_10_4_0/src/CMGTools/RKAnalysis/cfg/OutCmsBatch_09Oct19_004826/RunA2018_part2_1_Chunk16/config.pck' -> './config.pck'
'/afs/cern.ch/work/g/gkaratha/private/SUSYCMG/HLT/efficiency/Analizer/CMSSW_10_4_0/src/CMGTools/RKAnalysis/cfg/OutCmsBatch_09Oct19_004826/RunA2018_part2_1_Chunk16/job_desc.cfg' -> './job_desc.cfg'
'/afs/cern.ch/work/g/gkaratha/private/SUSYCMG/HLT/efficiency/Analizer/CMSSW_10_4_0/src/CMGTools/RKAnalysis/cfg/OutCmsBatch_09Oct19_004826/RunA2018_part2_1_Chunk16/options.json' -> './options.json'
'/afs/cern.ch/work/g/gkaratha/private/SUSYCMG/HLT/efficiency/Analizer/CMSSW_10_4_0/src/CMGTools/RKAnalysis/cfg/OutCmsBatch_09Oct19_004826/RunA2018_part2_1_Chunk16/pycfg.py' -> './pycfg.py'
==== environment (after) ====

ATLAS_CGROUPS_BASE=/cgroup/memory
ATLAS_LOCAL_AREA=/afs/cern.ch/project/gd/apps/atlas/local
BATCH_SYSTEM=HTCondor
CASCADE_PDFPATH=/cvmfs/cms.cern.ch/slc7_amd64_gcc700/external/cascade/2.2.04-ikaegh/share
CASTOR_HOME=/castor/cern.ch/user/g/gkaratha
CLHEP_PARAM_PATH=/cvmfs/cms.cern.ch/slc7_amd64_gcc700/external/clhep/2.4.0.0-gnimlf
CMSSW_BASE=/afs/cern.ch/work/g/gkaratha/private/SUSYCMG/HLT/efficiency/Analizer/CMSSW_10_4_0
CMSSW_DATA_PATH=/cvmfs/cms.cern.ch/slc7_amd64_gcc700/cms
CMSSW_FWLITE_INCLUDE_PATH=/cvmfs/cms.cern.ch/slc7_amd64_gcc700/external/sherpa/2.2.5-ikaegh4/include:/cvmfs/cms.cern.ch/slc7_amd64_gcc700/external/hepmc/2.06.07-omkpbe2/include:/cvmfs/cms.cern.ch/slc7_amd64_gcc700/external/clhep/2.4.0.0-gnimlf/include:/cvmfs/cms.cern.ch/slc7_amd64_gcc700/external/boost/1.67.0/include
CMSSW_GIT_HASH=CMSSW_10_4_0
CMSSW_RELEASE_BASE=/cvmfs/cms.cern.ch/slc7_amd64_gcc700/cms/cmssw/CMSSW_10_4_0
CMSSW_SEARCH_PATH=/afs/cern.ch/work/g/gkaratha/private/SUSYCMG/HLT/efficiency/Analizer/CMSSW_10_4_0/poison:/afs/cern.ch/work/g/gkaratha/private/SUSYCMG/HLT/efficiency/Analizer/CMSSW_10_4_0/src:/afs/cern.ch/work/g/gkaratha/private/SUSYCMG/HLT/efficiency/Analizer/CMSSW_10_4_0/external/slc7_amd64_gcc700/data:/cvmfs/cms.cern.ch/slc7_amd64_gcc700/cms/cmssw/CMSSW_10_4_0/src:/cvmfs/cms.cern.ch/slc7_amd64_gcc700/cms/cmssw/CMSSW_10_4_0/external/slc7_amd64_gcc700/data
CMSSW_VERSION=CMSSW_10_4_0
CMS_OPENLOOPS_PREFIX=/cvmfs/cms.cern.ch/slc7_amd64_gcc700/external/openloops/2.0.b-ikaegh2
CMS_ORACLEOCCI_LIB=/cvmfs/cms.cern.ch/slc7_amd64_gcc700/cms/cms_oracleocci_abi_hack/20180210-omkpbe/lib/libcms_oracleocci_abi_hack.so
CMS_PATH=/cvmfs/cms.cern.ch
COLUMNS=80
COMPILER_PATH=/cvmfs/cms.cern.ch/slc7_amd64_gcc700/external/gcc/7.0.0-omkpbe2
CONDA_SHLVL=0
CSC_TRACK_FINDER_DATA_DIR=/cvmfs/cms.cern.ch/slc7_amd64_gcc700/cms/CSCTrackFinderEmulation/1.2-omkpbe2/data/
CVSROOT=:gserver:cmssw.cvs.cern.ch:/local/reps/CMSSW
CVS_RSH=ssh
DISPLAY=localhost:45.0
EDITOR=/bin/nano -w
EOS_MGM_URL=root://eoscms.cern.ch
EVTGENDATA=/cvmfs/cms.cern.ch/slc7_amd64_gcc700/external/evtgen/1.6.0-ikaegh/share
FRONTIER_CLIENT=/cvmfs/cms.cern.ch/slc7_amd64_gcc700/external/frontier_client/2.8.20-omkpbe4/
G4ABLADATA=/cvmfs/cms.cern.ch/slc7_amd64_gcc700/external/geant4-G4ABLA/3.0/data/G4ABLA3.0
G4ENSDFSTATEDATA=/cvmfs/cms.cern.ch/slc7_amd64_gcc700/external/geant4-G4ENSDFSTATE/2.2/data/G4ENSDFSTATE2.2
G4FORCENUMBEROFTHREADS=max
G4LEDATA=/cvmfs/cms.cern.ch/slc7_amd64_gcc700/external/geant4-G4EMLOW/7.3/data/G4EMLOW7.3
G4LEVELGAMMADATA=/cvmfs/cms.cern.ch/slc7_amd64_gcc700/external/geant4-G4PhotonEvaporation/5.2/data/PhotonEvaporation5.2
G4NEUTRONHPDATA=/cvmfs/cms.cern.ch/slc7_amd64_gcc700/external/geant4-G4NDL/4.5/data/G4NDL4.5
G4NEUTRONXSDATA=/cvmfs/cms.cern.ch/slc7_amd64_gcc700/external/geant4-G4NEUTRONXS/1.4/data/G4NEUTRONXS1.4
G4RADIOACTIVEDATA=/cvmfs/cms.cern.ch/slc7_amd64_gcc700/external/geant4-G4RadioactiveDecay/5.2/data/RadioactiveDecay5.2
G4SAIDXSDATA=/cvmfs/cms.cern.ch/slc7_amd64_gcc700/external/geant4-G4SAIDDATA/1.1/data/G4SAIDDATA1.1
GCC_RUNTIME_ASAN=/cvmfs/cms.cern.ch/slc7_amd64_gcc700/external/gcc/7.0.0-omkpbe2/lib64/libasan.so
GCC_RUNTIME_LSAN=/cvmfs/cms.cern.ch/slc7_amd64_gcc700/external/gcc/7.0.0-omkpbe2/lib64/libasan.so
GCC_RUNTIME_TSAN=/cvmfs/cms.cern.ch/slc7_amd64_gcc700/external/gcc/7.0.0-omkpbe2/lib64/libtsan.so
GCC_RUNTIME_UBSAN=/cvmfs/cms.cern.ch/slc7_amd64_gcc700/external/gcc/7.0.0-omkpbe2/lib64/libubsan.so
GEANT4_PARFULLCMS_CONFIG_DIR=/cvmfs/cms.cern.ch/slc7_amd64_gcc700/external/geant4-parfullcms/2014.01.27-gnimlf3/share/ParFullCMS
GENEVA_DATA_DIR=/cvmfs/cms.cern.ch/slc7_amd64_gcc700/external/geneva/1.0-RC3/share/Geneva
GENREFLEX=/cvmfs/cms.cern.ch/slc7_amd64_gcc700/lcg/root/6.12.07-ikaegh3/bin/genreflex
GIT_EXEC_PATH=/cvmfs/cms.cern.ch/slc7_amd64_gcc700/external/git/2.19.0/libexec/git-core
GIT_SSL_CAINFO=/cvmfs/cms.cern.ch/slc7_amd64_gcc700/external/git/2.19.0/share/ssl/certs/ca-bundle.crt
GIT_TEMPLATE_DIR=/cvmfs/cms.cern.ch/slc7_amd64_gcc700/external/git/2.19.0/share/git-core/templates
GLEXEC_LOCATION=/usr
GLITE_ENV_SET=TRUE
GLITE_LOCATION=/usr
GLITE_LOCATION_VAR=/var
GOSAMCONTRIB_PATH=/cvmfs/cms.cern.ch/slc7_amd64_gcc700/external/gosamcontrib/2.0-20150803-omkpbe2
GRIDMAPDIR=/etc/grid-security/gridmapdir
GRID_ENV_LOCATION=/usr/libexec
GRID_VO_ENV_SET=true
GUESTFISH_OUTPUT=\e[0m
GUESTFISH_RESTORE=\e[0m
HEPPDT_PARAM_PATH=/cvmfs/cms.cern.ch/slc7_amd64_gcc700/external/heppdt/3.03.00-ikaegh2
HERWIGPATH=/cvmfs/cms.cern.ch/slc7_amd64_gcc700/external/herwigpp/7.1.4-ikaegh4/share/Herwig
HISTCONTROL=ignoredups
HISTSIZE=1000
HOME=/afs/cern.ch/user/g/gkaratha
HOSTNAME=b7w02n0349.cern.ch
INTEL_LICENSE_FILE=28518@lxlicen01.cern.ch,28518@lxlicen02.cern.ch,28518@lxlicen03.cern.ch
JOBFEATURES=
KDEDIRS=/usr
KRB5CCNAME=FILE:/pool/condor/dir_9449/gkaratha.cc
LANG=C
LCG_GFAL_INFOSYS=lcg-bdii.cern.ch:2170
LCG_LOCATION=/usr
LC_ADDRESS=en_US.UTF-8
LC_IDENTIFICATION=en_US.UTF-8
LC_MEASUREMENT=en_US.UTF-8
LC_MONETARY=en_US.UTF-8
LC_NAME=en_US.UTF-8
LC_NUMERIC=en_US.UTF-8
LC_PAPER=en_US.UTF-8
LC_TELEPHONE=en_US.UTF-8
LC_TIME=en_US.UTF-8
LD_LIBRARY_PATH=/afs/cern.ch/work/g/gkaratha/private/SUSYCMG/HLT/efficiency/Analizer/CMSSW_10_4_0/biglib/slc7_amd64_gcc700:/afs/cern.ch/work/g/gkaratha/private/SUSYCMG/HLT/efficiency/Analizer/CMSSW_10_4_0/lib/slc7_amd64_gcc700:/afs/cern.ch/work/g/gkaratha/private/SUSYCMG/HLT/efficiency/Analizer/CMSSW_10_4_0/external/slc7_amd64_gcc700/lib:/cvmfs/cms.cern.ch/slc7_amd64_gcc700/cms/cmssw/CMSSW_10_4_0/biglib/slc7_amd64_gcc700:/cvmfs/cms.cern.ch/slc7_amd64_gcc700/cms/cmssw/CMSSW_10_4_0/lib/slc7_amd64_gcc700:/cvmfs/cms.cern.ch/slc7_amd64_gcc700/cms/cmssw/CMSSW_10_4_0/external/slc7_amd64_gcc700/lib:/cvmfs/cms.cern.ch/slc7_amd64_gcc700/external/llvm/7.0.0-ikaegh/lib64:/cvmfs/cms.cern.ch/slc7_amd64_gcc700/external/gcc/7.0.0-omkpbe2/lib64:/cvmfs/cms.cern.ch/slc7_amd64_gcc700/external/gcc/7.0.0-omkpbe2/lib:/cvmfs/cms.cern.ch/slc7_amd64_gcc700/external/cuda/10.0.130/drivers
LESSOPEN=||/usr/bin/lesspipe.sh %s
LHAPDF_DATA_PATH=/cvmfs/cms.cern.ch/slc7_amd64_gcc700/external/lhapdf/6.2.1-ikaegh/share/LHAPDF
LINES=24
LOADEDMODULES=
LOCALRT=/afs/cern.ch/work/g/gkaratha/private/SUSYCMG/HLT/efficiency/Analizer/CMSSW_10_4_0
LOGNAME=gkaratha
LS_SUBCWD=/afs/cern.ch/work/g/gkaratha/private/SUSYCMG/HLT/efficiency/Analizer/CMSSW_10_4_0/src/CMGTools/RKAnalysis/cfg/OutCmsBatch_09Oct19_004826/RunA2018_part2_1_Chunk16
MACHINEFEATURES=/etc/machinefeatures
MAIL=/var/spool/mail/gkaratha
MANPATH=/cvmfs/cms.cern.ch/share/man:/opt/glite/share/man:/cvmfs/cms.cern.ch/share/man::/opt/puppetlabs/puppet/share/man::
MODULEPATH=/usr/share/Modules/modulefiles:/etc/modulefiles
MODULESHOME=/usr/share/Modules
MYPROXY_SERVER=myproxy.cern.ch
OLDPWD=/pool/condor/dir_9449
OMP_NUM_THREADS=1
OPAL_PREFIX=/cvmfs/cms.cern.ch/slc7_amd64_gcc700/external/openmpi/2.1.5
OPENBLAS_NUM_THREADS=1
PATH=/cvmfs/cms.cern.ch/share/overrides/bin:/afs/cern.ch/work/g/gkaratha/private/SUSYCMG/HLT/efficiency/Analizer/CMSSW_10_4_0/bin/slc7_amd64_gcc700:/afs/cern.ch/work/g/gkaratha/private/SUSYCMG/HLT/efficiency/Analizer/CMSSW_10_4_0/external/slc7_amd64_gcc700/bin:/cvmfs/cms.cern.ch/slc7_amd64_gcc700/cms/cmssw/CMSSW_10_4_0/bin/slc7_amd64_gcc700:/cvmfs/cms.cern.ch/slc7_amd64_gcc700/cms/cmssw/CMSSW_10_4_0/external/slc7_amd64_gcc700/bin:/cvmfs/cms.cern.ch/slc7_amd64_gcc700/external/llvm/7.0.0-ikaegh/bin:/cvmfs/cms.cern.ch/slc7_amd64_gcc700/external/gcc/7.0.0-omkpbe2/bin:/afs/cern.ch/cms/caf/scripts:/cvmfs/cms.cern.ch/common:/cvmfs/cms.cern.ch/bin:/bin:/afs/cern.ch/work/g/gkaratha/miniconda3/bin:/afs/cern.ch/cms/caf/scripts:/cvmfs/cms.cern.ch/common:/cvmfs/cms.cern.ch/bin:/usr/sue/bin:/usr/lib64/qt-3.3/bin:/usr/condabin:/usr/local/bin:/usr/bin:/usr/local/sbin:/usr/sbin:/opt/puppetlabs/bin:/afs/cern.ch/user/g/gkaratha/bin
PDFPATH=/cvmfs/cms.cern.ch/slc7_amd64_gcc700/external/rivet/2.5.4-ikaegh4/share
PERL5LIB=/cvmfs/cms.cern.ch/slc7_amd64_gcc700/external/git/2.19.0/share/perl5
PWD=/pool/condor/dir_9449/job
PYTHIA8DATA=/cvmfs/cms.cern.ch/slc7_amd64_gcc700/external/pythia8/230-ikaegh/share/Pythia8/xmldoc
PYTHON27PATH=/afs/cern.ch/work/g/gkaratha/private/SUSYCMG/HLT/efficiency/Analizer/CMSSW_10_4_0/python:/afs/cern.ch/work/g/gkaratha/private/SUSYCMG/HLT/efficiency/Analizer/CMSSW_10_4_0/lib/slc7_amd64_gcc700:/cvmfs/cms.cern.ch/slc7_amd64_gcc700/cms/cmssw/CMSSW_10_4_0/python:/cvmfs/cms.cern.ch/slc7_amd64_gcc700/cms/cmssw/CMSSW_10_4_0/lib/slc7_amd64_gcc700:/cvmfs/cms.cern.ch/slc7_amd64_gcc700/cms/coral/CORAL_2_3_21-ikaegh4/slc7_amd64_gcc700/python:/cvmfs/cms.cern.ch/slc7_amd64_gcc700/cms/coral/CORAL_2_3_21-ikaegh4/slc7_amd64_gcc700/lib:/cvmfs/cms.cern.ch/slc7_amd64_gcc700/external/xrootd/4.8.4/lib/python2.7/site-packages:/cvmfs/cms.cern.ch/slc7_amd64_gcc700/external/fastjet/3.3.0-omkpbe/lib/python2.7/site-packages:/cvmfs/cms.cern.ch/slc7_amd64_gcc700/cms/cmssw-tool-conf/45.0-ikaegh6/lib/python2.7/site-packages
PYTHON3PATH=/afs/cern.ch/work/g/gkaratha/private/SUSYCMG/HLT/efficiency/Analizer/CMSSW_10_4_0/python:/afs/cern.ch/work/g/gkaratha/private/SUSYCMG/HLT/efficiency/Analizer/CMSSW_10_4_0/lib/slc7_amd64_gcc700:/cvmfs/cms.cern.ch/slc7_amd64_gcc700/cms/cmssw/CMSSW_10_4_0/python:/cvmfs/cms.cern.ch/slc7_amd64_gcc700/cms/cmssw/CMSSW_10_4_0/lib/slc7_amd64_gcc700:/cvmfs/cms.cern.ch/slc7_amd64_gcc700/cms/cmssw-tool-conf/45.0-ikaegh6/lib/python3.6/site-packages
PYTHON_VALGRIND_SUPP=/cvmfs/cms.cern.ch/slc7_amd64_gcc700/external/python/2.7.14-omkpbe4/share/valgrind/valgrind-python.supp
QTDIR=/cvmfs/cms.cern.ch/slc7_amd64_gcc700/external/qt/4.8.7-ikaegh:/usr/lib64/qt-3.3
QTINC=/cvmfs/cms.cern.ch/slc7_amd64_gcc700/external/qt/4.8.7-ikaegh/include:/usr/lib64/qt-3.3/include
QTLIB=/cvmfs/cms.cern.ch/slc7_amd64_gcc700/external/qt/4.8.7-ikaegh/lib:/usr/lib64/qt-3.3/lib
QT_GRAPHICSSYSTEM=native
QT_GRAPHICSSYSTEM_CHECKED=1
QT_PLUGIN_PATH=/usr/lib64/kde4/plugins:/usr/lib/kde4/plugins
RIVET_ANALYSIS_PATH=/afs/cern.ch/work/g/gkaratha/private/SUSYCMG/HLT/efficiency/Analizer/CMSSW_10_4_0/lib/slc7_amd64_gcc700:/cvmfs/cms.cern.ch/slc7_amd64_gcc700/cms/cmssw/CMSSW_10_4_0/lib/slc7_amd64_gcc700:/cvmfs/cms.cern.ch/slc7_amd64_gcc700/external/rivet/2.5.4-ikaegh4/lib
ROOFITSYS=/cvmfs/cms.cern.ch/slc7_amd64_gcc700/lcg/root/6.12.07-ikaegh3/
ROOTSYS=/cvmfs/cms.cern.ch/slc7_amd64_gcc700/lcg/root/6.12.07-ikaegh3/
ROOT_GCC_TOOLCHAIN=/cvmfs/cms.cern.ch/slc7_amd64_gcc700/external/gcc/7.0.0-omkpbe2
ROOT_INCLUDE_PATH=/afs/cern.ch/work/g/gkaratha/private/SUSYCMG/HLT/efficiency/Analizer/CMSSW_10_4_0/src:/cvmfs/cms.cern.ch/slc7_amd64_gcc700/cms/cmssw/CMSSW_10_4_0/src:/cvmfs/cms.cern.ch/slc7_amd64_gcc700/cms/coral/CORAL_2_3_21-ikaegh4/include/LCG:/cvmfs/cms.cern.ch/slc7_amd64_gcc700/external/mctester/1.25.0a-ikaegh3/include:/cvmfs/cms.cern.ch/slc7_amd64_gcc700/lcg/root/6.12.07-ikaegh3/include:/cvmfs/cms.cern.ch/slc7_amd64_gcc700/external/dd4hep/v01-08x-ikaegh5/include:/cvmfs/cms.cern.ch/slc7_amd64_gcc700/external/qt/4.8.7-ikaegh/include/QtDesigner:/cvmfs/cms.cern.ch/slc7_amd64_gcc700/external/herwigpp/7.1.4-ikaegh4/include:/cvmfs/cms.cern.ch/slc7_amd64_gcc700/external/tauolapp/1.1.5-ikaegh/include:/cvmfs/cms.cern.ch/slc7_amd64_gcc700/external/charybdis/1.003-ikaegh/include:/cvmfs/cms.cern.ch/slc7_amd64_gcc700/external/sherpa/2.2.5-ikaegh4/include/SHERPA-MC:/cvmfs/cms.cern.ch/slc7_amd64_gcc700/external/qt/4.8.7-ikaegh/include/QtOpenGL:/cvmfs/cms.cern.ch/slc7_amd64_gcc700/external/qt/4.8.7-ikaegh/include/QtGui:/cvmfs/cms.cern.ch/slc7_amd64_gcc700/external/thepeg/2.1.4-ikaegh4/include:/cvmfs/cms.cern.ch/slc7_amd64_gcc700/external/pythia8/230-ikaegh/include:/cvmfs/cms.cern.ch/slc7_amd64_gcc700/external/herwig/6.521-ikaegh/include:/cvmfs/cms.cern.ch/slc7_amd64_gcc700/external/rivet/2.5.4-ikaegh4/include:/cvmfs/cms.cern.ch/slc7_amd64_gcc700/external/qt/4.8.7-ikaegh/include/Qt3Support:/cvmfs/cms.cern.ch/slc7_amd64_gcc700/external/lwtnn/2.4-ikaegh2/include:/cvmfs/cms.cern.ch/slc7_amd64_gcc700/external/geant4/10.04-gnimlf3/include/Geant4:/cvmfs/cms.cern.ch/slc7_amd64_gcc700/external/classlib/3.1.3-omkpbe2/include:/cvmfs/cms.cern.ch/slc7_amd64_gcc700/external/lhapdf/6.2.1-ikaegh/include:/cvmfs/cms.cern.ch/slc7_amd64_gcc700/external/cgal/4.2-ikaegh/include:/cvmfs/cms.cern.ch/slc7_amd64_gcc700/external/tkonlinesw/4.2.0-1_gcc7-ikaegh3/include:/cvmfs/cms.cern.ch/slc7_amd64_gcc700/external/starlight/r193-gnimlf/include:/cvmfs/cms.cern.ch/slc7_amd64_gcc700/external/qt/4.8.7-ikaegh/include:/cvmfs/cms.cern.ch/slc7_amd64_gcc700/external/qt/4.8.7-ikaegh/include/Qt:/cvmfs/cms.cern.ch/slc7_amd64_gcc700/external/qt/4.8.7-ikaegh/include/QtCore:/cvmfs/cms.cern.ch/slc7_amd64_gcc700/external/qt/4.8.7-ikaegh/include/QtXml:/cvmfs/cms.cern.ch/slc7_amd64_gcc700/external/mcdb/1.0.3-omkpbe2/interface:/cvmfs/cms.cern.ch/slc7_amd64_gcc700/external/libungif/4.1.4-omkpbe2/include:/cvmfs/cms.cern.ch/slc7_amd64_gcc700/external/libtiff/4.0.3-ikaegh/include:/cvmfs/cms.cern.ch/slc7_amd64_gcc700/external/libpng/1.6.16-omkpbe2/include:/cvmfs/cms.cern.ch/slc7_amd64_gcc700/external/frontier_client/2.8.20-omkpbe4/include:/cvmfs/cms.cern.ch/slc7_amd64_gcc700/external/pcre/8.37-omkpbe2/include:/cvmfs/cms.cern.ch/slc7_amd64_gcc700/external/boost/1.67.0/include:/cvmfs/cms.cern.ch/slc7_amd64_gcc700/external/xrootd/4.8.4/include/xrootd/private:/cvmfs/cms.cern.ch/slc7_amd64_gcc700/cms/vdt/0.4.0-gnimlf/include:/cvmfs/cms.cern.ch/slc7_amd64_gcc700/external/valgrind/3.13.0-omkpbe2/include:/cvmfs/cms.cern.ch/slc7_amd64_gcc700/external/utm/utm_0.7.1-ikaegh/include:/cvmfs/cms.cern.ch/slc7_amd64_gcc700/external/toprex/4.23-omkpbe2/include:/cvmfs/cms.cern.ch/slc7_amd64_gcc700/external/tbb/2019_U3/include:/cvmfs/cms.cern.ch/slc7_amd64_gcc700/external/tauola/27.121.5-omkpbe2/include:/cvmfs/cms.cern.ch/slc7_amd64_gcc700/external/sigcpp/2.6.2-omkpbe2/include/sigc++-2.0:/cvmfs/cms.cern.ch/slc7_amd64_gcc700/external/sqlite/3.22.0-omkpbe/include:/cvmfs/cms.cern.ch/slc7_amd64_gcc700/external/protobuf/3.5.2/include:/cvmfs/cms.cern.ch/slc7_amd64_gcc700/external/pacparser/1.3.5-omkpbe2/include:/cvmfs/cms.cern.ch/slc7_amd64_gcc700/external/oracle/12.1.0.2.0/include:/cvmfs/cms.cern.ch/slc7_amd64_gcc700/external/py2-numpy/1.15.1/c-api/core/include:/cvmfs/cms.cern.ch/slc7_amd64_gcc700/external/meschach/1.2.pCMS1-omkpbe2/include:/cvmfs/cms.cern.ch/slc7_amd64_gcc700/external/libuuid/2.22.2-omkpbe2/include:/cvmfs/cms.cern.ch/slc7_amd64_gcc700/external/libhepml/0.2.1-omkpbe2/interface:/cvmfs/cms.cern.ch/slc7_amd64_gcc700/external/ktjet/1.06-gnimlf/include:/cvmfs/cms.cern.ch/slc7_amd64_gcc700/external/jimmy/4.2-ikaegh/include:/cvmfs/cms.cern.ch/slc7_amd64_gcc700/external/jemalloc/5.1.0/include:/cvmfs/cms.cern.ch/slc7_amd64_gcc700/external/madgraph5amcatnlo/2.6.0-ikaegh4:/cvmfs/cms.cern.ch/slc7_amd64_gcc700/external/heppdt/3.03.00-ikaegh2/include:/cvmfs/cms.cern.ch/slc7_amd64_gcc700/external/hector/1.3.4_patch1-ikaegh3/include:/cvmfs/cms.cern.ch/slc7_amd64_gcc700/external/libjpeg-turbo/2.0.1/include:/cvmfs/cms.cern.ch/slc7_amd64_gcc700/external/giflib/4.2.3-omkpbe2/include:/cvmfs/cms.cern.ch/slc7_amd64_gcc700/external/gsl/2.2.1-omkpbe2/include:/cvmfs/cms.cern.ch/slc7_amd64_gcc700/external/vecgeom/v00.05.00-gnimlf/include:/cvmfs/cms.cern.ch/slc7_amd64_gcc700/external/gdbm/1.10-omkpbe2/include:/cvmfs/cms.cern.ch/slc7_amd64_gcc700/external/freetype/2.5.3-omkpbe2/include:/cvmfs/cms.cern.ch/slc7_amd64_gcc700/external/fftw3/3.3.2-omkpbe2/include:/cvmfs/cms.cern.ch/slc7_amd64_gcc700/external/fftjet/1.5.0-omkpbe2/include:/cvmfs/cms.cern.ch/slc7_amd64_gcc700/external/fastjet/3.3.0-omkpbe/include:/cvmfs/cms.cern.ch/slc7_amd64_gcc700/external/expat/2.1.0-omkpbe2/include:/cvmfs/cms.cern.ch/slc7_amd64_gcc700/external/dpm/1.8.0.1-omkpbe2/include:/cvmfs/cms.cern.ch/slc7_amd64_gcc700/external/hepmc/2.06.07-omkpbe2/include:/cvmfs/cms.cern.ch/slc7_amd64_gcc700/external/xerces-c/3.1.3-omkpbe2/include:/cvmfs/cms.cern.ch/slc7_amd64_gcc700/external/xz/5.2.2-omkpbe2/include:/cvmfs/cms.cern.ch/slc7_amd64_gcc700/external/dcap/2.47.8-omkpbe2/include:/cvmfs/cms.cern.ch/slc7_amd64_gcc700/external/libxml2/2.9.1-omkpbe2/include/libxml2:/cvmfs/cms.cern.ch/slc7_amd64_gcc700/external/curl/7.59.0/include:/cvmfs/cms.cern.ch/slc7_amd64_gcc700/external/cppunit/1.40.1/include:/cvmfs/cms.cern.ch/slc7_amd64_gcc700/external/clhep/2.4.0.0-gnimlf/include:/cvmfs/cms.cern.ch/slc7_amd64_gcc700/external/openssl/1.0.2d-omkpbe2/include:/cvmfs/cms.cern.ch/slc7_amd64_gcc700/external/pythia6/426-omkpbe2/include:/cvmfs/cms.cern.ch/slc7_amd64_gcc700/external/photos/215.5-omkpbe2/include:/cvmfs/cms.cern.ch/slc7_amd64_gcc700/external/zlib-x86_64/1.2.11-omkpbe2/include:/cvmfs/cms.cern.ch/slc7_amd64_gcc700/external/cascade/2.2.04-ikaegh/include:/cvmfs/cms.cern.ch/slc7_amd64_gcc700/external/bz2lib/1.0.6-omkpbe2/include:/cvmfs/cms.cern.ch/slc7_amd64_gcc700/external/python/2.7.14-omkpbe4/include/python2.7:/cvmfs/cms.cern.ch/slc7_amd64_gcc700/external/tinyxml2/6.2.0/include:/cvmfs/cms.cern.ch/slc7_amd64_gcc700/external/ittnotify/16.06.18-gnimlf/include:/cvmfs/cms.cern.ch/slc7_amd64_gcc700/external/gosamcontrib/2.0-20150803-omkpbe2/include:/usr/local/include:/usr/include
ROOT_PATH=/cvmfs/cms.cern.ch/slc7_amd64_gcc700/external/madgraph5amcatnlo/2.6.0-ikaegh4:/cvmfs/cms.cern.ch/slc7_amd64_gcc700/external/gosamcontrib/2.0-20150803-omkpbe2
ROOT_TTREECACHE_PREFILL=0
ROOT_TTREECACHE_SIZE=0
SCONS_LIB_DIR=/cvmfs/cms.cern.ch/slc7_amd64_gcc700/external/scons/3.0.1/lib
SCRAMRT_SET=CMSSW:CMSSW_10_4_0:slc7_amd64_gcc700:V2_2_9_pre04:SRT_
SCRAM_ARCH=slc7_amd64_gcc700
SCRAM_CXX11_ABI=1
SELINUX_LEVEL_REQUESTED=
SELINUX_ROLE_REQUESTED=
SELINUX_USE_CURRENT_RANGE=
SHELL=/bin/bash
SHERPA_INCLUDE_PATH=/cvmfs/cms.cern.ch/slc7_amd64_gcc700/external/sherpa/2.2.5-ikaegh4/include/SHERPA-MC
SHERPA_LIBRARY_PATH=/cvmfs/cms.cern.ch/slc7_amd64_gcc700/external/sherpa/2.2.5-ikaegh4/lib/SHERPA-MC
SHERPA_SHARE_PATH=/cvmfs/cms.cern.ch/slc7_amd64_gcc700/external/sherpa/2.2.5-ikaegh4/share/SHERPA-MC
SHLVL=4
SITE_NAME=CERN-PROD
SRM_PATH=/opt/d-cache/srm
SRT_CASCADE_PDFPATH_SCRAMRTDEL=/cvmfs/cms.cern.ch/slc7_amd64_gcc700/external/cascade/2.2.04-ikaegh/share
SRT_CLHEP_PARAM_PATH_SCRAMRTDEL=/cvmfs/cms.cern.ch/slc7_amd64_gcc700/external/clhep/2.4.0.0-gnimlf
SRT_CMSSW_BASE_SCRAMRTDEL=/afs/cern.ch/work/g/gkaratha/private/SUSYCMG/HLT/efficiency/Analizer/CMSSW_10_4_0
SRT_CMSSW_DATA_PATH_SCRAMRTDEL=/cvmfs/cms.cern.ch/slc7_amd64_gcc700/cms
SRT_CMSSW_FWLITE_INCLUDE_PATH_SCRAMRTDEL=/cvmfs/cms.cern.ch/slc7_amd64_gcc700/external/sherpa/2.2.5-ikaegh4/include:/cvmfs/cms.cern.ch/slc7_amd64_gcc700/external/hepmc/2.06.07-omkpbe2/include:/cvmfs/cms.cern.ch/slc7_amd64_gcc700/external/clhep/2.4.0.0-gnimlf/include:/cvmfs/cms.cern.ch/slc7_amd64_gcc700/external/boost/1.67.0/include
SRT_CMSSW_GIT_HASH_SCRAMRTDEL=CMSSW_10_4_0
SRT_CMSSW_RELEASE_BASE_SCRAMRTDEL=/cvmfs/cms.cern.ch/slc7_amd64_gcc700/cms/cmssw/CMSSW_10_4_0
SRT_CMSSW_SEARCH_PATH_SCRAMRTDEL=/afs/cern.ch/work/g/gkaratha/private/SUSYCMG/HLT/efficiency/Analizer/CMSSW_10_4_0/poison:/afs/cern.ch/work/g/gkaratha/private/SUSYCMG/HLT/efficiency/Analizer/CMSSW_10_4_0/src:/afs/cern.ch/work/g/gkaratha/private/SUSYCMG/HLT/efficiency/Analizer/CMSSW_10_4_0/external/slc7_amd64_gcc700/data:/cvmfs/cms.cern.ch/slc7_amd64_gcc700/cms/cmssw/CMSSW_10_4_0/src:/cvmfs/cms.cern.ch/slc7_amd64_gcc700/cms/cmssw/CMSSW_10_4_0/external/slc7_amd64_gcc700/data
SRT_CMSSW_VERSION_SCRAMRTDEL=CMSSW_10_4_0
SRT_CMS_OPENLOOPS_PREFIX_SCRAMRTDEL=/cvmfs/cms.cern.ch/slc7_amd64_gcc700/external/openloops/2.0.b-ikaegh2
SRT_CMS_ORACLEOCCI_LIB_SCRAMRTDEL=/cvmfs/cms.cern.ch/slc7_amd64_gcc700/cms/cms_oracleocci_abi_hack/20180210-omkpbe/lib/libcms_oracleocci_abi_hack.so
SRT_COMPILER_PATH_SCRAMRTDEL=/cvmfs/cms.cern.ch/slc7_amd64_gcc700/external/gcc/7.0.0-omkpbe2
SRT_CSC_TRACK_FINDER_DATA_DIR_SCRAMRTDEL=/cvmfs/cms.cern.ch/slc7_amd64_gcc700/cms/CSCTrackFinderEmulation/1.2-omkpbe2/data/
SRT_EVTGENDATA_SCRAMRTDEL=/cvmfs/cms.cern.ch/slc7_amd64_gcc700/external/evtgen/1.6.0-ikaegh/share
SRT_FRONTIER_CLIENT_SCRAMRTDEL=/cvmfs/cms.cern.ch/slc7_amd64_gcc700/external/frontier_client/2.8.20-omkpbe4/
SRT_G4ABLADATA_SCRAMRTDEL=/cvmfs/cms.cern.ch/slc7_amd64_gcc700/external/geant4-G4ABLA/3.0/data/G4ABLA3.0
SRT_G4ENSDFSTATEDATA_SCRAMRTDEL=/cvmfs/cms.cern.ch/slc7_amd64_gcc700/external/geant4-G4ENSDFSTATE/2.2/data/G4ENSDFSTATE2.2
SRT_G4FORCENUMBEROFTHREADS_SCRAMRTDEL=max
SRT_G4LEDATA_SCRAMRTDEL=/cvmfs/cms.cern.ch/slc7_amd64_gcc700/external/geant4-G4EMLOW/7.3/data/G4EMLOW7.3
SRT_G4LEVELGAMMADATA_SCRAMRTDEL=/cvmfs/cms.cern.ch/slc7_amd64_gcc700/external/geant4-G4PhotonEvaporation/5.2/data/PhotonEvaporation5.2
SRT_G4NEUTRONHPDATA_SCRAMRTDEL=/cvmfs/cms.cern.ch/slc7_amd64_gcc700/external/geant4-G4NDL/4.5/data/G4NDL4.5
SRT_G4NEUTRONXSDATA_SCRAMRTDEL=/cvmfs/cms.cern.ch/slc7_amd64_gcc700/external/geant4-G4NEUTRONXS/1.4/data/G4NEUTRONXS1.4
SRT_G4RADIOACTIVEDATA_SCRAMRTDEL=/cvmfs/cms.cern.ch/slc7_amd64_gcc700/external/geant4-G4RadioactiveDecay/5.2/data/RadioactiveDecay5.2
SRT_G4SAIDXSDATA_SCRAMRTDEL=/cvmfs/cms.cern.ch/slc7_amd64_gcc700/external/geant4-G4SAIDDATA/1.1/data/G4SAIDDATA1.1
SRT_GCC_RUNTIME_ASAN_SCRAMRTDEL=/cvmfs/cms.cern.ch/slc7_amd64_gcc700/external/gcc/7.0.0-omkpbe2/lib64/libasan.so
SRT_GCC_RUNTIME_LSAN_SCRAMRTDEL=/cvmfs/cms.cern.ch/slc7_amd64_gcc700/external/gcc/7.0.0-omkpbe2/lib64/libasan.so
SRT_GCC_RUNTIME_TSAN_SCRAMRTDEL=/cvmfs/cms.cern.ch/slc7_amd64_gcc700/external/gcc/7.0.0-omkpbe2/lib64/libtsan.so
SRT_GCC_RUNTIME_UBSAN_SCRAMRTDEL=/cvmfs/cms.cern.ch/slc7_amd64_gcc700/external/gcc/7.0.0-omkpbe2/lib64/libubsan.so
SRT_GEANT4_PARFULLCMS_CONFIG_DIR_SCRAMRTDEL=/cvmfs/cms.cern.ch/slc7_amd64_gcc700/external/geant4-parfullcms/2014.01.27-gnimlf3/share/ParFullCMS
SRT_GENEVA_DATA_DIR_SCRAMRTDEL=/cvmfs/cms.cern.ch/slc7_amd64_gcc700/external/geneva/1.0-RC3/share/Geneva
SRT_GENREFLEX_SCRAMRTDEL=/cvmfs/cms.cern.ch/slc7_amd64_gcc700/lcg/root/6.12.07-ikaegh3/bin/genreflex
SRT_GIT_EXEC_PATH_SCRAMRTDEL=/cvmfs/cms.cern.ch/slc7_amd64_gcc700/external/git/2.19.0/libexec/git-core
SRT_GIT_SSL_CAINFO_SCRAMRTDEL=/cvmfs/cms.cern.ch/slc7_amd64_gcc700/external/git/2.19.0/share/ssl/certs/ca-bundle.crt
SRT_GIT_TEMPLATE_DIR_SCRAMRTDEL=/cvmfs/cms.cern.ch/slc7_amd64_gcc700/external/git/2.19.0/share/git-core/templates
SRT_GOSAMCONTRIB_PATH_SCRAMRTDEL=/cvmfs/cms.cern.ch/slc7_amd64_gcc700/external/gosamcontrib/2.0-20150803-omkpbe2
SRT_HEPPDT_PARAM_PATH_SCRAMRTDEL=/cvmfs/cms.cern.ch/slc7_amd64_gcc700/external/heppdt/3.03.00-ikaegh2
SRT_HERWIGPATH_SCRAMRTDEL=/cvmfs/cms.cern.ch/slc7_amd64_gcc700/external/herwigpp/7.1.4-ikaegh4/share/Herwig
SRT_INTEL_LICENSE_FILE_SCRAMRTDEL=28518@lxlicen01.cern.ch,28518@lxlicen02.cern.ch,28518@lxlicen03.cern.ch
SRT_LANG_SCRAMRT=C
SRT_LD_LIBRARY_PATH_SCRAMRTDEL=/afs/cern.ch/work/g/gkaratha/private/SUSYCMG/HLT/efficiency/Analizer/CMSSW_10_4_0/biglib/slc7_amd64_gcc700:/afs/cern.ch/work/g/gkaratha/private/SUSYCMG/HLT/efficiency/Analizer/CMSSW_10_4_0/lib/slc7_amd64_gcc700:/afs/cern.ch/work/g/gkaratha/private/SUSYCMG/HLT/efficiency/Analizer/CMSSW_10_4_0/external/slc7_amd64_gcc700/lib:/cvmfs/cms.cern.ch/slc7_amd64_gcc700/cms/cmssw/CMSSW_10_4_0/biglib/slc7_amd64_gcc700:/cvmfs/cms.cern.ch/slc7_amd64_gcc700/cms/cmssw/CMSSW_10_4_0/lib/slc7_amd64_gcc700:/cvmfs/cms.cern.ch/slc7_amd64_gcc700/cms/cmssw/CMSSW_10_4_0/external/slc7_amd64_gcc700/lib:/cvmfs/cms.cern.ch/slc7_amd64_gcc700/external/llvm/7.0.0-ikaegh/lib64:/cvmfs/cms.cern.ch/slc7_amd64_gcc700/external/gcc/7.0.0-omkpbe2/lib64:/cvmfs/cms.cern.ch/slc7_amd64_gcc700/external/gcc/7.0.0-omkpbe2/lib:/cvmfs/cms.cern.ch/slc7_amd64_gcc700/external/cuda/10.0.130/drivers
SRT_LHAPDF_DATA_PATH_SCRAMRTDEL=/cvmfs/cms.cern.ch/slc7_amd64_gcc700/external/lhapdf/6.2.1-ikaegh/share/LHAPDF
SRT_LOCALRT_SCRAMRTDEL=/afs/cern.ch/work/g/gkaratha/private/SUSYCMG/HLT/efficiency/Analizer/CMSSW_10_4_0
SRT_OPAL_PREFIX_SCRAMRTDEL=/cvmfs/cms.cern.ch/slc7_amd64_gcc700/external/openmpi/2.1.5
SRT_OPENBLAS_NUM_THREADS_SCRAMRTDEL=1
SRT_PATH_SCRAMRT=/cvmfs/cms.cern.ch/share/overrides/bin:/afs/cern.ch/work/g/gkaratha/private/SUSYCMG/HLT/efficiency/Analizer/CMSSW_10_4_0/bin/slc7_amd64_gcc700:/afs/cern.ch/work/g/gkaratha/private/SUSYCMG/HLT/efficiency/Analizer/CMSSW_10_4_0/external/slc7_amd64_gcc700/bin:/cvmfs/cms.cern.ch/slc7_amd64_gcc700/cms/cmssw/CMSSW_10_4_0/bin/slc7_amd64_gcc700:/cvmfs/cms.cern.ch/slc7_amd64_gcc700/cms/cmssw/CMSSW_10_4_0/external/slc7_amd64_gcc700/bin:/cvmfs/cms.cern.ch/slc7_amd64_gcc700/external/llvm/7.0.0-ikaegh/bin:/cvmfs/cms.cern.ch/slc7_amd64_gcc700/external/gcc/7.0.0-omkpbe2/bin
SRT_PDFPATH_SCRAMRTDEL=/cvmfs/cms.cern.ch/slc7_amd64_gcc700/external/rivet/2.5.4-ikaegh4/share
SRT_PERL5LIB_SCRAMRTDEL=/cvmfs/cms.cern.ch/slc7_amd64_gcc700/external/git/2.19.0/share/perl5
SRT_PYTHIA8DATA_SCRAMRTDEL=/cvmfs/cms.cern.ch/slc7_amd64_gcc700/external/pythia8/230-ikaegh/share/Pythia8/xmldoc
SRT_PYTHON27PATH_SCRAMRTDEL=/afs/cern.ch/work/g/gkaratha/private/SUSYCMG/HLT/efficiency/Analizer/CMSSW_10_4_0/python:/afs/cern.ch/work/g/gkaratha/private/SUSYCMG/HLT/efficiency/Analizer/CMSSW_10_4_0/lib/slc7_amd64_gcc700:/cvmfs/cms.cern.ch/slc7_amd64_gcc700/cms/cmssw/CMSSW_10_4_0/python:/cvmfs/cms.cern.ch/slc7_amd64_gcc700/cms/cmssw/CMSSW_10_4_0/lib/slc7_amd64_gcc700:/cvmfs/cms.cern.ch/slc7_amd64_gcc700/cms/coral/CORAL_2_3_21-ikaegh4/slc7_amd64_gcc700/python:/cvmfs/cms.cern.ch/slc7_amd64_gcc700/cms/coral/CORAL_2_3_21-ikaegh4/slc7_amd64_gcc700/lib:/cvmfs/cms.cern.ch/slc7_amd64_gcc700/external/xrootd/4.8.4/lib/python2.7/site-packages:/cvmfs/cms.cern.ch/slc7_amd64_gcc700/external/fastjet/3.3.0-omkpbe/lib/python2.7/site-packages:/cvmfs/cms.cern.ch/slc7_amd64_gcc700/cms/cmssw-tool-conf/45.0-ikaegh6/lib/python2.7/site-packages
SRT_PYTHON3PATH_SCRAMRTDEL=/afs/cern.ch/work/g/gkaratha/private/SUSYCMG/HLT/efficiency/Analizer/CMSSW_10_4_0/python:/afs/cern.ch/work/g/gkaratha/private/SUSYCMG/HLT/efficiency/Analizer/CMSSW_10_4_0/lib/slc7_amd64_gcc700:/cvmfs/cms.cern.ch/slc7_amd64_gcc700/cms/cmssw/CMSSW_10_4_0/python:/cvmfs/cms.cern.ch/slc7_amd64_gcc700/cms/cmssw/CMSSW_10_4_0/lib/slc7_amd64_gcc700:/cvmfs/cms.cern.ch/slc7_amd64_gcc700/cms/cmssw-tool-conf/45.0-ikaegh6/lib/python3.6/site-packages
SRT_PYTHON_VALGRIND_SUPP_SCRAMRTDEL=/cvmfs/cms.cern.ch/slc7_amd64_gcc700/external/python/2.7.14-omkpbe4/share/valgrind/valgrind-python.supp
SRT_QTDIR_SCRAMRT=/cvmfs/cms.cern.ch/slc7_amd64_gcc700/external/qt/4.8.7-ikaegh
SRT_QTINC_SCRAMRT=/cvmfs/cms.cern.ch/slc7_amd64_gcc700/external/qt/4.8.7-ikaegh/include
SRT_QTLIB_SCRAMRT=/cvmfs/cms.cern.ch/slc7_amd64_gcc700/external/qt/4.8.7-ikaegh/lib
SRT_RIVET_ANALYSIS_PATH_SCRAMRTDEL=/afs/cern.ch/work/g/gkaratha/private/SUSYCMG/HLT/efficiency/Analizer/CMSSW_10_4_0/lib/slc7_amd64_gcc700:/cvmfs/cms.cern.ch/slc7_amd64_gcc700/cms/cmssw/CMSSW_10_4_0/lib/slc7_amd64_gcc700:/cvmfs/cms.cern.ch/slc7_amd64_gcc700/external/rivet/2.5.4-ikaegh4/lib
SRT_ROOFITSYS_SCRAMRTDEL=/cvmfs/cms.cern.ch/slc7_amd64_gcc700/lcg/root/6.12.07-ikaegh3/
SRT_ROOTSYS_SCRAMRT=/cvmfs/cms.cern.ch/slc7_amd64_gcc700/lcg/root/6.12.07-ikaegh3/
SRT_ROOT_GCC_TOOLCHAIN_SCRAMRTDEL=/cvmfs/cms.cern.ch/slc7_amd64_gcc700/external/gcc/7.0.0-omkpbe2
SRT_ROOT_INCLUDE_PATH_SCRAMRTDEL=/afs/cern.ch/work/g/gkaratha/private/SUSYCMG/HLT/efficiency/Analizer/CMSSW_10_4_0/src:/cvmfs/cms.cern.ch/slc7_amd64_gcc700/cms/cmssw/CMSSW_10_4_0/src:/cvmfs/cms.cern.ch/slc7_amd64_gcc700/cms/coral/CORAL_2_3_21-ikaegh4/include/LCG:/cvmfs/cms.cern.ch/slc7_amd64_gcc700/external/mctester/1.25.0a-ikaegh3/include:/cvmfs/cms.cern.ch/slc7_amd64_gcc700/lcg/root/6.12.07-ikaegh3/include:/cvmfs/cms.cern.ch/slc7_amd64_gcc700/external/dd4hep/v01-08x-ikaegh5/include:/cvmfs/cms.cern.ch/slc7_amd64_gcc700/external/qt/4.8.7-ikaegh/include/QtDesigner:/cvmfs/cms.cern.ch/slc7_amd64_gcc700/external/herwigpp/7.1.4-ikaegh4/include:/cvmfs/cms.cern.ch/slc7_amd64_gcc700/external/tauolapp/1.1.5-ikaegh/include:/cvmfs/cms.cern.ch/slc7_amd64_gcc700/external/charybdis/1.003-ikaegh/include:/cvmfs/cms.cern.ch/slc7_amd64_gcc700/external/sherpa/2.2.5-ikaegh4/include/SHERPA-MC:/cvmfs/cms.cern.ch/slc7_amd64_gcc700/external/qt/4.8.7-ikaegh/include/QtOpenGL:/cvmfs/cms.cern.ch/slc7_amd64_gcc700/external/qt/4.8.7-ikaegh/include/QtGui:/cvmfs/cms.cern.ch/slc7_amd64_gcc700/external/thepeg/2.1.4-ikaegh4/include:/cvmfs/cms.cern.ch/slc7_amd64_gcc700/external/pythia8/230-ikaegh/include:/cvmfs/cms.cern.ch/slc7_amd64_gcc700/external/herwig/6.521-ikaegh/include:/cvmfs/cms.cern.ch/slc7_amd64_gcc700/external/rivet/2.5.4-ikaegh4/include:/cvmfs/cms.cern.ch/slc7_amd64_gcc700/external/qt/4.8.7-ikaegh/include/Qt3Support:/cvmfs/cms.cern.ch/slc7_amd64_gcc700/external/lwtnn/2.4-ikaegh2/include:/cvmfs/cms.cern.ch/slc7_amd64_gcc700/external/geant4/10.04-gnimlf3/include/Geant4:/cvmfs/cms.cern.ch/slc7_amd64_gcc700/external/classlib/3.1.3-omkpbe2/include:/cvmfs/cms.cern.ch/slc7_amd64_gcc700/external/lhapdf/6.2.1-ikaegh/include:/cvmfs/cms.cern.ch/slc7_amd64_gcc700/external/cgal/4.2-ikaegh/include:/cvmfs/cms.cern.ch/slc7_amd64_gcc700/external/tkonlinesw/4.2.0-1_gcc7-ikaegh3/include:/cvmfs/cms.cern.ch/slc7_amd64_gcc700/external/starlight/r193-gnimlf/include:/cvmfs/cms.cern.ch/slc7_amd64_gcc700/external/qt/4.8.7-ikaegh/include:/cvmfs/cms.cern.ch/slc7_amd64_gcc700/external/qt/4.8.7-ikaegh/include/Qt:/cvmfs/cms.cern.ch/slc7_amd64_gcc700/external/qt/4.8.7-ikaegh/include/QtCore:/cvmfs/cms.cern.ch/slc7_amd64_gcc700/external/qt/4.8.7-ikaegh/include/QtXml:/cvmfs/cms.cern.ch/slc7_amd64_gcc700/external/mcdb/1.0.3-omkpbe2/interface:/cvmfs/cms.cern.ch/slc7_amd64_gcc700/external/libungif/4.1.4-omkpbe2/include:/cvmfs/cms.cern.ch/slc7_amd64_gcc700/external/libtiff/4.0.3-ikaegh/include:/cvmfs/cms.cern.ch/slc7_amd64_gcc700/external/libpng/1.6.16-omkpbe2/include:/cvmfs/cms.cern.ch/slc7_amd64_gcc700/external/frontier_client/2.8.20-omkpbe4/include:/cvmfs/cms.cern.ch/slc7_amd64_gcc700/external/pcre/8.37-omkpbe2/include:/cvmfs/cms.cern.ch/slc7_amd64_gcc700/external/boost/1.67.0/include:/cvmfs/cms.cern.ch/slc7_amd64_gcc700/external/xrootd/4.8.4/include/xrootd/private:/cvmfs/cms.cern.ch/slc7_amd64_gcc700/cms/vdt/0.4.0-gnimlf/include:/cvmfs/cms.cern.ch/slc7_amd64_gcc700/external/valgrind/3.13.0-omkpbe2/include:/cvmfs/cms.cern.ch/slc7_amd64_gcc700/external/utm/utm_0.7.1-ikaegh/include:/cvmfs/cms.cern.ch/slc7_amd64_gcc700/external/toprex/4.23-omkpbe2/include:/cvmfs/cms.cern.ch/slc7_amd64_gcc700/external/tbb/2019_U3/include:/cvmfs/cms.cern.ch/slc7_amd64_gcc700/external/tauola/27.121.5-omkpbe2/include:/cvmfs/cms.cern.ch/slc7_amd64_gcc700/external/sigcpp/2.6.2-omkpbe2/include/sigc++-2.0:/cvmfs/cms.cern.ch/slc7_amd64_gcc700/external/sqlite/3.22.0-omkpbe/include:/cvmfs/cms.cern.ch/slc7_amd64_gcc700/external/protobuf/3.5.2/include:/cvmfs/cms.cern.ch/slc7_amd64_gcc700/external/pacparser/1.3.5-omkpbe2/include:/cvmfs/cms.cern.ch/slc7_amd64_gcc700/external/oracle/12.1.0.2.0/include:/cvmfs/cms.cern.ch/slc7_amd64_gcc700/external/py2-numpy/1.15.1/c-api/core/include:/cvmfs/cms.cern.ch/slc7_amd64_gcc700/external/meschach/1.2.pCMS1-omkpbe2/include:/cvmfs/cms.cern.ch/slc7_amd64_gcc700/external/libuuid/2.22.2-omkpbe2/include:/cvmfs/cms.cern.ch/slc7_amd64_gcc700/external/libhepml/0.2.1-omkpbe2/interface:/cvmfs/cms.cern.ch/slc7_amd64_gcc700/external/ktjet/1.06-gnimlf/include:/cvmfs/cms.cern.ch/slc7_amd64_gcc700/external/jimmy/4.2-ikaegh/include:/cvmfs/cms.cern.ch/slc7_amd64_gcc700/external/jemalloc/5.1.0/include:/cvmfs/cms.cern.ch/slc7_amd64_gcc700/external/madgraph5amcatnlo/2.6.0-ikaegh4:/cvmfs/cms.cern.ch/slc7_amd64_gcc700/external/heppdt/3.03.00-ikaegh2/include:/cvmfs/cms.cern.ch/slc7_amd64_gcc700/external/hector/1.3.4_patch1-ikaegh3/include:/cvmfs/cms.cern.ch/slc7_amd64_gcc700/external/libjpeg-turbo/2.0.1/include:/cvmfs/cms.cern.ch/slc7_amd64_gcc700/external/giflib/4.2.3-omkpbe2/include:/cvmfs/cms.cern.ch/slc7_amd64_gcc700/external/gsl/2.2.1-omkpbe2/include:/cvmfs/cms.cern.ch/slc7_amd64_gcc700/external/vecgeom/v00.05.00-gnimlf/include:/cvmfs/cms.cern.ch/slc7_amd64_gcc700/external/gdbm/1.10-omkpbe2/include:/cvmfs/cms.cern.ch/slc7_amd64_gcc700/external/freetype/2.5.3-omkpbe2/include:/cvmfs/cms.cern.ch/slc7_amd64_gcc700/external/fftw3/3.3.2-omkpbe2/include:/cvmfs/cms.cern.ch/slc7_amd64_gcc700/external/fftjet/1.5.0-omkpbe2/include:/cvmfs/cms.cern.ch/slc7_amd64_gcc700/external/fastjet/3.3.0-omkpbe/include:/cvmfs/cms.cern.ch/slc7_amd64_gcc700/external/expat/2.1.0-omkpbe2/include:/cvmfs/cms.cern.ch/slc7_amd64_gcc700/external/dpm/1.8.0.1-omkpbe2/include:/cvmfs/cms.cern.ch/slc7_amd64_gcc700/external/hepmc/2.06.07-omkpbe2/include:/cvmfs/cms.cern.ch/slc7_amd64_gcc700/external/xerces-c/3.1.3-omkpbe2/include:/cvmfs/cms.cern.ch/slc7_amd64_gcc700/external/xz/5.2.2-omkpbe2/include:/cvmfs/cms.cern.ch/slc7_amd64_gcc700/external/dcap/2.47.8-omkpbe2/include:/cvmfs/cms.cern.ch/slc7_amd64_gcc700/external/libxml2/2.9.1-omkpbe2/include/libxml2:/cvmfs/cms.cern.ch/slc7_amd64_gcc700/external/curl/7.59.0/include:/cvmfs/cms.cern.ch/slc7_amd64_gcc700/external/cppunit/1.40.1/include:/cvmfs/cms.cern.ch/slc7_amd64_gcc700/external/clhep/2.4.0.0-gnimlf/include:/cvmfs/cms.cern.ch/slc7_amd64_gcc700/external/openssl/1.0.2d-omkpbe2/include:/cvmfs/cms.cern.ch/slc7_amd64_gcc700/external/pythia6/426-omkpbe2/include:/cvmfs/cms.cern.ch/slc7_amd64_gcc700/external/photos/215.5-omkpbe2/include:/cvmfs/cms.cern.ch/slc7_amd64_gcc700/external/zlib-x86_64/1.2.11-omkpbe2/include:/cvmfs/cms.cern.ch/slc7_amd64_gcc700/external/cascade/2.2.04-ikaegh/include:/cvmfs/cms.cern.ch/slc7_amd64_gcc700/external/bz2lib/1.0.6-omkpbe2/include:/cvmfs/cms.cern.ch/slc7_amd64_gcc700/external/python/2.7.14-omkpbe4/include/python2.7:/cvmfs/cms.cern.ch/slc7_amd64_gcc700/external/tinyxml2/6.2.0/include:/cvmfs/cms.cern.ch/slc7_amd64_gcc700/external/ittnotify/16.06.18-gnimlf/include:/cvmfs/cms.cern.ch/slc7_amd64_gcc700/external/gosamcontrib/2.0-20150803-omkpbe2/include:/usr/local/include:/usr/include
SRT_ROOT_PATH_SCRAMRTDEL=/cvmfs/cms.cern.ch/slc7_amd64_gcc700/external/madgraph5amcatnlo/2.6.0-ikaegh4:/cvmfs/cms.cern.ch/slc7_amd64_gcc700/external/gosamcontrib/2.0-20150803-omkpbe2
SRT_ROOT_TTREECACHE_PREFILL_SCRAMRTDEL=0
SRT_ROOT_TTREECACHE_SIZE_SCRAMRTDEL=0
SRT_SCONS_LIB_DIR_SCRAMRTDEL=/cvmfs/cms.cern.ch/slc7_amd64_gcc700/external/scons/3.0.1/lib
SRT_SCRAM_CXX11_ABI_SCRAMRTDEL=1
SRT_SHERPA_INCLUDE_PATH_SCRAMRTDEL=/cvmfs/cms.cern.ch/slc7_amd64_gcc700/external/sherpa/2.2.5-ikaegh4/include/SHERPA-MC
SRT_SHERPA_LIBRARY_PATH_SCRAMRTDEL=/cvmfs/cms.cern.ch/slc7_amd64_gcc700/external/sherpa/2.2.5-ikaegh4/lib/SHERPA-MC
SRT_SHERPA_SHARE_PATH_SCRAMRTDEL=/cvmfs/cms.cern.ch/slc7_amd64_gcc700/external/sherpa/2.2.5-ikaegh4/share/SHERPA-MC
SRT_TEXMFHOME_SCRAMRTDEL=/cvmfs/cms.cern.ch/slc7_amd64_gcc700/external/rivet/2.5.4-ikaegh4/share/Rivet/texmf
SRT_THEPEGPATH_SCRAMRTDEL=/cvmfs/cms.cern.ch/slc7_amd64_gcc700/external/thepeg/2.1.4-ikaegh4/share/ThePEG
SRT_TNS_ADMIN_SCRAMRTDEL=/etc
SRT_UTM_XSD_DIR_SCRAMRTDEL=/cvmfs/cms.cern.ch/slc7_amd64_gcc700/external/utm/utm_0.7.1-ikaegh
SRT_VALGRIND_LIB_SCRAMRTDEL=/cvmfs/cms.cern.ch/slc7_amd64_gcc700/external/valgrind/3.13.0-omkpbe2/lib/valgrind
SRT_VINCIADATA_SCRAMRTDEL=/cvmfs/cms.cern.ch/slc7_amd64_gcc700/external/vincia/2.2.01-ikaegh/share/Vincia/xmldoc
SRT_WORKER_DATA_PATH_SCRAMRTDEL=/cvmfs/cms.cern.ch/slc7_amd64_gcc700/external/blackhat/0.9.9-omkpbe4/share/blackhat/datafiles/
SSH_ASKPASS=/usr/libexec/openssh/gnome-ssh-askpass
SSH_CLIENT=2001:1458:d00:1b::1c 36124 22
SSH_CONNECTION=2001:1458:d00:1b::1c 36124 2001:1458:d00:1b::1c 22
SSH_TTY=/dev/pts/98
STAGE_HOST=castorcms
TEMP=/pool/condor/dir_9449
TERM=screen
TEXINPUTS=:/cvmfs/cms.cern.ch/latex/styles
TEXMFHOME=/cvmfs/cms.cern.ch/slc7_amd64_gcc700/external/rivet/2.5.4-ikaegh4/share/Rivet/texmf
THEPEGPATH=/cvmfs/cms.cern.ch/slc7_amd64_gcc700/external/thepeg/2.1.4-ikaegh4/share/ThePEG
TMP=/pool/condor/dir_9449
TMPDIR=/pool/condor/dir_9449/cache
TNS_ADMIN=/etc
USER=gkaratha
UTM_XSD_DIR=/cvmfs/cms.cern.ch/slc7_amd64_gcc700/external/utm/utm_0.7.1-ikaegh
VALGRIND_LIB=/cvmfs/cms.cern.ch/slc7_amd64_gcc700/external/valgrind/3.13.0-omkpbe2/lib/valgrind
VINCIADATA=/cvmfs/cms.cern.ch/slc7_amd64_gcc700/external/vincia/2.2.01-ikaegh/share/Vincia/xmldoc
VIRTUALENVWRAPPER_SCRIPT=/usr/bin/virtualenvwrapper.sh
VO_ALICE_DEFAULT_SE=srm-alice.cern.ch
VO_ALICE_SW_DIR=/afs/cern.ch/project/gd/apps/alice
VO_ATLAS_DEFAULT_SE=srm-atlas.cern.ch
VO_ATLAS_SW_DIR=/cvmfs/atlas.cern.ch/repo/sw
VO_CMS_DEFAULT_SE=srm-cms.cern.ch
VO_CMS_SW_DIR=/cvmfs/cms.cern.ch
VO_DTEAM_DEFAULT_SE=srm-public.cern.ch
VO_DTEAM_SW_DIR=/afs/cern.ch/project/gd/apps/dteam
VO_GEANT4_DEFAULT_SE=lxdpm101.cern.ch
VO_GEANT4_SW_DIR=/afs/cern.ch/project/gd/apps/geant4
VO_ILC_DEFAULT_SE=srm-public.cern.ch
VO_ILC_SW_DIR=/cvmfs/ilc.desy.de
VO_LHCB_DEFAULT_SE=srm-lhcb.cern.ch
VO_LHCB_SW_DIR=/cvmfs/lhcb.cern.ch
VO_NA48_DEFAULT_SE=srm-public.cern.ch
VO_NA48_SW_DIR=/afs/cern.ch/project/gd/apps/na48
VO_OPS_DEFAULT_SE=srm-public.cern.ch
VO_OPS_SW_DIR=/afs/cern.ch/project/gd/apps/ops
VO_UNOSAT_DEFAULT_SE=srm-public.cern.ch
VO_UNOSAT_SW_DIR=/afs/cern.ch/project/gd/apps/unosat
VO_VO_ALEPH_CERN_CH_DEFAULT_SE=srm-public.cern.ch
VO_VO_ALEPH_CERN_CH_SW_DIR=/afs/cern.ch/aleph
VO_VO_DELPHI_CERN_CH_DEFAULT_SE=srm-public.cern.ch
VO_VO_DELPHI_CERN_CH_SW_DIR=/afs/cern.ch/delphi
VO_VO_GEAR_CERN_CH_DEFAULT_SE=lxdpm104.cern.ch
VO_VO_GEAR_CERN_CH_SW_DIR=/afs/cern.ch/project/gd/apps/gear
VO_VO_L3_CERN_CH_DEFAULT_SE=srm-public.cern.ch
VO_VO_L3_CERN_CH_SW_DIR=/afs/cern.ch/l3
VO_VO_OPAL_CERN_CH_DEFAULT_SE=srm-public.cern.ch
VO_VO_OPAL_CERN_CH_SW_DIR=/afs/cern.ch/opal
VO_VO_SIXT_CERN_CH_DEFAULT_SE=srm-public.cern.ch
VO_VO_SIXT_CERN_CH_SW_DIR=/afs/cern.ch/project/gd/apps/sixt
WORKER_DATA_PATH=/cvmfs/cms.cern.ch/slc7_amd64_gcc700/external/blackhat/0.9.9-omkpbe4/share/blackhat/datafiles/
XDG_DATA_DIRS=/afs/cern.ch/user/g/gkaratha/.local/share/flatpak/exports/share:/var/lib/flatpak/exports/share:/usr/local/share:/usr/share
XDG_RUNTIME_DIR=/run/user/43882
XDG_SESSION_ID=c81463
_=/bin/env
_CHIRP_DELAYED_UPDATE_PREFIX=Chirp*
_CONDOR_ANCESTOR_17117=17250:1557869593:1832678430
_CONDOR_ANCESTOR_17250=9449:1570575443:93482274
_CONDOR_ANCESTOR_9449=9571:1570575447:3752926586
_CONDOR_CHIRP_CONFIG=/pool/condor/dir_9449/.chirp.config
_CONDOR_JOB_AD=/pool/condor/dir_9449/.job.ad
_CONDOR_JOB_IWD=/pool/condor/dir_9449
_CONDOR_JOB_PIDS=
_CONDOR_MACHINE_AD=/pool/condor/dir_9449/.machine.ad
_CONDOR_PID_NS_INIT_STATUS_FILENAME=/pool/condor/dir_9449/.condor_pid_ns_status
_CONDOR_SCRATCH_DIR=/pool/condor/dir_9449
_CONDOR_SLOT=slot1_1
_CONDOR_WRAPPER_ERROR_FILE=/pool/condor/dir_9449/.job_wrapper_failure
_VIRTUALENVWRAPPER_API= mkvirtualenv rmvirtualenv lsvirtualenv showvirtualenv workon add2virtualenv cdsitepackages cdvirtualenv lssitepackages toggleglobalsitepackages cpvirtualenv setvirtualenvproject mkproject cdproject mktmpenv wipeenv allvirtualenv mkvirtualenv rmvirtualenv lsvirtualenv showvirtualenv workon add2virtualenv cdsitepackages cdvirtualenv lssitepackages toggleglobalsitepackages cpvirtualenv setvirtualenvproject mkproject cdproject mktmpenv wipeenv allvirtualenv

==== running ====
/store/cmst3/group/bpark/BParkingNANO_2019Sep12/ParkingBPH2//crab_data_Run2018A_part2/190912_154729/0000/
/store/cmst3/group/bpark/BParkingNANO_2019Sep12/ParkingBPH2//crab_data_Run2018A_part2/190912_154729/0001/
/store/cmst3/group/bpark/BParkingNANO_2019Sep12/ParkingBPH2/crab_data_Run2018B_part2/190912_183627/0000/
/store/cmst3/group/bpark/BParkingNANO_2019Sep12/ParkingBPH2/crab_data_Run2018B_part2/190912_183627/0001/
/store/cmst3/group/bpark/BParkingNANO_2019Sep12/ParkingBPH2/crab_data_Run2018C_part2/190912_155245/0000/
/store/cmst3/group/bpark/BParkingNANO_2019Sep12/ParkingBPH2/crab_data_Run2018C_part2/190912_155245/0001/
/store/cmst3/group/bpark/BParkingNANO_2019Sep12/ParkingBPH2/crab_data_Run2018D_part2/190912_155004/0000/
/store/cmst3/group/bpark/BParkingNANO_2019Sep12/ParkingBPH2/crab_data_Run2018D_part2/190912_155004/0001/
[<PhysicsTools.HeppyCore.framework.config.DataComponent object at 0x2ae4d74d8d90>]
[<PhysicsTools.HeppyCore.framework.config.DataComponent object at 0x2ae4d74d8dd0>]
[<PhysicsTools.HeppyCore.framework.config.DataComponent object at 0x2ae4d74d8e10>]
[<PhysicsTools.HeppyCore.framework.config.DataComponent object at 0x2ae4d74d8e50>]
[<PhysicsTools.HeppyCore.framework.config.DataComponent object at 0x2ae4d74d8f10>]
[<PhysicsTools.HeppyCore.framework.config.DataComponent object at 0x2ae4d74e31d0>]
[<PhysicsTools.HeppyCore.framework.config.DataComponent object at 0x2ae4d74e3210>]
[<PhysicsTools.HeppyCore.framework.config.DataComponent object at 0x2ae4d74e3250>]
Processing component RunA2018_part2_1_Chunk16 (18 files)
Will write selected trees to Loop
Filename root://eoscms.cern.ch//eos/cms/store/cmst3/group/bpark/BParkingNANO_2019Sep12/ParkingBPH2//crab_data_Run2018A_part2/190912_154729/0001//BParkNANO_data_2019Sep12_1288.root is remote, will do a copy to local path /pool/condor/dir_9449/cache/BParkNANO_data_2019Sep12_1288-long_cache-id43882-f1c5d49cf3bdbde9adc64d4bf8ac95e35c68be04.root 
Time used for transferring the file locally: 0.01 s
Pre-select 963 entries out of 80499 (1.20%)
Processed 963 preselected entries from root://eoscms.cern.ch//eos/cms/store/cmst3/group/bpark/BParkingNANO_2019Sep12/ParkingBPH2//crab_data_Run2018A_part2/190912_154729/0001//BParkNANO_data_2019Sep12_1288.root (80499 entries). Finally selected 963 entries
Done Loop/BParkNANO_data_2019Sep12_1288_nanopy.root
Filename root://eoscms.cern.ch//eos/cms/store/cmst3/group/bpark/BParkingNANO_2019Sep12/ParkingBPH2//crab_data_Run2018A_part2/190912_154729/0001//BParkNANO_data_2019Sep12_1289.root is remote, will do a copy to local path /pool/condor/dir_9449/cache/BParkNANO_data_2019Sep12_1289-long_cache-id43882-2b956fe436336fbafe6aef3426d988f3a26570c1.root 
Time used for transferring the file locally: 0.0 s
Pre-select 707 entries out of 84605 (0.84%)
Processed 707 preselected entries from root://eoscms.cern.ch//eos/cms/store/cmst3/group/bpark/BParkingNANO_2019Sep12/ParkingBPH2//crab_data_Run2018A_part2/190912_154729/0001//BParkNANO_data_2019Sep12_1289.root (84605 entries). Finally selected 707 entries
Done Loop/BParkNANO_data_2019Sep12_1289_nanopy.root
Filename root://eoscms.cern.ch//eos/cms/store/cmst3/group/bpark/BParkingNANO_2019Sep12/ParkingBPH2//crab_data_Run2018A_part2/190912_154729/0001//BParkNANO_data_2019Sep12_1290.root is remote, will do a copy to local path /pool/condor/dir_9449/cache/BParkNANO_data_2019Sep12_1290-long_cache-id43882-a2bc7673a1db2fbd6ae53bfe8e952efb6c035965.root 
Time used for transferring the file locally: 0.0 s
Pre-select 805 entries out of 80235 (1.00%)
Processed 805 preselected entries from root://eoscms.cern.ch//eos/cms/store/cmst3/group/bpark/BParkingNANO_2019Sep12/ParkingBPH2//crab_data_Run2018A_part2/190912_154729/0001//BParkNANO_data_2019Sep12_1290.root (80235 entries). Finally selected 805 entries
Done Loop/BParkNANO_data_2019Sep12_1290_nanopy.root
Filename root://eoscms.cern.ch//eos/cms/store/cmst3/group/bpark/BParkingNANO_2019Sep12/ParkingBPH2//crab_data_Run2018A_part2/190912_154729/0001//BParkNANO_data_2019Sep12_1291.root is remote, will do a copy to local path /pool/condor/dir_9449/cache/BParkNANO_data_2019Sep12_1291-long_cache-id43882-07febddfaceaa4875ecd1e09cac38820010239b5.root 
Time used for transferring the file locally: 0.02 s
Pre-select 790 entries out of 77702 (1.02%)
Processed 790 preselected entries from root://eoscms.cern.ch//eos/cms/store/cmst3/group/bpark/BParkingNANO_2019Sep12/ParkingBPH2//crab_data_Run2018A_part2/190912_154729/0001//BParkNANO_data_2019Sep12_1291.root (77702 entries). Finally selected 790 entries
Done Loop/BParkNANO_data_2019Sep12_1291_nanopy.root
Filename root://eoscms.cern.ch//eos/cms/store/cmst3/group/bpark/BParkingNANO_2019Sep12/ParkingBPH2//crab_data_Run2018A_part2/190912_154729/0001//BParkNANO_data_2019Sep12_1292.root is remote, will do a copy to local path /pool/condor/dir_9449/cache/BParkNANO_data_2019Sep12_1292-long_cache-id43882-aa39790dc2ade8a42a958685795c9d4fb148816a.root 
Time used for transferring the file locally: 0.0 s
Pre-select 649 entries out of 81219 (0.80%)
Processed 649 preselected entries from root://eoscms.cern.ch//eos/cms/store/cmst3/group/bpark/BParkingNANO_2019Sep12/ParkingBPH2//crab_data_Run2018A_part2/190912_154729/0001//BParkNANO_data_2019Sep12_1292.root (81219 entries). Finally selected 649 entries
Done Loop/BParkNANO_data_2019Sep12_1292_nanopy.root
Filename root://eoscms.cern.ch//eos/cms/store/cmst3/group/bpark/BParkingNANO_2019Sep12/ParkingBPH2//crab_data_Run2018A_part2/190912_154729/0001//BParkNANO_data_2019Sep12_1293.root is remote, will do a copy to local path /pool/condor/dir_9449/cache/BParkNANO_data_2019Sep12_1293-long_cache-id43882-6f40321b5bfe626d0a5fc85db2e72f95c3094a29.root 
Time used for transferring the file locally: 0.0 s
Pre-select 623 entries out of 79850 (0.78%)
Processed 623 preselected entries from root://eoscms.cern.ch//eos/cms/store/cmst3/group/bpark/BParkingNANO_2019Sep12/ParkingBPH2//crab_data_Run2018A_part2/190912_154729/0001//BParkNANO_data_2019Sep12_1293.root (79850 entries). Finally selected 623 entries
Done Loop/BParkNANO_data_2019Sep12_1293_nanopy.root
Filename root://eoscms.cern.ch//eos/cms/store/cmst3/group/bpark/BParkingNANO_2019Sep12/ParkingBPH2//crab_data_Run2018A_part2/190912_154729/0001//BParkNANO_data_2019Sep12_1294.root is remote, will do a copy to local path /pool/condor/dir_9449/cache/BParkNANO_data_2019Sep12_1294-long_cache-id43882-e2bc50c1710dcb3c10a3394725d9793fbdf042c0.root 
Time used for transferring the file locally: 0.01 s
Pre-select 603 entries out of 63535 (0.95%)
Processed 603 preselected entries from root://eoscms.cern.ch//eos/cms/store/cmst3/group/bpark/BParkingNANO_2019Sep12/ParkingBPH2//crab_data_Run2018A_part2/190912_154729/0001//BParkNANO_data_2019Sep12_1294.root (63535 entries). Finally selected 603 entries
Done Loop/BParkNANO_data_2019Sep12_1294_nanopy.root
Filename root://eoscms.cern.ch//eos/cms/store/cmst3/group/bpark/BParkingNANO_2019Sep12/ParkingBPH2//crab_data_Run2018A_part2/190912_154729/0001//BParkNANO_data_2019Sep12_1295.root is remote, will do a copy to local path /pool/condor/dir_9449/cache/BParkNANO_data_2019Sep12_1295-long_cache-id43882-0c8319e9b5d72c8499721317a6c985947af8700c.root 
Time used for transferring the file locally: 0.0 s
Pre-select 734 entries out of 78341 (0.94%)
Processed 734 preselected entries from root://eoscms.cern.ch//eos/cms/store/cmst3/group/bpark/BParkingNANO_2019Sep12/ParkingBPH2//crab_data_Run2018A_part2/190912_154729/0001//BParkNANO_data_2019Sep12_1295.root (78341 entries). Finally selected 734 entries
Done Loop/BParkNANO_data_2019Sep12_1295_nanopy.root
Filename root://eoscms.cern.ch//eos/cms/store/cmst3/group/bpark/BParkingNANO_2019Sep12/ParkingBPH2//crab_data_Run2018A_part2/190912_154729/0001//BParkNANO_data_2019Sep12_1296.root is remote, will do a copy to local path /pool/condor/dir_9449/cache/BParkNANO_data_2019Sep12_1296-long_cache-id43882-33da0e5777833839ae434d7022cc9b365a504bd1.root 
Time used for transferring the file locally: 0.0 s
Pre-select 583 entries out of 77246 (0.75%)
Processed 583 preselected entries from root://eoscms.cern.ch//eos/cms/store/cmst3/group/bpark/BParkingNANO_2019Sep12/ParkingBPH2//crab_data_Run2018A_part2/190912_154729/0001//BParkNANO_data_2019Sep12_1296.root (77246 entries). Finally selected 583 entries
Done Loop/BParkNANO_data_2019Sep12_1296_nanopy.root
Filename root://eoscms.cern.ch//eos/cms/store/cmst3/group/bpark/BParkingNANO_2019Sep12/ParkingBPH2//crab_data_Run2018A_part2/190912_154729/0001//BParkNANO_data_2019Sep12_1297.root is remote, will do a copy to local path /pool/condor/dir_9449/cache/BParkNANO_data_2019Sep12_1297-long_cache-id43882-930552abededca0e1a515df9918c37c795ad2c58.root 
Time used for transferring the file locally: 0.0 s
Pre-select 564 entries out of 75659 (0.75%)
Processed 564 preselected entries from root://eoscms.cern.ch//eos/cms/store/cmst3/group/bpark/BParkingNANO_2019Sep12/ParkingBPH2//crab_data_Run2018A_part2/190912_154729/0001//BParkNANO_data_2019Sep12_1297.root (75659 entries). Finally selected 564 entries
Done Loop/BParkNANO_data_2019Sep12_1297_nanopy.root
Filename root://eoscms.cern.ch//eos/cms/store/cmst3/group/bpark/BParkingNANO_2019Sep12/ParkingBPH2//crab_data_Run2018A_part2/190912_154729/0001//BParkNANO_data_2019Sep12_1298.root is remote, will do a copy to local path /pool/condor/dir_9449/cache/BParkNANO_data_2019Sep12_1298-long_cache-id43882-47bde0349012432c2c8a29364982f712cbee4201.root 
Time used for transferring the file locally: 0.0 s
Pre-select 574 entries out of 74657 (0.77%)
Processed 574 preselected entries from root://eoscms.cern.ch//eos/cms/store/cmst3/group/bpark/BParkingNANO_2019Sep12/ParkingBPH2//crab_data_Run2018A_part2/190912_154729/0001//BParkNANO_data_2019Sep12_1298.root (74657 entries). Finally selected 574 entries
Done Loop/BParkNANO_data_2019Sep12_1298_nanopy.root
Filename root://eoscms.cern.ch//eos/cms/store/cmst3/group/bpark/BParkingNANO_2019Sep12/ParkingBPH2//crab_data_Run2018A_part2/190912_154729/0001//BParkNANO_data_2019Sep12_1299.root is remote, will do a copy to local path /pool/condor/dir_9449/cache/BParkNANO_data_2019Sep12_1299-long_cache-id43882-75a6445bbd83a70007585cf5027b76137eeeaf27.root 
Time used for transferring the file locally: 0.02 s
Pre-select 1109 entries out of 74060 (1.50%)
Processed 1109 preselected entries from root://eoscms.cern.ch//eos/cms/store/cmst3/group/bpark/BParkingNANO_2019Sep12/ParkingBPH2//crab_data_Run2018A_part2/190912_154729/0001//BParkNANO_data_2019Sep12_1299.root (74060 entries). Finally selected 1109 entries
Done Loop/BParkNANO_data_2019Sep12_1299_nanopy.root
Filename root://eoscms.cern.ch//eos/cms/store/cmst3/group/bpark/BParkingNANO_2019Sep12/ParkingBPH2//crab_data_Run2018A_part2/190912_154729/0001//BParkNANO_data_2019Sep12_1300.root is remote, will do a copy to local path /pool/condor/dir_9449/cache/BParkNANO_data_2019Sep12_1300-long_cache-id43882-4466c759b98d59ae775d837492f31192fb7ea941.root 
Time used for transferring the file locally: 0.0 s
Pre-select 1718 entries out of 61739 (2.78%)
Processed 1718 preselected entries from root://eoscms.cern.ch//eos/cms/store/cmst3/group/bpark/BParkingNANO_2019Sep12/ParkingBPH2//crab_data_Run2018A_part2/190912_154729/0001//BParkNANO_data_2019Sep12_1300.root (61739 entries). Finally selected 1718 entries
Done Loop/BParkNANO_data_2019Sep12_1300_nanopy.root
Filename root://eoscms.cern.ch//eos/cms/store/cmst3/group/bpark/BParkingNANO_2019Sep12/ParkingBPH2//crab_data_Run2018A_part2/190912_154729/0001//BParkNANO_data_2019Sep12_1301.root is remote, will do a copy to local path /pool/condor/dir_9449/cache/BParkNANO_data_2019Sep12_1301-long_cache-id43882-79456897de5d53faab3455bf54fc0b849796f8ae.root 
Time used for transferring the file locally: 0.0 s
Pre-select 1824 entries out of 68014 (2.68%)
Processed 1824 preselected entries from root://eoscms.cern.ch//eos/cms/store/cmst3/group/bpark/BParkingNANO_2019Sep12/ParkingBPH2//crab_data_Run2018A_part2/190912_154729/0001//BParkNANO_data_2019Sep12_1301.root (68014 entries). Finally selected 1824 entries
Done Loop/BParkNANO_data_2019Sep12_1301_nanopy.root
Filename root://eoscms.cern.ch//eos/cms/store/cmst3/group/bpark/BParkingNANO_2019Sep12/ParkingBPH2//crab_data_Run2018A_part2/190912_154729/0001//BParkNANO_data_2019Sep12_1302.root is remote, will do a copy to local path Adding file Loop/BParkNANO_data_2019Sep12_1288_nanopy.root
Adding file Loop/BParkNANO_data_2019Sep12_1289_nanopy.root
Adding file Loop/BParkNANO_data_2019Sep12_1290_nanopy.root
Adding file Loop/BParkNANO_data_2019Sep12_1291_nanopy.root
Adding file Loop/BParkNANO_data_2019Sep12_1292_nanopy.root
Adding file Loop/BParkNANO_data_2019Sep12_1293_nanopy.root
Adding file Loop/BParkNANO_data_2019Sep12_1294_nanopy.root
Adding file Loop/BParkNANO_data_2019Sep12_1295_nanopy.root
Adding file Loop/BParkNANO_data_2019Sep12_1296_nanopy.root
Adding file Loop/BParkNANO_data_2019Sep12_1297_nanopy.root
Adding file Loop/BParkNANO_data_2019Sep12_1298_nanopy.root
Adding file Loop/BParkNANO_data_2019Sep12_1299_nanopy.root
Adding file Loop/BParkNANO_data_2019Sep12_1300_nanopy.root
Adding file Loop/BParkNANO_data_2019Sep12_1301_nanopy.root
Adding file Loop/BParkNANO_data_2019Sep12_1302_nanopy.root
Adding file Loop/BParkNANO_data_2019Sep12_1303_nanopy.root
Adding file Loop/BParkNANO_data_2019Sep12_1304_nanopy.root
Adding file Loop/BParkNANO_data_2019Sep12_1305_nanopy.root
Merging Events
missing: [] 
 Additional: []
missing: [] 
 Additional: []
missing: [] 
 Additional: []
missing: [] 
 Additional: []
missing: [] 
 Additional: []
missing: [] 
 Additional: []
missing: [] 
 Additional: []
missing: [] 
 Additional: []
missing: [] 
 Additional: []
missing: [] 
 Additional: []
missing: [] 
 Additional: []
missing: [] 
 Additional: []
missing: [] 
 Additional: []
missing: [] 
 Additional: []
missing: [] 
 Additional: []
missing: [] 
 Additional: []
missing: [] 
 Additional: []
Merging Runs
Merging LuminosityBlocks
Merging tag
/pool/condor/dir_9449/cache/BParkNANO_data_2019Sep12_1302-long_cache-id43882-4eec46ba10a628f952d0243607abfeba2b6390f4.root 
Time used for transferring the file locally: 0.0 s
Pre-select 1823 entries out of 67528 (2.70%)
Processed 1823 preselected entries from root://eoscms.cern.ch//eos/cms/store/cmst3/group/bpark/BParkingNANO_2019Sep12/ParkingBPH2//crab_data_Run2018A_part2/190912_154729/0001//BParkNANO_data_2019Sep12_1302.root (67528 entries). Finally selected 1823 entries
Done Loop/BParkNANO_data_2019Sep12_1302_nanopy.root
Filename root://eoscms.cern.ch//eos/cms/store/cmst3/group/bpark/BParkingNANO_2019Sep12/ParkingBPH2//crab_data_Run2018A_part2/190912_154729/0001//BParkNANO_data_2019Sep12_1303.root is remote, will do a copy to local path /pool/condor/dir_9449/cache/BParkNANO_data_2019Sep12_1303-long_cache-id43882-2fdf5f1cdcf2b392ad1b48b56d87878e705b2040.root 
Time used for transferring the file locally: 0.0 s
Pre-select 1764 entries out of 66783 (2.64%)
Processed 1764 preselected entries from root://eoscms.cern.ch//eos/cms/store/cmst3/group/bpark/BParkingNANO_2019Sep12/ParkingBPH2//crab_data_Run2018A_part2/190912_154729/0001//BParkNANO_data_2019Sep12_1303.root (66783 entries). Finally selected 1764 entries
Done Loop/BParkNANO_data_2019Sep12_1303_nanopy.root
Filename root://eoscms.cern.ch//eos/cms/store/cmst3/group/bpark/BParkingNANO_2019Sep12/ParkingBPH2//crab_data_Run2018A_part2/190912_154729/0001//BParkNANO_data_2019Sep12_1304.root is remote, will do a copy to local path /pool/condor/dir_9449/cache/BParkNANO_data_2019Sep12_1304-long_cache-id43882-b8d5da920bc83cb0238ae295b2ad504b87f2b8b4.root 
Time used for transferring the file locally: 0.0 s
Pre-select 1716 entries out of 66107 (2.60%)
Processed 1716 preselected entries from root://eoscms.cern.ch//eos/cms/store/cmst3/group/bpark/BParkingNANO_2019Sep12/ParkingBPH2//crab_data_Run2018A_part2/190912_154729/0001//BParkNANO_data_2019Sep12_1304.root (66107 entries). Finally selected 1716 entries
Done Loop/BParkNANO_data_2019Sep12_1304_nanopy.root
Filename root://eoscms.cern.ch//eos/cms/store/cmst3/group/bpark/BParkingNANO_2019Sep12/ParkingBPH2//crab_data_Run2018A_part2/190912_154729/0001//BParkNANO_data_2019Sep12_1305.root is remote, will do a copy to local path /pool/condor/dir_9449/cache/BParkNANO_data_2019Sep12_1305-long_cache-id43882-c63234b5bb62caabb7eb227e8d4335440b0a94e6.root 
Time used for transferring the file locally: 0.0 s
Pre-select 1718 entries out of 65199 (2.64%)
Processed 1718 preselected entries from root://eoscms.cern.ch//eos/cms/store/cmst3/group/bpark/BParkingNANO_2019Sep12/ParkingBPH2//crab_data_Run2018A_part2/190912_154729/0001//BParkNANO_data_2019Sep12_1305.root (65199 entries). Finally selected 1718 entries
Done Loop/BParkNANO_data_2019Sep12_1305_nanopy.root
5940.62864841 Hz

Done

==== sending the files back ====

==== sending root files to remote dir ====

Loop/RunA2018_part2_1_Chunk16.root
RunA2018_part2_1_Chunk16.root_RunA2018_part2_1_Chunk16
Stageout try 1
eos mkdir /eos/cms/store/group/cmst3/group/bpark/gkaratha/cmg_ntuples_test/RunA2018_part2_1
eos cp /pool/condor/dir_9449/job/Loop/RunA2018_part2_1_Chunk16.root /eos/cms/store/group/cmst3/group/bpark/gkaratha/cmg_ntuples_test/RunA2018_part2_1/RunA2018_part2_1_Chunk16.root_RunA2018_part2_1_Chunk16_16.root
remote copy succeeded
everything ok

==== sending local files back ====

'Loop/RunA2018_part2_1_Chunk16.root.url' -> '/afs/cern.ch/work/g/gkaratha/private/SUSYCMG/HLT/efficiency/Analizer/CMSSW_10_4_0/src/CMGTools/RKAnalysis/cfg/OutCmsBatch_09Oct19_004826/RunA2018_part2_1_Chunk16/RunA2018_part2_1_Chunk16.root.url'
job directory copy succeeded
