000 (3282640.000.000) 10/09 00:35:09 Job submitted from host: <137.138.44.75:9618?addrs=137.138.44.75-9618+[2001-1458-d00-1a--b]-9618&alias=bigbird14.cern.ch&noUDP&sock=schedd_2873_37ae_40>
...
040 (3282640.000.000) 10/09 00:37:19 Started transferring input files
	Transferring to host: <188.184.143.53:9618?addrs=188.184.143.53-9618+[2001-1458-301-46--100-14d]-9618&noUDP&sock=4325_1a89_20199>
...
040 (3282640.000.000) 10/09 00:37:19 Finished transferring input files
...
001 (3282640.000.000) 10/09 00:37:20 Job executing on host: <188.184.143.53:9618?addrs=188.184.143.53-9618+[2001-1458-301-46--100-14d]-9618&noUDP&sock=2404_85c3_3>
...
006 (3282640.000.000) 10/09 00:37:29 Image size of job updated: 219800
	161  -  MemoryUsage of job (MB)
	164028  -  ResidentSetSize of job (KB)
...
006 (3282640.000.000) 10/09 00:40:09 Image size of job updated: 258408
	162  -  MemoryUsage of job (MB)
	165820  -  ResidentSetSize of job (KB)
...
040 (3282640.000.000) 10/09 00:40:10 Started transferring output files
...
040 (3282640.000.000) 10/09 00:40:10 Finished transferring output files
...
005 (3282640.000.000) 10/09 00:40:11 Job terminated.
	(1) Normal termination (return value 0)
		Usr 0 00:02:06, Sys 0 00:00:08  -  Run Remote Usage
		Usr 0 00:00:00, Sys 0 00:00:00  -  Run Local Usage
		Usr 0 00:02:06, Sys 0 00:00:08  -  Total Remote Usage
		Usr 0 00:00:00, Sys 0 00:00:00  -  Total Local Usage
	98014  -  Run Bytes Sent By Job
	2236  -  Run Bytes Received By Job
	98014  -  Total Bytes Sent By Job
	2236  -  Total Bytes Received By Job
	Partitionable Resources :    Usage  Request Allocated 
	   Cpus                 :                 1           
	   Disk (KB)            :  2408451        3   2192741 
	   Memory (MB)          :      162     2000      2000 
...
