000 (3283388.000.000) 10/09 00:50:30 Job submitted from host: <137.138.44.75:9618?addrs=137.138.44.75-9618+[2001-1458-d00-1a--b]-9618&alias=bigbird14.cern.ch&noUDP&sock=schedd_2873_37ae_40>
...
040 (3283388.000.000) 10/09 01:04:20 Started transferring input files
	Transferring to host: <188.184.139.135:9618?addrs=188.184.139.135-9618+[2001-1458-301-45--100-17d]-9618&noUDP&sock=28043_948d_137664>
...
040 (3283388.000.000) 10/09 01:04:20 Finished transferring input files
...
001 (3283388.000.000) 10/09 01:04:21 Job executing on host: <188.184.139.135:9618?addrs=188.184.139.135-9618+[2001-1458-301-45--100-17d]-9618&noUDP&sock=5598_5742_3>
...
006 (3283388.000.000) 10/09 01:04:30 Image size of job updated: 249560
	166  -  MemoryUsage of job (MB)
	169284  -  ResidentSetSize of job (KB)
...
040 (3283388.000.000) 10/09 01:07:50 Started transferring output files
...
040 (3283388.000.000) 10/09 01:07:50 Finished transferring output files
...
005 (3283388.000.000) 10/09 01:07:50 Job terminated.
	(1) Normal termination (return value 0)
		Usr 0 00:02:32, Sys 0 00:00:10  -  Run Remote Usage
		Usr 0 00:00:00, Sys 0 00:00:00  -  Run Local Usage
		Usr 0 00:02:32, Sys 0 00:00:10  -  Total Remote Usage
		Usr 0 00:00:00, Sys 0 00:00:00  -  Total Local Usage
	104489  -  Run Bytes Sent By Job
	2236  -  Run Bytes Received By Job
	104489  -  Total Bytes Sent By Job
	2236  -  Total Bytes Received By Job
	Partitionable Resources :    Usage  Request Allocated 
	   Cpus                 :                 1           
	   Disk (KB)            :  3172797        3   2963641 
	   Memory (MB)          :      166     2000      2000 
...
