000 (3355988.000.000) 10/20 19:11:05 Job submitted from host: <137.138.44.75:9618?addrs=137.138.44.75-9618+[2001-1458-d00-1a--b]-9618&alias=bigbird14.cern.ch&noUDP&sock=schedd_2873_37ae_40>
...
040 (3355988.000.000) 10/20 19:13:52 Started transferring input files
	Transferring to host: <188.184.182.82:9618?addrs=188.184.182.82-9618+[2001-1458-301-2b--100-32]-9618&noUDP&sock=5143_756a_25295>
...
040 (3355988.000.000) 10/20 19:13:52 Finished transferring input files
...
001 (3355988.000.000) 10/20 19:13:53 Job executing on host: <188.184.182.82:9618?addrs=188.184.182.82-9618+[2001-1458-301-2b--100-32]-9618&noUDP&sock=3302_79cf_3>
...
006 (3355988.000.000) 10/20 19:14:02 Image size of job updated: 130292
	75  -  MemoryUsage of job (MB)
	76388  -  ResidentSetSize of job (KB)
...
006 (3355988.000.000) 10/20 19:19:03 Image size of job updated: 268380
	181  -  MemoryUsage of job (MB)
	184876  -  ResidentSetSize of job (KB)
...
040 (3355988.000.000) 10/20 19:23:16 Started transferring output files
...
040 (3355988.000.000) 10/20 19:23:17 Finished transferring output files
...
005 (3355988.000.000) 10/20 19:23:17 Job terminated.
	(1) Normal termination (return value 0)
		Usr 0 00:07:08, Sys 0 00:00:28  -  Run Remote Usage
		Usr 0 00:00:00, Sys 0 00:00:00  -  Run Local Usage
		Usr 0 00:07:08, Sys 0 00:00:28  -  Total Remote Usage
		Usr 0 00:00:00, Sys 0 00:00:00  -  Total Local Usage
	119454  -  Run Bytes Sent By Job
	2190  -  Run Bytes Received By Job
	119454  -  Total Bytes Sent By Job
	2190  -  Total Bytes Received By Job
	Partitionable Resources :    Usage  Request Allocated 
	   Cpus                 :                 1           
	   Disk (KB)            :  9310100        3   2991800 
	   Memory (MB)          :      181     2000      2000 
...
