000 (3283687.000.000) 10/09 00:55:25 Job submitted from host: <137.138.44.75:9618?addrs=137.138.44.75-9618+[2001-1458-d00-1a--b]-9618&alias=bigbird14.cern.ch&noUDP&sock=schedd_2873_37ae_40>
...
040 (3283687.000.000) 10/09 01:01:32 Started transferring input files
	Transferring to host: <128.142.114.235:9618?addrs=128.142.114.235-9618+[2001-1458-301-90--100-4e3]-9618&noUDP&sock=13960_d531_19630>
...
040 (3283687.000.000) 10/09 01:01:32 Finished transferring input files
...
001 (3283687.000.000) 10/09 01:01:33 Job executing on host: <128.142.114.235:9618?addrs=128.142.114.235-9618+[2001-1458-301-90--100-4e3]-9618&noUDP&sock=13823_01b8_3>
...
006 (3283687.000.000) 10/09 01:01:42 Image size of job updated: 25212
	11  -  MemoryUsage of job (MB)
	11080  -  ResidentSetSize of job (KB)
...
006 (3283687.000.000) 10/09 01:06:43 Image size of job updated: 197128
	160  -  MemoryUsage of job (MB)
	163416  -  ResidentSetSize of job (KB)
...
006 (3283687.000.000) 10/09 01:24:35 Image size of job updated: 206944
	160  -  MemoryUsage of job (MB)
	163416  -  ResidentSetSize of job (KB)
...
040 (3283687.000.000) 10/09 01:24:40 Entered queue to transfer output files
...
040 (3283687.000.000) 10/09 01:25:44 Started transferring output files
...
040 (3283687.000.000) 10/09 01:25:44 Finished transferring output files
...
005 (3283687.000.000) 10/09 01:25:44 Job terminated.
	(1) Normal termination (return value 0)
		Usr 0 00:15:35, Sys 0 00:01:08  -  Run Remote Usage
		Usr 0 00:00:00, Sys 0 00:00:00  -  Run Local Usage
		Usr 0 00:15:35, Sys 0 00:01:08  -  Total Remote Usage
		Usr 0 00:00:00, Sys 0 00:00:00  -  Total Local Usage
	130794  -  Run Bytes Sent By Job
	2236  -  Run Bytes Received By Job
	130794  -  Total Bytes Sent By Job
	2236  -  Total Bytes Received By Job
	Partitionable Resources :    Usage  Request Allocated 
	   Cpus                 :                 1           
	   Disk (KB)            : 19635831        3   2170826 
	   Memory (MB)          :      160     2000      2000 
...
