000 (3282645.000.000) 10/09 00:35:17 Job submitted from host: <137.138.44.75:9618?addrs=137.138.44.75-9618+[2001-1458-d00-1a--b]-9618&alias=bigbird14.cern.ch&noUDP&sock=schedd_2873_37ae_40>
...
040 (3282645.000.000) 10/09 00:37:07 Started transferring input files
	Transferring to host: <188.184.196.50:9618?addrs=188.184.196.50-9618+[2001-1458-301-102--100-1b]-9618&noUDP&sock=20414_4277_135136>
...
040 (3282645.000.000) 10/09 00:37:07 Finished transferring input files
...
001 (3282645.000.000) 10/09 00:37:08 Job executing on host: <188.184.196.50:9618?addrs=188.184.196.50-9618+[2001-1458-301-102--100-1b]-9618&noUDP&sock=20283_0787_3>
...
006 (3282645.000.000) 10/09 00:37:17 Image size of job updated: 121784
	68  -  MemoryUsage of job (MB)
	69144  -  ResidentSetSize of job (KB)
...
006 (3282645.000.000) 10/09 00:39:18 Image size of job updated: 591328
	68  -  MemoryUsage of job (MB)
	69144  -  ResidentSetSize of job (KB)
...
040 (3282645.000.000) 10/09 00:39:18 Started transferring output files
...
040 (3282645.000.000) 10/09 00:39:18 Finished transferring output files
...
005 (3282645.000.000) 10/09 00:39:18 Job terminated.
	(1) Normal termination (return value 0)
		Usr 0 00:01:31, Sys 0 00:00:07  -  Run Remote Usage
		Usr 0 00:00:00, Sys 0 00:00:00  -  Run Local Usage
		Usr 0 00:01:31, Sys 0 00:00:07  -  Total Remote Usage
		Usr 0 00:00:00, Sys 0 00:00:00  -  Total Local Usage
	98065  -  Run Bytes Sent By Job
	2236  -  Run Bytes Received By Job
	98065  -  Total Bytes Sent By Job
	2236  -  Total Bytes Received By Job
	Partitionable Resources :    Usage  Request Allocated 
	   Cpus                 :                 1           
	   Disk (KB)            :  1841803        3   3061522 
	   Memory (MB)          :       68     2000      2000 
...
