000 (3283716.000.000) 10/09 00:55:49 Job submitted from host: <137.138.44.75:9618?addrs=137.138.44.75-9618+[2001-1458-d00-1a--b]-9618&alias=bigbird14.cern.ch&noUDP&sock=schedd_2873_37ae_40>
...
040 (3283716.000.000) 10/09 01:01:30 Started transferring input files
	Transferring to host: <128.142.100.29:9618?addrs=128.142.100.29-9618+[2001-1458-301-89--100-11]-9618&noUDP&sock=3659_d8ae_31250>
...
040 (3283716.000.000) 10/09 01:01:30 Finished transferring input files
...
001 (3283716.000.000) 10/09 01:01:31 Job executing on host: <128.142.100.29:9618?addrs=128.142.100.29-9618+[2001-1458-301-89--100-11]-9618&noUDP&sock=1835_3c60_3>
...
006 (3283716.000.000) 10/09 01:01:40 Image size of job updated: 167536
	140  -  MemoryUsage of job (MB)
	143252  -  ResidentSetSize of job (KB)
...
006 (3283716.000.000) 10/09 01:06:41 Image size of job updated: 180040
	173  -  MemoryUsage of job (MB)
	176316  -  ResidentSetSize of job (KB)
...
006 (3283716.000.000) 10/09 01:11:41 Image size of job updated: 189576
	175  -  MemoryUsage of job (MB)
	178296  -  ResidentSetSize of job (KB)
...
006 (3283716.000.000) 10/09 01:21:30 Image size of job updated: 193908
	175  -  MemoryUsage of job (MB)
	178296  -  ResidentSetSize of job (KB)
...
040 (3283716.000.000) 10/09 01:22:34 Started transferring output files
...
040 (3283716.000.000) 10/09 01:22:35 Finished transferring output files
...
005 (3283716.000.000) 10/09 01:22:36 Job terminated.
	(1) Normal termination (return value 0)
		Usr 0 00:13:40, Sys 0 00:00:38  -  Run Remote Usage
		Usr 0 00:00:00, Sys 0 00:00:00  -  Run Local Usage
		Usr 0 00:13:40, Sys 0 00:00:38  -  Total Remote Usage
		Usr 0 00:00:00, Sys 0 00:00:00  -  Total Local Usage
	130917  -  Run Bytes Sent By Job
	2232  -  Run Bytes Received By Job
	130917  -  Total Bytes Sent By Job
	2232  -  Total Bytes Received By Job
	Partitionable Resources :    Usage  Request Allocated 
	   Cpus                 :                 1           
	   Disk (KB)            : 12767256        3   2101059 
	   Memory (MB)          :      175     2000      2000 
...
