000 (3283739.000.000) 10/09 00:56:30 Job submitted from host: <137.138.44.75:9618?addrs=137.138.44.75-9618+[2001-1458-d00-1a--b]-9618&alias=bigbird14.cern.ch&noUDP&sock=schedd_2873_37ae_40>
...
040 (3283739.000.000) 10/09 01:01:32 Started transferring input files
	Transferring to host: <188.184.212.19:9618?addrs=188.184.212.19-9618+[2001-1458-301-10c--100-12]-9618&noUDP&sock=20658_2e01_135667>
...
040 (3283739.000.000) 10/09 01:01:32 Finished transferring input files
...
001 (3283739.000.000) 10/09 01:01:33 Job executing on host: <188.184.212.19:9618?addrs=188.184.212.19-9618+[2001-1458-301-10c--100-12]-9618&noUDP&sock=20523_a642_3>
...
006 (3283739.000.000) 10/09 01:01:42 Image size of job updated: 182960
	153  -  MemoryUsage of job (MB)
	156284  -  ResidentSetSize of job (KB)
...
006 (3283739.000.000) 10/09 01:06:43 Image size of job updated: 220100
	168  -  MemoryUsage of job (MB)
	171064  -  ResidentSetSize of job (KB)
...
040 (3283739.000.000) 10/09 01:23:01 Entered queue to transfer output files
...
040 (3283739.000.000) 10/09 01:25:17 Started transferring output files
...
040 (3283739.000.000) 10/09 01:25:17 Finished transferring output files
...
005 (3283739.000.000) 10/09 01:25:18 Job terminated.
	(1) Normal termination (return value 0)
		Usr 0 00:13:33, Sys 0 00:00:52  -  Run Remote Usage
		Usr 0 00:00:00, Sys 0 00:00:00  -  Run Local Usage
		Usr 0 00:13:33, Sys 0 00:00:52  -  Total Remote Usage
		Usr 0 00:00:00, Sys 0 00:00:00  -  Total Local Usage
	131478  -  Run Bytes Sent By Job
	2236  -  Run Bytes Received By Job
	131478  -  Total Bytes Sent By Job
	2236  -  Total Bytes Received By Job
	Partitionable Resources :    Usage  Request Allocated 
	   Cpus                 :                 1           
	   Disk (KB)            : 17931077        3   3010587 
	   Memory (MB)          :      168     2000      2000 
...
