000 (3282520.000.000) 10/09 00:32:22 Job submitted from host: <137.138.44.75:9618?addrs=137.138.44.75-9618+[2001-1458-d00-1a--b]-9618&alias=bigbird14.cern.ch&noUDP&sock=schedd_2873_37ae_40>
...
040 (3282520.000.000) 10/09 00:34:34 Started transferring input files
	Transferring to host: <137.138.43.104:9618?addrs=137.138.43.104-9618+[2001-1458-d00-23--4c]-9618&noUDP&sock=19658_96d8_108592>
...
040 (3282520.000.000) 10/09 00:34:34 Finished transferring input files
...
001 (3282520.000.000) 10/09 00:34:35 Job executing on host: <137.138.43.104:9618?addrs=137.138.43.104-9618+[2001-1458-d00-23--4c]-9618&noUDP&sock=19507_c209_3>
...
006 (3282520.000.000) 10/09 00:34:44 Image size of job updated: 216128
	157  -  MemoryUsage of job (MB)
	160348  -  ResidentSetSize of job (KB)
...
006 (3282520.000.000) 10/09 00:37:36 Image size of job updated: 280460
	157  -  MemoryUsage of job (MB)
	160348  -  ResidentSetSize of job (KB)
...
040 (3282520.000.000) 10/09 00:37:36 Started transferring output files
...
040 (3282520.000.000) 10/09 00:37:36 Finished transferring output files
...
005 (3282520.000.000) 10/09 00:37:36 Job terminated.
	(1) Normal termination (return value 0)
		Usr 0 00:02:14, Sys 0 00:00:10  -  Run Remote Usage
		Usr 0 00:00:00, Sys 0 00:00:00  -  Run Local Usage
		Usr 0 00:02:14, Sys 0 00:00:10  -  Total Remote Usage
		Usr 0 00:00:00, Sys 0 00:00:00  -  Total Local Usage
	98036  -  Run Bytes Sent By Job
	2236  -  Run Bytes Received By Job
	98036  -  Total Bytes Sent By Job
	2236  -  Total Bytes Received By Job
	Partitionable Resources :    Usage  Request Allocated 
	   Cpus                 :                 1           
	   Disk (KB)            :  2738984        3   2118711 
	   Memory (MB)          :      157     2000      2000 
...
