000 (3283432.000.000) 10/09 00:51:11 Job submitted from host: <137.138.44.75:9618?addrs=137.138.44.75-9618+[2001-1458-d00-1a--b]-9618&alias=bigbird14.cern.ch&noUDP&sock=schedd_2873_37ae_40>
...
040 (3283432.000.000) 10/09 01:01:25 Started transferring input files
	Transferring to host: <128.142.102.230:9618?addrs=128.142.102.230-9618+[2001-1458-301-89--100-2e0]-9618&noUDP&sock=3232_fc7d_30720>
...
040 (3283432.000.000) 10/09 01:01:25 Finished transferring input files
...
001 (3283432.000.000) 10/09 01:01:26 Job executing on host: <128.142.102.230:9618?addrs=128.142.102.230-9618+[2001-1458-301-89--100-2e0]-9618&noUDP&sock=1831_7dff_3>
...
006 (3283432.000.000) 10/09 01:01:35 Image size of job updated: 83376
	69  -  MemoryUsage of job (MB)
	70344  -  ResidentSetSize of job (KB)
...
006 (3283432.000.000) 10/09 01:06:36 Image size of job updated: 207624
	161  -  MemoryUsage of job (MB)
	164516  -  ResidentSetSize of job (KB)
...
006 (3283432.000.000) 10/09 01:20:33 Image size of job updated: 299596
	196  -  MemoryUsage of job (MB)
	200676  -  ResidentSetSize of job (KB)
...
040 (3283432.000.000) 10/09 01:22:42 Started transferring output files
...
040 (3283432.000.000) 10/09 01:22:42 Finished transferring output files
...
005 (3283432.000.000) 10/09 01:22:42 Job terminated.
	(1) Normal termination (return value 0)
		Usr 0 00:11:43, Sys 0 00:00:40  -  Run Remote Usage
		Usr 0 00:00:00, Sys 0 00:00:00  -  Run Local Usage
		Usr 0 00:11:43, Sys 0 00:00:40  -  Total Remote Usage
		Usr 0 00:00:00, Sys 0 00:00:00  -  Total Local Usage
	130570  -  Run Bytes Sent By Job
	2232  -  Run Bytes Received By Job
	130570  -  Total Bytes Sent By Job
	2232  -  Total Bytes Received By Job
	Partitionable Resources :    Usage  Request Allocated 
	   Cpus                 :                 1           
	   Disk (KB)            : 12638511        3   2181515 
	   Memory (MB)          :      196     2000      2000 
...
