000 (3282779.000.000) 10/09 00:38:01 Job submitted from host: <137.138.44.75:9618?addrs=137.138.44.75-9618+[2001-1458-d00-1a--b]-9618&alias=bigbird14.cern.ch&noUDP&sock=schedd_2873_37ae_40>
...
040 (3282779.000.000) 10/09 00:38:23 Started transferring input files
	Transferring to host: <188.184.143.76:9618?addrs=188.184.143.76-9618+[2001-1458-301-46--100-150]-9618&noUDP&sock=4439_6d4e_20295>
...
040 (3282779.000.000) 10/09 00:38:23 Finished transferring input files
...
001 (3282779.000.000) 10/09 00:38:24 Job executing on host: <188.184.143.76:9618?addrs=188.184.143.76-9618+[2001-1458-301-46--100-150]-9618&noUDP&sock=2424_3da8_3>
...
006 (3282779.000.000) 10/09 00:38:33 Image size of job updated: 249888
	163  -  MemoryUsage of job (MB)
	166168  -  ResidentSetSize of job (KB)
...
006 (3282779.000.000) 10/09 00:39:28 Image size of job updated: 291444
	163  -  MemoryUsage of job (MB)
	166168  -  ResidentSetSize of job (KB)
...
040 (3282779.000.000) 10/09 00:39:29 Started transferring output files
...
040 (3282779.000.000) 10/09 00:39:29 Finished transferring output files
...
005 (3282779.000.000) 10/09 00:39:29 Job terminated.
	(1) Normal termination (return value 0)
		Usr 0 00:00:45, Sys 0 00:00:04  -  Run Remote Usage
		Usr 0 00:00:00, Sys 0 00:00:00  -  Run Local Usage
		Usr 0 00:00:45, Sys 0 00:00:04  -  Total Remote Usage
		Usr 0 00:00:00, Sys 0 00:00:00  -  Total Local Usage
	93061  -  Run Bytes Sent By Job
	2236  -  Run Bytes Received By Job
	93061  -  Total Bytes Sent By Job
	2236  -  Total Bytes Received By Job
	Partitionable Resources :    Usage  Request Allocated 
	   Cpus                 :                 1           
	   Disk (KB)            :   842298        3   2191673 
	   Memory (MB)          :      163     2000      2000 
...
