000 (3356023.000.000) 10/20 19:12:24 Job submitted from host: <137.138.44.75:9618?addrs=137.138.44.75-9618+[2001-1458-d00-1a--b]-9618&alias=bigbird14.cern.ch&noUDP&sock=schedd_2873_37ae_40>
...
040 (3356023.000.000) 10/20 19:14:00 Started transferring input files
	Transferring to host: <188.184.182.43:9618?addrs=188.184.182.43-9618+[2001-1458-301-2b--100-9]-9618&noUDP&sock=5047_d166_25957>
...
040 (3356023.000.000) 10/20 19:14:00 Finished transferring input files
...
001 (3356023.000.000) 10/20 19:14:01 Job executing on host: <188.184.182.43:9618?addrs=188.184.182.43-9618+[2001-1458-301-2b--100-9]-9618&noUDP&sock=3285_d0b3_3>
...
006 (3356023.000.000) 10/20 19:14:10 Image size of job updated: 114996
	64  -  MemoryUsage of job (MB)
	65248  -  ResidentSetSize of job (KB)
...
006 (3356023.000.000) 10/20 19:19:11 Image size of job updated: 256220
	170  -  MemoryUsage of job (MB)
	173876  -  ResidentSetSize of job (KB)
...
006 (3356023.000.000) 10/20 19:24:12 Image size of job updated: 264924
	179  -  MemoryUsage of job (MB)
	182580  -  ResidentSetSize of job (KB)
...
006 (3356023.000.000) 10/20 19:27:50 Image size of job updated: 301188
	179  -  MemoryUsage of job (MB)
	182580  -  ResidentSetSize of job (KB)
...
040 (3356023.000.000) 10/20 19:27:50 Started transferring output files
...
040 (3356023.000.000) 10/20 19:27:50 Finished transferring output files
...
005 (3356023.000.000) 10/20 19:27:50 Job terminated.
	(1) Normal termination (return value 0)
		Usr 0 00:10:53, Sys 0 00:00:34  -  Run Remote Usage
		Usr 0 00:00:00, Sys 0 00:00:00  -  Run Local Usage
		Usr 0 00:10:53, Sys 0 00:00:34  -  Total Remote Usage
		Usr 0 00:00:00, Sys 0 00:00:00  -  Total Local Usage
	118603  -  Run Bytes Sent By Job
	2190  -  Run Bytes Received By Job
	118603  -  Total Bytes Sent By Job
	2190  -  Total Bytes Received By Job
	Partitionable Resources :    Usage  Request Allocated 
	   Cpus                 :                 1           
	   Disk (KB)            : 10211580        3   2798198 
	   Memory (MB)          :      179     2000      2000 
...
