000 (3282624.000.000) 10/09 00:34:42 Job submitted from host: <137.138.44.75:9618?addrs=137.138.44.75-9618+[2001-1458-d00-1a--b]-9618&alias=bigbird14.cern.ch&noUDP&sock=schedd_2873_37ae_40>
...
040 (3282624.000.000) 10/09 00:37:05 Started transferring input files
	Transferring to host: <188.184.212.56:9618?addrs=188.184.212.56-9618+[2001-1458-301-10c--100-27]-9618&noUDP&sock=7592_002e_83961>
...
040 (3282624.000.000) 10/09 00:37:05 Finished transferring input files
...
001 (3282624.000.000) 10/09 00:37:06 Job executing on host: <188.184.212.56:9618?addrs=188.184.212.56-9618+[2001-1458-301-10c--100-27]-9618&noUDP&sock=5723_1498_3>
...
006 (3282624.000.000) 10/09 00:37:15 Image size of job updated: 183360
	125  -  MemoryUsage of job (MB)
	127588  -  ResidentSetSize of job (KB)
...
006 (3282624.000.000) 10/09 00:38:38 Image size of job updated: 195224
	125  -  MemoryUsage of job (MB)
	127588  -  ResidentSetSize of job (KB)
...
040 (3282624.000.000) 10/09 00:38:38 Started transferring output files
...
040 (3282624.000.000) 10/09 00:38:38 Finished transferring output files
...
005 (3282624.000.000) 10/09 00:38:38 Job terminated.
	(1) Normal termination (return value 0)
		Usr 0 00:01:04, Sys 0 00:00:05  -  Run Remote Usage
		Usr 0 00:00:00, Sys 0 00:00:00  -  Run Local Usage
		Usr 0 00:01:04, Sys 0 00:00:05  -  Total Remote Usage
		Usr 0 00:00:00, Sys 0 00:00:00  -  Total Local Usage
	97973  -  Run Bytes Sent By Job
	2236  -  Run Bytes Received By Job
	97973  -  Total Bytes Sent By Job
	2236  -  Total Bytes Received By Job
	Partitionable Resources :    Usage  Request Allocated 
	   Cpus                 :                 1           
	   Disk (KB)            :  1321257        3   2932811 
	   Memory (MB)          :      125     2000      2000 
...
