000 (3282554.000.000) 10/09 00:33:07 Job submitted from host: <137.138.44.75:9618?addrs=137.138.44.75-9618+[2001-1458-d00-1a--b]-9618&alias=bigbird14.cern.ch&noUDP&sock=schedd_2873_37ae_40>
...
040 (3282554.000.000) 10/09 00:34:40 Started transferring input files
	Transferring to host: <188.184.133.134:9618?addrs=188.184.133.134-9618+[2001-1458-301-a0--100-171]-9618&noUDP&sock=4189_4783_20158>
...
040 (3282554.000.000) 10/09 00:34:40 Finished transferring input files
...
001 (3282554.000.000) 10/09 00:34:41 Job executing on host: <188.184.133.134:9618?addrs=188.184.133.134-9618+[2001-1458-301-a0--100-171]-9618&noUDP&sock=2325_55c8_3>
...
006 (3282554.000.000) 10/09 00:34:50 Image size of job updated: 121260
	68  -  MemoryUsage of job (MB)
	68840  -  ResidentSetSize of job (KB)
...
006 (3282554.000.000) 10/09 00:37:27 Image size of job updated: 262992
	68  -  MemoryUsage of job (MB)
	69192  -  ResidentSetSize of job (KB)
...
040 (3282554.000.000) 10/09 00:37:27 Started transferring output files
...
040 (3282554.000.000) 10/09 00:37:27 Finished transferring output files
...
005 (3282554.000.000) 10/09 00:37:28 Job terminated.
	(1) Normal termination (return value 0)
		Usr 0 00:01:56, Sys 0 00:00:08  -  Run Remote Usage
		Usr 0 00:00:00, Sys 0 00:00:00  -  Run Local Usage
		Usr 0 00:01:56, Sys 0 00:00:08  -  Total Remote Usage
		Usr 0 00:00:00, Sys 0 00:00:00  -  Total Local Usage
	97569  -  Run Bytes Sent By Job
	2236  -  Run Bytes Received By Job
	97569  -  Total Bytes Sent By Job
	2236  -  Total Bytes Received By Job
	Partitionable Resources :    Usage  Request Allocated 
	   Cpus                 :                 1           
	   Disk (KB)            :  2222617        3   2021132 
	   Memory (MB)          :       68     2000      2000 
...
