000 (3356033.000.000) 10/20 19:12:38 Job submitted from host: <137.138.44.75:9618?addrs=137.138.44.75-9618+[2001-1458-d00-1a--b]-9618&alias=bigbird14.cern.ch&noUDP&sock=schedd_2873_37ae_40>
...
040 (3356033.000.000) 10/20 19:14:02 Started transferring input files
	Transferring to host: <128.142.122.91:9618?addrs=128.142.122.91-9618+[2001-1458-301-b5--100-1ab]-9618&noUDP&sock=3581_e36b_17066>
...
040 (3356033.000.000) 10/20 19:14:02 Finished transferring input files
...
001 (3356033.000.000) 10/20 19:14:03 Job executing on host: <128.142.122.91:9618?addrs=128.142.122.91-9618+[2001-1458-301-b5--100-1ab]-9618&noUDP&sock=1828_6f36_3>
...
006 (3356033.000.000) 10/20 19:14:12 Image size of job updated: 88688
	55  -  MemoryUsage of job (MB)
	55740  -  ResidentSetSize of job (KB)
...
006 (3356033.000.000) 10/20 19:19:13 Image size of job updated: 184720
	172  -  MemoryUsage of job (MB)
	175876  -  ResidentSetSize of job (KB)
...
006 (3356033.000.000) 10/20 19:24:13 Image size of job updated: 190956
	172  -  MemoryUsage of job (MB)
	175876  -  ResidentSetSize of job (KB)
...
006 (3356033.000.000) 10/20 19:29:13 Image size of job updated: 195256
	172  -  MemoryUsage of job (MB)
	175876  -  ResidentSetSize of job (KB)
...
006 (3356033.000.000) 10/20 19:34:15 Image size of job updated: 199156
	172  -  MemoryUsage of job (MB)
	175876  -  ResidentSetSize of job (KB)
...
006 (3356033.000.000) 10/20 19:39:15 Image size of job updated: 204864
	172  -  MemoryUsage of job (MB)
	175876  -  ResidentSetSize of job (KB)
...
006 (3356033.000.000) 10/20 19:44:15 Image size of job updated: 209668
	172  -  MemoryUsage of job (MB)
	175876  -  ResidentSetSize of job (KB)
...
040 (3356033.000.000) 10/20 19:47:16 Started transferring output files
...
040 (3356033.000.000) 10/20 19:47:16 Finished transferring output files
...
005 (3356033.000.000) 10/20 19:47:16 Job terminated.
	(1) Normal termination (return value 0)
		Usr 0 00:26:29, Sys 0 00:01:14  -  Run Remote Usage
		Usr 0 00:00:00, Sys 0 00:00:00  -  Run Local Usage
		Usr 0 00:26:29, Sys 0 00:01:14  -  Total Remote Usage
		Usr 0 00:00:00, Sys 0 00:00:00  -  Total Local Usage
	172374  -  Run Bytes Sent By Job
	2190  -  Run Bytes Received By Job
	172374  -  Total Bytes Sent By Job
	2190  -  Total Bytes Received By Job
	Partitionable Resources :    Usage  Request Allocated 
	   Cpus                 :                 1           
	   Disk (KB)            : 27262072        3   2096094 
	   Memory (MB)          :      172     2000      2000 
...
