000 (3282685.000.000) 10/09 00:36:33 Job submitted from host: <137.138.44.75:9618?addrs=137.138.44.75-9618+[2001-1458-d00-1a--b]-9618&alias=bigbird14.cern.ch&noUDP&sock=schedd_2873_37ae_40>
...
040 (3282685.000.000) 10/09 00:37:15 Started transferring input files
	Transferring to host: <188.184.139.224:9618?addrs=188.184.139.224-9618+[2001-1458-301-45--100-200]-9618&noUDP&sock=29112_c999_2424>
...
040 (3282685.000.000) 10/09 00:37:16 Finished transferring input files
...
001 (3282685.000.000) 10/09 00:37:16 Job executing on host: <188.184.139.224:9618?addrs=188.184.139.224-9618+[2001-1458-301-45--100-200]-9618&noUDP&sock=25505_e316_7>
...
006 (3282685.000.000) 10/09 00:37:25 Image size of job updated: 119408
	67  -  MemoryUsage of job (MB)
	67924  -  ResidentSetSize of job (KB)
...
006 (3282685.000.000) 10/09 00:40:00 Image size of job updated: 119408
	67  -  MemoryUsage of job (MB)
	67932  -  ResidentSetSize of job (KB)
...
040 (3282685.000.000) 10/09 00:40:00 Started transferring output files
...
040 (3282685.000.000) 10/09 00:40:00 Finished transferring output files
...
005 (3282685.000.000) 10/09 00:40:00 Job terminated.
	(1) Normal termination (return value 0)
		Usr 0 00:01:56, Sys 0 00:00:08  -  Run Remote Usage
		Usr 0 00:00:00, Sys 0 00:00:00  -  Run Local Usage
		Usr 0 00:01:56, Sys 0 00:00:08  -  Total Remote Usage
		Usr 0 00:00:00, Sys 0 00:00:00  -  Total Local Usage
	98003  -  Run Bytes Sent By Job
	2236  -  Run Bytes Received By Job
	98003  -  Total Bytes Sent By Job
	2236  -  Total Bytes Received By Job
	Partitionable Resources :    Usage  Request Allocated 
	   Cpus                 :                 1           
	   Disk (KB)            :  2361153        3   2643565 
	   Memory (MB)          :       67     2000      2000 
...
