000 (3282697.000.000) 10/09 00:36:46 Job submitted from host: <137.138.44.75:9618?addrs=137.138.44.75-9618+[2001-1458-d00-1a--b]-9618&alias=bigbird14.cern.ch&noUDP&sock=schedd_2873_37ae_40>
...
040 (3282697.000.000) 10/09 00:37:18 Started transferring input files
	Transferring to host: <188.184.212.244:9618?addrs=188.184.212.244-9618+[--1]-9618&noUDP&sock=4074_405f_2863>
...
040 (3282697.000.000) 10/09 00:37:18 Finished transferring input files
...
001 (3282697.000.000) 10/09 00:37:19 Job executing on host: <188.184.212.244:9618?addrs=188.184.212.244-9618+[--1]-9618&noUDP&sock=3269_d72f_3>
...
006 (3282697.000.000) 10/09 00:37:28 Image size of job updated: 6952
	5  -  MemoryUsage of job (MB)
	4560  -  ResidentSetSize of job (KB)
...
006 (3282697.000.000) 10/09 00:39:21 Image size of job updated: 363600
	5  -  MemoryUsage of job (MB)
	4560  -  ResidentSetSize of job (KB)
...
040 (3282697.000.000) 10/09 00:39:21 Started transferring output files
...
040 (3282697.000.000) 10/09 00:39:21 Finished transferring output files
...
005 (3282697.000.000) 10/09 00:39:21 Job terminated.
	(1) Normal termination (return value 0)
		Usr 0 00:00:56, Sys 0 00:00:04  -  Run Remote Usage
		Usr 0 00:00:00, Sys 0 00:00:00  -  Run Local Usage
		Usr 0 00:00:56, Sys 0 00:00:04  -  Total Remote Usage
		Usr 0 00:00:00, Sys 0 00:00:00  -  Total Local Usage
	92997  -  Run Bytes Sent By Job
	2232  -  Run Bytes Received By Job
	92997  -  Total Bytes Sent By Job
	2232  -  Total Bytes Received By Job
	Partitionable Resources :    Usage  Request Allocated 
	   Cpus                 :                 1           
	   Disk (KB)            :   817969        3   2414381 
	   Memory (MB)          :        5     2000      2000 
...
