000 (3356073.000.000) 10/20 19:13:53 Job submitted from host: <137.138.44.75:9618?addrs=137.138.44.75-9618+[2001-1458-d00-1a--b]-9618&alias=bigbird14.cern.ch&noUDP&sock=schedd_2873_37ae_40>
...
040 (3356073.000.000) 10/20 19:19:53 Started transferring input files
	Transferring to host: <128.142.122.243:9618?addrs=128.142.122.243-9618+[2001-1458-301-b5--100-197]-9618&noUDP&sock=2631_8704_17144>
...
040 (3356073.000.000) 10/20 19:19:53 Finished transferring input files
...
001 (3356073.000.000) 10/20 19:19:54 Job executing on host: <128.142.122.243:9618?addrs=128.142.122.243-9618+[2001-1458-301-b5--100-197]-9618&noUDP&sock=1827_bf9e_3>
...
006 (3356073.000.000) 10/20 19:20:02 Image size of job updated: 52688
	29  -  MemoryUsage of job (MB)
	29048  -  ResidentSetSize of job (KB)
...
006 (3356073.000.000) 10/20 19:25:02 Image size of job updated: 285472
	217  -  MemoryUsage of job (MB)
	221392  -  ResidentSetSize of job (KB)
...
006 (3356073.000.000) 10/20 19:30:03 Image size of job updated: 285472
	218  -  MemoryUsage of job (MB)
	222872  -  ResidentSetSize of job (KB)
...
006 (3356073.000.000) 10/20 19:50:04 Image size of job updated: 333488
	218  -  MemoryUsage of job (MB)
	222872  -  ResidentSetSize of job (KB)
...
040 (3356073.000.000) 10/20 20:11:11 Started transferring output files
...
040 (3356073.000.000) 10/20 20:11:11 Finished transferring output files
...
005 (3356073.000.000) 10/20 20:11:11 Job terminated.
	(1) Normal termination (return value 0)
		Usr 0 00:40:11, Sys 0 00:01:58  -  Run Remote Usage
		Usr 0 00:00:00, Sys 0 00:00:00  -  Run Local Usage
		Usr 0 00:40:11, Sys 0 00:01:58  -  Total Remote Usage
		Usr 0 00:00:00, Sys 0 00:00:00  -  Total Local Usage
	172586  -  Run Bytes Sent By Job
	2190  -  Run Bytes Received By Job
	172586  -  Total Bytes Sent By Job
	2190  -  Total Bytes Received By Job
	Partitionable Resources :    Usage  Request Allocated 
	   Cpus                 :                 1           
	   Disk (KB)            : 40217546        3   2150125 
	   Memory (MB)          :      218     2000      2000 
...
