000 (3283747.000.000) 10/09 00:56:39 Job submitted from host: <137.138.44.75:9618?addrs=137.138.44.75-9618+[2001-1458-d00-1a--b]-9618&alias=bigbird14.cern.ch&noUDP&sock=schedd_2873_37ae_40>
...
040 (3283747.000.000) 10/09 01:01:33 Started transferring input files
	Transferring to host: <128.142.102.234:9618?addrs=128.142.102.234-9618+[2001-1458-301-89--100-2f4]-9618&noUDP&sock=3582_97cb_31690>
...
040 (3283747.000.000) 10/09 01:01:33 Finished transferring input files
...
001 (3283747.000.000) 10/09 01:01:34 Job executing on host: <128.142.102.234:9618?addrs=128.142.102.234-9618+[2001-1458-301-89--100-2f4]-9618&noUDP&sock=1823_013d_3>
...
006 (3283747.000.000) 10/09 01:01:43 Image size of job updated: 148856
	119  -  MemoryUsage of job (MB)
	121452  -  ResidentSetSize of job (KB)
...
006 (3283747.000.000) 10/09 01:06:44 Image size of job updated: 231028
	197  -  MemoryUsage of job (MB)
	201576  -  ResidentSetSize of job (KB)
...
040 (3283747.000.000) 10/09 01:22:48 Started transferring output files
...
040 (3283747.000.000) 10/09 01:22:48 Finished transferring output files
...
005 (3283747.000.000) 10/09 01:22:48 Job terminated.
	(1) Normal termination (return value 0)
		Usr 0 00:10:46, Sys 0 00:00:42  -  Run Remote Usage
		Usr 0 00:00:00, Sys 0 00:00:00  -  Run Local Usage
		Usr 0 00:10:46, Sys 0 00:00:42  -  Total Remote Usage
		Usr 0 00:00:00, Sys 0 00:00:00  -  Total Local Usage
	130954  -  Run Bytes Sent By Job
	2236  -  Run Bytes Received By Job
	130954  -  Total Bytes Sent By Job
	2236  -  Total Bytes Received By Job
	Partitionable Resources :    Usage  Request Allocated 
	   Cpus                 :                 1           
	   Disk (KB)            : 15457362        3   2220675 
	   Memory (MB)          :      197     2000      2000 
...
