000 (3282791.000.000) 10/09 00:38:11 Job submitted from host: <137.138.44.75:9618?addrs=137.138.44.75-9618+[2001-1458-d00-1a--b]-9618&alias=bigbird14.cern.ch&noUDP&sock=schedd_2873_37ae_40>
...
040 (3282791.000.000) 10/09 00:38:37 Started transferring input files
	Transferring to host: <188.184.142.187:9618?addrs=188.184.142.187-9618+[2001-1458-301-46--100-ae]-9618&noUDP&sock=4463_564f_19950>
...
040 (3282791.000.000) 10/09 00:38:37 Finished transferring input files
...
001 (3282791.000.000) 10/09 00:38:38 Job executing on host: <188.184.142.187:9618?addrs=188.184.142.187-9618+[2001-1458-301-46--100-ae]-9618&noUDP&sock=2407_948c_3>
...
006 (3282791.000.000) 10/09 00:38:46 Image size of job updated: 250360
	163  -  MemoryUsage of job (MB)
	166644  -  ResidentSetSize of job (KB)
...
006 (3282791.000.000) 10/09 00:39:36 Image size of job updated: 308068
	163  -  MemoryUsage of job (MB)
	166644  -  ResidentSetSize of job (KB)
...
040 (3282791.000.000) 10/09 00:39:36 Started transferring output files
...
040 (3282791.000.000) 10/09 00:39:36 Finished transferring output files
...
005 (3282791.000.000) 10/09 00:39:36 Job terminated.
	(1) Normal termination (return value 0)
		Usr 0 00:00:41, Sys 0 00:00:03  -  Run Remote Usage
		Usr 0 00:00:00, Sys 0 00:00:00  -  Run Local Usage
		Usr 0 00:00:41, Sys 0 00:00:03  -  Total Remote Usage
		Usr 0 00:00:00, Sys 0 00:00:00  -  Total Local Usage
	93056  -  Run Bytes Sent By Job
	2236  -  Run Bytes Received By Job
	93056  -  Total Bytes Sent By Job
	2236  -  Total Bytes Received By Job
	Partitionable Resources :    Usage  Request Allocated 
	   Cpus                 :                 1           
	   Disk (KB)            :   780419        3   2159682 
	   Memory (MB)          :      163     2000      2000 
...
