000 (3282879.000.000) 10/09 00:39:43 Job submitted from host: <137.138.44.75:9618?addrs=137.138.44.75-9618+[2001-1458-d00-1a--b]-9618&alias=bigbird14.cern.ch&noUDP&sock=schedd_2873_37ae_40>
...
040 (3282879.000.000) 10/09 00:39:57 Started transferring input files
	Transferring to host: <188.184.210.50:9618?addrs=188.184.210.50-9618+[2001-1458-301-10b--100-19]-9618&noUDP&sock=20379_9956_137816>
...
040 (3282879.000.000) 10/09 00:39:57 Finished transferring input files
...
001 (3282879.000.000) 10/09 00:39:58 Job executing on host: <188.184.210.50:9618?addrs=188.184.210.50-9618+[2001-1458-301-10b--100-19]-9618&noUDP&sock=20248_05b6_3>
...
006 (3282879.000.000) 10/09 00:40:06 Image size of job updated: 249468
	162  -  MemoryUsage of job (MB)
	165752  -  ResidentSetSize of job (KB)
...
006 (3282879.000.000) 10/09 00:40:49 Image size of job updated: 370140
	162  -  MemoryUsage of job (MB)
	165752  -  ResidentSetSize of job (KB)
...
040 (3282879.000.000) 10/09 00:40:51 Started transferring output files
...
040 (3282879.000.000) 10/09 00:40:51 Finished transferring output files
...
005 (3282879.000.000) 10/09 00:40:52 Job terminated.
	(1) Normal termination (return value 0)
		Usr 0 00:00:39, Sys 0 00:00:03  -  Run Remote Usage
		Usr 0 00:00:00, Sys 0 00:00:00  -  Run Local Usage
		Usr 0 00:00:39, Sys 0 00:00:03  -  Total Remote Usage
		Usr 0 00:00:00, Sys 0 00:00:00  -  Total Local Usage
	93025  -  Run Bytes Sent By Job
	2236  -  Run Bytes Received By Job
	93025  -  Total Bytes Sent By Job
	2236  -  Total Bytes Received By Job
	Partitionable Resources :    Usage  Request Allocated 
	   Cpus                 :                 1           
	   Disk (KB)            :   746494        3   2820554 
	   Memory (MB)          :      162     2000      2000 
...
