000 (3356016.000.000) 10/20 19:12:14 Job submitted from host: <137.138.44.75:9618?addrs=137.138.44.75-9618+[2001-1458-d00-1a--b]-9618&alias=bigbird14.cern.ch&noUDP&sock=schedd_2873_37ae_40>
...
040 (3356016.000.000) 10/20 19:19:48 Started transferring input files
	Transferring to host: <128.142.127.178:9618?addrs=128.142.127.178-9618+[2001-1458-301-c3--100-356]-9618&noUDP&sock=3400_5b83_18191>
...
040 (3356016.000.000) 10/20 19:19:49 Finished transferring input files
...
001 (3356016.000.000) 10/20 19:19:50 Job executing on host: <128.142.127.178:9618?addrs=128.142.127.178-9618+[2001-1458-301-c3--100-356]-9618&noUDP&sock=1847_7783_3>
...
006 (3356016.000.000) 10/20 19:19:58 Image size of job updated: 9208
	7  -  MemoryUsage of job (MB)
	6520  -  ResidentSetSize of job (KB)
...
006 (3356016.000.000) 10/20 19:24:58 Image size of job updated: 254260
	207  -  MemoryUsage of job (MB)
	211588  -  ResidentSetSize of job (KB)
...
006 (3356016.000.000) 10/20 19:29:58 Image size of job updated: 270588
	226  -  MemoryUsage of job (MB)
	230688  -  ResidentSetSize of job (KB)
...
040 (3356016.000.000) 10/20 19:38:47 Started transferring output files
...
040 (3356016.000.000) 10/20 19:38:47 Finished transferring output files
...
005 (3356016.000.000) 10/20 19:38:48 Job terminated.
	(1) Normal termination (return value 0)
		Usr 0 00:09:58, Sys 0 00:00:43  -  Run Remote Usage
		Usr 0 00:00:00, Sys 0 00:00:00  -  Run Local Usage
		Usr 0 00:09:58, Sys 0 00:00:43  -  Total Remote Usage
		Usr 0 00:00:00, Sys 0 00:00:00  -  Total Local Usage
	118084  -  Run Bytes Sent By Job
	2190  -  Run Bytes Received By Job
	118084  -  Total Bytes Sent By Job
	2190  -  Total Bytes Received By Job
	Partitionable Resources :    Usage  Request Allocated 
	   Cpus                 :                 1           
	   Disk (KB)            : 11542230        3   2094621 
	   Memory (MB)          :      226     2000      2000 
...
