000 (3356035.000.000) 10/20 19:12:40 Job submitted from host: <137.138.44.75:9618?addrs=137.138.44.75-9618+[2001-1458-d00-1a--b]-9618&alias=bigbird14.cern.ch&noUDP&sock=schedd_2873_37ae_40>
...
040 (3356035.000.000) 10/20 19:19:53 Started transferring input files
	Transferring to host: <128.142.127.180:9618?addrs=128.142.127.180-9618+[2001-1458-301-c3--100-3d]-9618&noUDP&sock=2027_f46c_18300>
...
040 (3356035.000.000) 10/20 19:19:53 Finished transferring input files
...
001 (3356035.000.000) 10/20 19:19:54 Job executing on host: <128.142.127.180:9618?addrs=128.142.127.180-9618+[2001-1458-301-c3--100-3d]-9618&noUDP&sock=1832_2d97_3>
...
006 (3356035.000.000) 10/20 19:20:02 Image size of job updated: 17020
	9  -  MemoryUsage of job (MB)
	8532  -  ResidentSetSize of job (KB)
...
006 (3356035.000.000) 10/20 19:25:02 Image size of job updated: 330364
	287  -  MemoryUsage of job (MB)
	293448  -  ResidentSetSize of job (KB)
...
040 (3356035.000.000) 10/20 19:59:01 Started transferring output files
...
040 (3356035.000.000) 10/20 19:59:01 Finished transferring output files
...
005 (3356035.000.000) 10/20 19:59:01 Job terminated.
	(1) Normal termination (return value 0)
		Usr 0 00:23:18, Sys 0 00:01:51  -  Run Remote Usage
		Usr 0 00:00:00, Sys 0 00:00:00  -  Run Local Usage
		Usr 0 00:23:18, Sys 0 00:01:51  -  Total Remote Usage
		Usr 0 00:00:00, Sys 0 00:00:00  -  Total Local Usage
	172349  -  Run Bytes Sent By Job
	2190  -  Run Bytes Received By Job
	172349  -  Total Bytes Sent By Job
	2190  -  Total Bytes Received By Job
	Partitionable Resources :    Usage  Request Allocated 
	   Cpus                 :                 1           
	   Disk (KB)            : 29275801        3   2120457 
	   Memory (MB)          :      287     2000      2000 
...
