000 (3282683.000.000) 10/09 00:36:31 Job submitted from host: <137.138.44.75:9618?addrs=137.138.44.75-9618+[2001-1458-d00-1a--b]-9618&alias=bigbird14.cern.ch&noUDP&sock=schedd_2873_37ae_40>
...
040 (3282683.000.000) 10/09 00:37:17 Started transferring input files
	Transferring to host: <188.184.138.243:9618?addrs=188.184.138.243-9618+[2001-1458-301-45--100-e3]-9618&noUDP&sock=1665_e49d_137926>
...
040 (3282683.000.000) 10/09 00:37:17 Finished transferring input files
...
001 (3282683.000.000) 10/09 00:37:18 Job executing on host: <188.184.138.243:9618?addrs=188.184.138.243-9618+[2001-1458-301-45--100-e3]-9618&noUDP&sock=5597_a7a9_3>
...
006 (3282683.000.000) 10/09 00:37:26 Image size of job updated: 92360
	41  -  MemoryUsage of job (MB)
	41772  -  ResidentSetSize of job (KB)
...
006 (3282683.000.000) 10/09 00:41:32 Image size of job updated: 287732
	42  -  MemoryUsage of job (MB)
	42008  -  ResidentSetSize of job (KB)
...
040 (3282683.000.000) 10/09 00:41:32 Started transferring output files
...
040 (3282683.000.000) 10/09 00:41:32 Finished transferring output files
...
005 (3282683.000.000) 10/09 00:41:32 Job terminated.
	(1) Normal termination (return value 0)
		Usr 0 00:03:14, Sys 0 00:00:11  -  Run Remote Usage
		Usr 0 00:00:00, Sys 0 00:00:00  -  Run Local Usage
		Usr 0 00:03:14, Sys 0 00:00:11  -  Total Remote Usage
		Usr 0 00:00:00, Sys 0 00:00:00  -  Total Local Usage
	98080  -  Run Bytes Sent By Job
	2236  -  Run Bytes Received By Job
	98080  -  Total Bytes Sent By Job
	2236  -  Total Bytes Received By Job
	Partitionable Resources :    Usage  Request Allocated 
	   Cpus                 :                 1           
	   Disk (KB)            :  2488575        3   2805297 
	   Memory (MB)          :       42     2000      2000 
...
