000 (3282613.000.000) 10/09 00:34:23 Job submitted from host: <137.138.44.75:9618?addrs=137.138.44.75-9618+[2001-1458-d00-1a--b]-9618&alias=bigbird14.cern.ch&noUDP&sock=schedd_2873_37ae_40>
...
040 (3282613.000.000) 10/09 00:37:03 Started transferring input files
	Transferring to host: <188.184.138.186:9618?addrs=188.184.138.186-9618+[2001-1458-301-45--100-75]-9618&noUDP&sock=31279_a291_137154>
...
040 (3282613.000.000) 10/09 00:37:03 Finished transferring input files
...
001 (3282613.000.000) 10/09 00:37:04 Job executing on host: <188.184.138.186:9618?addrs=188.184.138.186-9618+[2001-1458-301-45--100-75]-9618&noUDP&sock=5594_98e1_3>
...
006 (3282613.000.000) 10/09 00:37:13 Image size of job updated: 164920
	107  -  MemoryUsage of job (MB)
	109144  -  ResidentSetSize of job (KB)
...
006 (3282613.000.000) 10/09 00:39:36 Image size of job updated: 266928
	107  -  MemoryUsage of job (MB)
	109144  -  ResidentSetSize of job (KB)
...
040 (3282613.000.000) 10/09 00:39:36 Started transferring output files
...
040 (3282613.000.000) 10/09 00:39:36 Finished transferring output files
...
005 (3282613.000.000) 10/09 00:39:36 Job terminated.
	(1) Normal termination (return value 0)
		Usr 0 00:01:46, Sys 0 00:00:08  -  Run Remote Usage
		Usr 0 00:00:00, Sys 0 00:00:00  -  Run Local Usage
		Usr 0 00:01:46, Sys 0 00:00:08  -  Total Remote Usage
		Usr 0 00:00:00, Sys 0 00:00:00  -  Total Local Usage
	98022  -  Run Bytes Sent By Job
	2236  -  Run Bytes Received By Job
	98022  -  Total Bytes Sent By Job
	2236  -  Total Bytes Received By Job
	Partitionable Resources :    Usage  Request Allocated 
	   Cpus                 :                 1           
	   Disk (KB)            :  2163153        3   2581866 
	   Memory (MB)          :      107     2000      2000 
...
