000 (3283745.000.000) 10/09 00:56:37 Job submitted from host: <137.138.44.75:9618?addrs=137.138.44.75-9618+[2001-1458-d00-1a--b]-9618&alias=bigbird14.cern.ch&noUDP&sock=schedd_2873_37ae_40>
...
040 (3283745.000.000) 10/09 01:01:34 Started transferring input files
	Transferring to host: <128.142.102.18:9618?addrs=128.142.102.18-9618+[2001-1458-301-89--100-1ef]-9618&noUDP&sock=3649_cced_31792>
...
040 (3283745.000.000) 10/09 01:01:34 Finished transferring input files
...
001 (3283745.000.000) 10/09 01:01:35 Job executing on host: <128.142.102.18:9618?addrs=128.142.102.18-9618+[2001-1458-301-89--100-1ef]-9618&noUDP&sock=1831_7dff_3>
...
006 (3283745.000.000) 10/09 01:01:44 Image size of job updated: 218644
	188  -  MemoryUsage of job (MB)
	192264  -  ResidentSetSize of job (KB)
...
006 (3283745.000.000) 10/09 01:11:49 Image size of job updated: 218644
	190  -  MemoryUsage of job (MB)
	194300  -  ResidentSetSize of job (KB)
...
040 (3283745.000.000) 10/09 01:22:19 Entered queue to transfer output files
...
040 (3283745.000.000) 10/09 01:22:42 Started transferring output files
...
040 (3283745.000.000) 10/09 01:22:42 Finished transferring output files
...
005 (3283745.000.000) 10/09 01:22:42 Job terminated.
	(1) Normal termination (return value 0)
		Usr 0 00:13:42, Sys 0 00:00:44  -  Run Remote Usage
		Usr 0 00:00:00, Sys 0 00:00:00  -  Run Local Usage
		Usr 0 00:13:42, Sys 0 00:00:44  -  Total Remote Usage
		Usr 0 00:00:00, Sys 0 00:00:00  -  Total Local Usage
	130928  -  Run Bytes Sent By Job
	2236  -  Run Bytes Received By Job
	130928  -  Total Bytes Sent By Job
	2236  -  Total Bytes Received By Job
	Partitionable Resources :    Usage  Request Allocated 
	   Cpus                 :                 1           
	   Disk (KB)            : 16016473        3   2003306 
	   Memory (MB)          :      190     2000      2000 
...
