000 (3282560.000.000) 10/09 00:33:15 Job submitted from host: <137.138.44.75:9618?addrs=137.138.44.75-9618+[2001-1458-d00-1a--b]-9618&alias=bigbird14.cern.ch&noUDP&sock=schedd_2873_37ae_40>
...
040 (3282560.000.000) 10/09 00:34:41 Started transferring input files
	Transferring to host: <188.184.186.143:9618?addrs=188.184.186.143-9618+[2001-1458-301-f8--100-8e]-9618&noUDP&sock=4177_d303_19862>
...
040 (3282560.000.000) 10/09 00:34:42 Finished transferring input files
...
001 (3282560.000.000) 10/09 00:34:43 Job executing on host: <188.184.186.143:9618?addrs=188.184.186.143-9618+[2001-1458-301-f8--100-8e]-9618&noUDP&sock=2320_e7cf_3>
...
006 (3282560.000.000) 10/09 00:34:51 Image size of job updated: 121272
	68  -  MemoryUsage of job (MB)
	68844  -  ResidentSetSize of job (KB)
...
006 (3282560.000.000) 10/09 00:37:12 Image size of job updated: 256284
	68  -  MemoryUsage of job (MB)
	68844  -  ResidentSetSize of job (KB)
...
040 (3282560.000.000) 10/09 00:37:12 Started transferring output files
...
040 (3282560.000.000) 10/09 00:37:12 Finished transferring output files
...
005 (3282560.000.000) 10/09 00:37:12 Job terminated.
	(1) Normal termination (return value 0)
		Usr 0 00:01:42, Sys 0 00:00:08  -  Run Remote Usage
		Usr 0 00:00:00, Sys 0 00:00:00  -  Run Local Usage
		Usr 0 00:01:42, Sys 0 00:00:08  -  Total Remote Usage
		Usr 0 00:00:00, Sys 0 00:00:00  -  Total Local Usage
	97518  -  Run Bytes Sent By Job
	2236  -  Run Bytes Received By Job
	97518  -  Total Bytes Sent By Job
	2236  -  Total Bytes Received By Job
	Partitionable Resources :    Usage  Request Allocated 
	   Cpus                 :                 1           
	   Disk (KB)            :  1980129        3   2180793 
	   Memory (MB)          :       68     2000      2000 
...
