000 (3356018.000.000) 10/20 19:12:17 Job submitted from host: <137.138.44.75:9618?addrs=137.138.44.75-9618+[2001-1458-d00-1a--b]-9618&alias=bigbird14.cern.ch&noUDP&sock=schedd_2873_37ae_40>
...
040 (3356018.000.000) 10/20 19:13:59 Started transferring input files
	Transferring to host: <128.142.240.140:9618?addrs=128.142.240.140-9618+[2001-1458-301-9--100-4]-9618&noUDP&sock=5178_1e8c_25840>
...
040 (3356018.000.000) 10/20 19:13:59 Finished transferring input files
...
001 (3356018.000.000) 10/20 19:14:00 Job executing on host: <128.142.240.140:9618?addrs=128.142.240.140-9618+[2001-1458-301-9--100-4]-9618&noUDP&sock=3278_0389_3>
...
006 (3356018.000.000) 10/20 19:14:08 Image size of job updated: 123608
	69  -  MemoryUsage of job (MB)
	70448  -  ResidentSetSize of job (KB)
...
006 (3356018.000.000) 10/20 19:19:08 Image size of job updated: 260792
	174  -  MemoryUsage of job (MB)
	177292  -  ResidentSetSize of job (KB)
...
006 (3356018.000.000) 10/20 19:24:09 Image size of job updated: 350108
	259  -  MemoryUsage of job (MB)
	264736  -  ResidentSetSize of job (KB)
...
040 (3356018.000.000) 10/20 19:24:55 Started transferring output files
...
040 (3356018.000.000) 10/20 19:24:55 Finished transferring output files
...
005 (3356018.000.000) 10/20 19:24:55 Job terminated.
	(1) Normal termination (return value 0)
		Usr 0 00:08:14, Sys 0 00:00:30  -  Run Remote Usage
		Usr 0 00:00:00, Sys 0 00:00:00  -  Run Local Usage
		Usr 0 00:08:14, Sys 0 00:00:30  -  Total Remote Usage
		Usr 0 00:00:00, Sys 0 00:00:00  -  Total Local Usage
	118490  -  Run Bytes Sent By Job
	2190  -  Run Bytes Received By Job
	118490  -  Total Bytes Sent By Job
	2190  -  Total Bytes Received By Job
	Partitionable Resources :    Usage  Request Allocated 
	   Cpus                 :                 1           
	   Disk (KB)            : 11151458        3   2728321 
	   Memory (MB)          :      259     2000      2000 
...
