000 (3282656.000.000) 10/09 00:35:33 Job submitted from host: <137.138.44.75:9618?addrs=137.138.44.75-9618+[2001-1458-d00-1a--b]-9618&alias=bigbird14.cern.ch&noUDP&sock=schedd_2873_37ae_40>
...
040 (3282656.000.000) 10/09 00:37:11 Started transferring input files
	Transferring to host: <188.184.213.10:9618?addrs=188.184.213.10-9618+[2001-1458-301-10c--100-125]-9618&noUDP&sock=20710_d183_135662>
...
040 (3282656.000.000) 10/09 00:37:11 Finished transferring input files
...
001 (3282656.000.000) 10/09 00:37:12 Job executing on host: <188.184.213.10:9618?addrs=188.184.213.10-9618+[2001-1458-301-10c--100-125]-9618&noUDP&sock=20578_5ff7_3>
...
006 (3282656.000.000) 10/09 00:37:20 Image size of job updated: 123188
	69  -  MemoryUsage of job (MB)
	70320  -  ResidentSetSize of job (KB)
...
006 (3282656.000.000) 10/09 00:40:35 Image size of job updated: 264848
	69  -  MemoryUsage of job (MB)
	70336  -  ResidentSetSize of job (KB)
...
040 (3282656.000.000) 10/09 00:40:35 Started transferring output files
...
040 (3282656.000.000) 10/09 00:40:36 Finished transferring output files
...
005 (3282656.000.000) 10/09 00:40:36 Job terminated.
	(1) Normal termination (return value 0)
		Usr 0 00:02:26, Sys 0 00:00:09  -  Run Remote Usage
		Usr 0 00:00:00, Sys 0 00:00:00  -  Run Local Usage
		Usr 0 00:02:26, Sys 0 00:00:09  -  Total Remote Usage
		Usr 0 00:00:00, Sys 0 00:00:00  -  Total Local Usage
	98047  -  Run Bytes Sent By Job
	2236  -  Run Bytes Received By Job
	98047  -  Total Bytes Sent By Job
	2236  -  Total Bytes Received By Job
	Partitionable Resources :    Usage  Request Allocated 
	   Cpus                 :                 1           
	   Disk (KB)            :  2712349        3   2980640 
	   Memory (MB)          :       69     2000      2000 
...
