000 (3282712.000.000) 10/09 00:36:59 Job submitted from host: <137.138.44.75:9618?addrs=137.138.44.75-9618+[2001-1458-d00-1a--b]-9618&alias=bigbird14.cern.ch&noUDP&sock=schedd_2873_37ae_40>
...
040 (3282712.000.000) 10/09 00:37:21 Started transferring input files
	Transferring to host: <188.184.142.187:9618?addrs=188.184.142.187-9618+[2001-1458-301-46--100-ae]-9618&noUDP&sock=4463_564f_19949>
...
040 (3282712.000.000) 10/09 00:37:21 Finished transferring input files
...
001 (3282712.000.000) 10/09 00:37:22 Job executing on host: <188.184.142.187:9618?addrs=188.184.142.187-9618+[2001-1458-301-46--100-ae]-9618&noUDP&sock=2407_948c_3>
...
006 (3282712.000.000) 10/09 00:37:30 Image size of job updated: 227852
	141  -  MemoryUsage of job (MB)
	144140  -  ResidentSetSize of job (KB)
...
006 (3282712.000.000) 10/09 00:38:34 Image size of job updated: 227852
	141  -  MemoryUsage of job (MB)
	144184  -  ResidentSetSize of job (KB)
...
040 (3282712.000.000) 10/09 00:38:34 Started transferring output files
...
040 (3282712.000.000) 10/09 00:38:34 Finished transferring output files
...
005 (3282712.000.000) 10/09 00:38:35 Job terminated.
	(1) Normal termination (return value 0)
		Usr 0 00:00:57, Sys 0 00:00:04  -  Run Remote Usage
		Usr 0 00:00:00, Sys 0 00:00:00  -  Run Local Usage
		Usr 0 00:00:57, Sys 0 00:00:04  -  Total Remote Usage
		Usr 0 00:00:00, Sys 0 00:00:00  -  Total Local Usage
	93042  -  Run Bytes Sent By Job
	2232  -  Run Bytes Received By Job
	93042  -  Total Bytes Sent By Job
	2232  -  Total Bytes Received By Job
	Partitionable Resources :    Usage  Request Allocated 
	   Cpus                 :                 1           
	   Disk (KB)            :  1068780        3   2159682 
	   Memory (MB)          :      141     2000      2000 
...
