000 (3283327.000.000) 10/09 00:49:16 Job submitted from host: <137.138.44.75:9618?addrs=137.138.44.75-9618+[2001-1458-d00-1a--b]-9618&alias=bigbird14.cern.ch&noUDP&sock=schedd_2873_37ae_40>
...
040 (3283327.000.000) 10/09 00:49:36 Started transferring input files
	Transferring to host: <128.142.117.44:9618?addrs=128.142.117.44-9618+[2001-1458-301-ae--100-139]-9618&noUDP&sock=3379_8fa2_8987>
...
040 (3283327.000.000) 10/09 00:49:36 Finished transferring input files
...
001 (3283327.000.000) 10/09 00:49:37 Job executing on host: <128.142.117.44:9618?addrs=128.142.117.44-9618+[2001-1458-301-ae--100-139]-9618&noUDP&sock=1828_6f36_3>
...
006 (3283327.000.000) 10/09 00:49:45 Image size of job updated: 138212
	81  -  MemoryUsage of job (MB)
	82460  -  ResidentSetSize of job (KB)
...
006 (3283327.000.000) 10/09 00:54:45 Image size of job updated: 200688
	135  -  MemoryUsage of job (MB)
	137692  -  ResidentSetSize of job (KB)
...
006 (3283327.000.000) 10/09 01:04:35 Image size of job updated: 288804
	135  -  MemoryUsage of job (MB)
	137692  -  ResidentSetSize of job (KB)
...
040 (3283327.000.000) 10/09 01:04:35 Started transferring output files
...
040 (3283327.000.000) 10/09 01:04:36 Finished transferring output files
...
005 (3283327.000.000) 10/09 01:04:36 Job terminated.
	(1) Normal termination (return value 0)
		Usr 0 00:11:15, Sys 0 00:00:41  -  Run Remote Usage
		Usr 0 00:00:00, Sys 0 00:00:00  -  Run Local Usage
		Usr 0 00:11:15, Sys 0 00:00:41  -  Total Remote Usage
		Usr 0 00:00:00, Sys 0 00:00:00  -  Total Local Usage
	130705  -  Run Bytes Sent By Job
	2236  -  Run Bytes Received By Job
	130705  -  Total Bytes Sent By Job
	2236  -  Total Bytes Received By Job
	Partitionable Resources :    Usage  Request Allocated 
	   Cpus                 :                 1           
	   Disk (KB)            : 12071230        3   2145928 
	   Memory (MB)          :      135     2000      2000 
...
