000 (3283385.000.000) 10/09 00:50:27 Job submitted from host: <137.138.44.75:9618?addrs=137.138.44.75-9618+[2001-1458-d00-1a--b]-9618&alias=bigbird14.cern.ch&noUDP&sock=schedd_2873_37ae_40>
...
040 (3283385.000.000) 10/09 00:57:23 Started transferring input files
	Transferring to host: <188.185.196.11:9618?addrs=188.185.196.11-9618+[2001-1459-301-48--100-1f]-9618&noUDP&sock=16220_350d_80500>
...
040 (3283385.000.000) 10/09 00:57:23 Finished transferring input files
...
001 (3283385.000.000) 10/09 00:57:24 Job executing on host: <188.185.196.11:9618?addrs=188.185.196.11-9618+[2001-1459-301-48--100-1f]-9618&noUDP&sock=16137_37df_3>
...
006 (3283385.000.000) 10/09 00:57:33 Image size of job updated: 72
	1  -  MemoryUsage of job (MB)
	72  -  ResidentSetSize of job (KB)
...
006 (3283385.000.000) 10/09 01:02:34 Image size of job updated: 50416
	42  -  MemoryUsage of job (MB)
	42520  -  ResidentSetSize of job (KB)
...
006 (3283385.000.000) 10/09 01:08:17 Image size of job updated: 256680
	246  -  MemoryUsage of job (MB)
	251412  -  ResidentSetSize of job (KB)
...
040 (3283385.000.000) 10/09 01:11:24 Entered queue to transfer output files
...
040 (3283385.000.000) 10/09 01:12:57 Started transferring output files
...
040 (3283385.000.000) 10/09 01:12:59 Finished transferring output files
...
005 (3283385.000.000) 10/09 01:13:01 Job terminated.
	(1) Normal termination (return value 0)
		Usr 0 00:03:23, Sys 0 00:00:14  -  Run Remote Usage
		Usr 0 00:00:00, Sys 0 00:00:00  -  Run Local Usage
		Usr 0 00:03:23, Sys 0 00:00:14  -  Total Remote Usage
		Usr 0 00:00:00, Sys 0 00:00:00  -  Total Local Usage
	104021  -  Run Bytes Sent By Job
	2236  -  Run Bytes Received By Job
	104021  -  Total Bytes Sent By Job
	2236  -  Total Bytes Received By Job
	Partitionable Resources :    Usage  Request Allocated 
	   Cpus                 :                 1           
	   Disk (KB)            :  3076623        3   3914401 
	   Memory (MB)          :      246     2000      2000 
...
