000 (3356044.000.000) 10/20 19:12:54 Job submitted from host: <137.138.44.75:9618?addrs=137.138.44.75-9618+[2001-1458-d00-1a--b]-9618&alias=bigbird14.cern.ch&noUDP&sock=schedd_2873_37ae_40>
...
040 (3356044.000.000) 10/20 19:19:51 Started transferring input files
	Transferring to host: <128.142.111.47:9618?addrs=128.142.111.47-9618+[--1]-9618&noUDP&sock=14014_e173_26438>
...
040 (3356044.000.000) 10/20 19:19:51 Finished transferring input files
...
001 (3356044.000.000) 10/20 19:19:52 Job executing on host: <128.142.111.47:9618?addrs=128.142.111.47-9618+[--1]-9618&noUDP&sock=13881_ca37_3>
...
006 (3356044.000.000) 10/20 19:20:01 Image size of job updated: 6644
	5  -  MemoryUsage of job (MB)
	4452  -  ResidentSetSize of job (KB)
...
006 (3356044.000.000) 10/20 19:25:02 Image size of job updated: 199024
	160  -  MemoryUsage of job (MB)
	163256  -  ResidentSetSize of job (KB)
...
006 (3356044.000.000) 10/20 19:30:03 Image size of job updated: 199024
	160  -  MemoryUsage of job (MB)
	163512  -  ResidentSetSize of job (KB)
...
006 (3356044.000.000) 10/20 19:42:47 Image size of job updated: 205368
	160  -  MemoryUsage of job (MB)
	163512  -  ResidentSetSize of job (KB)
...
040 (3356044.000.000) 10/20 19:42:47 Started transferring output files
...
040 (3356044.000.000) 10/20 19:42:47 Finished transferring output files
...
005 (3356044.000.000) 10/20 19:42:47 Job terminated.
	(1) Normal termination (return value 0)
		Usr 0 00:15:41, Sys 0 00:01:04  -  Run Remote Usage
		Usr 0 00:00:00, Sys 0 00:00:00  -  Run Local Usage
		Usr 0 00:15:41, Sys 0 00:01:04  -  Total Remote Usage
		Usr 0 00:00:00, Sys 0 00:00:00  -  Total Local Usage
	127360  -  Run Bytes Sent By Job
	2190  -  Run Bytes Received By Job
	127360  -  Total Bytes Sent By Job
	2190  -  Total Bytes Received By Job
	Partitionable Resources :    Usage  Request Allocated 
	   Cpus                 :                 1           
	   Disk (KB)            : 16828771        3   2130841 
	   Memory (MB)          :      160     2000      2000 
...
