000 (3283364.000.000) 10/09 00:50:09 Job submitted from host: <137.138.44.75:9618?addrs=137.138.44.75-9618+[2001-1458-d00-1a--b]-9618&alias=bigbird14.cern.ch&noUDP&sock=schedd_2873_37ae_40>
...
040 (3283364.000.000) 10/09 00:57:21 Started transferring input files
	Transferring to host: <188.185.161.134:9618?addrs=188.185.161.134-9618+[2001-1459-301-12--100-180]-9618&noUDP&sock=16560_c49a_61300>
...
040 (3283364.000.000) 10/09 00:57:21 Finished transferring input files
...
001 (3283364.000.000) 10/09 00:57:22 Job executing on host: <188.185.161.134:9618?addrs=188.185.161.134-9618+[2001-1459-301-12--100-180]-9618&noUDP&sock=16466_e288_3>
...
006 (3283364.000.000) 10/09 00:57:30 Image size of job updated: 72
	1  -  MemoryUsage of job (MB)
	72  -  ResidentSetSize of job (KB)
...
006 (3283364.000.000) 10/09 01:02:30 Image size of job updated: 14448
	11  -  MemoryUsage of job (MB)
	10612  -  ResidentSetSize of job (KB)
...
006 (3283364.000.000) 10/09 01:07:31 Image size of job updated: 97492
	75  -  MemoryUsage of job (MB)
	76304  -  ResidentSetSize of job (KB)
...
006 (3283364.000.000) 10/09 01:18:24 Image size of job updated: 279008
	236  -  MemoryUsage of job (MB)
	241412  -  ResidentSetSize of job (KB)
...
007 (3283364.000.000) 10/09 01:18:24 Shadow exception!
	Assertion ERROR on (result)
	0  -  Run Bytes Sent By Job
	2232  -  Run Bytes Received By Job
...
040 (3283364.000.000) 10/09 01:46:12 Started transferring input files
	Transferring to host: <128.142.114.139:9618?addrs=128.142.114.139-9618+[2001-1458-301-90--100-72b]-9618&noUDP&sock=14030_2774_22956>
...
040 (3283364.000.000) 10/09 01:46:12 Finished transferring input files
...
001 (3283364.000.000) 10/09 01:46:13 Job executing on host: <128.142.114.139:9618?addrs=128.142.114.139-9618+[2001-1458-301-90--100-72b]-9618&noUDP&sock=13935_d454_3>
...
006 (3283364.000.000) 10/09 01:46:22 Image size of job updated: 212236
	153  -  MemoryUsage of job (MB)
	156452  -  ResidentSetSize of job (KB)
...
006 (3283364.000.000) 10/09 01:51:20 Image size of job updated: 212236
	154  -  MemoryUsage of job (MB)
	157468  -  ResidentSetSize of job (KB)
...
040 (3283364.000.000) 10/09 01:51:20 Started transferring output files
...
040 (3283364.000.000) 10/09 01:51:20 Finished transferring output files
...
005 (3283364.000.000) 10/09 01:51:20 Job terminated.
	(1) Normal termination (return value 0)
		Usr 0 00:03:03, Sys 0 00:00:15  -  Run Remote Usage
		Usr 0 00:00:00, Sys 0 00:00:00  -  Run Local Usage
		Usr 0 00:03:03, Sys 0 00:00:15  -  Total Remote Usage
		Usr 0 00:00:00, Sys 0 00:00:00  -  Total Local Usage
	104172  -  Run Bytes Sent By Job
	2232  -  Run Bytes Received By Job
	104172  -  Total Bytes Sent By Job
	4464  -  Total Bytes Received By Job
	Partitionable Resources :    Usage  Request Allocated 
	   Cpus                 :                 1           
	   Disk (KB)            :  3770951        3   2084972 
	   Memory (MB)          :      154     2000      2000 
...
