000 (3282647.000.000) 10/09 00:35:20 Job submitted from host: <137.138.44.75:9618?addrs=137.138.44.75-9618+[2001-1458-d00-1a--b]-9618&alias=bigbird14.cern.ch&noUDP&sock=schedd_2873_37ae_40>
...
040 (3282647.000.000) 10/09 00:37:09 Started transferring input files
	Transferring to host: <188.184.211.114:9618?addrs=188.184.211.114-9618+[2001-1458-301-10b--100-160]-9618&noUDP&sock=20658_2e01_135537>
...
040 (3282647.000.000) 10/09 00:37:09 Finished transferring input files
...
001 (3282647.000.000) 10/09 00:37:10 Job executing on host: <188.184.211.114:9618?addrs=188.184.211.114-9618+[2001-1458-301-10b--100-160]-9618&noUDP&sock=20526_b50a_3>
...
006 (3282647.000.000) 10/09 00:37:18 Image size of job updated: 117684
	65  -  MemoryUsage of job (MB)
	66252  -  ResidentSetSize of job (KB)
...
006 (3282647.000.000) 10/09 00:40:11 Image size of job updated: 666460
	65  -  MemoryUsage of job (MB)
	66252  -  ResidentSetSize of job (KB)
...
040 (3282647.000.000) 10/09 00:40:12 Started transferring output files
...
040 (3282647.000.000) 10/09 00:40:13 Finished transferring output files
...
005 (3282647.000.000) 10/09 00:40:15 Job terminated.
	(1) Normal termination (return value 0)
		Usr 0 00:02:17, Sys 0 00:00:09  -  Run Remote Usage
		Usr 0 00:00:00, Sys 0 00:00:00  -  Run Local Usage
		Usr 0 00:02:17, Sys 0 00:00:09  -  Total Remote Usage
		Usr 0 00:00:00, Sys 0 00:00:00  -  Total Local Usage
	98051  -  Run Bytes Sent By Job
	2236  -  Run Bytes Received By Job
	98051  -  Total Bytes Sent By Job
	2236  -  Total Bytes Received By Job
	Partitionable Resources :    Usage  Request Allocated 
	   Cpus                 :                 1           
	   Disk (KB)            :  2431808        3   2865968 
	   Memory (MB)          :       65     2000      2000 
...
