000 (3283684.000.000) 10/09 00:55:22 Job submitted from host: <137.138.44.75:9618?addrs=137.138.44.75-9618+[2001-1458-d00-1a--b]-9618&alias=bigbird14.cern.ch&noUDP&sock=schedd_2873_37ae_40>
...
040 (3283684.000.000) 10/09 01:13:17 Entered queue to transfer input files
	Transferring to host: <188.185.196.11:9618?addrs=188.185.196.11-9618+[2001-1459-301-48--100-1f]-9618&noUDP&sock=16220_350d_80511>
...
040 (3283684.000.000) 10/09 01:22:33 Started transferring input files
	Seconds spent in queue: 556
...
040 (3283684.000.000) 10/09 01:22:34 Finished transferring input files
...
001 (3283684.000.000) 10/09 01:22:35 Job executing on host: <188.185.196.11:9618?addrs=188.185.196.11-9618+[2001-1459-301-48--100-1f]-9618&noUDP&sock=16137_37df_3>
...
006 (3283684.000.000) 10/09 01:22:44 Image size of job updated: 69724
	55  -  MemoryUsage of job (MB)
	56156  -  ResidentSetSize of job (KB)
...
006 (3283684.000.000) 10/09 01:27:45 Image size of job updated: 198196
	175  -  MemoryUsage of job (MB)
	178296  -  ResidentSetSize of job (KB)
...
006 (3283684.000.000) 10/09 01:32:46 Image size of job updated: 269352
	244  -  MemoryUsage of job (MB)
	248944  -  ResidentSetSize of job (KB)
...
006 (3283684.000.000) 10/09 01:37:47 Image size of job updated: 300672
	271  -  MemoryUsage of job (MB)
	276788  -  ResidentSetSize of job (KB)
...
006 (3283684.000.000) 10/09 01:57:48 Image size of job updated: 326548
	274  -  MemoryUsage of job (MB)
	279936  -  ResidentSetSize of job (KB)
...
040 (3283684.000.000) 10/09 02:06:40 Started transferring output files
	Seconds spent in queue: 3203
...
040 (3283684.000.000) 10/09 02:06:40 Finished transferring output files
...
005 (3283684.000.000) 10/09 02:06:40 Job terminated.
	(1) Normal termination (return value 0)
		Usr 0 00:14:37, Sys 0 00:01:07  -  Run Remote Usage
		Usr 0 00:00:00, Sys 0 00:00:00  -  Run Local Usage
		Usr 0 00:14:37, Sys 0 00:01:07  -  Total Remote Usage
		Usr 0 00:00:00, Sys 0 00:00:00  -  Total Local Usage
	130784  -  Run Bytes Sent By Job
	2236  -  Run Bytes Received By Job
	130784  -  Total Bytes Sent By Job
	2236  -  Total Bytes Received By Job
	Partitionable Resources :    Usage  Request Allocated 
	   Cpus                 :                 1           
	   Disk (KB)            : 20581860        3   3912932 
	   Memory (MB)          :      274     2000      2000 
...
