000 (3282670.000.000) 10/09 00:35:55 Job submitted from host: <137.138.44.75:9618?addrs=137.138.44.75-9618+[2001-1458-d00-1a--b]-9618&alias=bigbird14.cern.ch&noUDP&sock=schedd_2873_37ae_40>
...
040 (3282670.000.000) 10/09 00:37:14 Started transferring input files
	Transferring to host: <188.184.213.27:9618?addrs=188.184.213.27-9618+[2001-1458-301-10c--100-fc]-9618&noUDP&sock=7694_de72_84441>
...
040 (3282670.000.000) 10/09 00:37:14 Finished transferring input files
...
001 (3282670.000.000) 10/09 00:37:15 Job executing on host: <188.184.213.27:9618?addrs=188.184.213.27-9618+[2001-1458-301-10c--100-fc]-9618&noUDP&sock=5684_5467_3>
...
006 (3282670.000.000) 10/09 00:37:24 Image size of job updated: 150576
	93  -  MemoryUsage of job (MB)
	94796  -  ResidentSetSize of job (KB)
...
006 (3282670.000.000) 10/09 00:39:35 Image size of job updated: 265388
	93  -  MemoryUsage of job (MB)
	94796  -  ResidentSetSize of job (KB)
...
040 (3282670.000.000) 10/09 00:39:35 Started transferring output files
...
040 (3282670.000.000) 10/09 00:39:36 Finished transferring output files
...
005 (3282670.000.000) 10/09 00:39:36 Job terminated.
	(1) Normal termination (return value 0)
		Usr 0 00:01:40, Sys 0 00:00:07  -  Run Remote Usage
		Usr 0 00:00:00, Sys 0 00:00:00  -  Run Local Usage
		Usr 0 00:01:40, Sys 0 00:00:07  -  Total Remote Usage
		Usr 0 00:00:00, Sys 0 00:00:00  -  Total Local Usage
	98013  -  Run Bytes Sent By Job
	2236  -  Run Bytes Received By Job
	98013  -  Total Bytes Sent By Job
	2236  -  Total Bytes Received By Job
	Partitionable Resources :    Usage  Request Allocated 
	   Cpus                 :                 1           
	   Disk (KB)            :  2102858        3   2947675 
	   Memory (MB)          :       93     2000      2000 
...
