000 (3282820.000.000) 10/09 00:38:37 Job submitted from host: <137.138.44.75:9618?addrs=137.138.44.75-9618+[2001-1458-d00-1a--b]-9618&alias=bigbird14.cern.ch&noUDP&sock=schedd_2873_37ae_40>
...
040 (3282820.000.000) 10/09 00:38:45 Started transferring input files
	Transferring to host: <188.184.132.118:9618?addrs=188.184.132.118-9618+[2001-1458-301-a0--100-6f]-9618&noUDP&sock=2981_2252_19760>
...
040 (3282820.000.000) 10/09 00:38:45 Finished transferring input files
...
001 (3282820.000.000) 10/09 00:38:46 Job executing on host: <188.184.132.118:9618?addrs=188.184.132.118-9618+[2001-1458-301-a0--100-6f]-9618&noUDP&sock=2322_46ff_3>
...
006 (3282820.000.000) 10/09 00:38:55 Image size of job updated: 241644
	155  -  MemoryUsage of job (MB)
	157924  -  ResidentSetSize of job (KB)
...
006 (3282820.000.000) 10/09 00:40:03 Image size of job updated: 293780
	156  -  MemoryUsage of job (MB)
	159112  -  ResidentSetSize of job (KB)
...
040 (3282820.000.000) 10/09 00:40:03 Started transferring output files
...
040 (3282820.000.000) 10/09 00:40:03 Finished transferring output files
...
005 (3282820.000.000) 10/09 00:40:03 Job terminated.
	(1) Normal termination (return value 0)
		Usr 0 00:00:57, Sys 0 00:00:04  -  Run Remote Usage
		Usr 0 00:00:00, Sys 0 00:00:00  -  Run Local Usage
		Usr 0 00:00:57, Sys 0 00:00:04  -  Total Remote Usage
		Usr 0 00:00:00, Sys 0 00:00:00  -  Total Local Usage
	92562  -  Run Bytes Sent By Job
	2236  -  Run Bytes Received By Job
	92562  -  Total Bytes Sent By Job
	2236  -  Total Bytes Received By Job
	Partitionable Resources :    Usage  Request Allocated 
	   Cpus                 :                 1           
	   Disk (KB)            :   959301        3   1949134 
	   Memory (MB)          :      156     2000      2000 
...
