000 (3282635.000.000) 10/09 00:35:00 Job submitted from host: <137.138.44.75:9618?addrs=137.138.44.75-9618+[2001-1458-d00-1a--b]-9618&alias=bigbird14.cern.ch&noUDP&sock=schedd_2873_37ae_40>
...
040 (3282635.000.000) 10/09 00:37:19 Started transferring input files
	Transferring to host: <188.184.133.32:9618?addrs=188.184.133.32-9618+[2001-1458-301-a0--100-e9]-9618&noUDP&sock=4137_a401_20169>
...
040 (3282635.000.000) 10/09 00:37:19 Finished transferring input files
...
001 (3282635.000.000) 10/09 00:37:20 Job executing on host: <188.184.133.32:9618?addrs=188.184.133.32-9618+[2001-1458-301-a0--100-e9]-9618&noUDP&sock=2332_22f2_3>
...
006 (3282635.000.000) 10/09 00:37:29 Image size of job updated: 250068
	163  -  MemoryUsage of job (MB)
	166352  -  ResidentSetSize of job (KB)
...
040 (3282635.000.000) 10/09 00:39:13 Started transferring output files
...
040 (3282635.000.000) 10/09 00:39:13 Finished transferring output files
...
005 (3282635.000.000) 10/09 00:39:13 Job terminated.
	(1) Normal termination (return value 0)
		Usr 0 00:01:27, Sys 0 00:00:06  -  Run Remote Usage
		Usr 0 00:00:00, Sys 0 00:00:00  -  Run Local Usage
		Usr 0 00:01:27, Sys 0 00:00:06  -  Total Remote Usage
		Usr 0 00:00:00, Sys 0 00:00:00  -  Total Local Usage
	97549  -  Run Bytes Sent By Job
	2236  -  Run Bytes Received By Job
	97549  -  Total Bytes Sent By Job
	2236  -  Total Bytes Received By Job
	Partitionable Resources :    Usage  Request Allocated 
	   Cpus                 :                 1           
	   Disk (KB)            :  1655772        3   2167482 
	   Memory (MB)          :      163     2000      2000 
...
