000 (3356096.000.000) 10/20 19:14:27 Job submitted from host: <137.138.44.75:9618?addrs=137.138.44.75-9618+[2001-1458-d00-1a--b]-9618&alias=bigbird14.cern.ch&noUDP&sock=schedd_2873_37ae_40>
...
040 (3356096.000.000) 10/20 19:19:57 Started transferring input files
	Transferring to host: <128.142.122.81:9618?addrs=128.142.122.81-9618+[2001-1458-301-b5--100-1a6]-9618&noUDP&sock=3699_07af_17320>
...
040 (3356096.000.000) 10/20 19:19:57 Finished transferring input files
...
001 (3356096.000.000) 10/20 19:19:58 Job executing on host: <128.142.122.81:9618?addrs=128.142.122.81-9618+[2001-1458-301-b5--100-1a6]-9618&noUDP&sock=1827_bf9e_3>
...
006 (3356096.000.000) 10/20 19:20:06 Image size of job updated: 116344
	65  -  MemoryUsage of job (MB)
	65644  -  ResidentSetSize of job (KB)
...
006 (3356096.000.000) 10/20 19:25:06 Image size of job updated: 200904
	156  -  MemoryUsage of job (MB)
	159420  -  ResidentSetSize of job (KB)
...
006 (3356096.000.000) 10/20 19:45:08 Image size of job updated: 204972
	156  -  MemoryUsage of job (MB)
	159420  -  ResidentSetSize of job (KB)
...
006 (3356096.000.000) 10/20 19:50:09 Image size of job updated: 209156
	156  -  MemoryUsage of job (MB)
	159420  -  ResidentSetSize of job (KB)
...
006 (3356096.000.000) 10/20 19:55:09 Image size of job updated: 213348
	156  -  MemoryUsage of job (MB)
	159420  -  ResidentSetSize of job (KB)
...
006 (3356096.000.000) 10/20 19:55:52 Image size of job updated: 396676
	156  -  MemoryUsage of job (MB)
	159420  -  ResidentSetSize of job (KB)
...
040 (3356096.000.000) 10/20 19:55:52 Started transferring output files
...
040 (3356096.000.000) 10/20 19:55:52 Finished transferring output files
...
005 (3356096.000.000) 10/20 19:55:52 Job terminated.
	(1) Normal termination (return value 0)
		Usr 0 00:28:34, Sys 0 00:01:36  -  Run Remote Usage
		Usr 0 00:00:00, Sys 0 00:00:00  -  Run Local Usage
		Usr 0 00:28:34, Sys 0 00:01:36  -  Total Remote Usage
		Usr 0 00:00:00, Sys 0 00:00:00  -  Total Local Usage
	172024  -  Run Bytes Sent By Job
	2190  -  Run Bytes Received By Job
	172024  -  Total Bytes Sent By Job
	2190  -  Total Bytes Received By Job
	Partitionable Resources :    Usage  Request Allocated 
	   Cpus                 :                 1           
	   Disk (KB)            : 30938252        3   2072075 
	   Memory (MB)          :      156     2000      2000 
...
