000 (3282812.000.000) 10/09 00:38:28 Job submitted from host: <137.138.44.75:9618?addrs=137.138.44.75-9618+[2001-1458-d00-1a--b]-9618&alias=bigbird14.cern.ch&noUDP&sock=schedd_2873_37ae_40>
...
040 (3282812.000.000) 10/09 00:38:40 Started transferring input files
	Transferring to host: <188.184.133.191:9618?addrs=188.184.133.191-9618+[2001-1458-301-a0--100-19e]-9618&noUDP&sock=4028_d71d_19700>
...
040 (3282812.000.000) 10/09 00:38:40 Finished transferring input files
...
001 (3282812.000.000) 10/09 00:38:41 Job executing on host: <188.184.133.191:9618?addrs=188.184.133.191-9618+[2001-1458-301-a0--100-19e]-9618&noUDP&sock=2334_8222_3>
...
006 (3282812.000.000) 10/09 00:38:50 Image size of job updated: 250040
	163  -  MemoryUsage of job (MB)
	166328  -  ResidentSetSize of job (KB)
...
006 (3282812.000.000) 10/09 00:39:45 Image size of job updated: 367540
	163  -  MemoryUsage of job (MB)
	166328  -  ResidentSetSize of job (KB)
...
040 (3282812.000.000) 10/09 00:39:46 Started transferring output files
...
040 (3282812.000.000) 10/09 00:39:46 Finished transferring output files
...
005 (3282812.000.000) 10/09 00:39:46 Job terminated.
	(1) Normal termination (return value 0)
		Usr 0 00:00:49, Sys 0 00:00:04  -  Run Remote Usage
		Usr 0 00:00:00, Sys 0 00:00:00  -  Run Local Usage
		Usr 0 00:00:49, Sys 0 00:00:04  -  Total Remote Usage
		Usr 0 00:00:00, Sys 0 00:00:00  -  Total Local Usage
	92512  -  Run Bytes Sent By Job
	2236  -  Run Bytes Received By Job
	92512  -  Total Bytes Sent By Job
	2236  -  Total Bytes Received By Job
	Partitionable Resources :    Usage  Request Allocated 
	   Cpus                 :                 1           
	   Disk (KB)            :  1026957        3   2158880 
	   Memory (MB)          :      163     2000      2000 
...
