000 (3282620.000.000) 10/09 00:34:35 Job submitted from host: <137.138.44.75:9618?addrs=137.138.44.75-9618+[2001-1458-d00-1a--b]-9618&alias=bigbird14.cern.ch&noUDP&sock=schedd_2873_37ae_40>
...
040 (3282620.000.000) 10/09 00:37:05 Started transferring input files
	Transferring to host: <188.184.213.93:9618?addrs=188.184.213.93-9618+[2001-1458-301-10c--100-150]-9618&noUDP&sock=7452_5ba8_84552>
...
040 (3282620.000.000) 10/09 00:37:05 Finished transferring input files
...
001 (3282620.000.000) 10/09 00:37:06 Job executing on host: <188.184.213.93:9618?addrs=188.184.213.93-9618+[2001-1458-301-10c--100-150]-9618&noUDP&sock=5699_9e52_3>
...
006 (3282620.000.000) 10/09 00:37:15 Image size of job updated: 205892
	147  -  MemoryUsage of job (MB)
	150116  -  ResidentSetSize of job (KB)
...
006 (3282620.000.000) 10/09 00:38:51 Image size of job updated: 296916
	147  -  MemoryUsage of job (MB)
	150116  -  ResidentSetSize of job (KB)
...
040 (3282620.000.000) 10/09 00:38:51 Started transferring output files
...
040 (3282620.000.000) 10/09 00:38:51 Finished transferring output files
...
005 (3282620.000.000) 10/09 00:38:51 Job terminated.
	(1) Normal termination (return value 0)
		Usr 0 00:01:15, Sys 0 00:00:06  -  Run Remote Usage
		Usr 0 00:00:00, Sys 0 00:00:00  -  Run Local Usage
		Usr 0 00:01:15, Sys 0 00:00:06  -  Total Remote Usage
		Usr 0 00:00:00, Sys 0 00:00:00  -  Total Local Usage
	98013  -  Run Bytes Sent By Job
	2236  -  Run Bytes Received By Job
	98013  -  Total Bytes Sent By Job
	2236  -  Total Bytes Received By Job
	Partitionable Resources :    Usage  Request Allocated 
	   Cpus                 :                 1           
	   Disk (KB)            :  1513329        3   2996634 
	   Memory (MB)          :      147     2000      2000 
...
