000 (3356029.000.000) 10/20 19:12:34 Job submitted from host: <137.138.44.75:9618?addrs=137.138.44.75-9618+[2001-1458-d00-1a--b]-9618&alias=bigbird14.cern.ch&noUDP&sock=schedd_2873_37ae_40>
...
040 (3356029.000.000) 10/20 19:14:02 Started transferring input files
	Transferring to host: <128.142.110.50:9618?addrs=128.142.110.50-9618+[--1]-9618&noUDP&sock=13947_ac50_26158>
...
040 (3356029.000.000) 10/20 19:14:02 Finished transferring input files
...
001 (3356029.000.000) 10/20 19:14:03 Job executing on host: <128.142.110.50:9618?addrs=128.142.110.50-9618+[--1]-9618&noUDP&sock=13810_16fd_3>
...
006 (3356029.000.000) 10/20 19:14:12 Image size of job updated: 5176
	5  -  MemoryUsage of job (MB)
	4448  -  ResidentSetSize of job (KB)
...
006 (3356029.000.000) 10/20 19:19:13 Image size of job updated: 181656
	174  -  MemoryUsage of job (MB)
	177708  -  ResidentSetSize of job (KB)
...
006 (3356029.000.000) 10/20 19:24:13 Image size of job updated: 263556
	246  -  MemoryUsage of job (MB)
	251236  -  ResidentSetSize of job (KB)
...
006 (3356029.000.000) 10/20 19:29:14 Image size of job updated: 263556
	246  -  MemoryUsage of job (MB)
	251260  -  ResidentSetSize of job (KB)
...
040 (3356029.000.000) 10/20 19:54:39 Started transferring output files
...
040 (3356029.000.000) 10/20 19:54:39 Finished transferring output files
...
005 (3356029.000.000) 10/20 19:54:39 Job terminated.
	(1) Normal termination (return value 0)
		Usr 0 00:25:33, Sys 0 00:01:42  -  Run Remote Usage
		Usr 0 00:00:00, Sys 0 00:00:00  -  Run Local Usage
		Usr 0 00:25:33, Sys 0 00:01:42  -  Total Remote Usage
		Usr 0 00:00:00, Sys 0 00:00:00  -  Total Local Usage
	172395  -  Run Bytes Sent By Job
	2190  -  Run Bytes Received By Job
	172395  -  Total Bytes Sent By Job
	2190  -  Total Bytes Received By Job
	Partitionable Resources :    Usage  Request Allocated 
	   Cpus                 :                 1           
	   Disk (KB)            : 28541479        3   2013371 
	   Memory (MB)          :      246     2000      2000 
...
