000 (3282556.000.000) 10/09 00:33:10 Job submitted from host: <137.138.44.75:9618?addrs=137.138.44.75-9618+[2001-1458-d00-1a--b]-9618&alias=bigbird14.cern.ch&noUDP&sock=schedd_2873_37ae_40>
...
040 (3282556.000.000) 10/09 00:34:40 Started transferring input files
	Transferring to host: <188.184.132.118:9618?addrs=188.184.132.118-9618+[2001-1458-301-a0--100-6f]-9618&noUDP&sock=2981_2252_19755>
...
040 (3282556.000.000) 10/09 00:34:40 Finished transferring input files
...
001 (3282556.000.000) 10/09 00:34:41 Job executing on host: <188.184.132.118:9618?addrs=188.184.132.118-9618+[2001-1458-301-a0--100-6f]-9618&noUDP&sock=2322_46ff_3>
...
006 (3282556.000.000) 10/09 00:34:50 Image size of job updated: 122652
	60  -  MemoryUsage of job (MB)
	60532  -  ResidentSetSize of job (KB)
...
006 (3282556.000.000) 10/09 00:37:32 Image size of job updated: 374068
	60  -  MemoryUsage of job (MB)
	61188  -  ResidentSetSize of job (KB)
...
040 (3282556.000.000) 10/09 00:37:32 Started transferring output files
...
040 (3282556.000.000) 10/09 00:37:32 Finished transferring output files
...
005 (3282556.000.000) 10/09 00:37:33 Job terminated.
	(1) Normal termination (return value 0)
		Usr 0 00:02:05, Sys 0 00:00:09  -  Run Remote Usage
		Usr 0 00:00:00, Sys 0 00:00:00  -  Run Local Usage
		Usr 0 00:02:05, Sys 0 00:00:09  -  Total Remote Usage
		Usr 0 00:00:00, Sys 0 00:00:00  -  Total Local Usage
	97589  -  Run Bytes Sent By Job
	2236  -  Run Bytes Received By Job
	97589  -  Total Bytes Sent By Job
	2236  -  Total Bytes Received By Job
	Partitionable Resources :    Usage  Request Allocated 
	   Cpus                 :                 1           
	   Disk (KB)            :  2159458        3   1949134 
	   Memory (MB)          :       60     2000      2000 
...
