000 (3282503.000.000) 10/09 00:31:37 Job submitted from host: <137.138.44.75:9618?addrs=137.138.44.75-9618+[2001-1458-d00-1a--b]-9618&alias=bigbird14.cern.ch&noUDP&sock=schedd_2873_37ae_40>
...
040 (3282503.000.000) 10/09 00:34:30 Started transferring input files
	Transferring to host: <188.184.133.191:9618?addrs=188.184.133.191-9618+[2001-1458-301-a0--100-19e]-9618&noUDP&sock=4028_d71d_19698>
...
040 (3282503.000.000) 10/09 00:34:30 Finished transferring input files
...
001 (3282503.000.000) 10/09 00:34:31 Job executing on host: <188.184.133.191:9618?addrs=188.184.133.191-9618+[2001-1458-301-a0--100-19e]-9618&noUDP&sock=2334_8222_3>
...
006 (3282503.000.000) 10/09 00:34:40 Image size of job updated: 120364
	68  -  MemoryUsage of job (MB)
	68720  -  ResidentSetSize of job (KB)
...
006 (3282503.000.000) 10/09 00:37:07 Image size of job updated: 263256
	68  -  MemoryUsage of job (MB)
	68720  -  ResidentSetSize of job (KB)
...
040 (3282503.000.000) 10/09 00:37:07 Started transferring output files
...
040 (3282503.000.000) 10/09 00:37:07 Finished transferring output files
...
005 (3282503.000.000) 10/09 00:37:07 Job terminated.
	(1) Normal termination (return value 0)
		Usr 0 00:01:54, Sys 0 00:00:08  -  Run Remote Usage
		Usr 0 00:00:00, Sys 0 00:00:00  -  Run Local Usage
		Usr 0 00:01:54, Sys 0 00:00:08  -  Total Remote Usage
		Usr 0 00:00:00, Sys 0 00:00:00  -  Total Local Usage
	97461  -  Run Bytes Sent By Job
	2232  -  Run Bytes Received By Job
	97461  -  Total Bytes Sent By Job
	2232  -  Total Bytes Received By Job
	Partitionable Resources :    Usage  Request Allocated 
	   Cpus                 :                 1           
	   Disk (KB)            :  2372444        3   2158880 
	   Memory (MB)          :       68     2000      2000 
...
