000 (3282730.000.000) 10/09 00:37:17 Job submitted from host: <137.138.44.75:9618?addrs=137.138.44.75-9618+[2001-1458-d00-1a--b]-9618&alias=bigbird14.cern.ch&noUDP&sock=schedd_2873_37ae_40>
...
040 (3282730.000.000) 10/09 00:37:22 Started transferring input files
	Transferring to host: <188.184.133.96:9618?addrs=188.184.133.96-9618+[2001-1458-301-a0--100-167]-9618&noUDP&sock=4274_2b67_19674>
...
040 (3282730.000.000) 10/09 00:37:22 Finished transferring input files
...
001 (3282730.000.000) 10/09 00:37:23 Job executing on host: <188.184.133.96:9618?addrs=188.184.133.96-9618+[2001-1458-301-a0--100-167]-9618&noUDP&sock=2387_dca7_3>
...
006 (3282730.000.000) 10/09 00:37:32 Image size of job updated: 250080
	163  -  MemoryUsage of job (MB)
	166460  -  ResidentSetSize of job (KB)
...
006 (3282730.000.000) 10/09 00:38:37 Image size of job updated: 273452
	163  -  MemoryUsage of job (MB)
	166460  -  ResidentSetSize of job (KB)
...
040 (3282730.000.000) 10/09 00:38:37 Started transferring output files
...
040 (3282730.000.000) 10/09 00:38:37 Finished transferring output files
...
005 (3282730.000.000) 10/09 00:38:37 Job terminated.
	(1) Normal termination (return value 0)
		Usr 0 00:00:58, Sys 0 00:00:05  -  Run Remote Usage
		Usr 0 00:00:00, Sys 0 00:00:00  -  Run Local Usage
		Usr 0 00:00:58, Sys 0 00:00:05  -  Total Remote Usage
		Usr 0 00:00:00, Sys 0 00:00:00  -  Total Local Usage
	92530  -  Run Bytes Sent By Job
	2236  -  Run Bytes Received By Job
	92530  -  Total Bytes Sent By Job
	2236  -  Total Bytes Received By Job
	Partitionable Resources :    Usage  Request Allocated 
	   Cpus                 :                 1           
	   Disk (KB)            :  1010720        3   1879516 
	   Memory (MB)          :      163     2000      2000 
...
