000 (3282618.000.000) 10/09 00:34:33 Job submitted from host: <137.138.44.75:9618?addrs=137.138.44.75-9618+[2001-1458-d00-1a--b]-9618&alias=bigbird14.cern.ch&noUDP&sock=schedd_2873_37ae_40>
...
040 (3282618.000.000) 10/09 00:37:02 Started transferring input files
	Transferring to host: <188.184.196.47:9618?addrs=188.184.196.47-9618+[2001-1458-301-102--100-27]-9618&noUDP&sock=7437_ca08_121656>
...
040 (3282618.000.000) 10/09 00:37:02 Finished transferring input files
...
001 (3282618.000.000) 10/09 00:37:03 Job executing on host: <188.184.196.47:9618?addrs=188.184.196.47-9618+[2001-1458-301-102--100-27]-9618&noUDP&sock=5716_476f_3>
...
006 (3282618.000.000) 10/09 00:37:12 Image size of job updated: 197676
	139  -  MemoryUsage of job (MB)
	141900  -  ResidentSetSize of job (KB)
...
006 (3282618.000.000) 10/09 00:39:02 Image size of job updated: 265724
	139  -  MemoryUsage of job (MB)
	142088  -  ResidentSetSize of job (KB)
...
040 (3282618.000.000) 10/09 00:39:02 Started transferring output files
...
040 (3282618.000.000) 10/09 00:39:02 Finished transferring output files
...
005 (3282618.000.000) 10/09 00:39:02 Job terminated.
	(1) Normal termination (return value 0)
		Usr 0 00:01:23, Sys 0 00:00:06  -  Run Remote Usage
		Usr 0 00:00:00, Sys 0 00:00:00  -  Run Local Usage
		Usr 0 00:01:23, Sys 0 00:00:06  -  Total Remote Usage
		Usr 0 00:00:00, Sys 0 00:00:00  -  Total Local Usage
	97983  -  Run Bytes Sent By Job
	2236  -  Run Bytes Received By Job
	97983  -  Total Bytes Sent By Job
	2236  -  Total Bytes Received By Job
	Partitionable Resources :    Usage  Request Allocated 
	   Cpus                 :                 1           
	   Disk (KB)            :  1602379        3   2950464 
	   Memory (MB)          :      139     2000      2000 
...
