000 (3282588.000.000) 10/09 00:33:50 Job submitted from host: <137.138.44.75:9618?addrs=137.138.44.75-9618+[2001-1458-d00-1a--b]-9618&alias=bigbird14.cern.ch&noUDP&sock=schedd_2873_37ae_40>
...
040 (3282588.000.000) 10/09 00:34:45 Started transferring input files
	Transferring to host: <188.184.186.105:9618?addrs=188.184.186.105-9618+[2001-1458-301-f8--100-50]-9618&noUDP&sock=3871_3836_20403>
...
040 (3282588.000.000) 10/09 00:34:45 Finished transferring input files
...
001 (3282588.000.000) 10/09 00:34:46 Job executing on host: <188.184.186.105:9618?addrs=188.184.186.105-9618+[2001-1458-301-f8--100-50]-9618&noUDP&sock=2342_fee4_3>
...
006 (3282588.000.000) 10/09 00:34:55 Image size of job updated: 115564
	64  -  MemoryUsage of job (MB)
	65236  -  ResidentSetSize of job (KB)
...
006 (3282588.000.000) 10/09 00:37:52 Image size of job updated: 248112
	64  -  MemoryUsage of job (MB)
	65236  -  ResidentSetSize of job (KB)
...
040 (3282588.000.000) 10/09 00:37:52 Started transferring output files
...
040 (3282588.000.000) 10/09 00:37:52 Finished transferring output files
...
005 (3282588.000.000) 10/09 00:37:52 Job terminated.
	(1) Normal termination (return value 0)
		Usr 0 00:02:15, Sys 0 00:00:09  -  Run Remote Usage
		Usr 0 00:00:00, Sys 0 00:00:00  -  Run Local Usage
		Usr 0 00:02:15, Sys 0 00:00:09  -  Total Remote Usage
		Usr 0 00:00:00, Sys 0 00:00:00  -  Total Local Usage
	97541  -  Run Bytes Sent By Job
	2236  -  Run Bytes Received By Job
	97541  -  Total Bytes Sent By Job
	2236  -  Total Bytes Received By Job
	Partitionable Resources :    Usage  Request Allocated 
	   Cpus                 :                 1           
	   Disk (KB)            :  2457993        3   2130398 
	   Memory (MB)          :       64     2000      2000 
...
