000 (3283595.000.000) 10/09 00:54:07 Job submitted from host: <137.138.44.75:9618?addrs=137.138.44.75-9618+[2001-1458-d00-1a--b]-9618&alias=bigbird14.cern.ch&noUDP&sock=schedd_2873_37ae_40>
...
040 (3283595.000.000) 10/09 01:06:38 Started transferring input files
	Transferring to host: <128.142.116.26:9618?addrs=128.142.116.26-9618+[2001-1458-301-ae--100-141]-9618&noUDP&sock=3673_b5ee_8257>
...
040 (3283595.000.000) 10/09 01:06:38 Finished transferring input files
...
001 (3283595.000.000) 10/09 01:06:39 Job executing on host: <128.142.116.26:9618?addrs=128.142.116.26-9618+[2001-1458-301-ae--100-141]-9618&noUDP&sock=1821_a20d_3>
...
006 (3283595.000.000) 10/09 01:06:48 Image size of job updated: 239032
	153  -  MemoryUsage of job (MB)
	156440  -  ResidentSetSize of job (KB)
...
006 (3283595.000.000) 10/09 01:11:49 Image size of job updated: 239032
	153  -  MemoryUsage of job (MB)
	156668  -  ResidentSetSize of job (KB)
...
040 (3283595.000.000) 10/09 01:14:25 Entered queue to transfer output files
...
040 (3283595.000.000) 10/09 01:22:34 Started transferring output files
...
040 (3283595.000.000) 10/09 01:22:35 Finished transferring output files
...
005 (3283595.000.000) 10/09 01:22:35 Job terminated.
	(1) Normal termination (return value 0)
		Usr 0 00:06:14, Sys 0 00:00:19  -  Run Remote Usage
		Usr 0 00:00:00, Sys 0 00:00:00  -  Run Local Usage
		Usr 0 00:06:14, Sys 0 00:00:19  -  Total Remote Usage
		Usr 0 00:00:00, Sys 0 00:00:00  -  Total Local Usage
	108289  -  Run Bytes Sent By Job
	2232  -  Run Bytes Received By Job
	108289  -  Total Bytes Sent By Job
	2232  -  Total Bytes Received By Job
	Partitionable Resources :    Usage  Request Allocated 
	   Cpus                 :                 1           
	   Disk (KB)            :  5613504        3   2029219 
	   Memory (MB)          :      153     2000      2000 
...
