000 (3283674.000.000) 10/09 00:55:13 Job submitted from host: <137.138.44.75:9618?addrs=137.138.44.75-9618+[2001-1458-d00-1a--b]-9618&alias=bigbird14.cern.ch&noUDP&sock=schedd_2873_37ae_40>
...
040 (3283674.000.000) 10/09 01:01:32 Started transferring input files
	Transferring to host: <128.142.114.139:9618?addrs=128.142.114.139-9618+[2001-1458-301-90--100-72b]-9618&noUDP&sock=14030_2774_22922>
...
040 (3283674.000.000) 10/09 01:01:32 Finished transferring input files
...
001 (3283674.000.000) 10/09 01:01:33 Job executing on host: <128.142.114.139:9618?addrs=128.142.114.139-9618+[2001-1458-301-90--100-72b]-9618&noUDP&sock=13935_d454_3>
...
006 (3283674.000.000) 10/09 01:01:42 Image size of job updated: 72
	1  -  MemoryUsage of job (MB)
	72  -  ResidentSetSize of job (KB)
...
006 (3283674.000.000) 10/09 01:06:43 Image size of job updated: 218484
	156  -  MemoryUsage of job (MB)
	158764  -  ResidentSetSize of job (KB)
...
006 (3283674.000.000) 10/09 01:11:44 Image size of job updated: 218484
	158  -  MemoryUsage of job (MB)
	161428  -  ResidentSetSize of job (KB)
...
006 (3283674.000.000) 10/09 01:22:35 Image size of job updated: 218484
	163  -  MemoryUsage of job (MB)
	166616  -  ResidentSetSize of job (KB)
...
040 (3283674.000.000) 10/09 01:22:35 Started transferring output files
...
040 (3283674.000.000) 10/09 01:22:35 Finished transferring output files
...
005 (3283674.000.000) 10/09 01:22:38 Job terminated.
	(1) Normal termination (return value 0)
		Usr 0 00:10:55, Sys 0 00:00:59  -  Run Remote Usage
		Usr 0 00:00:00, Sys 0 00:00:00  -  Run Local Usage
		Usr 0 00:10:55, Sys 0 00:00:59  -  Total Remote Usage
		Usr 0 00:00:00, Sys 0 00:00:00  -  Total Local Usage
	130669  -  Run Bytes Sent By Job
	2232  -  Run Bytes Received By Job
	130669  -  Total Bytes Sent By Job
	2232  -  Total Bytes Received By Job
	Partitionable Resources :    Usage  Request Allocated 
	   Cpus                 :                 1           
	   Disk (KB)            : 15669358        3   2088634 
	   Memory (MB)          :      163     2000      2000 
...
