000 (3356004.000.000) 10/20 19:11:58 Job submitted from host: <137.138.44.75:9618?addrs=137.138.44.75-9618+[2001-1458-d00-1a--b]-9618&alias=bigbird14.cern.ch&noUDP&sock=schedd_2873_37ae_40>
...
040 (3356004.000.000) 10/20 19:13:57 Started transferring input files
	Transferring to host: <188.184.183.104:9618?addrs=188.184.183.104-9618+[2001-1458-301-2b--100-170]-9618&noUDP&sock=5164_414b_25508>
...
040 (3356004.000.000) 10/20 19:13:57 Finished transferring input files
...
001 (3356004.000.000) 10/20 19:13:58 Job executing on host: <188.184.183.104:9618?addrs=188.184.183.104-9618+[2001-1458-301-2b--100-170]-9618&noUDP&sock=3283_7183_3>
...
006 (3356004.000.000) 10/20 19:14:06 Image size of job updated: 24316
	11  -  MemoryUsage of job (MB)
	10812  -  ResidentSetSize of job (KB)
...
006 (3356004.000.000) 10/20 19:19:06 Image size of job updated: 256428
	168  -  MemoryUsage of job (MB)
	171052  -  ResidentSetSize of job (KB)
...
006 (3356004.000.000) 10/20 19:24:07 Image size of job updated: 269076
	182  -  MemoryUsage of job (MB)
	185548  -  ResidentSetSize of job (KB)
...
006 (3356004.000.000) 10/20 19:29:07 Image size of job updated: 275692
	188  -  MemoryUsage of job (MB)
	192164  -  ResidentSetSize of job (KB)
...
006 (3356004.000.000) 10/20 19:34:07 Image size of job updated: 310088
	213  -  MemoryUsage of job (MB)
	217312  -  ResidentSetSize of job (KB)
...
006 (3356004.000.000) 10/20 19:39:08 Image size of job updated: 310088
	213  -  MemoryUsage of job (MB)
	217564  -  ResidentSetSize of job (KB)
...
006 (3356004.000.000) 10/20 19:44:08 Image size of job updated: 310088
	248  -  MemoryUsage of job (MB)
	253396  -  ResidentSetSize of job (KB)
...
040 (3356004.000.000) 10/20 19:48:14 Started transferring output files
...
040 (3356004.000.000) 10/20 19:48:14 Finished transferring output files
...
005 (3356004.000.000) 10/20 19:48:14 Job terminated.
	(1) Normal termination (return value 0)
		Usr 0 00:26:03, Sys 0 00:01:15  -  Run Remote Usage
		Usr 0 00:00:00, Sys 0 00:00:00  -  Run Local Usage
		Usr 0 00:26:03, Sys 0 00:01:15  -  Total Remote Usage
		Usr 0 00:00:00, Sys 0 00:00:00  -  Total Local Usage
	172933  -  Run Bytes Sent By Job
	2190  -  Run Bytes Received By Job
	172933  -  Total Bytes Sent By Job
	2190  -  Total Bytes Received By Job
	Partitionable Resources :    Usage  Request Allocated 
	   Cpus                 :                 1           
	   Disk (KB)            : 23965300        3   1943805 
	   Memory (MB)          :      248     2000      2000 
...
