000 (3282615.000.000) 10/09 00:34:28 Job submitted from host: <137.138.44.75:9618?addrs=137.138.44.75-9618+[2001-1458-d00-1a--b]-9618&alias=bigbird14.cern.ch&noUDP&sock=schedd_2873_37ae_40>
...
040 (3282615.000.000) 10/09 00:37:03 Started transferring input files
	Transferring to host: <188.184.211.45:9618?addrs=188.184.211.45-9618+[2001-1458-301-10b--100-12d]-9618&noUDP&sock=7571_344d_120651>
...
040 (3282615.000.000) 10/09 00:37:03 Finished transferring input files
...
001 (3282615.000.000) 10/09 00:37:04 Job executing on host: <188.184.211.45:9618?addrs=188.184.211.45-9618+[2001-1458-301-10b--100-12d]-9618&noUDP&sock=5683_a4cf_3>
...
006 (3282615.000.000) 10/09 00:37:13 Image size of job updated: 111172
	63  -  MemoryUsage of job (MB)
	63532  -  ResidentSetSize of job (KB)
...
006 (3282615.000.000) 10/09 00:39:07 Image size of job updated: 111172
	63  -  MemoryUsage of job (MB)
	63536  -  ResidentSetSize of job (KB)
...
040 (3282615.000.000) 10/09 00:39:07 Started transferring output files
...
040 (3282615.000.000) 10/09 00:39:07 Finished transferring output files
...
005 (3282615.000.000) 10/09 00:39:08 Job terminated.
	(1) Normal termination (return value 0)
		Usr 0 00:01:26, Sys 0 00:00:06  -  Run Remote Usage
		Usr 0 00:00:00, Sys 0 00:00:00  -  Run Local Usage
		Usr 0 00:01:26, Sys 0 00:00:06  -  Total Remote Usage
		Usr 0 00:00:00, Sys 0 00:00:00  -  Total Local Usage
	98024  -  Run Bytes Sent By Job
	2236  -  Run Bytes Received By Job
	98024  -  Total Bytes Sent By Job
	2236  -  Total Bytes Received By Job
	Partitionable Resources :    Usage  Request Allocated 
	   Cpus                 :                 1           
	   Disk (KB)            :  1730706        3   3300190 
	   Memory (MB)          :       63     2000      2000 
...
