000 (3355993.000.000) 10/20 19:11:18 Job submitted from host: <137.138.44.75:9618?addrs=137.138.44.75-9618+[2001-1458-d00-1a--b]-9618&alias=bigbird14.cern.ch&noUDP&sock=schedd_2873_37ae_40>
...
040 (3355993.000.000) 10/20 19:13:55 Started transferring input files
	Transferring to host: <188.184.183.33:9618?addrs=188.184.183.33-9618+[2001-1458-301-2b--100-161]-9618&noUDP&sock=5070_0607_25143>
...
040 (3355993.000.000) 10/20 19:13:55 Finished transferring input files
...
001 (3355993.000.000) 10/20 19:13:56 Job executing on host: <188.184.183.33:9618?addrs=188.184.183.33-9618+[2001-1458-301-2b--100-161]-9618&noUDP&sock=3294_fd0d_3>
...
006 (3355993.000.000) 10/20 19:14:05 Image size of job updated: 119868
	67  -  MemoryUsage of job (MB)
	68304  -  ResidentSetSize of job (KB)
...
006 (3355993.000.000) 10/20 19:19:06 Image size of job updated: 320120
	230  -  MemoryUsage of job (MB)
	234748  -  ResidentSetSize of job (KB)
...
006 (3355993.000.000) 10/20 19:25:06 Image size of job updated: 869768
	230  -  MemoryUsage of job (MB)
	234748  -  ResidentSetSize of job (KB)
...
040 (3355993.000.000) 10/20 19:25:06 Started transferring output files
...
040 (3355993.000.000) 10/20 19:25:06 Finished transferring output files
...
005 (3355993.000.000) 10/20 19:25:06 Job terminated.
	(1) Normal termination (return value 0)
		Usr 0 00:09:01, Sys 0 00:00:26  -  Run Remote Usage
		Usr 0 00:00:00, Sys 0 00:00:00  -  Run Local Usage
		Usr 0 00:09:01, Sys 0 00:00:26  -  Total Remote Usage
		Usr 0 00:00:00, Sys 0 00:00:00  -  Total Local Usage
	119549  -  Run Bytes Sent By Job
	2190  -  Run Bytes Received By Job
	119549  -  Total Bytes Sent By Job
	2190  -  Total Bytes Received By Job
	Partitionable Resources :    Usage  Request Allocated 
	   Cpus                 :                 1           
	   Disk (KB)            :  8113407        3   3236085 
	   Memory (MB)          :      230     2000      2000 
...
