000 (3282932.000.000) 10/09 00:40:52 Job submitted from host: <137.138.44.75:9618?addrs=137.138.44.75-9618+[2001-1458-d00-1a--b]-9618&alias=bigbird14.cern.ch&noUDP&sock=schedd_2873_37ae_40>
...
040 (3282932.000.000) 10/09 00:44:04 Started transferring input files
	Transferring to host: <128.142.112.142:9618?addrs=128.142.112.142-9618+[2001-1458-301-90--100-51c]-9618&noUDP&sock=13984_be32_23620>
...
040 (3282932.000.000) 10/09 00:44:04 Finished transferring input files
...
001 (3282932.000.000) 10/09 00:44:05 Job executing on host: <128.142.112.142:9618?addrs=128.142.112.142-9618+[2001-1458-301-90--100-51c]-9618&noUDP&sock=13889_46f9_3>
...
006 (3282932.000.000) 10/09 00:44:14 Image size of job updated: 87992
	38  -  MemoryUsage of job (MB)
	38520  -  ResidentSetSize of job (KB)
...
006 (3282932.000.000) 10/09 00:44:54 Image size of job updated: 253956
	38  -  MemoryUsage of job (MB)
	38520  -  ResidentSetSize of job (KB)
...
040 (3282932.000.000) 10/09 00:44:54 Started transferring output files
...
040 (3282932.000.000) 10/09 00:44:54 Finished transferring output files
...
004 (3282932.000.000) 10/09 00:44:54 Job was evicted.
	(0) CPU times
		Usr 0 00:00:23, Sys 0 00:00:03  -  Run Remote Usage
		Usr 0 00:00:00, Sys 0 00:00:00  -  Run Local Usage
	85771  -  Run Bytes Sent By Job
	2236  -  Run Bytes Received By Job
	Partitionable Resources :    Usage  Request Allocated 
	   Cpus                 :                 1           
	   Disk (KB)            :   575465        3   2008374 
	   Memory (MB)          :       38     2000      2000 
...
009 (3282932.000.000) 10/09 00:44:54 Job was aborted by the user.
	via condor_rm (by user gkaratha)
...
