000 (3282739.000.000) 10/09 00:37:25 Job submitted from host: <137.138.44.75:9618?addrs=137.138.44.75-9618+[2001-1458-d00-1a--b]-9618&alias=bigbird14.cern.ch&noUDP&sock=schedd_2873_37ae_40>
...
040 (3282739.000.000) 10/09 00:37:31 Started transferring input files
	Transferring to host: <188.184.142.33:9618?addrs=188.184.142.33-9618+[2001-1458-301-46--100-37]-9618&noUDP&sock=4409_4a0c_19779>
...
040 (3282739.000.000) 10/09 00:37:31 Finished transferring input files
...
001 (3282739.000.000) 10/09 00:37:32 Job executing on host: <188.184.142.33:9618?addrs=188.184.142.33-9618+[2001-1458-301-46--100-37]-9618&noUDP&sock=2385_7d77_3>
...
006 (3282739.000.000) 10/09 00:37:40 Image size of job updated: 250252
	163  -  MemoryUsage of job (MB)
	166532  -  ResidentSetSize of job (KB)
...
006 (3282739.000.000) 10/09 00:38:34 Image size of job updated: 262068
	163  -  MemoryUsage of job (MB)
	166532  -  ResidentSetSize of job (KB)
...
040 (3282739.000.000) 10/09 00:38:34 Started transferring output files
...
040 (3282739.000.000) 10/09 00:38:34 Finished transferring output files
...
005 (3282739.000.000) 10/09 00:38:35 Job terminated.
	(1) Normal termination (return value 0)
		Usr 0 00:00:47, Sys 0 00:00:04  -  Run Remote Usage
		Usr 0 00:00:00, Sys 0 00:00:00  -  Run Local Usage
		Usr 0 00:00:47, Sys 0 00:00:04  -  Total Remote Usage
		Usr 0 00:00:00, Sys 0 00:00:00  -  Total Local Usage
	93060  -  Run Bytes Sent By Job
	2236  -  Run Bytes Received By Job
	93060  -  Total Bytes Sent By Job
	2236  -  Total Bytes Received By Job
	Partitionable Resources :    Usage  Request Allocated 
	   Cpus                 :                 1           
	   Disk (KB)            :   865176        3   2173514 
	   Memory (MB)          :      163     2000      2000 
...
