000 (3282674.000.000) 10/09 00:36:00 Job submitted from host: <137.138.44.75:9618?addrs=137.138.44.75-9618+[2001-1458-d00-1a--b]-9618&alias=bigbird14.cern.ch&noUDP&sock=schedd_2873_37ae_40>
...
040 (3282674.000.000) 10/09 00:37:14 Started transferring input files
	Transferring to host: <188.184.210.50:9618?addrs=188.184.210.50-9618+[2001-1458-301-10b--100-19]-9618&noUDP&sock=20379_9956_137815>
...
040 (3282674.000.000) 10/09 00:37:14 Finished transferring input files
...
001 (3282674.000.000) 10/09 00:37:15 Job executing on host: <188.184.210.50:9618?addrs=188.184.210.50-9618+[2001-1458-301-10b--100-19]-9618&noUDP&sock=20248_05b6_3>
...
006 (3282674.000.000) 10/09 00:37:24 Image size of job updated: 120364
	68  -  MemoryUsage of job (MB)
	68716  -  ResidentSetSize of job (KB)
...
006 (3282674.000.000) 10/09 00:39:52 Image size of job updated: 261904
	68  -  MemoryUsage of job (MB)
	68716  -  ResidentSetSize of job (KB)
...
040 (3282674.000.000) 10/09 00:39:52 Started transferring output files
...
040 (3282674.000.000) 10/09 00:39:53 Finished transferring output files
...
005 (3282674.000.000) 10/09 00:39:54 Job terminated.
	(1) Normal termination (return value 0)
		Usr 0 00:01:50, Sys 0 00:00:08  -  Run Remote Usage
		Usr 0 00:00:00, Sys 0 00:00:00  -  Run Local Usage
		Usr 0 00:01:50, Sys 0 00:00:08  -  Total Remote Usage
		Usr 0 00:00:00, Sys 0 00:00:00  -  Total Local Usage
	97955  -  Run Bytes Sent By Job
	2236  -  Run Bytes Received By Job
	97955  -  Total Bytes Sent By Job
	2236  -  Total Bytes Received By Job
	Partitionable Resources :    Usage  Request Allocated 
	   Cpus                 :                 1           
	   Disk (KB)            :  2302284        3   2820554 
	   Memory (MB)          :       68     2000      2000 
...
