000 (3356052.000.000) 10/20 19:13:22 Job submitted from host: <137.138.44.75:9618?addrs=137.138.44.75-9618+[2001-1458-d00-1a--b]-9618&alias=bigbird14.cern.ch&noUDP&sock=schedd_2873_37ae_40>
...
040 (3356052.000.000) 10/20 19:19:59 Started transferring input files
	Transferring to host: <188.185.168.83:9618?addrs=188.185.168.83-9618+[2001-1459-301-a8--100-5a]-9618&noUDP&sock=4599_2954_86799>
...
040 (3356052.000.000) 10/20 19:19:59 Finished transferring input files
...
001 (3356052.000.000) 10/20 19:20:00 Job executing on host: <188.185.168.83:9618?addrs=188.185.168.83-9618+[2001-1459-301-a8--100-5a]-9618&noUDP&sock=4227_f2ea_3>
...
006 (3356052.000.000) 10/20 19:20:08 Image size of job updated: 1060
	2  -  MemoryUsage of job (MB)
	1052  -  ResidentSetSize of job (KB)
...
006 (3356052.000.000) 10/20 19:25:08 Image size of job updated: 232420
	168  -  MemoryUsage of job (MB)
	171216  -  ResidentSetSize of job (KB)
...
040 (3356052.000.000) 10/20 19:45:50 Started transferring output files
...
040 (3356052.000.000) 10/20 19:45:50 Finished transferring output files
...
005 (3356052.000.000) 10/20 19:45:51 Job terminated.
	(1) Normal termination (return value 0)
		Usr 0 00:14:32, Sys 0 00:00:58  -  Run Remote Usage
		Usr 0 00:00:00, Sys 0 00:00:00  -  Run Local Usage
		Usr 0 00:14:32, Sys 0 00:00:58  -  Total Remote Usage
		Usr 0 00:00:00, Sys 0 00:00:00  -  Total Local Usage
	127900  -  Run Bytes Sent By Job
	2190  -  Run Bytes Received By Job
	127900  -  Total Bytes Sent By Job
	2190  -  Total Bytes Received By Job
	Partitionable Resources :    Usage  Request Allocated 
	   Cpus                 :                 1           
	   Disk (KB)            : 14605028        3   2174061 
	   Memory (MB)          :      168     2000      2000 
...
