000 (3356019.000.000) 10/20 19:12:20 Job submitted from host: <137.138.44.75:9618?addrs=137.138.44.75-9618+[2001-1458-d00-1a--b]-9618&alias=bigbird14.cern.ch&noUDP&sock=schedd_2873_37ae_40>
...
040 (3356019.000.000) 10/20 19:13:59 Started transferring input files
	Transferring to host: <188.184.182.64:9618?addrs=188.184.182.64-9618+[2001-1458-301-2b--100-3b]-9618&noUDP&sock=5106_6389_25325>
...
040 (3356019.000.000) 10/20 19:13:59 Finished transferring input files
...
001 (3356019.000.000) 10/20 19:14:00 Job executing on host: <188.184.182.64:9618?addrs=188.184.182.64-9618+[2001-1458-301-2b--100-3b]-9618&noUDP&sock=3283_7183_3>
...
006 (3356019.000.000) 10/20 19:14:09 Image size of job updated: 119416
	67  -  MemoryUsage of job (MB)
	67924  -  ResidentSetSize of job (KB)
...
006 (3356019.000.000) 10/20 19:19:09 Image size of job updated: 268220
	181  -  MemoryUsage of job (MB)
	184716  -  ResidentSetSize of job (KB)
...
006 (3356019.000.000) 10/20 19:24:09 Image size of job updated: 273436
	186  -  MemoryUsage of job (MB)
	189932  -  ResidentSetSize of job (KB)
...
040 (3356019.000.000) 10/20 19:24:42 Started transferring output files
...
040 (3356019.000.000) 10/20 19:24:42 Finished transferring output files
...
005 (3356019.000.000) 10/20 19:24:42 Job terminated.
	(1) Normal termination (return value 0)
		Usr 0 00:08:15, Sys 0 00:00:31  -  Run Remote Usage
		Usr 0 00:00:00, Sys 0 00:00:00  -  Run Local Usage
		Usr 0 00:08:15, Sys 0 00:00:31  -  Total Remote Usage
		Usr 0 00:00:00, Sys 0 00:00:00  -  Total Local Usage
	118379  -  Run Bytes Sent By Job
	2190  -  Run Bytes Received By Job
	118379  -  Total Bytes Sent By Job
	2190  -  Total Bytes Received By Job
	Partitionable Resources :    Usage  Request Allocated 
	   Cpus                 :                 1           
	   Disk (KB)            : 11135326        3   2115851 
	   Memory (MB)          :      186     2000      2000 
...
