000 (3282524.000.000) 10/09 00:32:27 Job submitted from host: <137.138.44.75:9618?addrs=137.138.44.75-9618+[2001-1458-d00-1a--b]-9618&alias=bigbird14.cern.ch&noUDP&sock=schedd_2873_37ae_40>
...
040 (3282524.000.000) 10/09 00:34:34 Started transferring input files
	Transferring to host: <128.142.133.119:9618?addrs=128.142.133.119-9618+[2001-1458-301-32--100-7b]-9618&noUDP&sock=4356_f22a_20388>
...
040 (3282524.000.000) 10/09 00:34:34 Finished transferring input files
...
001 (3282524.000.000) 10/09 00:34:35 Job executing on host: <128.142.133.119:9618?addrs=128.142.133.119-9618+[2001-1458-301-32--100-7b]-9618&noUDP&sock=2414_61b6_3>
...
006 (3282524.000.000) 10/09 00:34:43 Image size of job updated: 116924
	56  -  MemoryUsage of job (MB)
	57304  -  ResidentSetSize of job (KB)
...
006 (3282524.000.000) 10/09 00:37:16 Image size of job updated: 116924
	57  -  MemoryUsage of job (MB)
	58028  -  ResidentSetSize of job (KB)
...
040 (3282524.000.000) 10/09 00:37:17 Started transferring output files
...
040 (3282524.000.000) 10/09 00:37:17 Finished transferring output files
...
005 (3282524.000.000) 10/09 00:37:17 Job terminated.
	(1) Normal termination (return value 0)
		Usr 0 00:01:59, Sys 0 00:00:09  -  Run Remote Usage
		Usr 0 00:00:00, Sys 0 00:00:00  -  Run Local Usage
		Usr 0 00:01:59, Sys 0 00:00:09  -  Total Remote Usage
		Usr 0 00:00:00, Sys 0 00:00:00  -  Total Local Usage
	98057  -  Run Bytes Sent By Job
	2236  -  Run Bytes Received By Job
	98057  -  Total Bytes Sent By Job
	2236  -  Total Bytes Received By Job
	Partitionable Resources :    Usage  Request Allocated 
	   Cpus                 :                 1           
	   Disk (KB)            :  2283081        3   2129437 
	   Memory (MB)          :       57     2000      2000 
...
