000 (3356050.000.000) 10/20 19:13:01 Job submitted from host: <137.138.44.75:9618?addrs=137.138.44.75-9618+[2001-1458-d00-1a--b]-9618&alias=bigbird14.cern.ch&noUDP&sock=schedd_2873_37ae_40>
...
040 (3356050.000.000) 10/20 19:14:05 Started transferring input files
	Transferring to host: <128.142.111.116:9618?addrs=128.142.111.116-9618+[--1]-9618&noUDP&sock=13930_b1f0_26316>
...
040 (3356050.000.000) 10/20 19:14:05 Finished transferring input files
...
001 (3356050.000.000) 10/20 19:14:06 Job executing on host: <128.142.111.116:9618?addrs=128.142.111.116-9618+[--1]-9618&noUDP&sock=13833_ddab_3>
...
006 (3356050.000.000) 10/20 19:14:16 Image size of job updated: 7316
	6  -  MemoryUsage of job (MB)
	6068  -  ResidentSetSize of job (KB)
...
006 (3356050.000.000) 10/20 19:19:16 Image size of job updated: 279988
	229  -  MemoryUsage of job (MB)
	233608  -  ResidentSetSize of job (KB)
...
040 (3356050.000.000) 10/20 19:30:55 Started transferring output files
...
040 (3356050.000.000) 10/20 19:30:56 Finished transferring output files
...
005 (3356050.000.000) 10/20 19:30:56 Job terminated.
	(1) Normal termination (return value 0)
		Usr 0 00:10:06, Sys 0 00:00:43  -  Run Remote Usage
		Usr 0 00:00:00, Sys 0 00:00:00  -  Run Local Usage
		Usr 0 00:10:06, Sys 0 00:00:43  -  Total Remote Usage
		Usr 0 00:00:00, Sys 0 00:00:00  -  Total Local Usage
	127263  -  Run Bytes Sent By Job
	2190  -  Run Bytes Received By Job
	127263  -  Total Bytes Sent By Job
	2190  -  Total Bytes Received By Job
	Partitionable Resources :    Usage  Request Allocated 
	   Cpus                 :                 1           
	   Disk (KB)            : 11623450        3   2181113 
	   Memory (MB)          :      229     2000      2000 
...
