000 (3282736.000.000) 10/09 00:37:22 Job submitted from host: <137.138.44.75:9618?addrs=137.138.44.75-9618+[2001-1458-d00-1a--b]-9618&alias=bigbird14.cern.ch&noUDP&sock=schedd_2873_37ae_40>
...
040 (3282736.000.000) 10/09 00:37:30 Started transferring input files
	Transferring to host: <188.184.133.134:9618?addrs=188.184.133.134-9618+[2001-1458-301-a0--100-171]-9618&noUDP&sock=4189_4783_20160>
...
040 (3282736.000.000) 10/09 00:37:30 Finished transferring input files
...
001 (3282736.000.000) 10/09 00:37:31 Job executing on host: <188.184.133.134:9618?addrs=188.184.133.134-9618+[2001-1458-301-a0--100-171]-9618&noUDP&sock=2325_55c8_3>
...
006 (3282736.000.000) 10/09 00:37:39 Image size of job updated: 250348
	163  -  MemoryUsage of job (MB)
	166628  -  ResidentSetSize of job (KB)
...
006 (3282736.000.000) 10/09 00:38:37 Image size of job updated: 257580
	163  -  MemoryUsage of job (MB)
	166628  -  ResidentSetSize of job (KB)
...
040 (3282736.000.000) 10/09 00:38:37 Started transferring output files
...
040 (3282736.000.000) 10/09 00:38:38 Finished transferring output files
...
005 (3282736.000.000) 10/09 00:38:38 Job terminated.
	(1) Normal termination (return value 0)
		Usr 0 00:00:52, Sys 0 00:00:04  -  Run Remote Usage
		Usr 0 00:00:00, Sys 0 00:00:00  -  Run Local Usage
		Usr 0 00:00:52, Sys 0 00:00:04  -  Total Remote Usage
		Usr 0 00:00:00, Sys 0 00:00:00  -  Total Local Usage
	92570  -  Run Bytes Sent By Job
	2236  -  Run Bytes Received By Job
	92570  -  Total Bytes Sent By Job
	2236  -  Total Bytes Received By Job
	Partitionable Resources :    Usage  Request Allocated 
	   Cpus                 :                 1           
	   Disk (KB)            :   967419        3   2021132 
	   Memory (MB)          :      163     2000      2000 
...
