000 (3283455.000.000) 10/09 00:51:32 Job submitted from host: <137.138.44.75:9618?addrs=137.138.44.75-9618+[2001-1458-d00-1a--b]-9618&alias=bigbird14.cern.ch&noUDP&sock=schedd_2873_37ae_40>
...
040 (3283455.000.000) 10/09 00:53:40 Started transferring input files
	Transferring to host: <128.142.100.52:9618?addrs=128.142.100.52-9618+[2001-1458-301-89--100-1b]-9618&noUDP&sock=2366_cf99_30506>
...
040 (3283455.000.000) 10/09 00:53:40 Finished transferring input files
...
001 (3283455.000.000) 10/09 00:53:41 Job executing on host: <128.142.100.52:9618?addrs=128.142.100.52-9618+[2001-1458-301-89--100-1b]-9618&noUDP&sock=1831_7dff_3>
...
006 (3283455.000.000) 10/09 00:53:50 Image size of job updated: 165796
	147  -  MemoryUsage of job (MB)
	150084  -  ResidentSetSize of job (KB)
...
006 (3283455.000.000) 10/09 00:58:52 Image size of job updated: 206444
	159  -  MemoryUsage of job (MB)
	161880  -  ResidentSetSize of job (KB)
...
006 (3283455.000.000) 10/09 01:03:52 Image size of job updated: 206444
	162  -  MemoryUsage of job (MB)
	165696  -  ResidentSetSize of job (KB)
...
006 (3283455.000.000) 10/09 01:08:52 Image size of job updated: 206444
	163  -  MemoryUsage of job (MB)
	166352  -  ResidentSetSize of job (KB)
...
040 (3283455.000.000) 10/09 01:13:30 Entered queue to transfer output files
...
040 (3283455.000.000) 10/09 01:22:34 Started transferring output files
...
040 (3283455.000.000) 10/09 01:22:34 Finished transferring output files
...
005 (3283455.000.000) 10/09 01:22:35 Job terminated.
	(1) Normal termination (return value 0)
		Usr 0 00:14:14, Sys 0 00:00:48  -  Run Remote Usage
		Usr 0 00:00:00, Sys 0 00:00:00  -  Run Local Usage
		Usr 0 00:14:14, Sys 0 00:00:48  -  Total Remote Usage
		Usr 0 00:00:00, Sys 0 00:00:00  -  Total Local Usage
	130708  -  Run Bytes Sent By Job
	2236  -  Run Bytes Received By Job
	130708  -  Total Bytes Sent By Job
	2236  -  Total Bytes Received By Job
	Partitionable Resources :    Usage  Request Allocated 
	   Cpus                 :                 1           
	   Disk (KB)            : 14728726        3   2153367 
	   Memory (MB)          :      163     2000      2000 
...
