000 (3283589.000.000) 10/09 00:54:02 Job submitted from host: <137.138.44.75:9618?addrs=137.138.44.75-9618+[2001-1458-d00-1a--b]-9618&alias=bigbird14.cern.ch&noUDP&sock=schedd_2873_37ae_40>
...
040 (3283589.000.000) 10/09 01:05:55 Started transferring input files
	Transferring to host: <128.142.118.164:9618?addrs=128.142.118.164-9618+[2001-1458-301-ae--100-3d6]-9618&noUDP&sock=3662_f5ce_8863>
...
040 (3283589.000.000) 10/09 01:05:55 Finished transferring input files
...
001 (3283589.000.000) 10/09 01:05:56 Job executing on host: <128.142.118.164:9618?addrs=128.142.118.164-9618+[2001-1458-301-ae--100-3d6]-9618&noUDP&sock=1827_bf9e_3>
...
006 (3283589.000.000) 10/09 01:06:04 Image size of job updated: 263220
	203  -  MemoryUsage of job (MB)
	207432  -  ResidentSetSize of job (KB)
...
006 (3283589.000.000) 10/09 01:11:04 Image size of job updated: 331576
	284  -  MemoryUsage of job (MB)
	290600  -  ResidentSetSize of job (KB)
...
040 (3283589.000.000) 10/09 01:25:17 Started transferring output files
...
040 (3283589.000.000) 10/09 01:25:17 Finished transferring output files
...
005 (3283589.000.000) 10/09 01:25:19 Job terminated.
	(1) Normal termination (return value 0)
		Usr 0 00:09:34, Sys 0 00:00:26  -  Run Remote Usage
		Usr 0 00:00:00, Sys 0 00:00:00  -  Run Local Usage
		Usr 0 00:09:34, Sys 0 00:00:26  -  Total Remote Usage
		Usr 0 00:00:00, Sys 0 00:00:00  -  Total Local Usage
	108306  -  Run Bytes Sent By Job
	2232  -  Run Bytes Received By Job
	108306  -  Total Bytes Sent By Job
	2232  -  Total Bytes Received By Job
	Partitionable Resources :    Usage  Request Allocated 
	   Cpus                 :                 1           
	   Disk (KB)            :  8958184        3   2140619 
	   Memory (MB)          :      284     2000      2000 
...
