000 (3282657.000.000) 10/09 00:35:35 Job submitted from host: <137.138.44.75:9618?addrs=137.138.44.75-9618+[2001-1458-d00-1a--b]-9618&alias=bigbird14.cern.ch&noUDP&sock=schedd_2873_37ae_40>
...
040 (3282657.000.000) 10/09 00:37:11 Started transferring input files
	Transferring to host: <188.184.210.101:9618?addrs=188.184.210.101-9618+[2001-1458-301-10b--100-51]-9618&noUDP&sock=7541_110c_118859>
...
040 (3282657.000.000) 10/09 00:37:11 Finished transferring input files
...
001 (3282657.000.000) 10/09 00:37:12 Job executing on host: <188.184.210.101:9618?addrs=188.184.210.101-9618+[2001-1458-301-10b--100-51]-9618&noUDP&sock=5695_dff2_3>
...
006 (3282657.000.000) 10/09 00:37:20 Image size of job updated: 89276
	39  -  MemoryUsage of job (MB)
	39160  -  ResidentSetSize of job (KB)
...
006 (3282657.000.000) 10/09 00:40:37 Image size of job updated: 183508
	39  -  MemoryUsage of job (MB)
	39172  -  ResidentSetSize of job (KB)
...
040 (3282657.000.000) 10/09 00:40:37 Started transferring output files
...
040 (3282657.000.000) 10/09 00:40:38 Finished transferring output files
...
005 (3282657.000.000) 10/09 00:40:38 Job terminated.
	(1) Normal termination (return value 0)
		Usr 0 00:02:34, Sys 0 00:00:10  -  Run Remote Usage
		Usr 0 00:00:00, Sys 0 00:00:00  -  Run Local Usage
		Usr 0 00:02:34, Sys 0 00:00:10  -  Total Remote Usage
		Usr 0 00:00:00, Sys 0 00:00:00  -  Total Local Usage
	98035  -  Run Bytes Sent By Job
	2236  -  Run Bytes Received By Job
	98035  -  Total Bytes Sent By Job
	2236  -  Total Bytes Received By Job
	Partitionable Resources :    Usage  Request Allocated 
	   Cpus                 :                 1           
	   Disk (KB)            :  2614801        3   2816308 
	   Memory (MB)          :       39     2000      2000 
...
