000 (3282532.000.000) 10/09 00:32:38 Job submitted from host: <137.138.44.75:9618?addrs=137.138.44.75-9618+[2001-1458-d00-1a--b]-9618&alias=bigbird14.cern.ch&noUDP&sock=schedd_2873_37ae_40>
...
040 (3282532.000.000) 10/09 00:34:35 Started transferring input files
	Transferring to host: <188.184.192.84:9618?addrs=188.184.192.84-9618+[2001-1458-301-83--100-23c]-9618&noUDP&sock=14305_ea9f_19603>
...
040 (3282532.000.000) 10/09 00:34:35 Finished transferring input files
...
001 (3282532.000.000) 10/09 00:34:36 Job executing on host: <188.184.192.84:9618?addrs=188.184.192.84-9618+[2001-1458-301-83--100-23c]-9618&noUDP&sock=14173_13de_3>
...
006 (3282532.000.000) 10/09 00:34:45 Image size of job updated: 115544
	64  -  MemoryUsage of job (MB)
	65228  -  ResidentSetSize of job (KB)
...
006 (3282532.000.000) 10/09 00:37:01 Image size of job updated: 271316
	64  -  MemoryUsage of job (MB)
	65228  -  ResidentSetSize of job (KB)
...
040 (3282532.000.000) 10/09 00:37:01 Started transferring output files
...
040 (3282532.000.000) 10/09 00:37:01 Finished transferring output files
...
005 (3282532.000.000) 10/09 00:37:01 Job terminated.
	(1) Normal termination (return value 0)
		Usr 0 00:01:42, Sys 0 00:00:07  -  Run Remote Usage
		Usr 0 00:00:00, Sys 0 00:00:00  -  Run Local Usage
		Usr 0 00:01:42, Sys 0 00:00:07  -  Total Remote Usage
		Usr 0 00:00:00, Sys 0 00:00:00  -  Total Local Usage
	97540  -  Run Bytes Sent By Job
	2236  -  Run Bytes Received By Job
	97540  -  Total Bytes Sent By Job
	2236  -  Total Bytes Received By Job
	Partitionable Resources :    Usage  Request Allocated 
	   Cpus                 :                 1           
	   Disk (KB)            :  1938697        3   2061392 
	   Memory (MB)          :       64     2000      2000 
...
