000 (3282865.000.000) 10/09 00:39:30 Job submitted from host: <137.138.44.75:9618?addrs=137.138.44.75-9618+[2001-1458-d00-1a--b]-9618&alias=bigbird14.cern.ch&noUDP&sock=schedd_2873_37ae_40>
...
040 (3282865.000.000) 10/09 00:39:35 Started transferring input files
	Transferring to host: <188.184.211.92:9618?addrs=188.184.211.92-9618+[2001-1458-301-10b--100-14f]-9618&noUDP&sock=20557_041d_135221>
...
040 (3282865.000.000) 10/09 00:39:35 Finished transferring input files
...
001 (3282865.000.000) 10/09 00:39:36 Job executing on host: <188.184.211.92:9618?addrs=188.184.211.92-9618+[2001-1458-301-10b--100-14f]-9618&noUDP&sock=20410_240e_3>
...
006 (3282865.000.000) 10/09 00:39:44 Image size of job updated: 236024
	149  -  MemoryUsage of job (MB)
	152308  -  ResidentSetSize of job (KB)
...
006 (3282865.000.000) 10/09 00:40:49 Image size of job updated: 294744
	150  -  MemoryUsage of job (MB)
	153480  -  ResidentSetSize of job (KB)
...
040 (3282865.000.000) 10/09 00:40:51 Started transferring output files
...
040 (3282865.000.000) 10/09 00:40:51 Finished transferring output files
...
005 (3282865.000.000) 10/09 00:40:52 Job terminated.
	(1) Normal termination (return value 0)
		Usr 0 00:00:57, Sys 0 00:00:04  -  Run Remote Usage
		Usr 0 00:00:00, Sys 0 00:00:00  -  Run Local Usage
		Usr 0 00:00:57, Sys 0 00:00:04  -  Total Remote Usage
		Usr 0 00:00:00, Sys 0 00:00:00  -  Total Local Usage
	93064  -  Run Bytes Sent By Job
	2236  -  Run Bytes Received By Job
	93064  -  Total Bytes Sent By Job
	2236  -  Total Bytes Received By Job
	Partitionable Resources :    Usage  Request Allocated 
	   Cpus                 :                 1           
	   Disk (KB)            :  1057738        3   3005512 
	   Memory (MB)          :      150     2000      2000 
...
