000 (3356085.000.000) 10/20 19:14:12 Job submitted from host: <137.138.44.75:9618?addrs=137.138.44.75-9618+[2001-1458-d00-1a--b]-9618&alias=bigbird14.cern.ch&noUDP&sock=schedd_2873_37ae_40>
...
040 (3356085.000.000) 10/20 19:20:00 Started transferring input files
	Transferring to host: <128.142.126.54:9618?addrs=128.142.126.54-9618+[2001-1458-301-c3--100-3d4]-9618&noUDP&sock=3331_bda1_18204>
...
040 (3356085.000.000) 10/20 19:20:00 Finished transferring input files
...
001 (3356085.000.000) 10/20 19:20:01 Job executing on host: <128.142.126.54:9618?addrs=128.142.126.54-9618+[2001-1458-301-c3--100-3d4]-9618&noUDP&sock=1836_ebf8_3>
...
006 (3356085.000.000) 10/20 19:20:10 Image size of job updated: 6724
	5  -  MemoryUsage of job (MB)
	4452  -  ResidentSetSize of job (KB)
...
006 (3356085.000.000) 10/20 19:25:11 Image size of job updated: 195428
	149  -  MemoryUsage of job (MB)
	151924  -  ResidentSetSize of job (KB)
...
006 (3356085.000.000) 10/20 19:45:14 Image size of job updated: 201436
	149  -  MemoryUsage of job (MB)
	151924  -  ResidentSetSize of job (KB)
...
006 (3356085.000.000) 10/20 19:50:14 Image size of job updated: 203252
	149  -  MemoryUsage of job (MB)
	151924  -  ResidentSetSize of job (KB)
...
006 (3356085.000.000) 10/20 19:55:15 Image size of job updated: 207448
	149  -  MemoryUsage of job (MB)
	151924  -  ResidentSetSize of job (KB)
...
006 (3356085.000.000) 10/20 20:00:16 Image size of job updated: 208900
	149  -  MemoryUsage of job (MB)
	151924  -  ResidentSetSize of job (KB)
...
006 (3356085.000.000) 10/20 20:05:16 Image size of job updated: 212208
	149  -  MemoryUsage of job (MB)
	151924  -  ResidentSetSize of job (KB)
...
040 (3356085.000.000) 10/20 20:09:31 Started transferring output files
...
040 (3356085.000.000) 10/20 20:09:31 Finished transferring output files
...
005 (3356085.000.000) 10/20 20:09:31 Job terminated.
	(1) Normal termination (return value 0)
		Usr 0 00:34:01, Sys 0 00:02:30  -  Run Remote Usage
		Usr 0 00:00:00, Sys 0 00:00:00  -  Run Local Usage
		Usr 0 00:34:01, Sys 0 00:02:30  -  Total Remote Usage
		Usr 0 00:00:00, Sys 0 00:00:00  -  Total Local Usage
	173158  -  Run Bytes Sent By Job
	2190  -  Run Bytes Received By Job
	173158  -  Total Bytes Sent By Job
	2190  -  Total Bytes Received By Job
	Partitionable Resources :    Usage  Request Allocated 
	   Cpus                 :                 1           
	   Disk (KB)            : 35064003        3   2131968 
	   Memory (MB)          :      149     2000      2000 
...
