000 (3283277.000.000) 10/09 00:48:35 Job submitted from host: <137.138.44.75:9618?addrs=137.138.44.75-9618+[2001-1458-d00-1a--b]-9618&alias=bigbird14.cern.ch&noUDP&sock=schedd_2873_37ae_40>
...
040 (3283277.000.000) 10/09 00:49:35 Started transferring input files
	Transferring to host: <128.142.114.227:9618?addrs=128.142.114.227-9618+[2001-1458-301-90--100-cb]-9618&noUDP&sock=13998_9b72_20041>
...
040 (3283277.000.000) 10/09 00:49:35 Finished transferring input files
...
001 (3283277.000.000) 10/09 00:49:36 Job executing on host: <128.142.114.227:9618?addrs=128.142.114.227-9618+[2001-1458-301-90--100-cb]-9618&noUDP&sock=13865_d0b3_3>
...
006 (3283277.000.000) 10/09 00:49:45 Image size of job updated: 8488
	6  -  MemoryUsage of job (MB)
	6068  -  ResidentSetSize of job (KB)
...
006 (3283277.000.000) 10/09 00:54:46 Image size of job updated: 202488
	164  -  MemoryUsage of job (MB)
	167288  -  ResidentSetSize of job (KB)
...
040 (3283277.000.000) 10/09 01:07:35 Started transferring output files
...
040 (3283277.000.000) 10/09 01:07:35 Finished transferring output files
...
005 (3283277.000.000) 10/09 01:07:35 Job terminated.
	(1) Normal termination (return value 0)
		Usr 0 00:12:15, Sys 0 00:00:57  -  Run Remote Usage
		Usr 0 00:00:00, Sys 0 00:00:00  -  Run Local Usage
		Usr 0 00:12:15, Sys 0 00:00:57  -  Total Remote Usage
		Usr 0 00:00:00, Sys 0 00:00:00  -  Total Local Usage
	130787  -  Run Bytes Sent By Job
	2232  -  Run Bytes Received By Job
	130787  -  Total Bytes Sent By Job
	2232  -  Total Bytes Received By Job
	Partitionable Resources :    Usage  Request Allocated 
	   Cpus                 :                 1           
	   Disk (KB)            : 11758621        3   1808468 
	   Memory (MB)          :      164     2000      2000 
...
